[2024-03-12 11:06:56,198] {taskinstance.py:1159} INFO - Dependencies all met for <TaskInstance: labdados_extract.labdados_datascience manual__2024-03-12T14:06:53.372954+00:00 [queued]>
[2024-03-12 11:06:56,216] {taskinstance.py:1159} INFO - Dependencies all met for <TaskInstance: labdados_extract.labdados_datascience manual__2024-03-12T14:06:53.372954+00:00 [queued]>
[2024-03-12 11:06:56,217] {taskinstance.py:1356} INFO - 
--------------------------------------------------------------------------------
[2024-03-12 11:06:56,217] {taskinstance.py:1357} INFO - Starting attempt 1 of 1
[2024-03-12 11:06:56,217] {taskinstance.py:1358} INFO - 
--------------------------------------------------------------------------------
[2024-03-12 11:06:56,243] {taskinstance.py:1377} INFO - Executing <Task(labdadosOperator): labdados_datascience> on 2024-03-12 14:06:53.372954+00:00
[2024-03-12 11:06:56,246] {standard_task_runner.py:52} INFO - Started process 52819 to run task
[2024-03-12 11:06:56,255] {standard_task_runner.py:79} INFO - Running: ['airflow', 'tasks', 'run', 'labdados_extract', 'labdados_datascience', 'manual__2024-03-12T14:06:53.372954+00:00', '--job-id', '7', '--raw', '--subdir', 'DAGS_FOLDER/labdados_dag.py', '--cfg-path', '/tmp/tmp_wpfcyea', '--error-file', '/tmp/tmpexg5lh75']
[2024-03-12 11:06:56,256] {standard_task_runner.py:80} INFO - Job 7: Subtask labdados_datascience
[2024-03-12 11:06:56,357] {task_command.py:370} INFO - Running <TaskInstance: labdados_extract.labdados_datascience manual__2024-03-12T14:06:53.372954+00:00 [running]> on host JuniorLafuente.
[2024-03-12 11:06:56,481] {taskinstance.py:1569} INFO - Exporting the following env vars:
AIRFLOW_CTX_DAG_OWNER=airflow
AIRFLOW_CTX_DAG_ID=labdados_extract
AIRFLOW_CTX_TASK_ID=labdados_datascience
AIRFLOW_CTX_EXECUTION_DATE=2024-03-12T14:06:53.372954+00:00
AIRFLOW_CTX_TRY_NUMBER=1
AIRFLOW_CTX_DAG_RUN_ID=manual__2024-03-12T14:06:53.372954+00:00
[2024-03-12 11:06:56,493] {base.py:68} INFO - Using connection ID 'labdados' for task execution.
[2024-03-12 11:06:56,496] {labdados_hook.py:39} INFO - URL: https://labdados.com/2/tweets/search/recent?query=datascience&tweet.fields=author_id,conversation_id,created_at,id,in_reply_to_user_id,public_metrics,lang,text&expansions=author_id&user.fields=id,name,username,created_at&start_time=2024-03-11T00:00:00.00Z&end_time=2024-03-12T11:06:56.00Z
[2024-03-12 11:06:57,037] {taskinstance.py:1395} INFO - Marking task as SUCCESS. dag_id=labdados_extract, task_id=labdados_datascience, execution_date=20240312T140653, start_date=20240312T140656, end_date=20240312T140657
[2024-03-12 11:06:57,069] {local_task_job.py:156} INFO - Task exited with return code 0
[2024-03-12 11:06:57,093] {local_task_job.py:273} INFO - 0 downstream tasks scheduled from follow-on schedule check
