[2024-03-12 11:15:45,357] {taskinstance.py:1159} INFO - Dependencies all met for <TaskInstance: LabDadosExtract.labdados_datascience scheduled__2024-03-10T00:00:00+00:00 [queued]>
[2024-03-12 11:15:45,366] {taskinstance.py:1159} INFO - Dependencies all met for <TaskInstance: LabDadosExtract.labdados_datascience scheduled__2024-03-10T00:00:00+00:00 [queued]>
[2024-03-12 11:15:45,367] {taskinstance.py:1356} INFO - 
--------------------------------------------------------------------------------
[2024-03-12 11:15:45,367] {taskinstance.py:1357} INFO - Starting attempt 1 of 1
[2024-03-12 11:15:45,367] {taskinstance.py:1358} INFO - 
--------------------------------------------------------------------------------
[2024-03-12 11:15:45,386] {taskinstance.py:1377} INFO - Executing <Task(labdadosOperator): labdados_datascience> on 2024-03-10 00:00:00+00:00
[2024-03-12 11:15:45,391] {standard_task_runner.py:52} INFO - Started process 58148 to run task
[2024-03-12 11:15:45,399] {standard_task_runner.py:79} INFO - Running: ['airflow', 'tasks', 'run', 'LabDadosExtract', 'labdados_datascience', 'scheduled__2024-03-10T00:00:00+00:00', '--job-id', '5', '--raw', '--subdir', 'DAGS_FOLDER/labdados_dag.py', '--cfg-path', '/tmp/tmp58g678rs', '--error-file', '/tmp/tmpazl6ored']
[2024-03-12 11:15:45,399] {standard_task_runner.py:80} INFO - Job 5: Subtask labdados_datascience
[2024-03-12 11:15:45,471] {task_command.py:370} INFO - Running <TaskInstance: LabDadosExtract.labdados_datascience scheduled__2024-03-10T00:00:00+00:00 [running]> on host JuniorLafuente.
[2024-03-12 11:15:45,558] {taskinstance.py:1569} INFO - Exporting the following env vars:
AIRFLOW_CTX_DAG_OWNER=airflow
AIRFLOW_CTX_DAG_ID=LabDadosExtract
AIRFLOW_CTX_TASK_ID=labdados_datascience
AIRFLOW_CTX_EXECUTION_DATE=2024-03-10T00:00:00+00:00
AIRFLOW_CTX_TRY_NUMBER=1
AIRFLOW_CTX_DAG_RUN_ID=scheduled__2024-03-10T00:00:00+00:00
[2024-03-12 11:15:45,569] {base.py:68} INFO - Using connection ID 'labdados' for task execution.
[2024-03-12 11:15:45,571] {labdados_hook.py:39} INFO - URL: https://labdados.com/2/tweets/search/recent?query=datascience&tweet.fields=author_id,conversation_id,created_at,id,in_reply_to_user_id,public_metrics,lang,text&expansions=author_id&user.fields=id,name,username,created_at&start_time=2024-03-10T00:00:00.00Z&end_time=2024-03-11T00:00:00.00Z
[2024-03-12 11:15:46,205] {taskinstance.py:1395} INFO - Marking task as SUCCESS. dag_id=LabDadosExtract, task_id=labdados_datascience, execution_date=20240310T000000, start_date=20240312T141545, end_date=20240312T141546
[2024-03-12 11:15:46,296] {local_task_job.py:156} INFO - Task exited with return code 0
[2024-03-12 11:15:46,324] {local_task_job.py:273} INFO - 0 downstream tasks scheduled from follow-on schedule check
