[2024-03-12 11:15:51,291] {taskinstance.py:1159} INFO - Dependencies all met for <TaskInstance: LabDadosExtract.labdados_datascience manual__2024-03-12T14:15:46.182457+00:00 [queued]>
[2024-03-12 11:15:51,301] {taskinstance.py:1159} INFO - Dependencies all met for <TaskInstance: LabDadosExtract.labdados_datascience manual__2024-03-12T14:15:46.182457+00:00 [queued]>
[2024-03-12 11:15:51,301] {taskinstance.py:1356} INFO - 
--------------------------------------------------------------------------------
[2024-03-12 11:15:51,301] {taskinstance.py:1357} INFO - Starting attempt 1 of 1
[2024-03-12 11:15:51,301] {taskinstance.py:1358} INFO - 
--------------------------------------------------------------------------------
[2024-03-12 11:15:51,319] {taskinstance.py:1377} INFO - Executing <Task(labdadosOperator): labdados_datascience> on 2024-03-12 14:15:46.182457+00:00
[2024-03-12 11:15:51,323] {standard_task_runner.py:52} INFO - Started process 58238 to run task
[2024-03-12 11:15:51,329] {standard_task_runner.py:79} INFO - Running: ['airflow', 'tasks', 'run', 'LabDadosExtract', 'labdados_datascience', 'manual__2024-03-12T14:15:46.182457+00:00', '--job-id', '7', '--raw', '--subdir', 'DAGS_FOLDER/labdados_dag.py', '--cfg-path', '/tmp/tmpg7_7mrbk', '--error-file', '/tmp/tmpxxc7sn7z']
[2024-03-12 11:15:51,330] {standard_task_runner.py:80} INFO - Job 7: Subtask labdados_datascience
[2024-03-12 11:15:51,391] {task_command.py:370} INFO - Running <TaskInstance: LabDadosExtract.labdados_datascience manual__2024-03-12T14:15:46.182457+00:00 [running]> on host JuniorLafuente.
[2024-03-12 11:15:51,466] {taskinstance.py:1569} INFO - Exporting the following env vars:
AIRFLOW_CTX_DAG_OWNER=airflow
AIRFLOW_CTX_DAG_ID=LabDadosExtract
AIRFLOW_CTX_TASK_ID=labdados_datascience
AIRFLOW_CTX_EXECUTION_DATE=2024-03-12T14:15:46.182457+00:00
AIRFLOW_CTX_TRY_NUMBER=1
AIRFLOW_CTX_DAG_RUN_ID=manual__2024-03-12T14:15:46.182457+00:00
[2024-03-12 11:15:51,476] {base.py:68} INFO - Using connection ID 'labdados' for task execution.
[2024-03-12 11:15:51,479] {labdados_hook.py:39} INFO - URL: https://labdados.com/2/tweets/search/recent?query=datascience&tweet.fields=author_id,conversation_id,created_at,id,in_reply_to_user_id,public_metrics,lang,text&expansions=author_id&user.fields=id,name,username,created_at&start_time=2024-03-11T00:00:00.00Z&end_time=2024-03-12T00:00:00.00Z
[2024-03-12 11:15:52,598] {logging_mixin.py:115} INFO - {
    "data": [
        {
            "author_id": "13",
            "conversation_id": "31",
            "created_at": "2024-03-11T23:41:32.507629+0000",
            "edit_history_tweet_ids": [
                13
            ],
            "id": "7",
            "in_reply_to_user_id": "71",
            "lang": "en",
            "public_metrics": {
                "like_count": 12,
                "quote_count": 23,
                "reply_count": 20,
                "retweet_count": 19
            },
            "text": "Este \u00e9 um tweet fict\u00edcio sobre datascience"
        },
        {
            "author_id": "23",
            "conversation_id": "12",
            "created_at": "2024-03-11T22:23:16.732723+0000",
            "edit_history_tweet_ids": [
                20
            ],
            "id": "41",
            "in_reply_to_user_id": "6",
            "lang": "en",
            "public_metrics": {
                "like_count": 43,
                "quote_count": 88,
                "reply_count": 53,
                "retweet_count": 13
            },
            "text": "Outro tweet fict\u00edcio relacionado a datascience"
        },
        {
            "author_id": "77",
            "conversation_id": "95",
            "created_at": "2024-03-11T03:38:45.843293+0000",
            "edit_history_tweet_ids": [
                58
            ],
            "id": "81",
            "in_reply_to_user_id": "80",
            "lang": "en",
            "public_metrics": {
                "like_count": 18,
                "quote_count": 85,
                "reply_count": 2,
                "retweet_count": 25
            },
            "text": "Outro tweet fict\u00edcio relacionado a datascience"
        },
        {
            "author_id": "74",
            "conversation_id": "20",
            "created_at": "2024-03-11T21:16:00.074743+0000",
            "edit_history_tweet_ids": [
                56
            ],
            "id": "81",
            "in_reply_to_user_id": "52",
            "lang": "en",
            "public_metrics": {
                "like_count": 67,
                "quote_count": 2,
                "reply_count": 80,
                "retweet_count": 83
            },
            "text": "Tweet fict\u00edcio gerado automaticamente sobre datascience"
        },
        {
            "author_id": "40",
            "conversation_id": "36",
            "created_at": "2024-03-11T04:19:26.971795+0000",
            "edit_history_tweet_ids": [
                100
            ],
            "id": "27",
            "in_reply_to_user_id": "87",
            "lang": "en",
            "public_metrics": {
                "like_count": 59,
                "quote_count": 64,
                "reply_count": 56,
                "retweet_count": 42
            },
            "text": "Outro tweet fict\u00edcio relacionado a datascience"
        },
        {
            "author_id": "53",
            "conversation_id": "41",
            "created_at": "2024-03-11T02:53:49.380862+0000",
            "edit_history_tweet_ids": [
                11
            ],
            "id": "9",
            "in_reply_to_user_id": "6",
            "lang": "en",
            "public_metrics": {
                "like_count": 30,
                "quote_count": 5,
                "reply_count": 4,
                "retweet_count": 21
            },
            "text": "Um terceiro tweet fict\u00edcio sobre datascience"
        },
        {
            "author_id": "7",
            "conversation_id": "68",
            "created_at": "2024-03-11T06:20:48.031225+0000",
            "edit_history_tweet_ids": [
                39
            ],
            "id": "0",
            "in_reply_to_user_id": "75",
            "lang": "en",
            "public_metrics": {
                "like_count": 68,
                "quote_count": 21,
                "reply_count": 28,
                "retweet_count": 61
            },
            "text": "Tweet fict\u00edcio criado usando intelig\u00eancia artificial para falar sobre datascience"
        },
        {
            "author_id": "87",
            "conversation_id": "21",
            "created_at": "2024-03-11T05:15:08.299990+0000",
            "edit_history_tweet_ids": [
                63
            ],
            "id": "16",
            "in_reply_to_user_id": "81",
            "lang": "en",
            "public_metrics": {
                "like_count": 4,
                "quote_count": 95,
                "reply_count": 46,
                "retweet_count": 40
            },
            "text": "Um terceiro tweet fict\u00edcio sobre datascience"
        },
        {
            "author_id": "25",
            "conversation_id": "24",
            "created_at": "2024-03-11T23:07:48.679682+0000",
            "edit_history_tweet_ids": [
                94
            ],
            "id": "20",
            "in_reply_to_user_id": "58",
            "lang": "en",
            "public_metrics": {
                "like_count": 41,
                "quote_count": 54,
                "reply_count": 100,
                "retweet_count": 59
            },
            "text": "Um terceiro tweet fict\u00edcio sobre datascience"
        },
        {
            "author_id": "65",
            "conversation_id": "10",
            "created_at": "2024-03-11T09:28:51.400791+0000",
            "edit_history_tweet_ids": [
                46
            ],
            "id": "57",
            "in_reply_to_user_id": "10",
            "lang": "en",
            "public_metrics": {
                "like_count": 18,
                "quote_count": 57,
                "reply_count": 53,
                "retweet_count": 68
            },
            "text": "Outro tweet fict\u00edcio relacionado a datascience"
        }
    ],
    "includes": {
        "users": [
            {
                "created_at": "2024-03-11T02:37:24.365088+0000",
                "id": "44",
                "name": "User 1",
                "username": "user1"
            },
            {
                "created_at": "2024-03-11T04:09:46.719781+0000",
                "id": "59",
                "name": "User 2",
                "username": "user2"
            },
            {
                "created_at": "2024-03-11T17:00:59.558312+0000",
                "id": "43",
                "name": "User 3",
                "username": "user3"
            },
            {
                "created_at": "2024-03-11T05:23:13.867857+0000",
                "id": "74",
                "name": "User 4",
                "username": "user4"
            },
            {
                "created_at": "2024-03-11T21:33:15.932401+0000",
                "id": "48",
                "name": "User 5",
                "username": "user5"
            },
            {
                "created_at": "2024-03-11T16:38:57.610256+0000",
                "id": "46",
                "name": "User 6",
                "username": "user6"
            },
            {
                "created_at": "2024-03-11T12:02:18.571553+0000",
                "id": "41",
                "name": "User 7",
                "username": "user7"
            },
            {
                "created_at": "2024-03-11T13:17:46.501202+0000",
                "id": "4",
                "name": "User 8",
                "username": "user8"
            },
            {
                "created_at": "2024-03-11T08:13:09.197137+0000",
                "id": "85",
                "name": "User 9",
                "username": "user9"
            },
            {
                "created_at": "2024-03-11T01:21:26.457262+0000",
                "id": "11",
                "name": "User 10",
                "username": "user10"
            }
        ]
    },
    "meta": {
        "next_token": "1234567890abcdef"
    }
}
[2024-03-12 11:15:53,165] {logging_mixin.py:115} INFO - {
    "data": [
        {
            "author_id": "53",
            "conversation_id": "4",
            "created_at": "2024-03-11T04:50:54.372932+0000",
            "edit_history_tweet_ids": [
                99
            ],
            "id": "15",
            "in_reply_to_user_id": "7",
            "lang": "en",
            "public_metrics": {
                "like_count": 59,
                "quote_count": 18,
                "reply_count": 73,
                "retweet_count": 63
            },
            "text": "Outro tweet fict\u00edcio relacionado a datascience"
        },
        {
            "author_id": "63",
            "conversation_id": "90",
            "created_at": "2024-03-11T14:19:13.494513+0000",
            "edit_history_tweet_ids": [
                30
            ],
            "id": "49",
            "in_reply_to_user_id": "23",
            "lang": "en",
            "public_metrics": {
                "like_count": 10,
                "quote_count": 53,
                "reply_count": 25,
                "retweet_count": 26
            },
            "text": "Tweet fict\u00edcio gerado automaticamente sobre datascience"
        },
        {
            "author_id": "38",
            "conversation_id": "57",
            "created_at": "2024-03-11T17:41:01.839081+0000",
            "edit_history_tweet_ids": [
                70
            ],
            "id": "41",
            "in_reply_to_user_id": "32",
            "lang": "en",
            "public_metrics": {
                "like_count": 45,
                "quote_count": 19,
                "reply_count": 92,
                "retweet_count": 45
            },
            "text": "Um terceiro tweet fict\u00edcio sobre datascience"
        },
        {
            "author_id": "89",
            "conversation_id": "80",
            "created_at": "2024-03-11T14:09:55.703410+0000",
            "edit_history_tweet_ids": [
                69
            ],
            "id": "17",
            "in_reply_to_user_id": "48",
            "lang": "en",
            "public_metrics": {
                "like_count": 4,
                "quote_count": 22,
                "reply_count": 83,
                "retweet_count": 41
            },
            "text": "Este \u00e9 um tweet fict\u00edcio sobre datascience"
        },
        {
            "author_id": "94",
            "conversation_id": "77",
            "created_at": "2024-03-11T18:45:45.082971+0000",
            "edit_history_tweet_ids": [
                85
            ],
            "id": "37",
            "in_reply_to_user_id": "64",
            "lang": "en",
            "public_metrics": {
                "like_count": 30,
                "quote_count": 89,
                "reply_count": 87,
                "retweet_count": 42
            },
            "text": "Este \u00e9 um tweet fict\u00edcio sobre datascience"
        },
        {
            "author_id": "56",
            "conversation_id": "13",
            "created_at": "2024-03-11T05:49:11.741943+0000",
            "edit_history_tweet_ids": [
                70
            ],
            "id": "93",
            "in_reply_to_user_id": "55",
            "lang": "en",
            "public_metrics": {
                "like_count": 26,
                "quote_count": 52,
                "reply_count": 79,
                "retweet_count": 89
            },
            "text": "Este \u00e9 um tweet fict\u00edcio sobre datascience"
        },
        {
            "author_id": "92",
            "conversation_id": "64",
            "created_at": "2024-03-11T02:19:07.724869+0000",
            "edit_history_tweet_ids": [
                23
            ],
            "id": "51",
            "in_reply_to_user_id": "17",
            "lang": "en",
            "public_metrics": {
                "like_count": 79,
                "quote_count": 22,
                "reply_count": 91,
                "retweet_count": 90
            },
            "text": "Um terceiro tweet fict\u00edcio sobre datascience"
        },
        {
            "author_id": "27",
            "conversation_id": "63",
            "created_at": "2024-03-11T03:19:38.787341+0000",
            "edit_history_tweet_ids": [
                9
            ],
            "id": "27",
            "in_reply_to_user_id": "52",
            "lang": "en",
            "public_metrics": {
                "like_count": 85,
                "quote_count": 47,
                "reply_count": 66,
                "retweet_count": 62
            },
            "text": "Outro tweet fict\u00edcio relacionado a datascience"
        },
        {
            "author_id": "25",
            "conversation_id": "77",
            "created_at": "2024-03-11T03:24:01.941609+0000",
            "edit_history_tweet_ids": [
                58
            ],
            "id": "68",
            "in_reply_to_user_id": "30",
            "lang": "en",
            "public_metrics": {
                "like_count": 93,
                "quote_count": 35,
                "reply_count": 65,
                "retweet_count": 17
            },
            "text": "Outro tweet fict\u00edcio relacionado a datascience"
        },
        {
            "author_id": "53",
            "conversation_id": "26",
            "created_at": "2024-03-11T03:09:02.213455+0000",
            "edit_history_tweet_ids": [
                94
            ],
            "id": "56",
            "in_reply_to_user_id": "47",
            "lang": "en",
            "public_metrics": {
                "like_count": 41,
                "quote_count": 6,
                "reply_count": 77,
                "retweet_count": 17
            },
            "text": "Tweet fict\u00edcio criado usando intelig\u00eancia artificial para falar sobre datascience"
        }
    ],
    "includes": {
        "users": [
            {
                "created_at": "2024-03-11T11:07:46.803307+0000",
                "id": "10",
                "name": "User 1",
                "username": "user1"
            },
            {
                "created_at": "2024-03-11T06:10:13.006621+0000",
                "id": "70",
                "name": "User 2",
                "username": "user2"
            },
            {
                "created_at": "2024-03-11T18:33:33.207714+0000",
                "id": "60",
                "name": "User 3",
                "username": "user3"
            },
            {
                "created_at": "2024-03-11T15:46:40.464383+0000",
                "id": "95",
                "name": "User 4",
                "username": "user4"
            },
            {
                "created_at": "2024-03-11T23:43:00.469792+0000",
                "id": "85",
                "name": "User 5",
                "username": "user5"
            },
            {
                "created_at": "2024-03-11T01:12:45.771299+0000",
                "id": "19",
                "name": "User 6",
                "username": "user6"
            },
            {
                "created_at": "2024-03-11T12:49:15.152090+0000",
                "id": "12",
                "name": "User 7",
                "username": "user7"
            },
            {
                "created_at": "2024-03-11T02:01:52.925839+0000",
                "id": "50",
                "name": "User 8",
                "username": "user8"
            },
            {
                "created_at": "2024-03-11T12:03:34.190126+0000",
                "id": "64",
                "name": "User 9",
                "username": "user9"
            },
            {
                "created_at": "2024-03-11T16:00:07.486103+0000",
                "id": "72",
                "name": "User 10",
                "username": "user10"
            }
        ]
    },
    "meta": {
        "next_token": "1234567890abcdef"
    }
}
[2024-03-12 11:15:53,680] {logging_mixin.py:115} INFO - {
    "data": [
        {
            "author_id": "88",
            "conversation_id": "88",
            "created_at": "2024-03-11T16:02:45.732223+0000",
            "edit_history_tweet_ids": [
                62
            ],
            "id": "69",
            "in_reply_to_user_id": "79",
            "lang": "en",
            "public_metrics": {
                "like_count": 77,
                "quote_count": 54,
                "reply_count": 9,
                "retweet_count": 87
            },
            "text": "Este \u00e9 um tweet fict\u00edcio sobre datascience"
        },
        {
            "author_id": "88",
            "conversation_id": "36",
            "created_at": "2024-03-11T23:30:50.325326+0000",
            "edit_history_tweet_ids": [
                6
            ],
            "id": "83",
            "in_reply_to_user_id": "5",
            "lang": "en",
            "public_metrics": {
                "like_count": 58,
                "quote_count": 82,
                "reply_count": 26,
                "retweet_count": 55
            },
            "text": "Um terceiro tweet fict\u00edcio sobre datascience"
        },
        {
            "author_id": "39",
            "conversation_id": "43",
            "created_at": "2024-03-11T01:47:35.383950+0000",
            "edit_history_tweet_ids": [
                14
            ],
            "id": "13",
            "in_reply_to_user_id": "25",
            "lang": "en",
            "public_metrics": {
                "like_count": 31,
                "quote_count": 19,
                "reply_count": 14,
                "retweet_count": 64
            },
            "text": "Outro tweet fict\u00edcio relacionado a datascience"
        },
        {
            "author_id": "98",
            "conversation_id": "82",
            "created_at": "2024-03-11T02:05:28.152461+0000",
            "edit_history_tweet_ids": [
                79
            ],
            "id": "70",
            "in_reply_to_user_id": "75",
            "lang": "en",
            "public_metrics": {
                "like_count": 53,
                "quote_count": 71,
                "reply_count": 2,
                "retweet_count": 34
            },
            "text": "Um terceiro tweet fict\u00edcio sobre datascience"
        },
        {
            "author_id": "78",
            "conversation_id": "31",
            "created_at": "2024-03-11T07:21:45.944687+0000",
            "edit_history_tweet_ids": [
                29
            ],
            "id": "73",
            "in_reply_to_user_id": "38",
            "lang": "en",
            "public_metrics": {
                "like_count": 100,
                "quote_count": 72,
                "reply_count": 25,
                "retweet_count": 46
            },
            "text": "Tweet fict\u00edcio gerado automaticamente sobre datascience"
        },
        {
            "author_id": "34",
            "conversation_id": "48",
            "created_at": "2024-03-11T22:22:56.293569+0000",
            "edit_history_tweet_ids": [
                80
            ],
            "id": "85",
            "in_reply_to_user_id": "45",
            "lang": "en",
            "public_metrics": {
                "like_count": 25,
                "quote_count": 20,
                "reply_count": 33,
                "retweet_count": 20
            },
            "text": "Tweet fict\u00edcio criado usando intelig\u00eancia artificial para falar sobre datascience"
        },
        {
            "author_id": "87",
            "conversation_id": "86",
            "created_at": "2024-03-11T15:49:20.176601+0000",
            "edit_history_tweet_ids": [
                83
            ],
            "id": "41",
            "in_reply_to_user_id": "9",
            "lang": "en",
            "public_metrics": {
                "like_count": 81,
                "quote_count": 42,
                "reply_count": 63,
                "retweet_count": 40
            },
            "text": "Um terceiro tweet fict\u00edcio sobre datascience"
        },
        {
            "author_id": "28",
            "conversation_id": "47",
            "created_at": "2024-03-11T00:31:43.889850+0000",
            "edit_history_tweet_ids": [
                85
            ],
            "id": "40",
            "in_reply_to_user_id": "11",
            "lang": "en",
            "public_metrics": {
                "like_count": 86,
                "quote_count": 95,
                "reply_count": 56,
                "retweet_count": 50
            },
            "text": "Um terceiro tweet fict\u00edcio sobre datascience"
        },
        {
            "author_id": "37",
            "conversation_id": "36",
            "created_at": "2024-03-11T08:59:46.751214+0000",
            "edit_history_tweet_ids": [
                29
            ],
            "id": "56",
            "in_reply_to_user_id": "26",
            "lang": "en",
            "public_metrics": {
                "like_count": 73,
                "quote_count": 72,
                "reply_count": 27,
                "retweet_count": 39
            },
            "text": "Este \u00e9 um tweet fict\u00edcio sobre datascience"
        },
        {
            "author_id": "85",
            "conversation_id": "41",
            "created_at": "2024-03-11T11:18:37.131019+0000",
            "edit_history_tweet_ids": [
                69
            ],
            "id": "85",
            "in_reply_to_user_id": "61",
            "lang": "en",
            "public_metrics": {
                "like_count": 75,
                "quote_count": 61,
                "reply_count": 84,
                "retweet_count": 62
            },
            "text": "Tweet fict\u00edcio criado usando intelig\u00eancia artificial para falar sobre datascience"
        }
    ],
    "includes": {
        "users": [
            {
                "created_at": "2024-03-11T16:24:47.359168+0000",
                "id": "27",
                "name": "User 1",
                "username": "user1"
            },
            {
                "created_at": "2024-03-11T08:49:49.519895+0000",
                "id": "33",
                "name": "User 2",
                "username": "user2"
            },
            {
                "created_at": "2024-03-11T03:34:23.209861+0000",
                "id": "44",
                "name": "User 3",
                "username": "user3"
            },
            {
                "created_at": "2024-03-11T18:19:50.498136+0000",
                "id": "49",
                "name": "User 4",
                "username": "user4"
            },
            {
                "created_at": "2024-03-11T12:05:43.767982+0000",
                "id": "44",
                "name": "User 5",
                "username": "user5"
            },
            {
                "created_at": "2024-03-11T01:12:51.744210+0000",
                "id": "81",
                "name": "User 6",
                "username": "user6"
            },
            {
                "created_at": "2024-03-11T07:04:48.154211+0000",
                "id": "34",
                "name": "User 7",
                "username": "user7"
            },
            {
                "created_at": "2024-03-11T09:50:37.149794+0000",
                "id": "19",
                "name": "User 8",
                "username": "user8"
            },
            {
                "created_at": "2024-03-11T03:14:08.071522+0000",
                "id": "70",
                "name": "User 9",
                "username": "user9"
            },
            {
                "created_at": "2024-03-11T12:25:54.602488+0000",
                "id": "97",
                "name": "User 10",
                "username": "user10"
            }
        ]
    },
    "meta": {
        "next_token": "1234567890abcdef"
    }
}
[2024-03-12 11:15:54,199] {logging_mixin.py:115} INFO - {
    "data": [
        {
            "author_id": "77",
            "conversation_id": "13",
            "created_at": "2024-03-11T14:28:00.195612+0000",
            "edit_history_tweet_ids": [
                71
            ],
            "id": "15",
            "in_reply_to_user_id": "28",
            "lang": "en",
            "public_metrics": {
                "like_count": 20,
                "quote_count": 24,
                "reply_count": 5,
                "retweet_count": 20
            },
            "text": "Um terceiro tweet fict\u00edcio sobre datascience"
        },
        {
            "author_id": "46",
            "conversation_id": "49",
            "created_at": "2024-03-11T11:12:46.299329+0000",
            "edit_history_tweet_ids": [
                69
            ],
            "id": "38",
            "in_reply_to_user_id": "74",
            "lang": "en",
            "public_metrics": {
                "like_count": 92,
                "quote_count": 78,
                "reply_count": 62,
                "retweet_count": 73
            },
            "text": "Este \u00e9 um tweet fict\u00edcio sobre datascience"
        },
        {
            "author_id": "3",
            "conversation_id": "94",
            "created_at": "2024-03-11T07:34:02.247613+0000",
            "edit_history_tweet_ids": [
                59
            ],
            "id": "25",
            "in_reply_to_user_id": "35",
            "lang": "en",
            "public_metrics": {
                "like_count": 63,
                "quote_count": 93,
                "reply_count": 52,
                "retweet_count": 84
            },
            "text": "Outro tweet fict\u00edcio relacionado a datascience"
        },
        {
            "author_id": "10",
            "conversation_id": "11",
            "created_at": "2024-03-11T11:19:02.850528+0000",
            "edit_history_tweet_ids": [
                4
            ],
            "id": "15",
            "in_reply_to_user_id": "24",
            "lang": "en",
            "public_metrics": {
                "like_count": 8,
                "quote_count": 57,
                "reply_count": 69,
                "retweet_count": 28
            },
            "text": "Este \u00e9 um tweet fict\u00edcio sobre datascience"
        },
        {
            "author_id": "96",
            "conversation_id": "92",
            "created_at": "2024-03-11T19:54:48.532051+0000",
            "edit_history_tweet_ids": [
                62
            ],
            "id": "59",
            "in_reply_to_user_id": "61",
            "lang": "en",
            "public_metrics": {
                "like_count": 48,
                "quote_count": 1,
                "reply_count": 41,
                "retweet_count": 82
            },
            "text": "Tweet fict\u00edcio gerado automaticamente sobre datascience"
        },
        {
            "author_id": "96",
            "conversation_id": "93",
            "created_at": "2024-03-11T05:03:33.323496+0000",
            "edit_history_tweet_ids": [
                34
            ],
            "id": "30",
            "in_reply_to_user_id": "69",
            "lang": "en",
            "public_metrics": {
                "like_count": 19,
                "quote_count": 97,
                "reply_count": 6,
                "retweet_count": 42
            },
            "text": "Um terceiro tweet fict\u00edcio sobre datascience"
        },
        {
            "author_id": "18",
            "conversation_id": "11",
            "created_at": "2024-03-11T12:35:45.372179+0000",
            "edit_history_tweet_ids": [
                63
            ],
            "id": "83",
            "in_reply_to_user_id": "42",
            "lang": "en",
            "public_metrics": {
                "like_count": 23,
                "quote_count": 33,
                "reply_count": 1,
                "retweet_count": 4
            },
            "text": "Um terceiro tweet fict\u00edcio sobre datascience"
        },
        {
            "author_id": "75",
            "conversation_id": "80",
            "created_at": "2024-03-11T23:46:33.851537+0000",
            "edit_history_tweet_ids": [
                95
            ],
            "id": "44",
            "in_reply_to_user_id": "13",
            "lang": "en",
            "public_metrics": {
                "like_count": 26,
                "quote_count": 58,
                "reply_count": 31,
                "retweet_count": 70
            },
            "text": "Tweet fict\u00edcio gerado automaticamente sobre datascience"
        },
        {
            "author_id": "86",
            "conversation_id": "37",
            "created_at": "2024-03-11T01:29:04.671787+0000",
            "edit_history_tweet_ids": [
                0
            ],
            "id": "5",
            "in_reply_to_user_id": "7",
            "lang": "en",
            "public_metrics": {
                "like_count": 47,
                "quote_count": 52,
                "reply_count": 28,
                "retweet_count": 34
            },
            "text": "Um terceiro tweet fict\u00edcio sobre datascience"
        },
        {
            "author_id": "7",
            "conversation_id": "37",
            "created_at": "2024-03-11T17:36:01.556050+0000",
            "edit_history_tweet_ids": [
                41
            ],
            "id": "0",
            "in_reply_to_user_id": "9",
            "lang": "en",
            "public_metrics": {
                "like_count": 11,
                "quote_count": 63,
                "reply_count": 69,
                "retweet_count": 94
            },
            "text": "Um terceiro tweet fict\u00edcio sobre datascience"
        }
    ],
    "includes": {
        "users": [
            {
                "created_at": "2024-03-11T22:00:00.130044+0000",
                "id": "8",
                "name": "User 1",
                "username": "user1"
            },
            {
                "created_at": "2024-03-11T18:53:20.559839+0000",
                "id": "91",
                "name": "User 2",
                "username": "user2"
            },
            {
                "created_at": "2024-03-11T05:46:40.148547+0000",
                "id": "30",
                "name": "User 3",
                "username": "user3"
            },
            {
                "created_at": "2024-03-11T14:26:56.664587+0000",
                "id": "74",
                "name": "User 4",
                "username": "user4"
            },
            {
                "created_at": "2024-03-11T09:52:30.083544+0000",
                "id": "61",
                "name": "User 5",
                "username": "user5"
            },
            {
                "created_at": "2024-03-11T18:12:53.929353+0000",
                "id": "88",
                "name": "User 6",
                "username": "user6"
            },
            {
                "created_at": "2024-03-11T21:34:52.202176+0000",
                "id": "99",
                "name": "User 7",
                "username": "user7"
            },
            {
                "created_at": "2024-03-11T06:20:40.522081+0000",
                "id": "25",
                "name": "User 8",
                "username": "user8"
            },
            {
                "created_at": "2024-03-11T11:24:13.731897+0000",
                "id": "9",
                "name": "User 9",
                "username": "user9"
            },
            {
                "created_at": "2024-03-11T16:16:03.947884+0000",
                "id": "96",
                "name": "User 10",
                "username": "user10"
            }
        ]
    },
    "meta": {
        "next_token": "1234567890abcdef"
    }
}
[2024-03-12 11:15:54,734] {logging_mixin.py:115} INFO - {
    "data": [
        {
            "author_id": "35",
            "conversation_id": "54",
            "created_at": "2024-03-11T17:54:24.321818+0000",
            "edit_history_tweet_ids": [
                0
            ],
            "id": "91",
            "in_reply_to_user_id": "100",
            "lang": "en",
            "public_metrics": {
                "like_count": 42,
                "quote_count": 63,
                "reply_count": 77,
                "retweet_count": 66
            },
            "text": "Este \u00e9 um tweet fict\u00edcio sobre datascience"
        },
        {
            "author_id": "80",
            "conversation_id": "17",
            "created_at": "2024-03-11T19:32:11.860848+0000",
            "edit_history_tweet_ids": [
                99
            ],
            "id": "14",
            "in_reply_to_user_id": "8",
            "lang": "en",
            "public_metrics": {
                "like_count": 19,
                "quote_count": 77,
                "reply_count": 41,
                "retweet_count": 92
            },
            "text": "Tweet fict\u00edcio gerado automaticamente sobre datascience"
        },
        {
            "author_id": "53",
            "conversation_id": "74",
            "created_at": "2024-03-11T04:01:02.033218+0000",
            "edit_history_tweet_ids": [
                3
            ],
            "id": "70",
            "in_reply_to_user_id": "57",
            "lang": "en",
            "public_metrics": {
                "like_count": 51,
                "quote_count": 57,
                "reply_count": 86,
                "retweet_count": 91
            },
            "text": "Tweet fict\u00edcio criado usando intelig\u00eancia artificial para falar sobre datascience"
        },
        {
            "author_id": "8",
            "conversation_id": "49",
            "created_at": "2024-03-11T14:18:37.925968+0000",
            "edit_history_tweet_ids": [
                32
            ],
            "id": "78",
            "in_reply_to_user_id": "7",
            "lang": "en",
            "public_metrics": {
                "like_count": 1,
                "quote_count": 37,
                "reply_count": 91,
                "retweet_count": 23
            },
            "text": "Outro tweet fict\u00edcio relacionado a datascience"
        },
        {
            "author_id": "91",
            "conversation_id": "15",
            "created_at": "2024-03-11T09:52:07.575325+0000",
            "edit_history_tweet_ids": [
                3
            ],
            "id": "4",
            "in_reply_to_user_id": "19",
            "lang": "en",
            "public_metrics": {
                "like_count": 60,
                "quote_count": 81,
                "reply_count": 2,
                "retweet_count": 27
            },
            "text": "Outro tweet fict\u00edcio relacionado a datascience"
        },
        {
            "author_id": "87",
            "conversation_id": "14",
            "created_at": "2024-03-11T14:03:18.397816+0000",
            "edit_history_tweet_ids": [
                9
            ],
            "id": "58",
            "in_reply_to_user_id": "48",
            "lang": "en",
            "public_metrics": {
                "like_count": 13,
                "quote_count": 11,
                "reply_count": 66,
                "retweet_count": 63
            },
            "text": "Um terceiro tweet fict\u00edcio sobre datascience"
        },
        {
            "author_id": "88",
            "conversation_id": "41",
            "created_at": "2024-03-11T20:03:45.488649+0000",
            "edit_history_tweet_ids": [
                56
            ],
            "id": "50",
            "in_reply_to_user_id": "28",
            "lang": "en",
            "public_metrics": {
                "like_count": 52,
                "quote_count": 92,
                "reply_count": 23,
                "retweet_count": 88
            },
            "text": "Outro tweet fict\u00edcio relacionado a datascience"
        },
        {
            "author_id": "68",
            "conversation_id": "89",
            "created_at": "2024-03-11T05:08:12.785038+0000",
            "edit_history_tweet_ids": [
                54
            ],
            "id": "21",
            "in_reply_to_user_id": "28",
            "lang": "en",
            "public_metrics": {
                "like_count": 12,
                "quote_count": 51,
                "reply_count": 42,
                "retweet_count": 13
            },
            "text": "Tweet fict\u00edcio criado usando intelig\u00eancia artificial para falar sobre datascience"
        },
        {
            "author_id": "76",
            "conversation_id": "69",
            "created_at": "2024-03-11T04:36:35.185996+0000",
            "edit_history_tweet_ids": [
                24
            ],
            "id": "96",
            "in_reply_to_user_id": "16",
            "lang": "en",
            "public_metrics": {
                "like_count": 64,
                "quote_count": 55,
                "reply_count": 84,
                "retweet_count": 78
            },
            "text": "Tweet fict\u00edcio criado usando intelig\u00eancia artificial para falar sobre datascience"
        },
        {
            "author_id": "32",
            "conversation_id": "32",
            "created_at": "2024-03-11T00:37:15.058648+0000",
            "edit_history_tweet_ids": [
                87
            ],
            "id": "99",
            "in_reply_to_user_id": "8",
            "lang": "en",
            "public_metrics": {
                "like_count": 28,
                "quote_count": 76,
                "reply_count": 7,
                "retweet_count": 75
            },
            "text": "Tweet fict\u00edcio criado usando intelig\u00eancia artificial para falar sobre datascience"
        }
    ],
    "includes": {
        "users": [
            {
                "created_at": "2024-03-11T18:39:07.537571+0000",
                "id": "50",
                "name": "User 1",
                "username": "user1"
            },
            {
                "created_at": "2024-03-11T16:44:28.008320+0000",
                "id": "66",
                "name": "User 2",
                "username": "user2"
            },
            {
                "created_at": "2024-03-11T17:17:16.107217+0000",
                "id": "85",
                "name": "User 3",
                "username": "user3"
            },
            {
                "created_at": "2024-03-11T11:13:53.829159+0000",
                "id": "80",
                "name": "User 4",
                "username": "user4"
            },
            {
                "created_at": "2024-03-11T14:19:50.085195+0000",
                "id": "88",
                "name": "User 5",
                "username": "user5"
            },
            {
                "created_at": "2024-03-11T14:35:36.046142+0000",
                "id": "12",
                "name": "User 6",
                "username": "user6"
            },
            {
                "created_at": "2024-03-11T09:28:19.114203+0000",
                "id": "49",
                "name": "User 7",
                "username": "user7"
            },
            {
                "created_at": "2024-03-11T16:51:40.441739+0000",
                "id": "17",
                "name": "User 8",
                "username": "user8"
            },
            {
                "created_at": "2024-03-11T15:38:32.972366+0000",
                "id": "66",
                "name": "User 9",
                "username": "user9"
            },
            {
                "created_at": "2024-03-11T00:00:53.526286+0000",
                "id": "31",
                "name": "User 10",
                "username": "user10"
            }
        ]
    }
}
[2024-03-12 11:15:54,760] {taskinstance.py:1395} INFO - Marking task as SUCCESS. dag_id=LabDadosExtract, task_id=labdados_datascience, execution_date=20240312T141546, start_date=20240312T141551, end_date=20240312T141554
[2024-03-12 11:15:54,806] {local_task_job.py:156} INFO - Task exited with return code 0
[2024-03-12 11:15:54,833] {local_task_job.py:273} INFO - 0 downstream tasks scheduled from follow-on schedule check
