[2024-03-12 10:59:40,950] {processor.py:153} INFO - Started process (PID=47751) to work on /home/lafuente/airflowAPI/airflow_pipeline/dags/labdados_dag.py
[2024-03-12 10:59:40,951] {processor.py:641} INFO - Processing file /home/lafuente/airflowAPI/airflow_pipeline/dags/labdados_dag.py for tasks to queue
[2024-03-12 10:59:40,953] {logging_mixin.py:115} INFO - [2024-03-12 10:59:40,952] {dagbag.py:507} INFO - Filling up the DagBag from /home/lafuente/airflowAPI/airflow_pipeline/dags/labdados_dag.py
[2024-03-12 10:59:40,990] {processor.py:651} INFO - DAG(s) dict_keys(['labdados_extract']) retrieved from /home/lafuente/airflowAPI/airflow_pipeline/dags/labdados_dag.py
[2024-03-12 10:59:41,158] {logging_mixin.py:115} INFO - [2024-03-12 10:59:41,158] {manager.py:508} INFO - Created Permission View: can delete on DAG:labdados_extract
[2024-03-12 10:59:41,185] {logging_mixin.py:115} INFO - [2024-03-12 10:59:41,185] {manager.py:508} INFO - Created Permission View: can read on DAG:labdados_extract
[2024-03-12 10:59:41,201] {logging_mixin.py:115} INFO - [2024-03-12 10:59:41,201] {manager.py:508} INFO - Created Permission View: can edit on DAG:labdados_extract
[2024-03-12 10:59:41,202] {logging_mixin.py:115} INFO - [2024-03-12 10:59:41,202] {dag.py:2379} INFO - Sync 1 DAGs
[2024-03-12 10:59:41,221] {logging_mixin.py:115} INFO - [2024-03-12 10:59:41,221] {dag.py:2398} INFO - Creating ORM DAG for labdados_extract
[2024-03-12 10:59:41,239] {logging_mixin.py:115} INFO - [2024-03-12 10:59:41,239] {dag.py:2927} INFO - Setting next_dagrun for labdados_extract to 2024-03-12T10:59:40.982292+00:00, run_after=2024-03-13T10:59:40.982292+00:00
[2024-03-12 10:59:41,267] {processor.py:161} INFO - Processing /home/lafuente/airflowAPI/airflow_pipeline/dags/labdados_dag.py took 0.323 seconds
[2024-03-12 11:00:12,289] {processor.py:153} INFO - Started process (PID=48216) to work on /home/lafuente/airflowAPI/airflow_pipeline/dags/labdados_dag.py
[2024-03-12 11:00:12,291] {processor.py:641} INFO - Processing file /home/lafuente/airflowAPI/airflow_pipeline/dags/labdados_dag.py for tasks to queue
[2024-03-12 11:00:12,291] {logging_mixin.py:115} INFO - [2024-03-12 11:00:12,291] {dagbag.py:507} INFO - Filling up the DagBag from /home/lafuente/airflowAPI/airflow_pipeline/dags/labdados_dag.py
[2024-03-12 11:00:12,306] {processor.py:651} INFO - DAG(s) dict_keys(['labdados_extract']) retrieved from /home/lafuente/airflowAPI/airflow_pipeline/dags/labdados_dag.py
[2024-03-12 11:00:12,383] {logging_mixin.py:115} INFO - [2024-03-12 11:00:12,383] {dag.py:2379} INFO - Sync 1 DAGs
[2024-03-12 11:00:12,408] {logging_mixin.py:115} INFO - [2024-03-12 11:00:12,408] {dag.py:2927} INFO - Setting next_dagrun for labdados_extract to 2024-03-12T11:00:12.301938+00:00, run_after=2024-03-13T11:00:12.301938+00:00
[2024-03-12 11:00:12,429] {processor.py:161} INFO - Processing /home/lafuente/airflowAPI/airflow_pipeline/dags/labdados_dag.py took 0.155 seconds
[2024-03-12 11:00:42,733] {processor.py:153} INFO - Started process (PID=48530) to work on /home/lafuente/airflowAPI/airflow_pipeline/dags/labdados_dag.py
[2024-03-12 11:00:42,735] {processor.py:641} INFO - Processing file /home/lafuente/airflowAPI/airflow_pipeline/dags/labdados_dag.py for tasks to queue
[2024-03-12 11:00:42,736] {logging_mixin.py:115} INFO - [2024-03-12 11:00:42,735] {dagbag.py:507} INFO - Filling up the DagBag from /home/lafuente/airflowAPI/airflow_pipeline/dags/labdados_dag.py
[2024-03-12 11:00:42,746] {processor.py:651} INFO - DAG(s) dict_keys(['labdados_extract']) retrieved from /home/lafuente/airflowAPI/airflow_pipeline/dags/labdados_dag.py
[2024-03-12 11:00:42,823] {logging_mixin.py:115} INFO - [2024-03-12 11:00:42,823] {dag.py:2379} INFO - Sync 1 DAGs
[2024-03-12 11:00:42,849] {logging_mixin.py:115} INFO - [2024-03-12 11:00:42,848] {dag.py:2927} INFO - Setting next_dagrun for labdados_extract to 2024-03-12T11:00:42.743735+00:00, run_after=2024-03-13T11:00:42.743735+00:00
[2024-03-12 11:00:42,869] {processor.py:161} INFO - Processing /home/lafuente/airflowAPI/airflow_pipeline/dags/labdados_dag.py took 0.141 seconds
[2024-03-12 11:01:13,151] {processor.py:153} INFO - Started process (PID=48903) to work on /home/lafuente/airflowAPI/airflow_pipeline/dags/labdados_dag.py
[2024-03-12 11:01:13,162] {processor.py:641} INFO - Processing file /home/lafuente/airflowAPI/airflow_pipeline/dags/labdados_dag.py for tasks to queue
[2024-03-12 11:01:13,163] {logging_mixin.py:115} INFO - [2024-03-12 11:01:13,163] {dagbag.py:507} INFO - Filling up the DagBag from /home/lafuente/airflowAPI/airflow_pipeline/dags/labdados_dag.py
[2024-03-12 11:01:13,182] {processor.py:651} INFO - DAG(s) dict_keys(['labdados_extract']) retrieved from /home/lafuente/airflowAPI/airflow_pipeline/dags/labdados_dag.py
[2024-03-12 11:01:13,286] {logging_mixin.py:115} INFO - [2024-03-12 11:01:13,285] {dag.py:2379} INFO - Sync 1 DAGs
[2024-03-12 11:01:13,319] {logging_mixin.py:115} INFO - [2024-03-12 11:01:13,319] {dag.py:2927} INFO - Setting next_dagrun for labdados_extract to 2024-03-12T11:01:13.177678+00:00, run_after=2024-03-13T11:01:13.177678+00:00
[2024-03-12 11:01:13,347] {processor.py:161} INFO - Processing /home/lafuente/airflowAPI/airflow_pipeline/dags/labdados_dag.py took 0.208 seconds
[2024-03-12 11:01:43,522] {processor.py:153} INFO - Started process (PID=49349) to work on /home/lafuente/airflowAPI/airflow_pipeline/dags/labdados_dag.py
[2024-03-12 11:01:43,523] {processor.py:641} INFO - Processing file /home/lafuente/airflowAPI/airflow_pipeline/dags/labdados_dag.py for tasks to queue
[2024-03-12 11:01:43,524] {logging_mixin.py:115} INFO - [2024-03-12 11:01:43,524] {dagbag.py:507} INFO - Filling up the DagBag from /home/lafuente/airflowAPI/airflow_pipeline/dags/labdados_dag.py
[2024-03-12 11:01:43,536] {processor.py:651} INFO - DAG(s) dict_keys(['labdados_extract']) retrieved from /home/lafuente/airflowAPI/airflow_pipeline/dags/labdados_dag.py
[2024-03-12 11:01:43,616] {logging_mixin.py:115} INFO - [2024-03-12 11:01:43,616] {dag.py:2379} INFO - Sync 1 DAGs
[2024-03-12 11:01:43,645] {logging_mixin.py:115} INFO - [2024-03-12 11:01:43,645] {dag.py:2927} INFO - Setting next_dagrun for labdados_extract to 2024-03-12T11:01:43.533184+00:00, run_after=2024-03-13T11:01:43.533184+00:00
[2024-03-12 11:01:43,672] {processor.py:161} INFO - Processing /home/lafuente/airflowAPI/airflow_pipeline/dags/labdados_dag.py took 0.155 seconds
[2024-03-12 11:02:14,771] {processor.py:153} INFO - Started process (PID=49794) to work on /home/lafuente/airflowAPI/airflow_pipeline/dags/labdados_dag.py
[2024-03-12 11:02:14,773] {processor.py:641} INFO - Processing file /home/lafuente/airflowAPI/airflow_pipeline/dags/labdados_dag.py for tasks to queue
[2024-03-12 11:02:14,774] {logging_mixin.py:115} INFO - [2024-03-12 11:02:14,774] {dagbag.py:507} INFO - Filling up the DagBag from /home/lafuente/airflowAPI/airflow_pipeline/dags/labdados_dag.py
[2024-03-12 11:02:14,785] {processor.py:651} INFO - DAG(s) dict_keys(['labdados_extract']) retrieved from /home/lafuente/airflowAPI/airflow_pipeline/dags/labdados_dag.py
[2024-03-12 11:02:14,937] {logging_mixin.py:115} INFO - [2024-03-12 11:02:14,937] {dag.py:2379} INFO - Sync 1 DAGs
[2024-03-12 11:02:14,967] {logging_mixin.py:115} INFO - [2024-03-12 11:02:14,967] {dag.py:2927} INFO - Setting next_dagrun for labdados_extract to 2024-03-12T11:02:14.783161+00:00, run_after=2024-03-13T11:02:14.783161+00:00
[2024-03-12 11:02:14,987] {processor.py:161} INFO - Processing /home/lafuente/airflowAPI/airflow_pipeline/dags/labdados_dag.py took 0.221 seconds
[2024-03-12 11:02:45,146] {processor.py:153} INFO - Started process (PID=49971) to work on /home/lafuente/airflowAPI/airflow_pipeline/dags/labdados_dag.py
[2024-03-12 11:02:45,149] {processor.py:641} INFO - Processing file /home/lafuente/airflowAPI/airflow_pipeline/dags/labdados_dag.py for tasks to queue
[2024-03-12 11:02:45,151] {logging_mixin.py:115} INFO - [2024-03-12 11:02:45,151] {dagbag.py:507} INFO - Filling up the DagBag from /home/lafuente/airflowAPI/airflow_pipeline/dags/labdados_dag.py
[2024-03-12 11:02:45,175] {processor.py:651} INFO - DAG(s) dict_keys(['labdados_extract']) retrieved from /home/lafuente/airflowAPI/airflow_pipeline/dags/labdados_dag.py
[2024-03-12 11:02:45,261] {logging_mixin.py:115} INFO - [2024-03-12 11:02:45,261] {dag.py:2379} INFO - Sync 1 DAGs
[2024-03-12 11:02:45,300] {logging_mixin.py:115} INFO - [2024-03-12 11:02:45,299] {dag.py:2927} INFO - Setting next_dagrun for labdados_extract to 2024-03-12T11:02:45.172155+00:00, run_after=2024-03-13T11:02:45.172155+00:00
[2024-03-12 11:02:45,328] {processor.py:161} INFO - Processing /home/lafuente/airflowAPI/airflow_pipeline/dags/labdados_dag.py took 0.192 seconds
[2024-03-12 11:03:15,596] {processor.py:153} INFO - Started process (PID=50156) to work on /home/lafuente/airflowAPI/airflow_pipeline/dags/labdados_dag.py
[2024-03-12 11:03:15,598] {processor.py:641} INFO - Processing file /home/lafuente/airflowAPI/airflow_pipeline/dags/labdados_dag.py for tasks to queue
[2024-03-12 11:03:15,600] {logging_mixin.py:115} INFO - [2024-03-12 11:03:15,600] {dagbag.py:507} INFO - Filling up the DagBag from /home/lafuente/airflowAPI/airflow_pipeline/dags/labdados_dag.py
[2024-03-12 11:03:15,617] {processor.py:651} INFO - DAG(s) dict_keys(['labdados_extract']) retrieved from /home/lafuente/airflowAPI/airflow_pipeline/dags/labdados_dag.py
[2024-03-12 11:03:15,709] {logging_mixin.py:115} INFO - [2024-03-12 11:03:15,708] {dag.py:2379} INFO - Sync 1 DAGs
[2024-03-12 11:03:15,742] {logging_mixin.py:115} INFO - [2024-03-12 11:03:15,742] {dag.py:2927} INFO - Setting next_dagrun for labdados_extract to 2024-03-12T11:03:15.613141+00:00, run_after=2024-03-13T11:03:15.613141+00:00
[2024-03-12 11:03:15,771] {processor.py:161} INFO - Processing /home/lafuente/airflowAPI/airflow_pipeline/dags/labdados_dag.py took 0.183 seconds
[2024-03-12 11:03:46,047] {processor.py:153} INFO - Started process (PID=50379) to work on /home/lafuente/airflowAPI/airflow_pipeline/dags/labdados_dag.py
[2024-03-12 11:03:46,049] {processor.py:641} INFO - Processing file /home/lafuente/airflowAPI/airflow_pipeline/dags/labdados_dag.py for tasks to queue
[2024-03-12 11:03:46,050] {logging_mixin.py:115} INFO - [2024-03-12 11:03:46,050] {dagbag.py:507} INFO - Filling up the DagBag from /home/lafuente/airflowAPI/airflow_pipeline/dags/labdados_dag.py
[2024-03-12 11:03:46,066] {processor.py:651} INFO - DAG(s) dict_keys(['labdados_extract']) retrieved from /home/lafuente/airflowAPI/airflow_pipeline/dags/labdados_dag.py
[2024-03-12 11:03:46,141] {logging_mixin.py:115} INFO - [2024-03-12 11:03:46,141] {dag.py:2379} INFO - Sync 1 DAGs
[2024-03-12 11:03:46,168] {logging_mixin.py:115} INFO - [2024-03-12 11:03:46,167] {dag.py:2927} INFO - Setting next_dagrun for labdados_extract to 2024-03-12T11:03:46.062808+00:00, run_after=2024-03-13T11:03:46.062808+00:00
[2024-03-12 11:03:46,190] {processor.py:161} INFO - Processing /home/lafuente/airflowAPI/airflow_pipeline/dags/labdados_dag.py took 0.148 seconds
[2024-03-12 11:04:16,410] {processor.py:153} INFO - Started process (PID=50810) to work on /home/lafuente/airflowAPI/airflow_pipeline/dags/labdados_dag.py
[2024-03-12 11:04:16,412] {processor.py:641} INFO - Processing file /home/lafuente/airflowAPI/airflow_pipeline/dags/labdados_dag.py for tasks to queue
[2024-03-12 11:04:16,414] {logging_mixin.py:115} INFO - [2024-03-12 11:04:16,413] {dagbag.py:507} INFO - Filling up the DagBag from /home/lafuente/airflowAPI/airflow_pipeline/dags/labdados_dag.py
[2024-03-12 11:04:16,427] {processor.py:651} INFO - DAG(s) dict_keys(['labdados_extract']) retrieved from /home/lafuente/airflowAPI/airflow_pipeline/dags/labdados_dag.py
[2024-03-12 11:04:16,502] {logging_mixin.py:115} INFO - [2024-03-12 11:04:16,502] {dag.py:2379} INFO - Sync 1 DAGs
[2024-03-12 11:04:16,531] {logging_mixin.py:115} INFO - [2024-03-12 11:04:16,531] {dag.py:2927} INFO - Setting next_dagrun for labdados_extract to 2024-03-12T11:04:16.424063+00:00, run_after=2024-03-13T11:04:16.424063+00:00
[2024-03-12 11:04:16,553] {processor.py:161} INFO - Processing /home/lafuente/airflowAPI/airflow_pipeline/dags/labdados_dag.py took 0.148 seconds
[2024-03-12 11:04:46,763] {processor.py:153} INFO - Started process (PID=51155) to work on /home/lafuente/airflowAPI/airflow_pipeline/dags/labdados_dag.py
[2024-03-12 11:04:46,765] {processor.py:641} INFO - Processing file /home/lafuente/airflowAPI/airflow_pipeline/dags/labdados_dag.py for tasks to queue
[2024-03-12 11:04:46,767] {logging_mixin.py:115} INFO - [2024-03-12 11:04:46,767] {dagbag.py:507} INFO - Filling up the DagBag from /home/lafuente/airflowAPI/airflow_pipeline/dags/labdados_dag.py
[2024-03-12 11:04:46,791] {processor.py:651} INFO - DAG(s) dict_keys(['labdados_extract']) retrieved from /home/lafuente/airflowAPI/airflow_pipeline/dags/labdados_dag.py
[2024-03-12 11:04:46,867] {logging_mixin.py:115} INFO - [2024-03-12 11:04:46,867] {dag.py:2379} INFO - Sync 1 DAGs
[2024-03-12 11:04:46,900] {logging_mixin.py:115} INFO - [2024-03-12 11:04:46,900] {dag.py:2927} INFO - Setting next_dagrun for labdados_extract to 2024-03-12T11:04:46.784940+00:00, run_after=2024-03-13T11:04:46.784940+00:00
[2024-03-12 11:04:46,932] {processor.py:161} INFO - Processing /home/lafuente/airflowAPI/airflow_pipeline/dags/labdados_dag.py took 0.181 seconds
[2024-03-12 11:05:17,394] {processor.py:153} INFO - Started process (PID=51474) to work on /home/lafuente/airflowAPI/airflow_pipeline/dags/labdados_dag.py
[2024-03-12 11:05:17,395] {processor.py:641} INFO - Processing file /home/lafuente/airflowAPI/airflow_pipeline/dags/labdados_dag.py for tasks to queue
[2024-03-12 11:05:17,396] {logging_mixin.py:115} INFO - [2024-03-12 11:05:17,396] {dagbag.py:507} INFO - Filling up the DagBag from /home/lafuente/airflowAPI/airflow_pipeline/dags/labdados_dag.py
[2024-03-12 11:05:17,408] {processor.py:651} INFO - DAG(s) dict_keys(['labdados_extract']) retrieved from /home/lafuente/airflowAPI/airflow_pipeline/dags/labdados_dag.py
[2024-03-12 11:05:17,477] {logging_mixin.py:115} INFO - [2024-03-12 11:05:17,477] {dag.py:2379} INFO - Sync 1 DAGs
[2024-03-12 11:05:17,504] {logging_mixin.py:115} INFO - [2024-03-12 11:05:17,504] {dag.py:2927} INFO - Setting next_dagrun for labdados_extract to 2024-03-12T11:05:17.405165+00:00, run_after=2024-03-13T11:05:17.405165+00:00
[2024-03-12 11:05:17,525] {processor.py:161} INFO - Processing /home/lafuente/airflowAPI/airflow_pipeline/dags/labdados_dag.py took 0.136 seconds
[2024-03-12 11:05:47,807] {processor.py:153} INFO - Started process (PID=51791) to work on /home/lafuente/airflowAPI/airflow_pipeline/dags/labdados_dag.py
[2024-03-12 11:05:47,809] {processor.py:641} INFO - Processing file /home/lafuente/airflowAPI/airflow_pipeline/dags/labdados_dag.py for tasks to queue
[2024-03-12 11:05:47,811] {logging_mixin.py:115} INFO - [2024-03-12 11:05:47,810] {dagbag.py:507} INFO - Filling up the DagBag from /home/lafuente/airflowAPI/airflow_pipeline/dags/labdados_dag.py
[2024-03-12 11:05:47,828] {processor.py:651} INFO - DAG(s) dict_keys(['labdados_extract']) retrieved from /home/lafuente/airflowAPI/airflow_pipeline/dags/labdados_dag.py
[2024-03-12 11:05:47,975] {logging_mixin.py:115} INFO - [2024-03-12 11:05:47,975] {dag.py:2379} INFO - Sync 1 DAGs
[2024-03-12 11:05:48,007] {logging_mixin.py:115} INFO - [2024-03-12 11:05:48,007] {dag.py:2927} INFO - Setting next_dagrun for labdados_extract to 2024-03-12T11:05:47.823858+00:00, run_after=2024-03-13T11:05:47.823858+00:00
[2024-03-12 11:05:48,032] {processor.py:161} INFO - Processing /home/lafuente/airflowAPI/airflow_pipeline/dags/labdados_dag.py took 0.238 seconds
[2024-03-12 11:06:18,261] {processor.py:153} INFO - Started process (PID=52286) to work on /home/lafuente/airflowAPI/airflow_pipeline/dags/labdados_dag.py
[2024-03-12 11:06:18,262] {processor.py:641} INFO - Processing file /home/lafuente/airflowAPI/airflow_pipeline/dags/labdados_dag.py for tasks to queue
[2024-03-12 11:06:18,263] {logging_mixin.py:115} INFO - [2024-03-12 11:06:18,263] {dagbag.py:507} INFO - Filling up the DagBag from /home/lafuente/airflowAPI/airflow_pipeline/dags/labdados_dag.py
[2024-03-12 11:06:18,275] {processor.py:651} INFO - DAG(s) dict_keys(['labdados_extract']) retrieved from /home/lafuente/airflowAPI/airflow_pipeline/dags/labdados_dag.py
[2024-03-12 11:06:18,366] {logging_mixin.py:115} INFO - [2024-03-12 11:06:18,366] {dag.py:2379} INFO - Sync 1 DAGs
[2024-03-12 11:06:18,393] {logging_mixin.py:115} INFO - [2024-03-12 11:06:18,393] {dag.py:2927} INFO - Setting next_dagrun for labdados_extract to 2024-03-12T11:06:18.271789+00:00, run_after=2024-03-13T11:06:18.271789+00:00
[2024-03-12 11:06:18,416] {processor.py:161} INFO - Processing /home/lafuente/airflowAPI/airflow_pipeline/dags/labdados_dag.py took 0.165 seconds
[2024-03-12 11:06:48,627] {processor.py:153} INFO - Started process (PID=52692) to work on /home/lafuente/airflowAPI/airflow_pipeline/dags/labdados_dag.py
[2024-03-12 11:06:48,630] {processor.py:641} INFO - Processing file /home/lafuente/airflowAPI/airflow_pipeline/dags/labdados_dag.py for tasks to queue
[2024-03-12 11:06:48,631] {logging_mixin.py:115} INFO - [2024-03-12 11:06:48,631] {dagbag.py:507} INFO - Filling up the DagBag from /home/lafuente/airflowAPI/airflow_pipeline/dags/labdados_dag.py
[2024-03-12 11:06:48,650] {processor.py:651} INFO - DAG(s) dict_keys(['labdados_extract']) retrieved from /home/lafuente/airflowAPI/airflow_pipeline/dags/labdados_dag.py
[2024-03-12 11:06:48,773] {logging_mixin.py:115} INFO - [2024-03-12 11:06:48,773] {dag.py:2379} INFO - Sync 1 DAGs
[2024-03-12 11:06:48,802] {logging_mixin.py:115} INFO - [2024-03-12 11:06:48,802] {dag.py:2927} INFO - Setting next_dagrun for labdados_extract to 2024-03-12T11:06:48.645898+00:00, run_after=2024-03-13T11:06:48.645898+00:00
[2024-03-12 11:06:48,829] {processor.py:161} INFO - Processing /home/lafuente/airflowAPI/airflow_pipeline/dags/labdados_dag.py took 0.209 seconds
[2024-03-12 11:07:19,793] {processor.py:153} INFO - Started process (PID=53185) to work on /home/lafuente/airflowAPI/airflow_pipeline/dags/labdados_dag.py
[2024-03-12 11:07:19,794] {processor.py:641} INFO - Processing file /home/lafuente/airflowAPI/airflow_pipeline/dags/labdados_dag.py for tasks to queue
[2024-03-12 11:07:19,795] {logging_mixin.py:115} INFO - [2024-03-12 11:07:19,795] {dagbag.py:507} INFO - Filling up the DagBag from /home/lafuente/airflowAPI/airflow_pipeline/dags/labdados_dag.py
[2024-03-12 11:07:19,811] {processor.py:651} INFO - DAG(s) dict_keys(['labdados_extract']) retrieved from /home/lafuente/airflowAPI/airflow_pipeline/dags/labdados_dag.py
[2024-03-12 11:07:19,900] {logging_mixin.py:115} INFO - [2024-03-12 11:07:19,899] {dag.py:2379} INFO - Sync 1 DAGs
[2024-03-12 11:07:19,932] {logging_mixin.py:115} INFO - [2024-03-12 11:07:19,931] {dag.py:2927} INFO - Setting next_dagrun for labdados_extract to 2024-03-12T11:07:19.807921+00:00, run_after=2024-03-13T11:07:19.807921+00:00
[2024-03-12 11:07:19,960] {processor.py:161} INFO - Processing /home/lafuente/airflowAPI/airflow_pipeline/dags/labdados_dag.py took 0.175 seconds
[2024-03-12 11:07:50,167] {processor.py:153} INFO - Started process (PID=53502) to work on /home/lafuente/airflowAPI/airflow_pipeline/dags/labdados_dag.py
[2024-03-12 11:07:50,169] {processor.py:641} INFO - Processing file /home/lafuente/airflowAPI/airflow_pipeline/dags/labdados_dag.py for tasks to queue
[2024-03-12 11:07:50,170] {logging_mixin.py:115} INFO - [2024-03-12 11:07:50,169] {dagbag.py:507} INFO - Filling up the DagBag from /home/lafuente/airflowAPI/airflow_pipeline/dags/labdados_dag.py
[2024-03-12 11:07:50,186] {processor.py:651} INFO - DAG(s) dict_keys(['labdados_extract']) retrieved from /home/lafuente/airflowAPI/airflow_pipeline/dags/labdados_dag.py
[2024-03-12 11:07:50,281] {logging_mixin.py:115} INFO - [2024-03-12 11:07:50,281] {dag.py:2379} INFO - Sync 1 DAGs
[2024-03-12 11:07:50,317] {logging_mixin.py:115} INFO - [2024-03-12 11:07:50,317] {dag.py:2927} INFO - Setting next_dagrun for labdados_extract to 2024-03-12T11:07:50.182372+00:00, run_after=2024-03-13T11:07:50.182372+00:00
[2024-03-12 11:07:50,341] {processor.py:161} INFO - Processing /home/lafuente/airflowAPI/airflow_pipeline/dags/labdados_dag.py took 0.184 seconds
[2024-03-12 11:08:20,542] {processor.py:153} INFO - Started process (PID=53729) to work on /home/lafuente/airflowAPI/airflow_pipeline/dags/labdados_dag.py
[2024-03-12 11:08:20,544] {processor.py:641} INFO - Processing file /home/lafuente/airflowAPI/airflow_pipeline/dags/labdados_dag.py for tasks to queue
[2024-03-12 11:08:20,546] {logging_mixin.py:115} INFO - [2024-03-12 11:08:20,545] {dagbag.py:507} INFO - Filling up the DagBag from /home/lafuente/airflowAPI/airflow_pipeline/dags/labdados_dag.py
[2024-03-12 11:08:20,560] {processor.py:651} INFO - DAG(s) dict_keys(['labdados_extract']) retrieved from /home/lafuente/airflowAPI/airflow_pipeline/dags/labdados_dag.py
[2024-03-12 11:08:20,644] {logging_mixin.py:115} INFO - [2024-03-12 11:08:20,643] {dag.py:2379} INFO - Sync 1 DAGs
[2024-03-12 11:08:20,676] {logging_mixin.py:115} INFO - [2024-03-12 11:08:20,675] {dag.py:2927} INFO - Setting next_dagrun for labdados_extract to 2024-03-12T11:08:20.556852+00:00, run_after=2024-03-13T11:08:20.556852+00:00
[2024-03-12 11:08:20,703] {processor.py:161} INFO - Processing /home/lafuente/airflowAPI/airflow_pipeline/dags/labdados_dag.py took 0.166 seconds
[2024-03-12 11:08:50,954] {processor.py:153} INFO - Started process (PID=53905) to work on /home/lafuente/airflowAPI/airflow_pipeline/dags/labdados_dag.py
[2024-03-12 11:08:50,955] {processor.py:641} INFO - Processing file /home/lafuente/airflowAPI/airflow_pipeline/dags/labdados_dag.py for tasks to queue
[2024-03-12 11:08:50,960] {logging_mixin.py:115} INFO - [2024-03-12 11:08:50,960] {dagbag.py:507} INFO - Filling up the DagBag from /home/lafuente/airflowAPI/airflow_pipeline/dags/labdados_dag.py
[2024-03-12 11:08:50,976] {processor.py:651} INFO - DAG(s) dict_keys(['labdados_extract']) retrieved from /home/lafuente/airflowAPI/airflow_pipeline/dags/labdados_dag.py
[2024-03-12 11:08:51,066] {logging_mixin.py:115} INFO - [2024-03-12 11:08:51,066] {dag.py:2379} INFO - Sync 1 DAGs
[2024-03-12 11:08:51,097] {logging_mixin.py:115} INFO - [2024-03-12 11:08:51,097] {dag.py:2927} INFO - Setting next_dagrun for labdados_extract to 2024-03-12T11:08:50.968982+00:00, run_after=2024-03-13T11:08:50.968982+00:00
[2024-03-12 11:08:51,120] {processor.py:161} INFO - Processing /home/lafuente/airflowAPI/airflow_pipeline/dags/labdados_dag.py took 0.175 seconds
[2024-03-12 11:09:21,350] {processor.py:153} INFO - Started process (PID=54186) to work on /home/lafuente/airflowAPI/airflow_pipeline/dags/labdados_dag.py
[2024-03-12 11:09:21,353] {processor.py:641} INFO - Processing file /home/lafuente/airflowAPI/airflow_pipeline/dags/labdados_dag.py for tasks to queue
[2024-03-12 11:09:21,355] {logging_mixin.py:115} INFO - [2024-03-12 11:09:21,355] {dagbag.py:507} INFO - Filling up the DagBag from /home/lafuente/airflowAPI/airflow_pipeline/dags/labdados_dag.py
[2024-03-12 11:09:21,369] {processor.py:651} INFO - DAG(s) dict_keys(['labdados_extract']) retrieved from /home/lafuente/airflowAPI/airflow_pipeline/dags/labdados_dag.py
[2024-03-12 11:09:21,452] {logging_mixin.py:115} INFO - [2024-03-12 11:09:21,451] {dag.py:2379} INFO - Sync 1 DAGs
[2024-03-12 11:09:21,482] {logging_mixin.py:115} INFO - [2024-03-12 11:09:21,482] {dag.py:2927} INFO - Setting next_dagrun for labdados_extract to 2024-03-12T11:09:21.365076+00:00, run_after=2024-03-13T11:09:21.365076+00:00
[2024-03-12 11:09:21,510] {processor.py:161} INFO - Processing /home/lafuente/airflowAPI/airflow_pipeline/dags/labdados_dag.py took 0.168 seconds
[2024-03-12 11:09:51,772] {processor.py:153} INFO - Started process (PID=54463) to work on /home/lafuente/airflowAPI/airflow_pipeline/dags/labdados_dag.py
[2024-03-12 11:09:51,773] {processor.py:641} INFO - Processing file /home/lafuente/airflowAPI/airflow_pipeline/dags/labdados_dag.py for tasks to queue
[2024-03-12 11:09:51,775] {logging_mixin.py:115} INFO - [2024-03-12 11:09:51,775] {dagbag.py:507} INFO - Filling up the DagBag from /home/lafuente/airflowAPI/airflow_pipeline/dags/labdados_dag.py
[2024-03-12 11:09:51,793] {processor.py:651} INFO - DAG(s) dict_keys(['labdados_extract']) retrieved from /home/lafuente/airflowAPI/airflow_pipeline/dags/labdados_dag.py
[2024-03-12 11:09:51,869] {logging_mixin.py:115} INFO - [2024-03-12 11:09:51,869] {dag.py:2379} INFO - Sync 1 DAGs
[2024-03-12 11:09:51,895] {logging_mixin.py:115} INFO - [2024-03-12 11:09:51,895] {dag.py:2927} INFO - Setting next_dagrun for labdados_extract to 2024-03-12T11:09:51.788835+00:00, run_after=2024-03-13T11:09:51.788835+00:00
[2024-03-12 11:09:51,917] {processor.py:161} INFO - Processing /home/lafuente/airflowAPI/airflow_pipeline/dags/labdados_dag.py took 0.159 seconds
[2024-03-12 11:10:22,215] {processor.py:153} INFO - Started process (PID=54778) to work on /home/lafuente/airflowAPI/airflow_pipeline/dags/labdados_dag.py
[2024-03-12 11:10:22,219] {processor.py:641} INFO - Processing file /home/lafuente/airflowAPI/airflow_pipeline/dags/labdados_dag.py for tasks to queue
[2024-03-12 11:10:22,220] {logging_mixin.py:115} INFO - [2024-03-12 11:10:22,220] {dagbag.py:507} INFO - Filling up the DagBag from /home/lafuente/airflowAPI/airflow_pipeline/dags/labdados_dag.py
[2024-03-12 11:10:22,230] {logging_mixin.py:115} INFO - [2024-03-12 11:10:22,229] {dagbag.py:320} ERROR - Failed to import: /home/lafuente/airflowAPI/airflow_pipeline/dags/labdados_dag.py
Traceback (most recent call last):
  File "/home/lafuente/airflowAPI/venv/lib/python3.9/site-packages/airflow/models/dagbag.py", line 317, in parse
    loader.exec_module(new_module)
  File "<frozen importlib._bootstrap_external>", line 850, in exec_module
  File "<frozen importlib._bootstrap>", line 228, in _call_with_frames_removed
  File "/home/lafuente/airflowAPI/airflow_pipeline/dags/labdados_dag.py", line 6, in <module>
    from operators.labdados_operator import labdadosOperator
  File "/home/lafuente/airflowAPI/airflow_pipeline/operators/labdados_operator.py", line 5, in <module>
    from hook.labdados_hook import labdados_hook
  File "/home/lafuente/airflowAPI/airflow_pipeline/hook/labdados_hook.py", line 74
    
    ^
IndentationError: expected an indented block
[2024-03-12 11:10:22,231] {processor.py:653} WARNING - No viable dags retrieved from /home/lafuente/airflowAPI/airflow_pipeline/dags/labdados_dag.py
[2024-03-12 11:10:22,270] {processor.py:161} INFO - Processing /home/lafuente/airflowAPI/airflow_pipeline/dags/labdados_dag.py took 0.068 seconds
[2024-03-12 11:10:52,657] {processor.py:153} INFO - Started process (PID=55001) to work on /home/lafuente/airflowAPI/airflow_pipeline/dags/labdados_dag.py
[2024-03-12 11:10:52,659] {processor.py:641} INFO - Processing file /home/lafuente/airflowAPI/airflow_pipeline/dags/labdados_dag.py for tasks to queue
[2024-03-12 11:10:52,661] {logging_mixin.py:115} INFO - [2024-03-12 11:10:52,661] {dagbag.py:507} INFO - Filling up the DagBag from /home/lafuente/airflowAPI/airflow_pipeline/dags/labdados_dag.py
[2024-03-12 11:10:52,679] {processor.py:651} INFO - DAG(s) dict_keys(['labdados_extract']) retrieved from /home/lafuente/airflowAPI/airflow_pipeline/dags/labdados_dag.py
[2024-03-12 11:10:52,759] {logging_mixin.py:115} INFO - [2024-03-12 11:10:52,758] {dag.py:2379} INFO - Sync 1 DAGs
[2024-03-12 11:10:52,791] {logging_mixin.py:115} INFO - [2024-03-12 11:10:52,791] {dag.py:2927} INFO - Setting next_dagrun for labdados_extract to 2024-03-12T11:10:52.676210+00:00, run_after=2024-03-13T11:10:52.676210+00:00
[2024-03-12 11:10:52,824] {processor.py:161} INFO - Processing /home/lafuente/airflowAPI/airflow_pipeline/dags/labdados_dag.py took 0.174 seconds
[2024-03-12 11:11:23,074] {processor.py:153} INFO - Started process (PID=55250) to work on /home/lafuente/airflowAPI/airflow_pipeline/dags/labdados_dag.py
[2024-03-12 11:11:23,076] {processor.py:641} INFO - Processing file /home/lafuente/airflowAPI/airflow_pipeline/dags/labdados_dag.py for tasks to queue
[2024-03-12 11:11:23,078] {logging_mixin.py:115} INFO - [2024-03-12 11:11:23,078] {dagbag.py:507} INFO - Filling up the DagBag from /home/lafuente/airflowAPI/airflow_pipeline/dags/labdados_dag.py
[2024-03-12 11:11:23,100] {processor.py:651} INFO - DAG(s) dict_keys(['labdados_extract']) retrieved from /home/lafuente/airflowAPI/airflow_pipeline/dags/labdados_dag.py
[2024-03-12 11:11:23,221] {logging_mixin.py:115} INFO - [2024-03-12 11:11:23,221] {dag.py:2379} INFO - Sync 1 DAGs
[2024-03-12 11:11:23,297] {logging_mixin.py:115} INFO - [2024-03-12 11:11:23,297] {dag.py:2927} INFO - Setting next_dagrun for labdados_extract to 2024-03-12T11:11:23.095886+00:00, run_after=2024-03-13T11:11:23.095886+00:00
[2024-03-12 11:11:23,330] {processor.py:161} INFO - Processing /home/lafuente/airflowAPI/airflow_pipeline/dags/labdados_dag.py took 0.262 seconds
[2024-03-12 11:11:53,464] {processor.py:153} INFO - Started process (PID=55564) to work on /home/lafuente/airflowAPI/airflow_pipeline/dags/labdados_dag.py
[2024-03-12 11:11:53,466] {processor.py:641} INFO - Processing file /home/lafuente/airflowAPI/airflow_pipeline/dags/labdados_dag.py for tasks to queue
[2024-03-12 11:11:53,468] {logging_mixin.py:115} INFO - [2024-03-12 11:11:53,468] {dagbag.py:507} INFO - Filling up the DagBag from /home/lafuente/airflowAPI/airflow_pipeline/dags/labdados_dag.py
[2024-03-12 11:11:53,486] {processor.py:651} INFO - DAG(s) dict_keys(['labdados_extract']) retrieved from /home/lafuente/airflowAPI/airflow_pipeline/dags/labdados_dag.py
[2024-03-12 11:11:53,556] {logging_mixin.py:115} INFO - [2024-03-12 11:11:53,556] {dag.py:2379} INFO - Sync 1 DAGs
[2024-03-12 11:11:53,583] {logging_mixin.py:115} INFO - [2024-03-12 11:11:53,583] {dag.py:2927} INFO - Setting next_dagrun for labdados_extract to 2024-03-12T11:11:53.483032+00:00, run_after=2024-03-13T11:11:53.483032+00:00
[2024-03-12 11:11:53,609] {processor.py:161} INFO - Processing /home/lafuente/airflowAPI/airflow_pipeline/dags/labdados_dag.py took 0.155 seconds
[2024-03-12 11:12:23,847] {processor.py:153} INFO - Started process (PID=55922) to work on /home/lafuente/airflowAPI/airflow_pipeline/dags/labdados_dag.py
[2024-03-12 11:12:23,848] {processor.py:641} INFO - Processing file /home/lafuente/airflowAPI/airflow_pipeline/dags/labdados_dag.py for tasks to queue
[2024-03-12 11:12:23,850] {logging_mixin.py:115} INFO - [2024-03-12 11:12:23,849] {dagbag.py:507} INFO - Filling up the DagBag from /home/lafuente/airflowAPI/airflow_pipeline/dags/labdados_dag.py
[2024-03-12 11:12:23,863] {logging_mixin.py:115} INFO - [2024-03-12 11:12:23,861] {dagbag.py:320} ERROR - Failed to import: /home/lafuente/airflowAPI/airflow_pipeline/dags/labdados_dag.py
Traceback (most recent call last):
  File "/home/lafuente/airflowAPI/venv/lib/python3.9/site-packages/airflow/models/dagbag.py", line 317, in parse
    loader.exec_module(new_module)
  File "<frozen importlib._bootstrap_external>", line 850, in exec_module
  File "<frozen importlib._bootstrap>", line 228, in _call_with_frames_removed
  File "/home/lafuente/airflowAPI/airflow_pipeline/dags/labdados_dag.py", line 6, in <module>
    from operators.twitter_operator import TwitterOperator
ModuleNotFoundError: No module named 'operators.twitter_operator'
[2024-03-12 11:12:23,864] {processor.py:653} WARNING - No viable dags retrieved from /home/lafuente/airflowAPI/airflow_pipeline/dags/labdados_dag.py
[2024-03-12 11:12:23,901] {processor.py:161} INFO - Processing /home/lafuente/airflowAPI/airflow_pipeline/dags/labdados_dag.py took 0.062 seconds
[2024-03-12 11:12:54,287] {processor.py:153} INFO - Started process (PID=56294) to work on /home/lafuente/airflowAPI/airflow_pipeline/dags/labdados_dag.py
[2024-03-12 11:12:54,289] {processor.py:641} INFO - Processing file /home/lafuente/airflowAPI/airflow_pipeline/dags/labdados_dag.py for tasks to queue
[2024-03-12 11:12:54,290] {logging_mixin.py:115} INFO - [2024-03-12 11:12:54,290] {dagbag.py:507} INFO - Filling up the DagBag from /home/lafuente/airflowAPI/airflow_pipeline/dags/labdados_dag.py
[2024-03-12 11:12:54,295] {logging_mixin.py:115} INFO - [2024-03-12 11:12:54,294] {dagbag.py:320} ERROR - Failed to import: /home/lafuente/airflowAPI/airflow_pipeline/dags/labdados_dag.py
Traceback (most recent call last):
  File "/home/lafuente/airflowAPI/venv/lib/python3.9/site-packages/airflow/models/dagbag.py", line 317, in parse
    loader.exec_module(new_module)
  File "<frozen importlib._bootstrap_external>", line 850, in exec_module
  File "<frozen importlib._bootstrap>", line 228, in _call_with_frames_removed
  File "/home/lafuente/airflowAPI/airflow_pipeline/dags/labdados_dag.py", line 6, in <module>
    from operators.twitter_operator import TwitterOperator
ModuleNotFoundError: No module named 'operators.twitter_operator'
[2024-03-12 11:12:54,295] {processor.py:653} WARNING - No viable dags retrieved from /home/lafuente/airflowAPI/airflow_pipeline/dags/labdados_dag.py
[2024-03-12 11:12:54,330] {processor.py:161} INFO - Processing /home/lafuente/airflowAPI/airflow_pipeline/dags/labdados_dag.py took 0.048 seconds
[2024-03-12 11:13:24,707] {processor.py:153} INFO - Started process (PID=56609) to work on /home/lafuente/airflowAPI/airflow_pipeline/dags/labdados_dag.py
[2024-03-12 11:13:24,709] {processor.py:641} INFO - Processing file /home/lafuente/airflowAPI/airflow_pipeline/dags/labdados_dag.py for tasks to queue
[2024-03-12 11:13:24,710] {logging_mixin.py:115} INFO - [2024-03-12 11:13:24,710] {dagbag.py:507} INFO - Filling up the DagBag from /home/lafuente/airflowAPI/airflow_pipeline/dags/labdados_dag.py
[2024-03-12 11:13:24,721] {logging_mixin.py:115} INFO - [2024-03-12 11:13:24,717] {dagbag.py:320} ERROR - Failed to import: /home/lafuente/airflowAPI/airflow_pipeline/dags/labdados_dag.py
Traceback (most recent call last):
  File "/home/lafuente/airflowAPI/venv/lib/python3.9/site-packages/airflow/models/dagbag.py", line 317, in parse
    loader.exec_module(new_module)
  File "<frozen importlib._bootstrap_external>", line 850, in exec_module
  File "<frozen importlib._bootstrap>", line 228, in _call_with_frames_removed
  File "/home/lafuente/airflowAPI/airflow_pipeline/dags/labdados_dag.py", line 6, in <module>
    from operators.twitter_operator import TwitterOperator
ModuleNotFoundError: No module named 'operators.twitter_operator'
[2024-03-12 11:13:24,723] {processor.py:653} WARNING - No viable dags retrieved from /home/lafuente/airflowAPI/airflow_pipeline/dags/labdados_dag.py
[2024-03-12 11:13:24,765] {processor.py:161} INFO - Processing /home/lafuente/airflowAPI/airflow_pipeline/dags/labdados_dag.py took 0.068 seconds
[2024-03-12 11:13:54,982] {processor.py:153} INFO - Started process (PID=56967) to work on /home/lafuente/airflowAPI/airflow_pipeline/dags/labdados_dag.py
[2024-03-12 11:13:54,984] {processor.py:641} INFO - Processing file /home/lafuente/airflowAPI/airflow_pipeline/dags/labdados_dag.py for tasks to queue
[2024-03-12 11:13:54,985] {logging_mixin.py:115} INFO - [2024-03-12 11:13:54,985] {dagbag.py:507} INFO - Filling up the DagBag from /home/lafuente/airflowAPI/airflow_pipeline/dags/labdados_dag.py
[2024-03-12 11:13:55,007] {processor.py:651} INFO - DAG(s) dict_keys(['LabDadosExtract']) retrieved from /home/lafuente/airflowAPI/airflow_pipeline/dags/labdados_dag.py
[2024-03-12 11:13:55,115] {logging_mixin.py:115} INFO - [2024-03-12 11:13:55,114] {manager.py:508} INFO - Created Permission View: can delete on DAG:LabDadosExtract
[2024-03-12 11:13:55,131] {logging_mixin.py:115} INFO - [2024-03-12 11:13:55,130] {manager.py:508} INFO - Created Permission View: can read on DAG:LabDadosExtract
[2024-03-12 11:13:55,149] {logging_mixin.py:115} INFO - [2024-03-12 11:13:55,149] {manager.py:508} INFO - Created Permission View: can edit on DAG:LabDadosExtract
[2024-03-12 11:13:55,149] {logging_mixin.py:115} INFO - [2024-03-12 11:13:55,149] {dag.py:2379} INFO - Sync 1 DAGs
[2024-03-12 11:13:55,162] {logging_mixin.py:115} INFO - [2024-03-12 11:13:55,162] {dag.py:2398} INFO - Creating ORM DAG for LabDadosExtract
[2024-03-12 11:13:55,177] {logging_mixin.py:115} INFO - [2024-03-12 11:13:55,177] {dag.py:2927} INFO - Setting next_dagrun for LabDadosExtract to 2024-03-10T00:00:00+00:00, run_after=2024-03-11T00:00:00+00:00
[2024-03-12 11:13:55,205] {processor.py:161} INFO - Processing /home/lafuente/airflowAPI/airflow_pipeline/dags/labdados_dag.py took 0.229 seconds
[2024-03-12 11:14:25,672] {processor.py:153} INFO - Started process (PID=57369) to work on /home/lafuente/airflowAPI/airflow_pipeline/dags/labdados_dag.py
[2024-03-12 11:14:25,675] {processor.py:641} INFO - Processing file /home/lafuente/airflowAPI/airflow_pipeline/dags/labdados_dag.py for tasks to queue
[2024-03-12 11:14:25,685] {logging_mixin.py:115} INFO - [2024-03-12 11:14:25,685] {dagbag.py:507} INFO - Filling up the DagBag from /home/lafuente/airflowAPI/airflow_pipeline/dags/labdados_dag.py
[2024-03-12 11:14:25,730] {processor.py:651} INFO - DAG(s) dict_keys(['LabDadosExtract']) retrieved from /home/lafuente/airflowAPI/airflow_pipeline/dags/labdados_dag.py
[2024-03-12 11:14:25,958] {logging_mixin.py:115} INFO - [2024-03-12 11:14:25,957] {dag.py:2379} INFO - Sync 1 DAGs
[2024-03-12 11:14:26,023] {logging_mixin.py:115} INFO - [2024-03-12 11:14:26,023] {dag.py:2927} INFO - Setting next_dagrun for LabDadosExtract to 2024-03-10T00:00:00+00:00, run_after=2024-03-11T00:00:00+00:00
[2024-03-12 11:14:26,054] {processor.py:161} INFO - Processing /home/lafuente/airflowAPI/airflow_pipeline/dags/labdados_dag.py took 0.400 seconds
[2024-03-12 11:14:56,296] {processor.py:153} INFO - Started process (PID=57702) to work on /home/lafuente/airflowAPI/airflow_pipeline/dags/labdados_dag.py
[2024-03-12 11:14:56,298] {processor.py:641} INFO - Processing file /home/lafuente/airflowAPI/airflow_pipeline/dags/labdados_dag.py for tasks to queue
[2024-03-12 11:14:56,300] {logging_mixin.py:115} INFO - [2024-03-12 11:14:56,300] {dagbag.py:507} INFO - Filling up the DagBag from /home/lafuente/airflowAPI/airflow_pipeline/dags/labdados_dag.py
[2024-03-12 11:14:56,320] {processor.py:651} INFO - DAG(s) dict_keys(['LabDadosExtract']) retrieved from /home/lafuente/airflowAPI/airflow_pipeline/dags/labdados_dag.py
[2024-03-12 11:14:56,352] {logging_mixin.py:115} INFO - [2024-03-12 11:14:56,352] {dag.py:2379} INFO - Sync 1 DAGs
[2024-03-12 11:14:56,391] {logging_mixin.py:115} INFO - [2024-03-12 11:14:56,391] {dag.py:2927} INFO - Setting next_dagrun for LabDadosExtract to 2024-03-10T00:00:00+00:00, run_after=2024-03-11T00:00:00+00:00
[2024-03-12 11:14:56,415] {processor.py:161} INFO - Processing /home/lafuente/airflowAPI/airflow_pipeline/dags/labdados_dag.py took 0.126 seconds
[2024-03-12 11:15:26,691] {processor.py:153} INFO - Started process (PID=57876) to work on /home/lafuente/airflowAPI/airflow_pipeline/dags/labdados_dag.py
[2024-03-12 11:15:26,692] {processor.py:641} INFO - Processing file /home/lafuente/airflowAPI/airflow_pipeline/dags/labdados_dag.py for tasks to queue
[2024-03-12 11:15:26,694] {logging_mixin.py:115} INFO - [2024-03-12 11:15:26,694] {dagbag.py:507} INFO - Filling up the DagBag from /home/lafuente/airflowAPI/airflow_pipeline/dags/labdados_dag.py
[2024-03-12 11:15:26,720] {processor.py:651} INFO - DAG(s) dict_keys(['LabDadosExtract']) retrieved from /home/lafuente/airflowAPI/airflow_pipeline/dags/labdados_dag.py
[2024-03-12 11:15:26,769] {logging_mixin.py:115} INFO - [2024-03-12 11:15:26,769] {dag.py:2379} INFO - Sync 1 DAGs
[2024-03-12 11:15:26,809] {logging_mixin.py:115} INFO - [2024-03-12 11:15:26,808] {dag.py:2927} INFO - Setting next_dagrun for LabDadosExtract to 2024-03-10T00:00:00+00:00, run_after=2024-03-11T00:00:00+00:00
[2024-03-12 11:15:26,831] {processor.py:161} INFO - Processing /home/lafuente/airflowAPI/airflow_pipeline/dags/labdados_dag.py took 0.149 seconds
[2024-03-12 11:15:57,273] {processor.py:153} INFO - Started process (PID=58351) to work on /home/lafuente/airflowAPI/airflow_pipeline/dags/labdados_dag.py
[2024-03-12 11:15:57,275] {processor.py:641} INFO - Processing file /home/lafuente/airflowAPI/airflow_pipeline/dags/labdados_dag.py for tasks to queue
[2024-03-12 11:15:57,277] {logging_mixin.py:115} INFO - [2024-03-12 11:15:57,276] {dagbag.py:507} INFO - Filling up the DagBag from /home/lafuente/airflowAPI/airflow_pipeline/dags/labdados_dag.py
[2024-03-12 11:15:57,298] {processor.py:651} INFO - DAG(s) dict_keys(['LabDadosExtract']) retrieved from /home/lafuente/airflowAPI/airflow_pipeline/dags/labdados_dag.py
[2024-03-12 11:15:57,343] {logging_mixin.py:115} INFO - [2024-03-12 11:15:57,343] {dag.py:2379} INFO - Sync 1 DAGs
[2024-03-12 11:15:57,386] {logging_mixin.py:115} INFO - [2024-03-12 11:15:57,386] {dag.py:2927} INFO - Setting next_dagrun for LabDadosExtract to 2024-03-12T00:00:00+00:00, run_after=2024-03-13T00:00:00+00:00
[2024-03-12 11:15:57,408] {processor.py:161} INFO - Processing /home/lafuente/airflowAPI/airflow_pipeline/dags/labdados_dag.py took 0.144 seconds
[2024-03-12 11:16:27,633] {processor.py:153} INFO - Started process (PID=58728) to work on /home/lafuente/airflowAPI/airflow_pipeline/dags/labdados_dag.py
[2024-03-12 11:16:27,634] {processor.py:641} INFO - Processing file /home/lafuente/airflowAPI/airflow_pipeline/dags/labdados_dag.py for tasks to queue
[2024-03-12 11:16:27,635] {logging_mixin.py:115} INFO - [2024-03-12 11:16:27,635] {dagbag.py:507} INFO - Filling up the DagBag from /home/lafuente/airflowAPI/airflow_pipeline/dags/labdados_dag.py
[2024-03-12 11:16:27,650] {processor.py:651} INFO - DAG(s) dict_keys(['LabDadosExtract']) retrieved from /home/lafuente/airflowAPI/airflow_pipeline/dags/labdados_dag.py
[2024-03-12 11:16:27,681] {logging_mixin.py:115} INFO - [2024-03-12 11:16:27,681] {dag.py:2379} INFO - Sync 1 DAGs
[2024-03-12 11:16:27,717] {logging_mixin.py:115} INFO - [2024-03-12 11:16:27,717] {dag.py:2927} INFO - Setting next_dagrun for LabDadosExtract to 2024-03-12T00:00:00+00:00, run_after=2024-03-13T00:00:00+00:00
[2024-03-12 11:16:27,739] {processor.py:161} INFO - Processing /home/lafuente/airflowAPI/airflow_pipeline/dags/labdados_dag.py took 0.112 seconds
[2024-03-12 11:16:58,067] {processor.py:153} INFO - Started process (PID=59042) to work on /home/lafuente/airflowAPI/airflow_pipeline/dags/labdados_dag.py
[2024-03-12 11:16:58,070] {processor.py:641} INFO - Processing file /home/lafuente/airflowAPI/airflow_pipeline/dags/labdados_dag.py for tasks to queue
[2024-03-12 11:16:58,071] {logging_mixin.py:115} INFO - [2024-03-12 11:16:58,071] {dagbag.py:507} INFO - Filling up the DagBag from /home/lafuente/airflowAPI/airflow_pipeline/dags/labdados_dag.py
[2024-03-12 11:16:58,093] {processor.py:651} INFO - DAG(s) dict_keys(['LabDadosExtract']) retrieved from /home/lafuente/airflowAPI/airflow_pipeline/dags/labdados_dag.py
[2024-03-12 11:16:58,122] {logging_mixin.py:115} INFO - [2024-03-12 11:16:58,122] {dag.py:2379} INFO - Sync 1 DAGs
[2024-03-12 11:16:58,155] {logging_mixin.py:115} INFO - [2024-03-12 11:16:58,155] {dag.py:2927} INFO - Setting next_dagrun for LabDadosExtract to 2024-03-12T00:00:00+00:00, run_after=2024-03-13T00:00:00+00:00
[2024-03-12 11:16:58,175] {processor.py:161} INFO - Processing /home/lafuente/airflowAPI/airflow_pipeline/dags/labdados_dag.py took 0.116 seconds
