[2024-03-11 22:26:40,039] {manager.py:480} INFO - Processing files using up to 1 processes at a time 
[2024-03-11 22:26:40,040] {manager.py:481} INFO - Process each file at most once every 30 seconds
[2024-03-11 22:26:40,040] {manager.py:482} INFO - Checking for new files in /home/lafuente/airflowAPI/airflow_pipeline/dags every 300 seconds
[2024-03-11 22:26:40,041] {manager.py:690} INFO - Searching for files in /home/lafuente/airflowAPI/airflow_pipeline/dags
[2024-03-11 22:26:40,125] {manager.py:693} INFO - There are 34 files in /home/lafuente/airflowAPI/airflow_pipeline/dags
[2024-03-11 22:26:40,344] {manager.py:809} INFO - 
================================================================================
DAG File Processing Stats

File Path                                                                                                                   PID    Runtime      # DAGs    # Errors  Last Runtime    Last Run
--------------------------------------------------------------------------------------------------------------------------  -----  ---------  --------  ----------  --------------  -------------------
/home/lafuente/airflowAPI/venv/lib/python3.9/site-packages/airflow/example_dags/example_task_group.py                                                0           0
/home/lafuente/airflowAPI/venv/lib/python3.9/site-packages/airflow/example_dags/tutorial_etl_dag.py                                                  0           0
/home/lafuente/airflowAPI/venv/lib/python3.9/site-packages/airflow/example_dags/example_complex.py                                                   0           0
/home/lafuente/airflowAPI/venv/lib/python3.9/site-packages/airflow/example_dags/example_task_group_decorator.py                                      0           0
/home/lafuente/airflowAPI/venv/lib/python3.9/site-packages/airflow/example_dags/tutorial_taskflow_api_etl.py                                         0           0
/home/lafuente/airflowAPI/venv/lib/python3.9/site-packages/airflow/example_dags/example_branch_operator.py                                           0           0
/home/lafuente/airflowAPI/venv/lib/python3.9/site-packages/airflow/example_dags/example_bash_operator.py                                             0           0
/home/lafuente/airflowAPI/venv/lib/python3.9/site-packages/airflow/example_dags/example_trigger_controller_dag.py                                    0           0
/home/lafuente/airflowAPI/venv/lib/python3.9/site-packages/airflow/example_dags/example_xcom.py                                                      0           0
/home/lafuente/airflowAPI/venv/lib/python3.9/site-packages/airflow/example_dags/example_branch_datetime_operator.py                                  0           0
/home/lafuente/airflowAPI/venv/lib/python3.9/site-packages/airflow/example_dags/example_subdag_operator.py                                           0           0
/home/lafuente/airflowAPI/venv/lib/python3.9/site-packages/airflow/example_dags/example_xcomargs.py                                                  0           0
/home/lafuente/airflowAPI/venv/lib/python3.9/site-packages/airflow/example_dags/example_time_delta_sensor_async.py                                   0           0
/home/lafuente/airflowAPI/venv/lib/python3.9/site-packages/airflow/example_dags/example_latest_only.py                                               0           0
/home/lafuente/airflowAPI/venv/lib/python3.9/site-packages/airflow/example_dags/tutorial_taskflow_api_etl_virtualenv.py                              0           0
/home/lafuente/airflowAPI/venv/lib/python3.9/site-packages/airflow/example_dags/tutorial.py                                                          0           0
/home/lafuente/airflowAPI/venv/lib/python3.9/site-packages/airflow/example_dags/example_skip_dag.py                                                  0           0
/home/lafuente/airflowAPI/venv/lib/python3.9/site-packages/airflow/example_dags/example_branch_python_dop_operator_3.py                              0           0
/home/lafuente/airflowAPI/venv/lib/python3.9/site-packages/airflow/example_dags/example_short_circuit_operator.py                                    0           0
/home/lafuente/airflowAPI/venv/lib/python3.9/site-packages/airflow/example_dags/example_branch_labels.py                                             0           0
/home/lafuente/airflowAPI/venv/lib/python3.9/site-packages/airflow/example_dags/example_dag_decorator.py                                             0           0
/home/lafuente/airflowAPI/venv/lib/python3.9/site-packages/airflow/example_dags/example_passing_params_via_test_command.py                           0           0
/home/lafuente/airflowAPI/venv/lib/python3.9/site-packages/airflow/example_dags/example_python_operator.py                                           0           0
/home/lafuente/airflowAPI/venv/lib/python3.9/site-packages/airflow/example_dags/example_kubernetes_executor.py                                       0           0
/home/lafuente/airflowAPI/venv/lib/python3.9/site-packages/airflow/example_dags/example_sla_dag.py                                                   0           0
/home/lafuente/airflowAPI/venv/lib/python3.9/site-packages/airflow/example_dags/example_branch_day_of_week_operator.py                               0           0
/home/lafuente/airflowAPI/venv/lib/python3.9/site-packages/airflow/example_dags/example_nested_branch_dag.py                                         0           0
/home/lafuente/airflowAPI/venv/lib/python3.9/site-packages/airflow/example_dags/example_local_kubernetes_executor.py                                 0           0
/home/lafuente/airflowAPI/venv/lib/python3.9/site-packages/airflow/example_dags/example_branch_operator_decorator.py                                 0           0
/home/lafuente/airflowAPI/venv/lib/python3.9/site-packages/airflow/example_dags/example_latest_only_with_trigger.py                                  0           0
/home/lafuente/airflowAPI/venv/lib/python3.9/site-packages/airflow/example_dags/example_trigger_target_dag.py                                        0           0
/home/lafuente/airflowAPI/venv/lib/python3.9/site-packages/airflow/example_dags/example_external_task_marker_dag.py                                  0           0
/home/lafuente/airflowAPI/venv/lib/python3.9/site-packages/airflow/example_dags/subdags/subdag.py                                                    0           0  0.12s           2024-03-12T01:26:40
/home/lafuente/airflowAPI/venv/lib/python3.9/site-packages/airflow/example_dags/plugins/workday.py                                                   0           0
================================================================================
[2024-03-11 22:27:10,717] {manager.py:809} INFO - 
================================================================================
DAG File Processing Stats

File Path                                                                                                                   PID    Runtime      # DAGs    # Errors  Last Runtime    Last Run
--------------------------------------------------------------------------------------------------------------------------  -----  ---------  --------  ----------  --------------  -------------------
/home/lafuente/airflowAPI/venv/lib/python3.9/site-packages/airflow/example_dags/example_complex.py                                                   0           0
/home/lafuente/airflowAPI/venv/lib/python3.9/site-packages/airflow/example_dags/example_branch_operator.py                                           0           0
/home/lafuente/airflowAPI/venv/lib/python3.9/site-packages/airflow/example_dags/example_bash_operator.py                                             0           0
/home/lafuente/airflowAPI/venv/lib/python3.9/site-packages/airflow/example_dags/example_branch_datetime_operator.py                                  0           0
/home/lafuente/airflowAPI/venv/lib/python3.9/site-packages/airflow/example_dags/tutorial_taskflow_api_etl_virtualenv.py                              0           0  1.29s           2024-03-12T01:26:53
/home/lafuente/airflowAPI/venv/lib/python3.9/site-packages/airflow/example_dags/example_branch_python_dop_operator_3.py                              0           0
/home/lafuente/airflowAPI/venv/lib/python3.9/site-packages/airflow/example_dags/example_branch_labels.py                                             0           0
/home/lafuente/airflowAPI/venv/lib/python3.9/site-packages/airflow/example_dags/example_dag_decorator.py                                             0           0
/home/lafuente/airflowAPI/venv/lib/python3.9/site-packages/airflow/example_dags/example_passing_params_via_test_command.py                           0           0
/home/lafuente/airflowAPI/venv/lib/python3.9/site-packages/airflow/example_dags/example_python_operator.py                                           0           0
/home/lafuente/airflowAPI/venv/lib/python3.9/site-packages/airflow/example_dags/example_kubernetes_executor.py                                       0           0
/home/lafuente/airflowAPI/venv/lib/python3.9/site-packages/airflow/example_dags/example_sla_dag.py                                                   0           0
/home/lafuente/airflowAPI/venv/lib/python3.9/site-packages/airflow/example_dags/example_branch_day_of_week_operator.py                               0           0
/home/lafuente/airflowAPI/venv/lib/python3.9/site-packages/airflow/example_dags/example_nested_branch_dag.py                                         0           0
/home/lafuente/airflowAPI/venv/lib/python3.9/site-packages/airflow/example_dags/example_local_kubernetes_executor.py                                 0           0
/home/lafuente/airflowAPI/venv/lib/python3.9/site-packages/airflow/example_dags/example_branch_operator_decorator.py                                 0           0
/home/lafuente/airflowAPI/venv/lib/python3.9/site-packages/airflow/example_dags/example_latest_only_with_trigger.py                                  0           0
/home/lafuente/airflowAPI/venv/lib/python3.9/site-packages/airflow/example_dags/example_external_task_marker_dag.py                                  0           0
/home/lafuente/airflowAPI/venv/lib/python3.9/site-packages/airflow/example_dags/subdags/subdag.py                                                    0           0  0.12s           2024-03-12T01:26:40
/home/lafuente/airflowAPI/venv/lib/python3.9/site-packages/airflow/example_dags/plugins/workday.py                                                   0           0  0.11s           2024-03-12T01:26:41
/home/lafuente/airflowAPI/venv/lib/python3.9/site-packages/airflow/example_dags/example_task_group.py                                                1           0  1.66s           2024-03-12T01:27:00
/home/lafuente/airflowAPI/venv/lib/python3.9/site-packages/airflow/example_dags/tutorial_etl_dag.py                                                  1           0  1.73s           2024-03-12T01:26:44
/home/lafuente/airflowAPI/venv/lib/python3.9/site-packages/airflow/example_dags/example_task_group_decorator.py                                      1           0  0.71s           2024-03-12T01:27:02
/home/lafuente/airflowAPI/venv/lib/python3.9/site-packages/airflow/example_dags/tutorial_taskflow_api_etl.py                                         1           0  1.86s           2024-03-12T01:26:46
/home/lafuente/airflowAPI/venv/lib/python3.9/site-packages/airflow/example_dags/example_trigger_controller_dag.py                                    1           0  0.31s           2024-03-12T01:27:03
/home/lafuente/airflowAPI/venv/lib/python3.9/site-packages/airflow/example_dags/example_xcom.py                                                      1           0  1.15s           2024-03-12T01:26:49
/home/lafuente/airflowAPI/venv/lib/python3.9/site-packages/airflow/example_dags/example_time_delta_sensor_async.py                                   1           0  0.62s           2024-03-12T01:27:06
/home/lafuente/airflowAPI/venv/lib/python3.9/site-packages/airflow/example_dags/example_latest_only.py                                               1           0  0.51s           2024-03-12T01:27:07
/home/lafuente/airflowAPI/venv/lib/python3.9/site-packages/airflow/example_dags/tutorial.py                                                          1           0  0.74s           2024-03-12T01:26:55
/home/lafuente/airflowAPI/venv/lib/python3.9/site-packages/airflow/example_dags/example_skip_dag.py                                                  1           0  0.31s           2024-03-12T01:27:09
/home/lafuente/airflowAPI/venv/lib/python3.9/site-packages/airflow/example_dags/example_short_circuit_operator.py                                    1           0  0.41s           2024-03-12T01:27:10
/home/lafuente/airflowAPI/venv/lib/python3.9/site-packages/airflow/example_dags/example_trigger_target_dag.py                                        1           0  1.13s           2024-03-12T01:26:57
/home/lafuente/airflowAPI/venv/lib/python3.9/site-packages/airflow/example_dags/example_xcomargs.py                                                  2           0  1.42s           2024-03-12T01:26:51
/home/lafuente/airflowAPI/venv/lib/python3.9/site-packages/airflow/example_dags/example_subdag_operator.py                                           3           0  0.51s           2024-03-12T01:27:05
================================================================================
[2024-03-11 22:27:41,445] {manager.py:809} INFO - 
================================================================================
DAG File Processing Stats

File Path                                                                                                                   PID    Runtime      # DAGs    # Errors  Last Runtime    Last Run
--------------------------------------------------------------------------------------------------------------------------  -----  ---------  --------  ----------  --------------  -------------------
/home/lafuente/airflowAPI/venv/lib/python3.9/site-packages/airflow/example_dags/tutorial_taskflow_api_etl_virtualenv.py                              0           0  1.29s           2024-03-12T01:26:53
/home/lafuente/airflowAPI/venv/lib/python3.9/site-packages/airflow/example_dags/example_kubernetes_executor.py                                       0           0  0.11s           2024-03-12T01:27:14
/home/lafuente/airflowAPI/venv/lib/python3.9/site-packages/airflow/example_dags/example_local_kubernetes_executor.py                                 0           0  0.11s           2024-03-12T01:27:18
/home/lafuente/airflowAPI/venv/lib/python3.9/site-packages/airflow/example_dags/subdags/subdag.py                                                    0           0  0.11s           2024-03-12T01:27:37
/home/lafuente/airflowAPI/venv/lib/python3.9/site-packages/airflow/example_dags/plugins/workday.py                                                   0           0  0.11s           2024-03-12T01:27:38
/home/lafuente/airflowAPI/venv/lib/python3.9/site-packages/airflow/example_dags/example_task_group.py                                                1           0  1.66s           2024-03-12T01:27:00
/home/lafuente/airflowAPI/venv/lib/python3.9/site-packages/airflow/example_dags/tutorial_etl_dag.py                                                  1           0  0.21s           2024-03-12T01:27:40
/home/lafuente/airflowAPI/venv/lib/python3.9/site-packages/airflow/example_dags/example_complex.py                                                   1           0  0.51s           2024-03-12T01:27:21
/home/lafuente/airflowAPI/venv/lib/python3.9/site-packages/airflow/example_dags/example_task_group_decorator.py                                      1           0  0.71s           2024-03-12T01:27:02
/home/lafuente/airflowAPI/venv/lib/python3.9/site-packages/airflow/example_dags/tutorial_taskflow_api_etl.py                                         1           0  0.21s           2024-03-12T01:27:41
/home/lafuente/airflowAPI/venv/lib/python3.9/site-packages/airflow/example_dags/example_branch_operator.py                                           1           0  0.41s           2024-03-12T01:27:22
/home/lafuente/airflowAPI/venv/lib/python3.9/site-packages/airflow/example_dags/example_bash_operator.py                                             1           0  0.41s           2024-03-12T01:27:23
/home/lafuente/airflowAPI/venv/lib/python3.9/site-packages/airflow/example_dags/example_trigger_controller_dag.py                                    1           0  0.31s           2024-03-12T01:27:03
/home/lafuente/airflowAPI/venv/lib/python3.9/site-packages/airflow/example_dags/example_xcom.py                                                      1           0  1.15s           2024-03-12T01:26:49
/home/lafuente/airflowAPI/venv/lib/python3.9/site-packages/airflow/example_dags/example_branch_datetime_operator.py                                  1           0  0.41s           2024-03-12T01:27:24
/home/lafuente/airflowAPI/venv/lib/python3.9/site-packages/airflow/example_dags/example_time_delta_sensor_async.py                                   1           0  0.62s           2024-03-12T01:27:06
/home/lafuente/airflowAPI/venv/lib/python3.9/site-packages/airflow/example_dags/example_latest_only.py                                               1           0  0.51s           2024-03-12T01:27:07
/home/lafuente/airflowAPI/venv/lib/python3.9/site-packages/airflow/example_dags/tutorial.py                                                          1           0  0.74s           2024-03-12T01:26:55
/home/lafuente/airflowAPI/venv/lib/python3.9/site-packages/airflow/example_dags/example_skip_dag.py                                                  1           0  0.31s           2024-03-12T01:27:09
/home/lafuente/airflowAPI/venv/lib/python3.9/site-packages/airflow/example_dags/example_branch_python_dop_operator_3.py                              1           0  0.41s           2024-03-12T01:27:26
/home/lafuente/airflowAPI/venv/lib/python3.9/site-packages/airflow/example_dags/example_short_circuit_operator.py                                    1           0  0.41s           2024-03-12T01:27:10
/home/lafuente/airflowAPI/venv/lib/python3.9/site-packages/airflow/example_dags/example_branch_labels.py                                             1           0  1.34s           2024-03-12T01:27:28
/home/lafuente/airflowAPI/venv/lib/python3.9/site-packages/airflow/example_dags/example_dag_decorator.py                                             1           0  0.41s           2024-03-12T01:27:30
/home/lafuente/airflowAPI/venv/lib/python3.9/site-packages/airflow/example_dags/example_passing_params_via_test_command.py                           1           0  0.41s           2024-03-12T01:27:11
/home/lafuente/airflowAPI/venv/lib/python3.9/site-packages/airflow/example_dags/example_python_operator.py                                           1           0  0.41s           2024-03-12T01:27:12
/home/lafuente/airflowAPI/venv/lib/python3.9/site-packages/airflow/example_dags/example_sla_dag.py                                                   1           0  0.41s           2024-03-12T01:27:15
/home/lafuente/airflowAPI/venv/lib/python3.9/site-packages/airflow/example_dags/example_branch_day_of_week_operator.py                               1           0  1.42s           2024-03-12T01:27:32
/home/lafuente/airflowAPI/venv/lib/python3.9/site-packages/airflow/example_dags/example_nested_branch_dag.py                                         1           0  0.32s           2024-03-12T01:27:16
/home/lafuente/airflowAPI/venv/lib/python3.9/site-packages/airflow/example_dags/example_branch_operator_decorator.py                                 1           0  0.73s           2024-03-12T01:27:34
/home/lafuente/airflowAPI/venv/lib/python3.9/site-packages/airflow/example_dags/example_latest_only_with_trigger.py                                  1           0  0.51s           2024-03-12T01:27:19
/home/lafuente/airflowAPI/venv/lib/python3.9/site-packages/airflow/example_dags/example_trigger_target_dag.py                                        1           0  1.13s           2024-03-12T01:26:57
/home/lafuente/airflowAPI/venv/lib/python3.9/site-packages/airflow/example_dags/example_xcomargs.py                                                  2           0  1.42s           2024-03-12T01:26:51
/home/lafuente/airflowAPI/venv/lib/python3.9/site-packages/airflow/example_dags/example_external_task_marker_dag.py                                  2           0  0.71s           2024-03-12T01:27:36
/home/lafuente/airflowAPI/venv/lib/python3.9/site-packages/airflow/example_dags/example_subdag_operator.py                                           3           0  0.51s           2024-03-12T01:27:05
================================================================================
[2024-03-11 22:28:11,901] {manager.py:809} INFO - 
================================================================================
DAG File Processing Stats

File Path                                                                                                                   PID    Runtime      # DAGs    # Errors  Last Runtime    Last Run
--------------------------------------------------------------------------------------------------------------------------  -----  ---------  --------  ----------  --------------  -------------------
/home/lafuente/airflowAPI/venv/lib/python3.9/site-packages/airflow/example_dags/tutorial_taskflow_api_etl_virtualenv.py                              0           0  0.20s           2024-03-12T01:27:45
/home/lafuente/airflowAPI/venv/lib/python3.9/site-packages/airflow/example_dags/example_kubernetes_executor.py                                       0           0  0.10s           2024-03-12T01:28:00
/home/lafuente/airflowAPI/venv/lib/python3.9/site-packages/airflow/example_dags/example_local_kubernetes_executor.py                                 0           0  0.21s           2024-03-12T01:28:04
/home/lafuente/airflowAPI/venv/lib/python3.9/site-packages/airflow/example_dags/subdags/subdag.py                                                    0           0  0.11s           2024-03-12T01:28:11
/home/lafuente/airflowAPI/venv/lib/python3.9/site-packages/airflow/example_dags/plugins/workday.py                                                   0           0  0.11s           2024-03-12T01:27:38
/home/lafuente/airflowAPI/venv/lib/python3.9/site-packages/airflow/example_dags/example_task_group.py                                                1           0  0.31s           2024-03-12T01:27:49
/home/lafuente/airflowAPI/venv/lib/python3.9/site-packages/airflow/example_dags/tutorial_etl_dag.py                                                  1           0  0.21s           2024-03-12T01:27:40
/home/lafuente/airflowAPI/venv/lib/python3.9/site-packages/airflow/example_dags/example_complex.py                                                   1           0  0.31s           2024-03-12T01:28:06
/home/lafuente/airflowAPI/venv/lib/python3.9/site-packages/airflow/example_dags/example_task_group_decorator.py                                      1           0  0.44s           2024-03-12T01:27:50
/home/lafuente/airflowAPI/venv/lib/python3.9/site-packages/airflow/example_dags/tutorial_taskflow_api_etl.py                                         1           0  0.21s           2024-03-12T01:27:41
/home/lafuente/airflowAPI/venv/lib/python3.9/site-packages/airflow/example_dags/example_branch_operator.py                                           1           0  0.31s           2024-03-12T01:28:08
/home/lafuente/airflowAPI/venv/lib/python3.9/site-packages/airflow/example_dags/example_bash_operator.py                                             1           0  0.21s           2024-03-12T01:28:09
/home/lafuente/airflowAPI/venv/lib/python3.9/site-packages/airflow/example_dags/example_trigger_controller_dag.py                                    1           0  0.21s           2024-03-12T01:27:52
/home/lafuente/airflowAPI/venv/lib/python3.9/site-packages/airflow/example_dags/example_xcom.py                                                      1           0  0.21s           2024-03-12T01:27:42
/home/lafuente/airflowAPI/venv/lib/python3.9/site-packages/airflow/example_dags/example_branch_datetime_operator.py                                  1           0  0.21s           2024-03-12T01:28:10
/home/lafuente/airflowAPI/venv/lib/python3.9/site-packages/airflow/example_dags/example_time_delta_sensor_async.py                                   1           0  0.44s           2024-03-12T01:27:54
/home/lafuente/airflowAPI/venv/lib/python3.9/site-packages/airflow/example_dags/example_latest_only.py                                               1           0  0.21s           2024-03-12T01:27:55
/home/lafuente/airflowAPI/venv/lib/python3.9/site-packages/airflow/example_dags/tutorial.py                                                          1           0  0.31s           2024-03-12T01:27:45
/home/lafuente/airflowAPI/venv/lib/python3.9/site-packages/airflow/example_dags/example_skip_dag.py                                                  1           0  0.21s           2024-03-12T01:27:56
/home/lafuente/airflowAPI/venv/lib/python3.9/site-packages/airflow/example_dags/example_branch_python_dop_operator_3.py                              1           0  0.41s           2024-03-12T01:27:26
/home/lafuente/airflowAPI/venv/lib/python3.9/site-packages/airflow/example_dags/example_short_circuit_operator.py                                    1           0  0.21s           2024-03-12T01:27:56
/home/lafuente/airflowAPI/venv/lib/python3.9/site-packages/airflow/example_dags/example_branch_labels.py                                             1           0  1.34s           2024-03-12T01:27:28
/home/lafuente/airflowAPI/venv/lib/python3.9/site-packages/airflow/example_dags/example_dag_decorator.py                                             1           0  0.41s           2024-03-12T01:27:30
/home/lafuente/airflowAPI/venv/lib/python3.9/site-packages/airflow/example_dags/example_passing_params_via_test_command.py                           1           0  0.20s           2024-03-12T01:27:57
/home/lafuente/airflowAPI/venv/lib/python3.9/site-packages/airflow/example_dags/example_python_operator.py                                           1           0  0.51s           2024-03-12T01:27:59
/home/lafuente/airflowAPI/venv/lib/python3.9/site-packages/airflow/example_dags/example_sla_dag.py                                                   1           0  0.21s           2024-03-12T01:28:01
/home/lafuente/airflowAPI/venv/lib/python3.9/site-packages/airflow/example_dags/example_branch_day_of_week_operator.py                               1           0  1.42s           2024-03-12T01:27:32
/home/lafuente/airflowAPI/venv/lib/python3.9/site-packages/airflow/example_dags/example_nested_branch_dag.py                                         1           0  0.31s           2024-03-12T01:28:02
/home/lafuente/airflowAPI/venv/lib/python3.9/site-packages/airflow/example_dags/example_branch_operator_decorator.py                                 1           0  0.73s           2024-03-12T01:27:34
/home/lafuente/airflowAPI/venv/lib/python3.9/site-packages/airflow/example_dags/example_latest_only_with_trigger.py                                  1           0  0.41s           2024-03-12T01:28:05
/home/lafuente/airflowAPI/venv/lib/python3.9/site-packages/airflow/example_dags/example_trigger_target_dag.py                                        1           0  1.20s           2024-03-12T01:27:47
/home/lafuente/airflowAPI/venv/lib/python3.9/site-packages/airflow/example_dags/example_xcomargs.py                                                  2           0  0.31s           2024-03-12T01:27:44
/home/lafuente/airflowAPI/venv/lib/python3.9/site-packages/airflow/example_dags/example_external_task_marker_dag.py                                  2           0  0.71s           2024-03-12T01:27:36
/home/lafuente/airflowAPI/venv/lib/python3.9/site-packages/airflow/example_dags/example_subdag_operator.py                                           3           0  0.21s           2024-03-12T01:27:53
================================================================================
[2024-03-11 22:28:42,672] {manager.py:809} INFO - 
================================================================================
DAG File Processing Stats

File Path                                                                                                                   PID    Runtime      # DAGs    # Errors  Last Runtime    Last Run
--------------------------------------------------------------------------------------------------------------------------  -----  ---------  --------  ----------  --------------  -------------------
/home/lafuente/airflowAPI/venv/lib/python3.9/site-packages/airflow/example_dags/tutorial_taskflow_api_etl_virtualenv.py                              0           0  0.21s           2024-03-12T01:28:27
/home/lafuente/airflowAPI/venv/lib/python3.9/site-packages/airflow/example_dags/example_kubernetes_executor.py                                       0           0  0.10s           2024-03-12T01:28:00
/home/lafuente/airflowAPI/venv/lib/python3.9/site-packages/airflow/example_dags/example_local_kubernetes_executor.py                                 0           0  0.21s           2024-03-12T01:28:04
/home/lafuente/airflowAPI/venv/lib/python3.9/site-packages/airflow/example_dags/subdags/subdag.py                                                    0           0  0.11s           2024-03-12T01:28:11
/home/lafuente/airflowAPI/venv/lib/python3.9/site-packages/airflow/example_dags/plugins/workday.py                                                   0           0  0.11s           2024-03-12T01:28:13
/home/lafuente/airflowAPI/venv/lib/python3.9/site-packages/airflow/example_dags/example_task_group.py                                                1           0  0.21s           2024-03-12T01:28:30
/home/lafuente/airflowAPI/venv/lib/python3.9/site-packages/airflow/example_dags/tutorial_etl_dag.py                                                  1           0  0.31s           2024-03-12T01:28:14
/home/lafuente/airflowAPI/venv/lib/python3.9/site-packages/airflow/example_dags/example_complex.py                                                   1           0  0.31s           2024-03-12T01:28:06
/home/lafuente/airflowAPI/venv/lib/python3.9/site-packages/airflow/example_dags/example_task_group_decorator.py                                      1           0  0.21s           2024-03-12T01:28:31
/home/lafuente/airflowAPI/venv/lib/python3.9/site-packages/airflow/example_dags/tutorial_taskflow_api_etl.py                                         1           0  0.31s           2024-03-12T01:28:15
/home/lafuente/airflowAPI/venv/lib/python3.9/site-packages/airflow/example_dags/example_branch_operator.py                                           1           0  0.31s           2024-03-12T01:28:08
/home/lafuente/airflowAPI/venv/lib/python3.9/site-packages/airflow/example_dags/example_bash_operator.py                                             1           0  0.21s           2024-03-12T01:28:09
/home/lafuente/airflowAPI/venv/lib/python3.9/site-packages/airflow/example_dags/example_trigger_controller_dag.py                                    1           0  0.21s           2024-03-12T01:28:33
/home/lafuente/airflowAPI/venv/lib/python3.9/site-packages/airflow/example_dags/example_xcom.py                                                      1           0  0.31s           2024-03-12T01:28:25
/home/lafuente/airflowAPI/venv/lib/python3.9/site-packages/airflow/example_dags/example_branch_datetime_operator.py                                  1           0  0.21s           2024-03-12T01:28:10
/home/lafuente/airflowAPI/venv/lib/python3.9/site-packages/airflow/example_dags/example_time_delta_sensor_async.py                                   1           0  0.21s           2024-03-12T01:28:36
/home/lafuente/airflowAPI/venv/lib/python3.9/site-packages/airflow/example_dags/example_latest_only.py                                               1           0  0.21s           2024-03-12T01:28:37
/home/lafuente/airflowAPI/venv/lib/python3.9/site-packages/airflow/example_dags/tutorial.py                                                          1           0  0.20s           2024-03-12T01:28:27
/home/lafuente/airflowAPI/venv/lib/python3.9/site-packages/airflow/example_dags/example_skip_dag.py                                                  1           0  0.21s           2024-03-12T01:28:38
/home/lafuente/airflowAPI/venv/lib/python3.9/site-packages/airflow/example_dags/example_branch_python_dop_operator_3.py                              1           0  0.21s           2024-03-12T01:28:17
/home/lafuente/airflowAPI/venv/lib/python3.9/site-packages/airflow/example_dags/example_short_circuit_operator.py                                    1           0  0.41s           2024-03-12T01:28:39
/home/lafuente/airflowAPI/venv/lib/python3.9/site-packages/airflow/example_dags/example_branch_labels.py                                             1           0  0.31s           2024-03-12T01:28:18
/home/lafuente/airflowAPI/venv/lib/python3.9/site-packages/airflow/example_dags/example_dag_decorator.py                                             1           0  1.02s           2024-03-12T01:28:20
/home/lafuente/airflowAPI/venv/lib/python3.9/site-packages/airflow/example_dags/example_passing_params_via_test_command.py                           1           0  0.31s           2024-03-12T01:28:41
/home/lafuente/airflowAPI/venv/lib/python3.9/site-packages/airflow/example_dags/example_python_operator.py                                           1           0  0.42s           2024-03-12T01:28:42
/home/lafuente/airflowAPI/venv/lib/python3.9/site-packages/airflow/example_dags/example_sla_dag.py                                                   1           0  0.21s           2024-03-12T01:28:01
/home/lafuente/airflowAPI/venv/lib/python3.9/site-packages/airflow/example_dags/example_branch_day_of_week_operator.py                               1           0  0.22s           2024-03-12T01:28:22
/home/lafuente/airflowAPI/venv/lib/python3.9/site-packages/airflow/example_dags/example_nested_branch_dag.py                                         1           0  0.31s           2024-03-12T01:28:02
/home/lafuente/airflowAPI/venv/lib/python3.9/site-packages/airflow/example_dags/example_branch_operator_decorator.py                                 1           0  0.21s           2024-03-12T01:28:22
/home/lafuente/airflowAPI/venv/lib/python3.9/site-packages/airflow/example_dags/example_latest_only_with_trigger.py                                  1           0  0.41s           2024-03-12T01:28:05
/home/lafuente/airflowAPI/venv/lib/python3.9/site-packages/airflow/example_dags/example_trigger_target_dag.py                                        1           0  0.51s           2024-03-12T01:28:29
/home/lafuente/airflowAPI/venv/lib/python3.9/site-packages/airflow/example_dags/example_xcomargs.py                                                  2           0  0.21s           2024-03-12T01:28:26
/home/lafuente/airflowAPI/venv/lib/python3.9/site-packages/airflow/example_dags/example_external_task_marker_dag.py                                  2           0  0.31s           2024-03-12T01:28:23
/home/lafuente/airflowAPI/venv/lib/python3.9/site-packages/airflow/example_dags/example_subdag_operator.py                                           3           0  0.84s           2024-03-12T01:28:34
================================================================================
[2024-03-11 22:29:13,297] {manager.py:809} INFO - 
================================================================================
DAG File Processing Stats

File Path                                                                                                                   PID    Runtime      # DAGs    # Errors  Last Runtime    Last Run
--------------------------------------------------------------------------------------------------------------------------  -----  ---------  --------  ----------  --------------  -------------------
/home/lafuente/airflowAPI/venv/lib/python3.9/site-packages/airflow/example_dags/tutorial_taskflow_api_etl_virtualenv.py                              0           0  0.20s           2024-03-12T01:29:03
/home/lafuente/airflowAPI/venv/lib/python3.9/site-packages/airflow/example_dags/example_kubernetes_executor.py                                       0           0  0.10s           2024-03-12T01:28:43
/home/lafuente/airflowAPI/venv/lib/python3.9/site-packages/airflow/example_dags/example_local_kubernetes_executor.py                                 0           0  0.10s           2024-03-12T01:28:46
/home/lafuente/airflowAPI/venv/lib/python3.9/site-packages/airflow/example_dags/subdags/subdag.py                                                    0           0  0.21s           2024-03-12T01:28:50
/home/lafuente/airflowAPI/venv/lib/python3.9/site-packages/airflow/example_dags/plugins/workday.py                                                   0           0  0.11s           2024-03-12T01:28:51
/home/lafuente/airflowAPI/venv/lib/python3.9/site-packages/airflow/example_dags/example_task_group.py                                                1           0  0.21s           2024-03-12T01:29:12
/home/lafuente/airflowAPI/venv/lib/python3.9/site-packages/airflow/example_dags/tutorial_etl_dag.py                                                  1           0  0.21s           2024-03-12T01:28:52
/home/lafuente/airflowAPI/venv/lib/python3.9/site-packages/airflow/example_dags/example_complex.py                                                   1           0  0.21s           2024-03-12T01:28:48
/home/lafuente/airflowAPI/venv/lib/python3.9/site-packages/airflow/example_dags/example_task_group_decorator.py                                      1           0  0.31s           2024-03-12T01:29:13
/home/lafuente/airflowAPI/venv/lib/python3.9/site-packages/airflow/example_dags/tutorial_taskflow_api_etl.py                                         1           0  0.31s           2024-03-12T01:28:53
/home/lafuente/airflowAPI/venv/lib/python3.9/site-packages/airflow/example_dags/example_branch_operator.py                                           1           0  0.21s           2024-03-12T01:28:55
/home/lafuente/airflowAPI/venv/lib/python3.9/site-packages/airflow/example_dags/example_bash_operator.py                                             1           0  0.21s           2024-03-12T01:28:56
/home/lafuente/airflowAPI/venv/lib/python3.9/site-packages/airflow/example_dags/example_trigger_controller_dag.py                                    1           0  0.21s           2024-03-12T01:28:33
/home/lafuente/airflowAPI/venv/lib/python3.9/site-packages/airflow/example_dags/example_xcom.py                                                      1           0  0.31s           2024-03-12T01:29:00
/home/lafuente/airflowAPI/venv/lib/python3.9/site-packages/airflow/example_dags/example_branch_datetime_operator.py                                  1           0  0.21s           2024-03-12T01:28:56
/home/lafuente/airflowAPI/venv/lib/python3.9/site-packages/airflow/example_dags/example_time_delta_sensor_async.py                                   1           0  0.21s           2024-03-12T01:28:36
/home/lafuente/airflowAPI/venv/lib/python3.9/site-packages/airflow/example_dags/example_latest_only.py                                               1           0  0.21s           2024-03-12T01:28:37
/home/lafuente/airflowAPI/venv/lib/python3.9/site-packages/airflow/example_dags/tutorial.py                                                          1           0  0.21s           2024-03-12T01:29:04
/home/lafuente/airflowAPI/venv/lib/python3.9/site-packages/airflow/example_dags/example_skip_dag.py                                                  1           0  0.21s           2024-03-12T01:28:38
/home/lafuente/airflowAPI/venv/lib/python3.9/site-packages/airflow/example_dags/example_branch_python_dop_operator_3.py                              1           0  0.21s           2024-03-12T01:28:57
/home/lafuente/airflowAPI/venv/lib/python3.9/site-packages/airflow/example_dags/example_short_circuit_operator.py                                    1           0  0.41s           2024-03-12T01:28:39
/home/lafuente/airflowAPI/venv/lib/python3.9/site-packages/airflow/example_dags/example_branch_labels.py                                             1           0  0.21s           2024-03-12T01:28:59
/home/lafuente/airflowAPI/venv/lib/python3.9/site-packages/airflow/example_dags/example_dag_decorator.py                                             1           0  0.31s           2024-03-12T01:29:06
/home/lafuente/airflowAPI/venv/lib/python3.9/site-packages/airflow/example_dags/example_passing_params_via_test_command.py                           1           0  0.31s           2024-03-12T01:28:41
/home/lafuente/airflowAPI/venv/lib/python3.9/site-packages/airflow/example_dags/example_python_operator.py                                           1           0  0.42s           2024-03-12T01:28:42
/home/lafuente/airflowAPI/venv/lib/python3.9/site-packages/airflow/example_dags/example_sla_dag.py                                                   1           0  0.21s           2024-03-12T01:28:44
/home/lafuente/airflowAPI/venv/lib/python3.9/site-packages/airflow/example_dags/example_branch_day_of_week_operator.py                               1           0  0.53s           2024-03-12T01:29:08
/home/lafuente/airflowAPI/venv/lib/python3.9/site-packages/airflow/example_dags/example_nested_branch_dag.py                                         1           0  0.31s           2024-03-12T01:28:46
/home/lafuente/airflowAPI/venv/lib/python3.9/site-packages/airflow/example_dags/example_branch_operator_decorator.py                                 1           0  0.21s           2024-03-12T01:29:09
/home/lafuente/airflowAPI/venv/lib/python3.9/site-packages/airflow/example_dags/example_latest_only_with_trigger.py                                  1           0  0.32s           2024-03-12T01:28:47
/home/lafuente/airflowAPI/venv/lib/python3.9/site-packages/airflow/example_dags/example_trigger_target_dag.py                                        1           0  0.21s           2024-03-12T01:29:05
/home/lafuente/airflowAPI/venv/lib/python3.9/site-packages/airflow/example_dags/example_xcomargs.py                                                  2           0  0.21s           2024-03-12T01:29:01
/home/lafuente/airflowAPI/venv/lib/python3.9/site-packages/airflow/example_dags/example_external_task_marker_dag.py                                  2           0  0.21s           2024-03-12T01:29:10
/home/lafuente/airflowAPI/venv/lib/python3.9/site-packages/airflow/example_dags/example_subdag_operator.py                                           3           0  0.84s           2024-03-12T01:28:34
================================================================================
[2024-03-11 22:29:43,812] {manager.py:809} INFO - 
================================================================================
DAG File Processing Stats

File Path                                                                                                                   PID    Runtime      # DAGs    # Errors  Last Runtime    Last Run
--------------------------------------------------------------------------------------------------------------------------  -----  ---------  --------  ----------  --------------  -------------------
/home/lafuente/airflowAPI/venv/lib/python3.9/site-packages/airflow/example_dags/tutorial_taskflow_api_etl_virtualenv.py                              0           0  0.21s           2024-03-12T01:29:42
/home/lafuente/airflowAPI/venv/lib/python3.9/site-packages/airflow/example_dags/example_kubernetes_executor.py                                       0           0  0.11s           2024-03-12T01:29:25
/home/lafuente/airflowAPI/venv/lib/python3.9/site-packages/airflow/example_dags/example_local_kubernetes_executor.py                                 0           0  0.21s           2024-03-12T01:29:28
/home/lafuente/airflowAPI/venv/lib/python3.9/site-packages/airflow/example_dags/subdags/subdag.py                                                    0           0  0.11s           2024-03-12T01:29:22
/home/lafuente/airflowAPI/venv/lib/python3.9/site-packages/airflow/example_dags/plugins/workday.py                                                   0           0  0.11s           2024-03-12T01:29:23
/home/lafuente/airflowAPI/venv/lib/python3.9/site-packages/airflow/example_dags/example_task_group.py                                                1           0  0.21s           2024-03-12T01:29:12
/home/lafuente/airflowAPI/venv/lib/python3.9/site-packages/airflow/example_dags/tutorial_etl_dag.py                                                  1           0  0.21s           2024-03-12T01:29:31
/home/lafuente/airflowAPI/venv/lib/python3.9/site-packages/airflow/example_dags/example_complex.py                                                   1           0  0.21s           2024-03-12T01:29:30
/home/lafuente/airflowAPI/venv/lib/python3.9/site-packages/airflow/example_dags/example_task_group_decorator.py                                      1           0  0.31s           2024-03-12T01:29:13
/home/lafuente/airflowAPI/venv/lib/python3.9/site-packages/airflow/example_dags/tutorial_taskflow_api_etl.py                                         1           0  0.51s           2024-03-12T01:29:33
/home/lafuente/airflowAPI/venv/lib/python3.9/site-packages/airflow/example_dags/example_branch_operator.py                                           1           0  0.21s           2024-03-12T01:29:35
/home/lafuente/airflowAPI/venv/lib/python3.9/site-packages/airflow/example_dags/example_bash_operator.py                                             1           0  0.22s           2024-03-12T01:29:37
/home/lafuente/airflowAPI/venv/lib/python3.9/site-packages/airflow/example_dags/example_trigger_controller_dag.py                                    1           0  0.21s           2024-03-12T01:29:14
/home/lafuente/airflowAPI/venv/lib/python3.9/site-packages/airflow/example_dags/example_xcom.py                                                      1           0  0.21s           2024-03-12T01:29:34
/home/lafuente/airflowAPI/venv/lib/python3.9/site-packages/airflow/example_dags/example_branch_datetime_operator.py                                  1           0  0.21s           2024-03-12T01:29:37
/home/lafuente/airflowAPI/venv/lib/python3.9/site-packages/airflow/example_dags/example_time_delta_sensor_async.py                                   1           0  0.21s           2024-03-12T01:29:16
/home/lafuente/airflowAPI/venv/lib/python3.9/site-packages/airflow/example_dags/example_latest_only.py                                               1           0  0.21s           2024-03-12T01:29:17
/home/lafuente/airflowAPI/venv/lib/python3.9/site-packages/airflow/example_dags/tutorial.py                                                          1           0  0.33s           2024-03-12T01:29:43
/home/lafuente/airflowAPI/venv/lib/python3.9/site-packages/airflow/example_dags/example_skip_dag.py                                                  1           0  0.52s           2024-03-12T01:29:18
/home/lafuente/airflowAPI/venv/lib/python3.9/site-packages/airflow/example_dags/example_branch_python_dop_operator_3.py                              1           0  0.21s           2024-03-12T01:29:38
/home/lafuente/airflowAPI/venv/lib/python3.9/site-packages/airflow/example_dags/example_short_circuit_operator.py                                    1           0  0.21s           2024-03-12T01:29:20
/home/lafuente/airflowAPI/venv/lib/python3.9/site-packages/airflow/example_dags/example_branch_labels.py                                             1           0  0.21s           2024-03-12T01:29:40
/home/lafuente/airflowAPI/venv/lib/python3.9/site-packages/airflow/example_dags/example_dag_decorator.py                                             1           0  0.31s           2024-03-12T01:29:06
/home/lafuente/airflowAPI/venv/lib/python3.9/site-packages/airflow/example_dags/example_passing_params_via_test_command.py                           1           0  0.21s           2024-03-12T01:29:21
/home/lafuente/airflowAPI/venv/lib/python3.9/site-packages/airflow/example_dags/example_python_operator.py                                           1           0  0.31s           2024-03-12T01:29:25
/home/lafuente/airflowAPI/venv/lib/python3.9/site-packages/airflow/example_dags/example_sla_dag.py                                                   1           0  0.31s           2024-03-12T01:29:26
/home/lafuente/airflowAPI/venv/lib/python3.9/site-packages/airflow/example_dags/example_branch_day_of_week_operator.py                               1           0  0.53s           2024-03-12T01:29:08
/home/lafuente/airflowAPI/venv/lib/python3.9/site-packages/airflow/example_dags/example_nested_branch_dag.py                                         1           0  0.21s           2024-03-12T01:29:27
/home/lafuente/airflowAPI/venv/lib/python3.9/site-packages/airflow/example_dags/example_branch_operator_decorator.py                                 1           0  0.21s           2024-03-12T01:29:09
/home/lafuente/airflowAPI/venv/lib/python3.9/site-packages/airflow/example_dags/example_latest_only_with_trigger.py                                  1           0  0.31s           2024-03-12T01:29:29
/home/lafuente/airflowAPI/venv/lib/python3.9/site-packages/airflow/example_dags/example_trigger_target_dag.py                                        1           0  0.21s           2024-03-12T01:29:05
/home/lafuente/airflowAPI/venv/lib/python3.9/site-packages/airflow/example_dags/example_xcomargs.py                                                  2           0  0.21s           2024-03-12T01:29:41
/home/lafuente/airflowAPI/venv/lib/python3.9/site-packages/airflow/example_dags/example_external_task_marker_dag.py                                  2           0  0.21s           2024-03-12T01:29:10
/home/lafuente/airflowAPI/venv/lib/python3.9/site-packages/airflow/example_dags/example_subdag_operator.py                                           3           0  0.21s           2024-03-12T01:29:14
================================================================================
