[2024-03-11 22:27:33,506] {processor.py:153} INFO - Started process (PID=17045) to work on /home/lafuente/airflowAPI/venv/lib/python3.9/site-packages/airflow/example_dags/example_branch_operator_decorator.py
[2024-03-11 22:27:33,508] {processor.py:641} INFO - Processing file /home/lafuente/airflowAPI/venv/lib/python3.9/site-packages/airflow/example_dags/example_branch_operator_decorator.py for tasks to queue
[2024-03-11 22:27:33,509] {logging_mixin.py:115} INFO - [2024-03-11 22:27:33,509] {dagbag.py:507} INFO - Filling up the DagBag from /home/lafuente/airflowAPI/venv/lib/python3.9/site-packages/airflow/example_dags/example_branch_operator_decorator.py
[2024-03-11 22:27:33,557] {processor.py:651} INFO - DAG(s) dict_keys(['example_branch_python_operator_decorator']) retrieved from /home/lafuente/airflowAPI/venv/lib/python3.9/site-packages/airflow/example_dags/example_branch_operator_decorator.py
[2024-03-11 22:27:33,819] {logging_mixin.py:115} INFO - [2024-03-11 22:27:33,818] {manager.py:508} INFO - Created Permission View: can edit on DAG:example_branch_python_operator_decorator
[2024-03-11 22:27:33,855] {logging_mixin.py:115} INFO - [2024-03-11 22:27:33,854] {manager.py:508} INFO - Created Permission View: can read on DAG:example_branch_python_operator_decorator
[2024-03-11 22:27:33,893] {logging_mixin.py:115} INFO - [2024-03-11 22:27:33,893] {manager.py:508} INFO - Created Permission View: can delete on DAG:example_branch_python_operator_decorator
[2024-03-11 22:27:33,893] {logging_mixin.py:115} INFO - [2024-03-11 22:27:33,893] {dag.py:2379} INFO - Sync 1 DAGs
[2024-03-11 22:27:33,911] {logging_mixin.py:115} INFO - [2024-03-11 22:27:33,911] {dag.py:2398} INFO - Creating ORM DAG for example_branch_python_operator_decorator
[2024-03-11 22:27:33,951] {logging_mixin.py:115} INFO - [2024-03-11 22:27:33,950] {dag.py:2927} INFO - Setting next_dagrun for example_branch_python_operator_decorator to 2024-03-11T00:00:00+00:00, run_after=2024-03-12T00:00:00+00:00
[2024-03-11 22:27:34,148] {processor.py:161} INFO - Processing /home/lafuente/airflowAPI/venv/lib/python3.9/site-packages/airflow/example_dags/example_branch_operator_decorator.py took 0.648 seconds
[2024-03-11 22:28:22,312] {processor.py:153} INFO - Started process (PID=17557) to work on /home/lafuente/airflowAPI/venv/lib/python3.9/site-packages/airflow/example_dags/example_branch_operator_decorator.py
[2024-03-11 22:28:22,313] {processor.py:641} INFO - Processing file /home/lafuente/airflowAPI/venv/lib/python3.9/site-packages/airflow/example_dags/example_branch_operator_decorator.py for tasks to queue
[2024-03-11 22:28:22,315] {logging_mixin.py:115} INFO - [2024-03-11 22:28:22,314] {dagbag.py:507} INFO - Filling up the DagBag from /home/lafuente/airflowAPI/venv/lib/python3.9/site-packages/airflow/example_dags/example_branch_operator_decorator.py
[2024-03-11 22:28:22,359] {processor.py:651} INFO - DAG(s) dict_keys(['example_branch_python_operator_decorator']) retrieved from /home/lafuente/airflowAPI/venv/lib/python3.9/site-packages/airflow/example_dags/example_branch_operator_decorator.py
[2024-03-11 22:28:22,396] {logging_mixin.py:115} INFO - [2024-03-11 22:28:22,396] {dag.py:2379} INFO - Sync 1 DAGs
[2024-03-11 22:28:22,436] {logging_mixin.py:115} INFO - [2024-03-11 22:28:22,435] {dag.py:2927} INFO - Setting next_dagrun for example_branch_python_operator_decorator to 2024-03-11T00:00:00+00:00, run_after=2024-03-12T00:00:00+00:00
[2024-03-11 22:28:22,467] {processor.py:161} INFO - Processing /home/lafuente/airflowAPI/venv/lib/python3.9/site-packages/airflow/example_dags/example_branch_operator_decorator.py took 0.160 seconds
[2024-03-11 22:29:09,363] {processor.py:153} INFO - Started process (PID=17991) to work on /home/lafuente/airflowAPI/venv/lib/python3.9/site-packages/airflow/example_dags/example_branch_operator_decorator.py
[2024-03-11 22:29:09,365] {processor.py:641} INFO - Processing file /home/lafuente/airflowAPI/venv/lib/python3.9/site-packages/airflow/example_dags/example_branch_operator_decorator.py for tasks to queue
[2024-03-11 22:29:09,366] {logging_mixin.py:115} INFO - [2024-03-11 22:29:09,366] {dagbag.py:507} INFO - Filling up the DagBag from /home/lafuente/airflowAPI/venv/lib/python3.9/site-packages/airflow/example_dags/example_branch_operator_decorator.py
[2024-03-11 22:29:09,412] {processor.py:651} INFO - DAG(s) dict_keys(['example_branch_python_operator_decorator']) retrieved from /home/lafuente/airflowAPI/venv/lib/python3.9/site-packages/airflow/example_dags/example_branch_operator_decorator.py
[2024-03-11 22:29:09,450] {logging_mixin.py:115} INFO - [2024-03-11 22:29:09,449] {dag.py:2379} INFO - Sync 1 DAGs
[2024-03-11 22:29:09,489] {logging_mixin.py:115} INFO - [2024-03-11 22:29:09,488] {dag.py:2927} INFO - Setting next_dagrun for example_branch_python_operator_decorator to 2024-03-11T00:00:00+00:00, run_after=2024-03-12T00:00:00+00:00
[2024-03-11 22:29:09,523] {processor.py:161} INFO - Processing /home/lafuente/airflowAPI/venv/lib/python3.9/site-packages/airflow/example_dags/example_branch_operator_decorator.py took 0.166 seconds
[2024-03-11 22:29:47,783] {processor.py:153} INFO - Started process (PID=18281) to work on /home/lafuente/airflowAPI/venv/lib/python3.9/site-packages/airflow/example_dags/example_branch_operator_decorator.py
[2024-03-11 22:29:47,785] {processor.py:641} INFO - Processing file /home/lafuente/airflowAPI/venv/lib/python3.9/site-packages/airflow/example_dags/example_branch_operator_decorator.py for tasks to queue
[2024-03-11 22:29:47,786] {logging_mixin.py:115} INFO - [2024-03-11 22:29:47,786] {dagbag.py:507} INFO - Filling up the DagBag from /home/lafuente/airflowAPI/venv/lib/python3.9/site-packages/airflow/example_dags/example_branch_operator_decorator.py
[2024-03-11 22:29:47,831] {processor.py:651} INFO - DAG(s) dict_keys(['example_branch_python_operator_decorator']) retrieved from /home/lafuente/airflowAPI/venv/lib/python3.9/site-packages/airflow/example_dags/example_branch_operator_decorator.py
[2024-03-11 22:29:47,868] {logging_mixin.py:115} INFO - [2024-03-11 22:29:47,867] {dag.py:2379} INFO - Sync 1 DAGs
[2024-03-11 22:29:47,905] {logging_mixin.py:115} INFO - [2024-03-11 22:29:47,905] {dag.py:2927} INFO - Setting next_dagrun for example_branch_python_operator_decorator to 2024-03-11T00:00:00+00:00, run_after=2024-03-12T00:00:00+00:00
[2024-03-11 22:29:47,930] {processor.py:161} INFO - Processing /home/lafuente/airflowAPI/venv/lib/python3.9/site-packages/airflow/example_dags/example_branch_operator_decorator.py took 0.152 seconds
