[2024-03-11 22:27:25,807] {processor.py:153} INFO - Started process (PID=16998) to work on /home/lafuente/airflowAPI/venv/lib/python3.9/site-packages/airflow/example_dags/example_branch_python_dop_operator_3.py
[2024-03-11 22:27:25,808] {processor.py:641} INFO - Processing file /home/lafuente/airflowAPI/venv/lib/python3.9/site-packages/airflow/example_dags/example_branch_python_dop_operator_3.py for tasks to queue
[2024-03-11 22:27:25,809] {logging_mixin.py:115} INFO - [2024-03-11 22:27:25,809] {dagbag.py:507} INFO - Filling up the DagBag from /home/lafuente/airflowAPI/venv/lib/python3.9/site-packages/airflow/example_dags/example_branch_python_dop_operator_3.py
[2024-03-11 22:27:25,834] {processor.py:651} INFO - DAG(s) dict_keys(['example_branch_dop_operator_v3']) retrieved from /home/lafuente/airflowAPI/venv/lib/python3.9/site-packages/airflow/example_dags/example_branch_python_dop_operator_3.py
[2024-03-11 22:27:25,990] {logging_mixin.py:115} INFO - [2024-03-11 22:27:25,989] {manager.py:508} INFO - Created Permission View: can edit on DAG:example_branch_dop_operator_v3
[2024-03-11 22:27:26,011] {logging_mixin.py:115} INFO - [2024-03-11 22:27:26,010] {manager.py:508} INFO - Created Permission View: can read on DAG:example_branch_dop_operator_v3
[2024-03-11 22:27:26,028] {logging_mixin.py:115} INFO - [2024-03-11 22:27:26,027] {manager.py:508} INFO - Created Permission View: can delete on DAG:example_branch_dop_operator_v3
[2024-03-11 22:27:26,029] {logging_mixin.py:115} INFO - [2024-03-11 22:27:26,029] {dag.py:2379} INFO - Sync 1 DAGs
[2024-03-11 22:27:26,044] {logging_mixin.py:115} INFO - [2024-03-11 22:27:26,044] {dag.py:2398} INFO - Creating ORM DAG for example_branch_dop_operator_v3
[2024-03-11 22:27:26,087] {logging_mixin.py:115} INFO - [2024-03-11 22:27:26,086] {dag.py:2927} INFO - Setting next_dagrun for example_branch_dop_operator_v3 to 2024-03-12T01:26:00+00:00, run_after=2024-03-12T01:27:00+00:00
[2024-03-11 22:27:26,139] {processor.py:161} INFO - Processing /home/lafuente/airflowAPI/venv/lib/python3.9/site-packages/airflow/example_dags/example_branch_python_dop_operator_3.py took 0.339 seconds
[2024-03-11 22:28:17,027] {processor.py:153} INFO - Started process (PID=17527) to work on /home/lafuente/airflowAPI/venv/lib/python3.9/site-packages/airflow/example_dags/example_branch_python_dop_operator_3.py
[2024-03-11 22:28:17,029] {processor.py:641} INFO - Processing file /home/lafuente/airflowAPI/venv/lib/python3.9/site-packages/airflow/example_dags/example_branch_python_dop_operator_3.py for tasks to queue
[2024-03-11 22:28:17,031] {logging_mixin.py:115} INFO - [2024-03-11 22:28:17,031] {dagbag.py:507} INFO - Filling up the DagBag from /home/lafuente/airflowAPI/venv/lib/python3.9/site-packages/airflow/example_dags/example_branch_python_dop_operator_3.py
[2024-03-11 22:28:17,063] {processor.py:651} INFO - DAG(s) dict_keys(['example_branch_dop_operator_v3']) retrieved from /home/lafuente/airflowAPI/venv/lib/python3.9/site-packages/airflow/example_dags/example_branch_python_dop_operator_3.py
[2024-03-11 22:28:17,105] {logging_mixin.py:115} INFO - [2024-03-11 22:28:17,104] {dag.py:2379} INFO - Sync 1 DAGs
[2024-03-11 22:28:17,154] {logging_mixin.py:115} INFO - [2024-03-11 22:28:17,154] {dag.py:2927} INFO - Setting next_dagrun for example_branch_dop_operator_v3 to 2024-03-12T01:27:00+00:00, run_after=2024-03-12T01:28:00+00:00
[2024-03-11 22:28:17,186] {processor.py:161} INFO - Processing /home/lafuente/airflowAPI/venv/lib/python3.9/site-packages/airflow/example_dags/example_branch_python_dop_operator_3.py took 0.166 seconds
[2024-03-11 22:28:57,752] {processor.py:153} INFO - Started process (PID=17875) to work on /home/lafuente/airflowAPI/venv/lib/python3.9/site-packages/airflow/example_dags/example_branch_python_dop_operator_3.py
[2024-03-11 22:28:57,754] {processor.py:641} INFO - Processing file /home/lafuente/airflowAPI/venv/lib/python3.9/site-packages/airflow/example_dags/example_branch_python_dop_operator_3.py for tasks to queue
[2024-03-11 22:28:57,755] {logging_mixin.py:115} INFO - [2024-03-11 22:28:57,754] {dagbag.py:507} INFO - Filling up the DagBag from /home/lafuente/airflowAPI/venv/lib/python3.9/site-packages/airflow/example_dags/example_branch_python_dop_operator_3.py
[2024-03-11 22:28:57,773] {processor.py:651} INFO - DAG(s) dict_keys(['example_branch_dop_operator_v3']) retrieved from /home/lafuente/airflowAPI/venv/lib/python3.9/site-packages/airflow/example_dags/example_branch_python_dop_operator_3.py
[2024-03-11 22:28:57,800] {logging_mixin.py:115} INFO - [2024-03-11 22:28:57,800] {dag.py:2379} INFO - Sync 1 DAGs
[2024-03-11 22:28:57,845] {logging_mixin.py:115} INFO - [2024-03-11 22:28:57,845] {dag.py:2927} INFO - Setting next_dagrun for example_branch_dop_operator_v3 to 2024-03-12T01:27:00+00:00, run_after=2024-03-12T01:28:00+00:00
[2024-03-11 22:28:57,869] {processor.py:161} INFO - Processing /home/lafuente/airflowAPI/venv/lib/python3.9/site-packages/airflow/example_dags/example_branch_python_dop_operator_3.py took 0.122 seconds
[2024-03-11 22:29:38,793] {processor.py:153} INFO - Started process (PID=18189) to work on /home/lafuente/airflowAPI/venv/lib/python3.9/site-packages/airflow/example_dags/example_branch_python_dop_operator_3.py
[2024-03-11 22:29:38,795] {processor.py:641} INFO - Processing file /home/lafuente/airflowAPI/venv/lib/python3.9/site-packages/airflow/example_dags/example_branch_python_dop_operator_3.py for tasks to queue
[2024-03-11 22:29:38,797] {logging_mixin.py:115} INFO - [2024-03-11 22:29:38,797] {dagbag.py:507} INFO - Filling up the DagBag from /home/lafuente/airflowAPI/venv/lib/python3.9/site-packages/airflow/example_dags/example_branch_python_dop_operator_3.py
[2024-03-11 22:29:38,814] {processor.py:651} INFO - DAG(s) dict_keys(['example_branch_dop_operator_v3']) retrieved from /home/lafuente/airflowAPI/venv/lib/python3.9/site-packages/airflow/example_dags/example_branch_python_dop_operator_3.py
[2024-03-11 22:29:38,839] {logging_mixin.py:115} INFO - [2024-03-11 22:29:38,839] {dag.py:2379} INFO - Sync 1 DAGs
[2024-03-11 22:29:38,876] {logging_mixin.py:115} INFO - [2024-03-11 22:29:38,876] {dag.py:2927} INFO - Setting next_dagrun for example_branch_dop_operator_v3 to 2024-03-12T01:28:00+00:00, run_after=2024-03-12T01:29:00+00:00
[2024-03-11 22:29:38,898] {processor.py:161} INFO - Processing /home/lafuente/airflowAPI/venv/lib/python3.9/site-packages/airflow/example_dags/example_branch_python_dop_operator_3.py took 0.114 seconds
[2024-03-11 22:30:19,763] {processor.py:153} INFO - Started process (PID=18597) to work on /home/lafuente/airflowAPI/venv/lib/python3.9/site-packages/airflow/example_dags/example_branch_python_dop_operator_3.py
[2024-03-11 22:30:19,767] {processor.py:641} INFO - Processing file /home/lafuente/airflowAPI/venv/lib/python3.9/site-packages/airflow/example_dags/example_branch_python_dop_operator_3.py for tasks to queue
[2024-03-11 22:30:19,770] {logging_mixin.py:115} INFO - [2024-03-11 22:30:19,769] {dagbag.py:507} INFO - Filling up the DagBag from /home/lafuente/airflowAPI/venv/lib/python3.9/site-packages/airflow/example_dags/example_branch_python_dop_operator_3.py
[2024-03-11 22:30:19,821] {processor.py:651} INFO - DAG(s) dict_keys(['example_branch_dop_operator_v3']) retrieved from /home/lafuente/airflowAPI/venv/lib/python3.9/site-packages/airflow/example_dags/example_branch_python_dop_operator_3.py
[2024-03-11 22:30:19,877] {logging_mixin.py:115} INFO - [2024-03-11 22:30:19,877] {dag.py:2379} INFO - Sync 1 DAGs
[2024-03-11 22:30:19,943] {logging_mixin.py:115} INFO - [2024-03-11 22:30:19,943] {dag.py:2927} INFO - Setting next_dagrun for example_branch_dop_operator_v3 to 2024-03-12T01:29:00+00:00, run_after=2024-03-12T01:30:00+00:00
[2024-03-11 22:30:19,989] {processor.py:161} INFO - Processing /home/lafuente/airflowAPI/venv/lib/python3.9/site-packages/airflow/example_dags/example_branch_python_dop_operator_3.py took 0.239 seconds
[2024-03-11 22:31:02,838] {processor.py:153} INFO - Started process (PID=19106) to work on /home/lafuente/airflowAPI/venv/lib/python3.9/site-packages/airflow/example_dags/example_branch_python_dop_operator_3.py
[2024-03-11 22:31:02,840] {processor.py:641} INFO - Processing file /home/lafuente/airflowAPI/venv/lib/python3.9/site-packages/airflow/example_dags/example_branch_python_dop_operator_3.py for tasks to queue
[2024-03-11 22:31:02,841] {logging_mixin.py:115} INFO - [2024-03-11 22:31:02,841] {dagbag.py:507} INFO - Filling up the DagBag from /home/lafuente/airflowAPI/venv/lib/python3.9/site-packages/airflow/example_dags/example_branch_python_dop_operator_3.py
[2024-03-11 22:31:02,865] {processor.py:651} INFO - DAG(s) dict_keys(['example_branch_dop_operator_v3']) retrieved from /home/lafuente/airflowAPI/venv/lib/python3.9/site-packages/airflow/example_dags/example_branch_python_dop_operator_3.py
[2024-03-11 22:31:02,910] {logging_mixin.py:115} INFO - [2024-03-11 22:31:02,910] {dag.py:2379} INFO - Sync 1 DAGs
[2024-03-11 22:31:02,990] {logging_mixin.py:115} INFO - [2024-03-11 22:31:02,990] {dag.py:2927} INFO - Setting next_dagrun for example_branch_dop_operator_v3 to 2024-03-12T01:30:00+00:00, run_after=2024-03-12T01:31:00+00:00
[2024-03-11 22:31:03,034] {processor.py:161} INFO - Processing /home/lafuente/airflowAPI/venv/lib/python3.9/site-packages/airflow/example_dags/example_branch_python_dop_operator_3.py took 0.204 seconds
[2024-03-11 22:31:46,336] {processor.py:153} INFO - Started process (PID=19549) to work on /home/lafuente/airflowAPI/venv/lib/python3.9/site-packages/airflow/example_dags/example_branch_python_dop_operator_3.py
[2024-03-11 22:31:46,338] {processor.py:641} INFO - Processing file /home/lafuente/airflowAPI/venv/lib/python3.9/site-packages/airflow/example_dags/example_branch_python_dop_operator_3.py for tasks to queue
[2024-03-11 22:31:46,339] {logging_mixin.py:115} INFO - [2024-03-11 22:31:46,339] {dagbag.py:507} INFO - Filling up the DagBag from /home/lafuente/airflowAPI/venv/lib/python3.9/site-packages/airflow/example_dags/example_branch_python_dop_operator_3.py
[2024-03-11 22:31:46,357] {processor.py:651} INFO - DAG(s) dict_keys(['example_branch_dop_operator_v3']) retrieved from /home/lafuente/airflowAPI/venv/lib/python3.9/site-packages/airflow/example_dags/example_branch_python_dop_operator_3.py
[2024-03-11 22:31:46,394] {logging_mixin.py:115} INFO - [2024-03-11 22:31:46,394] {dag.py:2379} INFO - Sync 1 DAGs
[2024-03-11 22:31:46,450] {logging_mixin.py:115} INFO - [2024-03-11 22:31:46,450] {dag.py:2927} INFO - Setting next_dagrun for example_branch_dop_operator_v3 to 2024-03-12T01:30:00+00:00, run_after=2024-03-12T01:31:00+00:00
[2024-03-11 22:31:46,489] {processor.py:161} INFO - Processing /home/lafuente/airflowAPI/venv/lib/python3.9/site-packages/airflow/example_dags/example_branch_python_dop_operator_3.py took 0.160 seconds
[2024-03-11 22:32:29,570] {processor.py:153} INFO - Started process (PID=19816) to work on /home/lafuente/airflowAPI/venv/lib/python3.9/site-packages/airflow/example_dags/example_branch_python_dop_operator_3.py
[2024-03-11 22:32:29,573] {processor.py:641} INFO - Processing file /home/lafuente/airflowAPI/venv/lib/python3.9/site-packages/airflow/example_dags/example_branch_python_dop_operator_3.py for tasks to queue
[2024-03-11 22:32:29,575] {logging_mixin.py:115} INFO - [2024-03-11 22:32:29,575] {dagbag.py:507} INFO - Filling up the DagBag from /home/lafuente/airflowAPI/venv/lib/python3.9/site-packages/airflow/example_dags/example_branch_python_dop_operator_3.py
[2024-03-11 22:32:29,596] {processor.py:651} INFO - DAG(s) dict_keys(['example_branch_dop_operator_v3']) retrieved from /home/lafuente/airflowAPI/venv/lib/python3.9/site-packages/airflow/example_dags/example_branch_python_dop_operator_3.py
[2024-03-11 22:32:29,625] {logging_mixin.py:115} INFO - [2024-03-11 22:32:29,625] {dag.py:2379} INFO - Sync 1 DAGs
[2024-03-11 22:32:29,669] {logging_mixin.py:115} INFO - [2024-03-11 22:32:29,669] {dag.py:2927} INFO - Setting next_dagrun for example_branch_dop_operator_v3 to 2024-03-12T01:31:00+00:00, run_after=2024-03-12T01:32:00+00:00
[2024-03-11 22:32:29,698] {processor.py:161} INFO - Processing /home/lafuente/airflowAPI/venv/lib/python3.9/site-packages/airflow/example_dags/example_branch_python_dop_operator_3.py took 0.144 seconds
[2024-03-11 22:33:09,003] {processor.py:153} INFO - Started process (PID=20063) to work on /home/lafuente/airflowAPI/venv/lib/python3.9/site-packages/airflow/example_dags/example_branch_python_dop_operator_3.py
[2024-03-11 22:33:09,005] {processor.py:641} INFO - Processing file /home/lafuente/airflowAPI/venv/lib/python3.9/site-packages/airflow/example_dags/example_branch_python_dop_operator_3.py for tasks to queue
[2024-03-11 22:33:09,007] {logging_mixin.py:115} INFO - [2024-03-11 22:33:09,006] {dagbag.py:507} INFO - Filling up the DagBag from /home/lafuente/airflowAPI/venv/lib/python3.9/site-packages/airflow/example_dags/example_branch_python_dop_operator_3.py
[2024-03-11 22:33:09,026] {processor.py:651} INFO - DAG(s) dict_keys(['example_branch_dop_operator_v3']) retrieved from /home/lafuente/airflowAPI/venv/lib/python3.9/site-packages/airflow/example_dags/example_branch_python_dop_operator_3.py
[2024-03-11 22:33:09,052] {logging_mixin.py:115} INFO - [2024-03-11 22:33:09,052] {dag.py:2379} INFO - Sync 1 DAGs
[2024-03-11 22:33:09,089] {logging_mixin.py:115} INFO - [2024-03-11 22:33:09,088] {dag.py:2927} INFO - Setting next_dagrun for example_branch_dop_operator_v3 to 2024-03-12T01:32:00+00:00, run_after=2024-03-12T01:33:00+00:00
[2024-03-11 22:33:09,110] {processor.py:161} INFO - Processing /home/lafuente/airflowAPI/venv/lib/python3.9/site-packages/airflow/example_dags/example_branch_python_dop_operator_3.py took 0.119 seconds
[2024-03-11 22:33:53,299] {processor.py:153} INFO - Started process (PID=20341) to work on /home/lafuente/airflowAPI/venv/lib/python3.9/site-packages/airflow/example_dags/example_branch_python_dop_operator_3.py
[2024-03-11 22:33:53,301] {processor.py:641} INFO - Processing file /home/lafuente/airflowAPI/venv/lib/python3.9/site-packages/airflow/example_dags/example_branch_python_dop_operator_3.py for tasks to queue
[2024-03-11 22:33:53,302] {logging_mixin.py:115} INFO - [2024-03-11 22:33:53,301] {dagbag.py:507} INFO - Filling up the DagBag from /home/lafuente/airflowAPI/venv/lib/python3.9/site-packages/airflow/example_dags/example_branch_python_dop_operator_3.py
[2024-03-11 22:33:53,318] {processor.py:651} INFO - DAG(s) dict_keys(['example_branch_dop_operator_v3']) retrieved from /home/lafuente/airflowAPI/venv/lib/python3.9/site-packages/airflow/example_dags/example_branch_python_dop_operator_3.py
[2024-03-11 22:33:53,345] {logging_mixin.py:115} INFO - [2024-03-11 22:33:53,345] {dag.py:2379} INFO - Sync 1 DAGs
[2024-03-11 22:33:53,389] {logging_mixin.py:115} INFO - [2024-03-11 22:33:53,389] {dag.py:2927} INFO - Setting next_dagrun for example_branch_dop_operator_v3 to 2024-03-12T01:32:00+00:00, run_after=2024-03-12T01:33:00+00:00
[2024-03-11 22:33:53,411] {processor.py:161} INFO - Processing /home/lafuente/airflowAPI/venv/lib/python3.9/site-packages/airflow/example_dags/example_branch_python_dop_operator_3.py took 0.123 seconds
[2024-03-11 22:34:32,495] {processor.py:153} INFO - Started process (PID=20659) to work on /home/lafuente/airflowAPI/venv/lib/python3.9/site-packages/airflow/example_dags/example_branch_python_dop_operator_3.py
[2024-03-11 22:34:32,500] {processor.py:641} INFO - Processing file /home/lafuente/airflowAPI/venv/lib/python3.9/site-packages/airflow/example_dags/example_branch_python_dop_operator_3.py for tasks to queue
[2024-03-11 22:34:32,502] {logging_mixin.py:115} INFO - [2024-03-11 22:34:32,502] {dagbag.py:507} INFO - Filling up the DagBag from /home/lafuente/airflowAPI/venv/lib/python3.9/site-packages/airflow/example_dags/example_branch_python_dop_operator_3.py
[2024-03-11 22:34:32,536] {processor.py:651} INFO - DAG(s) dict_keys(['example_branch_dop_operator_v3']) retrieved from /home/lafuente/airflowAPI/venv/lib/python3.9/site-packages/airflow/example_dags/example_branch_python_dop_operator_3.py
[2024-03-11 22:34:32,563] {logging_mixin.py:115} INFO - [2024-03-11 22:34:32,563] {dag.py:2379} INFO - Sync 1 DAGs
[2024-03-11 22:34:32,607] {logging_mixin.py:115} INFO - [2024-03-11 22:34:32,606] {dag.py:2927} INFO - Setting next_dagrun for example_branch_dop_operator_v3 to 2024-03-12T01:33:00+00:00, run_after=2024-03-12T01:34:00+00:00
[2024-03-11 22:34:32,628] {processor.py:161} INFO - Processing /home/lafuente/airflowAPI/venv/lib/python3.9/site-packages/airflow/example_dags/example_branch_python_dop_operator_3.py took 0.147 seconds
[2024-03-11 22:35:12,228] {processor.py:153} INFO - Started process (PID=20954) to work on /home/lafuente/airflowAPI/venv/lib/python3.9/site-packages/airflow/example_dags/example_branch_python_dop_operator_3.py
[2024-03-11 22:35:12,230] {processor.py:641} INFO - Processing file /home/lafuente/airflowAPI/venv/lib/python3.9/site-packages/airflow/example_dags/example_branch_python_dop_operator_3.py for tasks to queue
[2024-03-11 22:35:12,231] {logging_mixin.py:115} INFO - [2024-03-11 22:35:12,231] {dagbag.py:507} INFO - Filling up the DagBag from /home/lafuente/airflowAPI/venv/lib/python3.9/site-packages/airflow/example_dags/example_branch_python_dop_operator_3.py
[2024-03-11 22:35:12,260] {processor.py:651} INFO - DAG(s) dict_keys(['example_branch_dop_operator_v3']) retrieved from /home/lafuente/airflowAPI/venv/lib/python3.9/site-packages/airflow/example_dags/example_branch_python_dop_operator_3.py
[2024-03-11 22:35:12,304] {logging_mixin.py:115} INFO - [2024-03-11 22:35:12,303] {dag.py:2379} INFO - Sync 1 DAGs
[2024-03-11 22:35:12,380] {logging_mixin.py:115} INFO - [2024-03-11 22:35:12,380] {dag.py:2927} INFO - Setting next_dagrun for example_branch_dop_operator_v3 to 2024-03-12T01:34:00+00:00, run_after=2024-03-12T01:35:00+00:00
[2024-03-11 22:35:12,420] {processor.py:161} INFO - Processing /home/lafuente/airflowAPI/venv/lib/python3.9/site-packages/airflow/example_dags/example_branch_python_dop_operator_3.py took 0.198 seconds
[2024-03-11 22:35:49,410] {processor.py:153} INFO - Started process (PID=21287) to work on /home/lafuente/airflowAPI/venv/lib/python3.9/site-packages/airflow/example_dags/example_branch_python_dop_operator_3.py
[2024-03-11 22:35:49,412] {processor.py:641} INFO - Processing file /home/lafuente/airflowAPI/venv/lib/python3.9/site-packages/airflow/example_dags/example_branch_python_dop_operator_3.py for tasks to queue
[2024-03-11 22:35:49,413] {logging_mixin.py:115} INFO - [2024-03-11 22:35:49,413] {dagbag.py:507} INFO - Filling up the DagBag from /home/lafuente/airflowAPI/venv/lib/python3.9/site-packages/airflow/example_dags/example_branch_python_dop_operator_3.py
[2024-03-11 22:35:49,434] {processor.py:651} INFO - DAG(s) dict_keys(['example_branch_dop_operator_v3']) retrieved from /home/lafuente/airflowAPI/venv/lib/python3.9/site-packages/airflow/example_dags/example_branch_python_dop_operator_3.py
[2024-03-11 22:35:49,460] {logging_mixin.py:115} INFO - [2024-03-11 22:35:49,459] {dag.py:2379} INFO - Sync 1 DAGs
[2024-03-11 22:35:49,497] {logging_mixin.py:115} INFO - [2024-03-11 22:35:49,497] {dag.py:2927} INFO - Setting next_dagrun for example_branch_dop_operator_v3 to 2024-03-12T01:34:00+00:00, run_after=2024-03-12T01:35:00+00:00
[2024-03-11 22:35:49,518] {processor.py:161} INFO - Processing /home/lafuente/airflowAPI/venv/lib/python3.9/site-packages/airflow/example_dags/example_branch_python_dop_operator_3.py took 0.115 seconds
[2024-03-11 22:36:29,193] {processor.py:153} INFO - Started process (PID=21631) to work on /home/lafuente/airflowAPI/venv/lib/python3.9/site-packages/airflow/example_dags/example_branch_python_dop_operator_3.py
[2024-03-11 22:36:29,195] {processor.py:641} INFO - Processing file /home/lafuente/airflowAPI/venv/lib/python3.9/site-packages/airflow/example_dags/example_branch_python_dop_operator_3.py for tasks to queue
[2024-03-11 22:36:29,196] {logging_mixin.py:115} INFO - [2024-03-11 22:36:29,196] {dagbag.py:507} INFO - Filling up the DagBag from /home/lafuente/airflowAPI/venv/lib/python3.9/site-packages/airflow/example_dags/example_branch_python_dop_operator_3.py
[2024-03-11 22:36:29,213] {processor.py:651} INFO - DAG(s) dict_keys(['example_branch_dop_operator_v3']) retrieved from /home/lafuente/airflowAPI/venv/lib/python3.9/site-packages/airflow/example_dags/example_branch_python_dop_operator_3.py
[2024-03-11 22:36:29,245] {logging_mixin.py:115} INFO - [2024-03-11 22:36:29,244] {dag.py:2379} INFO - Sync 1 DAGs
[2024-03-11 22:36:29,303] {logging_mixin.py:115} INFO - [2024-03-11 22:36:29,303] {dag.py:2927} INFO - Setting next_dagrun for example_branch_dop_operator_v3 to 2024-03-12T01:35:00+00:00, run_after=2024-03-12T01:36:00+00:00
[2024-03-11 22:36:29,341] {processor.py:161} INFO - Processing /home/lafuente/airflowAPI/venv/lib/python3.9/site-packages/airflow/example_dags/example_branch_python_dop_operator_3.py took 0.155 seconds
[2024-03-11 22:37:10,477] {processor.py:153} INFO - Started process (PID=22219) to work on /home/lafuente/airflowAPI/venv/lib/python3.9/site-packages/airflow/example_dags/example_branch_python_dop_operator_3.py
[2024-03-11 22:37:10,479] {processor.py:641} INFO - Processing file /home/lafuente/airflowAPI/venv/lib/python3.9/site-packages/airflow/example_dags/example_branch_python_dop_operator_3.py for tasks to queue
[2024-03-11 22:37:10,480] {logging_mixin.py:115} INFO - [2024-03-11 22:37:10,480] {dagbag.py:507} INFO - Filling up the DagBag from /home/lafuente/airflowAPI/venv/lib/python3.9/site-packages/airflow/example_dags/example_branch_python_dop_operator_3.py
[2024-03-11 22:37:10,504] {processor.py:651} INFO - DAG(s) dict_keys(['example_branch_dop_operator_v3']) retrieved from /home/lafuente/airflowAPI/venv/lib/python3.9/site-packages/airflow/example_dags/example_branch_python_dop_operator_3.py
[2024-03-11 22:37:10,537] {logging_mixin.py:115} INFO - [2024-03-11 22:37:10,537] {dag.py:2379} INFO - Sync 1 DAGs
[2024-03-11 22:37:10,587] {logging_mixin.py:115} INFO - [2024-03-11 22:37:10,587] {dag.py:2927} INFO - Setting next_dagrun for example_branch_dop_operator_v3 to 2024-03-12T01:36:00+00:00, run_after=2024-03-12T01:37:00+00:00
[2024-03-11 22:37:10,617] {processor.py:161} INFO - Processing /home/lafuente/airflowAPI/venv/lib/python3.9/site-packages/airflow/example_dags/example_branch_python_dop_operator_3.py took 0.145 seconds
[2024-03-11 22:37:50,318] {processor.py:153} INFO - Started process (PID=22535) to work on /home/lafuente/airflowAPI/venv/lib/python3.9/site-packages/airflow/example_dags/example_branch_python_dop_operator_3.py
[2024-03-11 22:37:50,322] {processor.py:641} INFO - Processing file /home/lafuente/airflowAPI/venv/lib/python3.9/site-packages/airflow/example_dags/example_branch_python_dop_operator_3.py for tasks to queue
[2024-03-11 22:37:50,325] {logging_mixin.py:115} INFO - [2024-03-11 22:37:50,325] {dagbag.py:507} INFO - Filling up the DagBag from /home/lafuente/airflowAPI/venv/lib/python3.9/site-packages/airflow/example_dags/example_branch_python_dop_operator_3.py
[2024-03-11 22:37:50,408] {processor.py:651} INFO - DAG(s) dict_keys(['example_branch_dop_operator_v3']) retrieved from /home/lafuente/airflowAPI/venv/lib/python3.9/site-packages/airflow/example_dags/example_branch_python_dop_operator_3.py
[2024-03-11 22:37:50,485] {logging_mixin.py:115} INFO - [2024-03-11 22:37:50,485] {dag.py:2379} INFO - Sync 1 DAGs
[2024-03-11 22:37:50,574] {logging_mixin.py:115} INFO - [2024-03-11 22:37:50,574] {dag.py:2927} INFO - Setting next_dagrun for example_branch_dop_operator_v3 to 2024-03-12T01:36:00+00:00, run_after=2024-03-12T01:37:00+00:00
[2024-03-11 22:37:50,595] {processor.py:161} INFO - Processing /home/lafuente/airflowAPI/venv/lib/python3.9/site-packages/airflow/example_dags/example_branch_python_dop_operator_3.py took 0.294 seconds
[2024-03-11 22:38:33,348] {processor.py:153} INFO - Started process (PID=22957) to work on /home/lafuente/airflowAPI/venv/lib/python3.9/site-packages/airflow/example_dags/example_branch_python_dop_operator_3.py
[2024-03-11 22:38:33,350] {processor.py:641} INFO - Processing file /home/lafuente/airflowAPI/venv/lib/python3.9/site-packages/airflow/example_dags/example_branch_python_dop_operator_3.py for tasks to queue
[2024-03-11 22:38:33,352] {logging_mixin.py:115} INFO - [2024-03-11 22:38:33,351] {dagbag.py:507} INFO - Filling up the DagBag from /home/lafuente/airflowAPI/venv/lib/python3.9/site-packages/airflow/example_dags/example_branch_python_dop_operator_3.py
[2024-03-11 22:38:33,370] {processor.py:651} INFO - DAG(s) dict_keys(['example_branch_dop_operator_v3']) retrieved from /home/lafuente/airflowAPI/venv/lib/python3.9/site-packages/airflow/example_dags/example_branch_python_dop_operator_3.py
[2024-03-11 22:38:33,395] {logging_mixin.py:115} INFO - [2024-03-11 22:38:33,395] {dag.py:2379} INFO - Sync 1 DAGs
[2024-03-11 22:38:33,435] {logging_mixin.py:115} INFO - [2024-03-11 22:38:33,435] {dag.py:2927} INFO - Setting next_dagrun for example_branch_dop_operator_v3 to 2024-03-12T01:37:00+00:00, run_after=2024-03-12T01:38:00+00:00
[2024-03-11 22:38:33,457] {processor.py:161} INFO - Processing /home/lafuente/airflowAPI/venv/lib/python3.9/site-packages/airflow/example_dags/example_branch_python_dop_operator_3.py took 0.116 seconds
