[2024-03-11 22:27:20,819] {processor.py:153} INFO - Started process (PID=16909) to work on /home/lafuente/airflowAPI/venv/lib/python3.9/site-packages/airflow/example_dags/example_complex.py
[2024-03-11 22:27:20,820] {processor.py:641} INFO - Processing file /home/lafuente/airflowAPI/venv/lib/python3.9/site-packages/airflow/example_dags/example_complex.py for tasks to queue
[2024-03-11 22:27:20,821] {logging_mixin.py:115} INFO - [2024-03-11 22:27:20,821] {dagbag.py:507} INFO - Filling up the DagBag from /home/lafuente/airflowAPI/venv/lib/python3.9/site-packages/airflow/example_dags/example_complex.py
[2024-03-11 22:27:20,850] {processor.py:651} INFO - DAG(s) dict_keys(['example_complex']) retrieved from /home/lafuente/airflowAPI/venv/lib/python3.9/site-packages/airflow/example_dags/example_complex.py
[2024-03-11 22:27:21,032] {logging_mixin.py:115} INFO - [2024-03-11 22:27:21,031] {manager.py:508} INFO - Created Permission View: can edit on DAG:example_complex
[2024-03-11 22:27:21,070] {logging_mixin.py:115} INFO - [2024-03-11 22:27:21,070] {manager.py:508} INFO - Created Permission View: can read on DAG:example_complex
[2024-03-11 22:27:21,103] {logging_mixin.py:115} INFO - [2024-03-11 22:27:21,102] {manager.py:508} INFO - Created Permission View: can delete on DAG:example_complex
[2024-03-11 22:27:21,104] {logging_mixin.py:115} INFO - [2024-03-11 22:27:21,103] {dag.py:2379} INFO - Sync 1 DAGs
[2024-03-11 22:27:21,133] {logging_mixin.py:115} INFO - [2024-03-11 22:27:21,133] {dag.py:2398} INFO - Creating ORM DAG for example_complex
[2024-03-11 22:27:21,166] {logging_mixin.py:115} INFO - [2024-03-11 22:27:21,165] {dag.py:2927} INFO - Setting next_dagrun for example_complex to None, run_after=None
[2024-03-11 22:27:21,233] {processor.py:161} INFO - Processing /home/lafuente/airflowAPI/venv/lib/python3.9/site-packages/airflow/example_dags/example_complex.py took 0.419 seconds
[2024-03-11 22:28:06,460] {processor.py:153} INFO - Started process (PID=17460) to work on /home/lafuente/airflowAPI/venv/lib/python3.9/site-packages/airflow/example_dags/example_complex.py
[2024-03-11 22:28:06,467] {processor.py:641} INFO - Processing file /home/lafuente/airflowAPI/venv/lib/python3.9/site-packages/airflow/example_dags/example_complex.py for tasks to queue
[2024-03-11 22:28:06,470] {logging_mixin.py:115} INFO - [2024-03-11 22:28:06,470] {dagbag.py:507} INFO - Filling up the DagBag from /home/lafuente/airflowAPI/venv/lib/python3.9/site-packages/airflow/example_dags/example_complex.py
[2024-03-11 22:28:06,519] {processor.py:651} INFO - DAG(s) dict_keys(['example_complex']) retrieved from /home/lafuente/airflowAPI/venv/lib/python3.9/site-packages/airflow/example_dags/example_complex.py
[2024-03-11 22:28:06,583] {logging_mixin.py:115} INFO - [2024-03-11 22:28:06,583] {dag.py:2379} INFO - Sync 1 DAGs
[2024-03-11 22:28:06,628] {logging_mixin.py:115} INFO - [2024-03-11 22:28:06,628] {dag.py:2927} INFO - Setting next_dagrun for example_complex to None, run_after=None
[2024-03-11 22:28:06,667] {processor.py:161} INFO - Processing /home/lafuente/airflowAPI/venv/lib/python3.9/site-packages/airflow/example_dags/example_complex.py took 0.212 seconds
[2024-03-11 22:28:48,564] {processor.py:153} INFO - Started process (PID=17812) to work on /home/lafuente/airflowAPI/venv/lib/python3.9/site-packages/airflow/example_dags/example_complex.py
[2024-03-11 22:28:48,566] {processor.py:641} INFO - Processing file /home/lafuente/airflowAPI/venv/lib/python3.9/site-packages/airflow/example_dags/example_complex.py for tasks to queue
[2024-03-11 22:28:48,566] {logging_mixin.py:115} INFO - [2024-03-11 22:28:48,566] {dagbag.py:507} INFO - Filling up the DagBag from /home/lafuente/airflowAPI/venv/lib/python3.9/site-packages/airflow/example_dags/example_complex.py
[2024-03-11 22:28:48,587] {processor.py:651} INFO - DAG(s) dict_keys(['example_complex']) retrieved from /home/lafuente/airflowAPI/venv/lib/python3.9/site-packages/airflow/example_dags/example_complex.py
[2024-03-11 22:28:48,621] {logging_mixin.py:115} INFO - [2024-03-11 22:28:48,621] {dag.py:2379} INFO - Sync 1 DAGs
[2024-03-11 22:28:48,654] {logging_mixin.py:115} INFO - [2024-03-11 22:28:48,654] {dag.py:2927} INFO - Setting next_dagrun for example_complex to None, run_after=None
[2024-03-11 22:28:48,678] {processor.py:161} INFO - Processing /home/lafuente/airflowAPI/venv/lib/python3.9/site-packages/airflow/example_dags/example_complex.py took 0.120 seconds
[2024-03-11 22:29:30,352] {processor.py:153} INFO - Started process (PID=18123) to work on /home/lafuente/airflowAPI/venv/lib/python3.9/site-packages/airflow/example_dags/example_complex.py
[2024-03-11 22:29:30,354] {processor.py:641} INFO - Processing file /home/lafuente/airflowAPI/venv/lib/python3.9/site-packages/airflow/example_dags/example_complex.py for tasks to queue
[2024-03-11 22:29:30,355] {logging_mixin.py:115} INFO - [2024-03-11 22:29:30,354] {dagbag.py:507} INFO - Filling up the DagBag from /home/lafuente/airflowAPI/venv/lib/python3.9/site-packages/airflow/example_dags/example_complex.py
[2024-03-11 22:29:30,372] {processor.py:651} INFO - DAG(s) dict_keys(['example_complex']) retrieved from /home/lafuente/airflowAPI/venv/lib/python3.9/site-packages/airflow/example_dags/example_complex.py
[2024-03-11 22:29:30,404] {logging_mixin.py:115} INFO - [2024-03-11 22:29:30,404] {dag.py:2379} INFO - Sync 1 DAGs
[2024-03-11 22:29:30,430] {logging_mixin.py:115} INFO - [2024-03-11 22:29:30,430] {dag.py:2927} INFO - Setting next_dagrun for example_complex to None, run_after=None
[2024-03-11 22:29:30,451] {processor.py:161} INFO - Processing /home/lafuente/airflowAPI/venv/lib/python3.9/site-packages/airflow/example_dags/example_complex.py took 0.104 seconds
[2024-03-11 22:30:11,990] {processor.py:153} INFO - Started process (PID=18520) to work on /home/lafuente/airflowAPI/venv/lib/python3.9/site-packages/airflow/example_dags/example_complex.py
[2024-03-11 22:30:11,992] {processor.py:641} INFO - Processing file /home/lafuente/airflowAPI/venv/lib/python3.9/site-packages/airflow/example_dags/example_complex.py for tasks to queue
[2024-03-11 22:30:11,993] {logging_mixin.py:115} INFO - [2024-03-11 22:30:11,993] {dagbag.py:507} INFO - Filling up the DagBag from /home/lafuente/airflowAPI/venv/lib/python3.9/site-packages/airflow/example_dags/example_complex.py
[2024-03-11 22:30:12,018] {processor.py:651} INFO - DAG(s) dict_keys(['example_complex']) retrieved from /home/lafuente/airflowAPI/venv/lib/python3.9/site-packages/airflow/example_dags/example_complex.py
[2024-03-11 22:30:12,057] {logging_mixin.py:115} INFO - [2024-03-11 22:30:12,057] {dag.py:2379} INFO - Sync 1 DAGs
[2024-03-11 22:30:12,092] {logging_mixin.py:115} INFO - [2024-03-11 22:30:12,092] {dag.py:2927} INFO - Setting next_dagrun for example_complex to None, run_after=None
[2024-03-11 22:30:12,136] {processor.py:161} INFO - Processing /home/lafuente/airflowAPI/venv/lib/python3.9/site-packages/airflow/example_dags/example_complex.py took 0.150 seconds
[2024-03-11 22:30:58,693] {processor.py:153} INFO - Started process (PID=19059) to work on /home/lafuente/airflowAPI/venv/lib/python3.9/site-packages/airflow/example_dags/example_complex.py
[2024-03-11 22:30:58,696] {processor.py:641} INFO - Processing file /home/lafuente/airflowAPI/venv/lib/python3.9/site-packages/airflow/example_dags/example_complex.py for tasks to queue
[2024-03-11 22:30:58,697] {logging_mixin.py:115} INFO - [2024-03-11 22:30:58,697] {dagbag.py:507} INFO - Filling up the DagBag from /home/lafuente/airflowAPI/venv/lib/python3.9/site-packages/airflow/example_dags/example_complex.py
[2024-03-11 22:30:58,733] {processor.py:651} INFO - DAG(s) dict_keys(['example_complex']) retrieved from /home/lafuente/airflowAPI/venv/lib/python3.9/site-packages/airflow/example_dags/example_complex.py
[2024-03-11 22:30:58,803] {logging_mixin.py:115} INFO - [2024-03-11 22:30:58,803] {dag.py:2379} INFO - Sync 1 DAGs
[2024-03-11 22:30:58,844] {logging_mixin.py:115} INFO - [2024-03-11 22:30:58,844] {dag.py:2927} INFO - Setting next_dagrun for example_complex to None, run_after=None
[2024-03-11 22:30:58,868] {processor.py:161} INFO - Processing /home/lafuente/airflowAPI/venv/lib/python3.9/site-packages/airflow/example_dags/example_complex.py took 0.183 seconds
[2024-03-11 22:31:42,340] {processor.py:153} INFO - Started process (PID=19495) to work on /home/lafuente/airflowAPI/venv/lib/python3.9/site-packages/airflow/example_dags/example_complex.py
[2024-03-11 22:31:42,342] {processor.py:641} INFO - Processing file /home/lafuente/airflowAPI/venv/lib/python3.9/site-packages/airflow/example_dags/example_complex.py for tasks to queue
[2024-03-11 22:31:42,343] {logging_mixin.py:115} INFO - [2024-03-11 22:31:42,342] {dagbag.py:507} INFO - Filling up the DagBag from /home/lafuente/airflowAPI/venv/lib/python3.9/site-packages/airflow/example_dags/example_complex.py
[2024-03-11 22:31:42,363] {processor.py:651} INFO - DAG(s) dict_keys(['example_complex']) retrieved from /home/lafuente/airflowAPI/venv/lib/python3.9/site-packages/airflow/example_dags/example_complex.py
[2024-03-11 22:31:42,407] {logging_mixin.py:115} INFO - [2024-03-11 22:31:42,407] {dag.py:2379} INFO - Sync 1 DAGs
[2024-03-11 22:31:42,452] {logging_mixin.py:115} INFO - [2024-03-11 22:31:42,452] {dag.py:2927} INFO - Setting next_dagrun for example_complex to None, run_after=None
[2024-03-11 22:31:42,478] {processor.py:161} INFO - Processing /home/lafuente/airflowAPI/venv/lib/python3.9/site-packages/airflow/example_dags/example_complex.py took 0.145 seconds
[2024-03-11 22:32:25,000] {processor.py:153} INFO - Started process (PID=19789) to work on /home/lafuente/airflowAPI/venv/lib/python3.9/site-packages/airflow/example_dags/example_complex.py
[2024-03-11 22:32:25,002] {processor.py:641} INFO - Processing file /home/lafuente/airflowAPI/venv/lib/python3.9/site-packages/airflow/example_dags/example_complex.py for tasks to queue
[2024-03-11 22:32:25,003] {logging_mixin.py:115} INFO - [2024-03-11 22:32:25,003] {dagbag.py:507} INFO - Filling up the DagBag from /home/lafuente/airflowAPI/venv/lib/python3.9/site-packages/airflow/example_dags/example_complex.py
[2024-03-11 22:32:25,024] {processor.py:651} INFO - DAG(s) dict_keys(['example_complex']) retrieved from /home/lafuente/airflowAPI/venv/lib/python3.9/site-packages/airflow/example_dags/example_complex.py
[2024-03-11 22:32:25,068] {logging_mixin.py:115} INFO - [2024-03-11 22:32:25,068] {dag.py:2379} INFO - Sync 1 DAGs
[2024-03-11 22:32:25,115] {logging_mixin.py:115} INFO - [2024-03-11 22:32:25,115] {dag.py:2927} INFO - Setting next_dagrun for example_complex to None, run_after=None
[2024-03-11 22:32:25,137] {processor.py:161} INFO - Processing /home/lafuente/airflowAPI/venv/lib/python3.9/site-packages/airflow/example_dags/example_complex.py took 0.142 seconds
[2024-03-11 22:33:02,004] {processor.py:153} INFO - Started process (PID=20024) to work on /home/lafuente/airflowAPI/venv/lib/python3.9/site-packages/airflow/example_dags/example_complex.py
[2024-03-11 22:33:02,007] {processor.py:641} INFO - Processing file /home/lafuente/airflowAPI/venv/lib/python3.9/site-packages/airflow/example_dags/example_complex.py for tasks to queue
[2024-03-11 22:33:02,008] {logging_mixin.py:115} INFO - [2024-03-11 22:33:02,008] {dagbag.py:507} INFO - Filling up the DagBag from /home/lafuente/airflowAPI/venv/lib/python3.9/site-packages/airflow/example_dags/example_complex.py
[2024-03-11 22:33:02,038] {processor.py:651} INFO - DAG(s) dict_keys(['example_complex']) retrieved from /home/lafuente/airflowAPI/venv/lib/python3.9/site-packages/airflow/example_dags/example_complex.py
[2024-03-11 22:33:02,068] {logging_mixin.py:115} INFO - [2024-03-11 22:33:02,068] {dag.py:2379} INFO - Sync 1 DAGs
[2024-03-11 22:33:02,099] {logging_mixin.py:115} INFO - [2024-03-11 22:33:02,098] {dag.py:2927} INFO - Setting next_dagrun for example_complex to None, run_after=None
[2024-03-11 22:33:02,123] {processor.py:161} INFO - Processing /home/lafuente/airflowAPI/venv/lib/python3.9/site-packages/airflow/example_dags/example_complex.py took 0.130 seconds
[2024-03-11 22:33:44,097] {processor.py:153} INFO - Started process (PID=20280) to work on /home/lafuente/airflowAPI/venv/lib/python3.9/site-packages/airflow/example_dags/example_complex.py
[2024-03-11 22:33:44,098] {processor.py:641} INFO - Processing file /home/lafuente/airflowAPI/venv/lib/python3.9/site-packages/airflow/example_dags/example_complex.py for tasks to queue
[2024-03-11 22:33:44,099] {logging_mixin.py:115} INFO - [2024-03-11 22:33:44,099] {dagbag.py:507} INFO - Filling up the DagBag from /home/lafuente/airflowAPI/venv/lib/python3.9/site-packages/airflow/example_dags/example_complex.py
[2024-03-11 22:33:44,119] {processor.py:651} INFO - DAG(s) dict_keys(['example_complex']) retrieved from /home/lafuente/airflowAPI/venv/lib/python3.9/site-packages/airflow/example_dags/example_complex.py
[2024-03-11 22:33:44,152] {logging_mixin.py:115} INFO - [2024-03-11 22:33:44,152] {dag.py:2379} INFO - Sync 1 DAGs
[2024-03-11 22:33:44,183] {logging_mixin.py:115} INFO - [2024-03-11 22:33:44,183] {dag.py:2927} INFO - Setting next_dagrun for example_complex to None, run_after=None
[2024-03-11 22:33:44,207] {processor.py:161} INFO - Processing /home/lafuente/airflowAPI/venv/lib/python3.9/site-packages/airflow/example_dags/example_complex.py took 0.115 seconds
[2024-03-11 22:34:23,660] {processor.py:153} INFO - Started process (PID=20559) to work on /home/lafuente/airflowAPI/venv/lib/python3.9/site-packages/airflow/example_dags/example_complex.py
[2024-03-11 22:34:23,662] {processor.py:641} INFO - Processing file /home/lafuente/airflowAPI/venv/lib/python3.9/site-packages/airflow/example_dags/example_complex.py for tasks to queue
[2024-03-11 22:34:23,663] {logging_mixin.py:115} INFO - [2024-03-11 22:34:23,663] {dagbag.py:507} INFO - Filling up the DagBag from /home/lafuente/airflowAPI/venv/lib/python3.9/site-packages/airflow/example_dags/example_complex.py
[2024-03-11 22:34:23,680] {processor.py:651} INFO - DAG(s) dict_keys(['example_complex']) retrieved from /home/lafuente/airflowAPI/venv/lib/python3.9/site-packages/airflow/example_dags/example_complex.py
[2024-03-11 22:34:23,710] {logging_mixin.py:115} INFO - [2024-03-11 22:34:23,710] {dag.py:2379} INFO - Sync 1 DAGs
[2024-03-11 22:34:23,736] {logging_mixin.py:115} INFO - [2024-03-11 22:34:23,736] {dag.py:2927} INFO - Setting next_dagrun for example_complex to None, run_after=None
[2024-03-11 22:34:23,763] {processor.py:161} INFO - Processing /home/lafuente/airflowAPI/venv/lib/python3.9/site-packages/airflow/example_dags/example_complex.py took 0.117 seconds
[2024-03-11 22:35:03,036] {processor.py:153} INFO - Started process (PID=20893) to work on /home/lafuente/airflowAPI/venv/lib/python3.9/site-packages/airflow/example_dags/example_complex.py
[2024-03-11 22:35:03,038] {processor.py:641} INFO - Processing file /home/lafuente/airflowAPI/venv/lib/python3.9/site-packages/airflow/example_dags/example_complex.py for tasks to queue
[2024-03-11 22:35:03,039] {logging_mixin.py:115} INFO - [2024-03-11 22:35:03,039] {dagbag.py:507} INFO - Filling up the DagBag from /home/lafuente/airflowAPI/venv/lib/python3.9/site-packages/airflow/example_dags/example_complex.py
[2024-03-11 22:35:03,057] {processor.py:651} INFO - DAG(s) dict_keys(['example_complex']) retrieved from /home/lafuente/airflowAPI/venv/lib/python3.9/site-packages/airflow/example_dags/example_complex.py
[2024-03-11 22:35:03,088] {logging_mixin.py:115} INFO - [2024-03-11 22:35:03,088] {dag.py:2379} INFO - Sync 1 DAGs
[2024-03-11 22:35:03,116] {logging_mixin.py:115} INFO - [2024-03-11 22:35:03,116] {dag.py:2927} INFO - Setting next_dagrun for example_complex to None, run_after=None
[2024-03-11 22:35:03,140] {processor.py:161} INFO - Processing /home/lafuente/airflowAPI/venv/lib/python3.9/site-packages/airflow/example_dags/example_complex.py took 0.116 seconds
[2024-03-11 22:35:39,317] {processor.py:153} INFO - Started process (PID=21162) to work on /home/lafuente/airflowAPI/venv/lib/python3.9/site-packages/airflow/example_dags/example_complex.py
[2024-03-11 22:35:39,320] {processor.py:641} INFO - Processing file /home/lafuente/airflowAPI/venv/lib/python3.9/site-packages/airflow/example_dags/example_complex.py for tasks to queue
[2024-03-11 22:35:39,322] {logging_mixin.py:115} INFO - [2024-03-11 22:35:39,321] {dagbag.py:507} INFO - Filling up the DagBag from /home/lafuente/airflowAPI/venv/lib/python3.9/site-packages/airflow/example_dags/example_complex.py
[2024-03-11 22:35:39,364] {processor.py:651} INFO - DAG(s) dict_keys(['example_complex']) retrieved from /home/lafuente/airflowAPI/venv/lib/python3.9/site-packages/airflow/example_dags/example_complex.py
[2024-03-11 22:35:39,449] {logging_mixin.py:115} INFO - [2024-03-11 22:35:39,449] {dag.py:2379} INFO - Sync 1 DAGs
[2024-03-11 22:35:39,512] {logging_mixin.py:115} INFO - [2024-03-11 22:35:39,512] {dag.py:2927} INFO - Setting next_dagrun for example_complex to None, run_after=None
[2024-03-11 22:35:39,551] {processor.py:161} INFO - Processing /home/lafuente/airflowAPI/venv/lib/python3.9/site-packages/airflow/example_dags/example_complex.py took 0.245 seconds
[2024-03-11 22:36:20,214] {processor.py:153} INFO - Started process (PID=21577) to work on /home/lafuente/airflowAPI/venv/lib/python3.9/site-packages/airflow/example_dags/example_complex.py
[2024-03-11 22:36:20,216] {processor.py:641} INFO - Processing file /home/lafuente/airflowAPI/venv/lib/python3.9/site-packages/airflow/example_dags/example_complex.py for tasks to queue
[2024-03-11 22:36:20,218] {logging_mixin.py:115} INFO - [2024-03-11 22:36:20,218] {dagbag.py:507} INFO - Filling up the DagBag from /home/lafuente/airflowAPI/venv/lib/python3.9/site-packages/airflow/example_dags/example_complex.py
[2024-03-11 22:36:20,317] {processor.py:651} INFO - DAG(s) dict_keys(['example_complex']) retrieved from /home/lafuente/airflowAPI/venv/lib/python3.9/site-packages/airflow/example_dags/example_complex.py
[2024-03-11 22:36:20,401] {logging_mixin.py:115} INFO - [2024-03-11 22:36:20,400] {dag.py:2379} INFO - Sync 1 DAGs
[2024-03-11 22:36:20,492] {logging_mixin.py:115} INFO - [2024-03-11 22:36:20,492] {dag.py:2927} INFO - Setting next_dagrun for example_complex to None, run_after=None
[2024-03-11 22:36:20,528] {processor.py:161} INFO - Processing /home/lafuente/airflowAPI/venv/lib/python3.9/site-packages/airflow/example_dags/example_complex.py took 0.337 seconds
[2024-03-11 22:37:06,535] {processor.py:153} INFO - Started process (PID=22194) to work on /home/lafuente/airflowAPI/venv/lib/python3.9/site-packages/airflow/example_dags/example_complex.py
[2024-03-11 22:37:06,537] {processor.py:641} INFO - Processing file /home/lafuente/airflowAPI/venv/lib/python3.9/site-packages/airflow/example_dags/example_complex.py for tasks to queue
[2024-03-11 22:37:06,538] {logging_mixin.py:115} INFO - [2024-03-11 22:37:06,538] {dagbag.py:507} INFO - Filling up the DagBag from /home/lafuente/airflowAPI/venv/lib/python3.9/site-packages/airflow/example_dags/example_complex.py
[2024-03-11 22:37:06,563] {processor.py:651} INFO - DAG(s) dict_keys(['example_complex']) retrieved from /home/lafuente/airflowAPI/venv/lib/python3.9/site-packages/airflow/example_dags/example_complex.py
[2024-03-11 22:37:06,608] {logging_mixin.py:115} INFO - [2024-03-11 22:37:06,608] {dag.py:2379} INFO - Sync 1 DAGs
[2024-03-11 22:37:06,651] {logging_mixin.py:115} INFO - [2024-03-11 22:37:06,651] {dag.py:2927} INFO - Setting next_dagrun for example_complex to None, run_after=None
[2024-03-11 22:37:06,675] {processor.py:161} INFO - Processing /home/lafuente/airflowAPI/venv/lib/python3.9/site-packages/airflow/example_dags/example_complex.py took 0.145 seconds
[2024-03-11 22:37:45,587] {processor.py:153} INFO - Started process (PID=22507) to work on /home/lafuente/airflowAPI/venv/lib/python3.9/site-packages/airflow/example_dags/example_complex.py
[2024-03-11 22:37:45,590] {processor.py:641} INFO - Processing file /home/lafuente/airflowAPI/venv/lib/python3.9/site-packages/airflow/example_dags/example_complex.py for tasks to queue
[2024-03-11 22:37:45,592] {logging_mixin.py:115} INFO - [2024-03-11 22:37:45,592] {dagbag.py:507} INFO - Filling up the DagBag from /home/lafuente/airflowAPI/venv/lib/python3.9/site-packages/airflow/example_dags/example_complex.py
[2024-03-11 22:37:45,626] {processor.py:651} INFO - DAG(s) dict_keys(['example_complex']) retrieved from /home/lafuente/airflowAPI/venv/lib/python3.9/site-packages/airflow/example_dags/example_complex.py
[2024-03-11 22:37:45,689] {logging_mixin.py:115} INFO - [2024-03-11 22:37:45,689] {dag.py:2379} INFO - Sync 1 DAGs
[2024-03-11 22:37:45,739] {logging_mixin.py:115} INFO - [2024-03-11 22:37:45,738] {dag.py:2927} INFO - Setting next_dagrun for example_complex to None, run_after=None
[2024-03-11 22:37:45,783] {processor.py:161} INFO - Processing /home/lafuente/airflowAPI/venv/lib/python3.9/site-packages/airflow/example_dags/example_complex.py took 0.201 seconds
[2024-03-11 22:38:23,367] {processor.py:153} INFO - Started process (PID=22833) to work on /home/lafuente/airflowAPI/venv/lib/python3.9/site-packages/airflow/example_dags/example_complex.py
[2024-03-11 22:38:23,369] {processor.py:641} INFO - Processing file /home/lafuente/airflowAPI/venv/lib/python3.9/site-packages/airflow/example_dags/example_complex.py for tasks to queue
[2024-03-11 22:38:23,370] {logging_mixin.py:115} INFO - [2024-03-11 22:38:23,370] {dagbag.py:507} INFO - Filling up the DagBag from /home/lafuente/airflowAPI/venv/lib/python3.9/site-packages/airflow/example_dags/example_complex.py
[2024-03-11 22:38:23,395] {processor.py:651} INFO - DAG(s) dict_keys(['example_complex']) retrieved from /home/lafuente/airflowAPI/venv/lib/python3.9/site-packages/airflow/example_dags/example_complex.py
[2024-03-11 22:38:23,425] {logging_mixin.py:115} INFO - [2024-03-11 22:38:23,425] {dag.py:2379} INFO - Sync 1 DAGs
[2024-03-11 22:38:23,451] {logging_mixin.py:115} INFO - [2024-03-11 22:38:23,451] {dag.py:2927} INFO - Setting next_dagrun for example_complex to None, run_after=None
[2024-03-11 22:38:23,475] {processor.py:161} INFO - Processing /home/lafuente/airflowAPI/venv/lib/python3.9/site-packages/airflow/example_dags/example_complex.py took 0.118 seconds
