[2024-03-11 22:27:24,512] {processor.py:153} INFO - Started process (PID=16957) to work on /home/lafuente/airflowAPI/venv/lib/python3.9/site-packages/airflow/example_dags/example_branch_datetime_operator.py
[2024-03-11 22:27:24,513] {processor.py:641} INFO - Processing file /home/lafuente/airflowAPI/venv/lib/python3.9/site-packages/airflow/example_dags/example_branch_datetime_operator.py for tasks to queue
[2024-03-11 22:27:24,515] {logging_mixin.py:115} INFO - [2024-03-11 22:27:24,515] {dagbag.py:507} INFO - Filling up the DagBag from /home/lafuente/airflowAPI/venv/lib/python3.9/site-packages/airflow/example_dags/example_branch_datetime_operator.py
[2024-03-11 22:27:24,535] {processor.py:651} INFO - DAG(s) dict_keys(['example_branch_datetime_operator_2']) retrieved from /home/lafuente/airflowAPI/venv/lib/python3.9/site-packages/airflow/example_dags/example_branch_datetime_operator.py
[2024-03-11 22:27:24,697] {logging_mixin.py:115} INFO - [2024-03-11 22:27:24,696] {manager.py:508} INFO - Created Permission View: can edit on DAG:example_branch_datetime_operator_2
[2024-03-11 22:27:24,718] {logging_mixin.py:115} INFO - [2024-03-11 22:27:24,717] {manager.py:508} INFO - Created Permission View: can read on DAG:example_branch_datetime_operator_2
[2024-03-11 22:27:24,739] {logging_mixin.py:115} INFO - [2024-03-11 22:27:24,738] {manager.py:508} INFO - Created Permission View: can delete on DAG:example_branch_datetime_operator_2
[2024-03-11 22:27:24,741] {logging_mixin.py:115} INFO - [2024-03-11 22:27:24,740] {dag.py:2379} INFO - Sync 1 DAGs
[2024-03-11 22:27:24,760] {logging_mixin.py:115} INFO - [2024-03-11 22:27:24,760] {dag.py:2398} INFO - Creating ORM DAG for example_branch_datetime_operator_2
[2024-03-11 22:27:24,781] {logging_mixin.py:115} INFO - [2024-03-11 22:27:24,781] {dag.py:2927} INFO - Setting next_dagrun for example_branch_datetime_operator_2 to 2024-03-11T00:00:00+00:00, run_after=2024-03-12T00:00:00+00:00
[2024-03-11 22:27:24,831] {processor.py:161} INFO - Processing /home/lafuente/airflowAPI/venv/lib/python3.9/site-packages/airflow/example_dags/example_branch_datetime_operator.py took 0.327 seconds
[2024-03-11 22:28:10,574] {processor.py:153} INFO - Started process (PID=17485) to work on /home/lafuente/airflowAPI/venv/lib/python3.9/site-packages/airflow/example_dags/example_branch_datetime_operator.py
[2024-03-11 22:28:10,576] {processor.py:641} INFO - Processing file /home/lafuente/airflowAPI/venv/lib/python3.9/site-packages/airflow/example_dags/example_branch_datetime_operator.py for tasks to queue
[2024-03-11 22:28:10,577] {logging_mixin.py:115} INFO - [2024-03-11 22:28:10,576] {dagbag.py:507} INFO - Filling up the DagBag from /home/lafuente/airflowAPI/venv/lib/python3.9/site-packages/airflow/example_dags/example_branch_datetime_operator.py
[2024-03-11 22:28:10,595] {processor.py:651} INFO - DAG(s) dict_keys(['example_branch_datetime_operator_2']) retrieved from /home/lafuente/airflowAPI/venv/lib/python3.9/site-packages/airflow/example_dags/example_branch_datetime_operator.py
[2024-03-11 22:28:10,631] {logging_mixin.py:115} INFO - [2024-03-11 22:28:10,630] {dag.py:2379} INFO - Sync 1 DAGs
[2024-03-11 22:28:10,670] {logging_mixin.py:115} INFO - [2024-03-11 22:28:10,670] {dag.py:2927} INFO - Setting next_dagrun for example_branch_datetime_operator_2 to 2024-03-11T00:00:00+00:00, run_after=2024-03-12T00:00:00+00:00
[2024-03-11 22:28:10,708] {processor.py:161} INFO - Processing /home/lafuente/airflowAPI/venv/lib/python3.9/site-packages/airflow/example_dags/example_branch_datetime_operator.py took 0.141 seconds
[2024-03-11 22:28:56,464] {processor.py:153} INFO - Started process (PID=17863) to work on /home/lafuente/airflowAPI/venv/lib/python3.9/site-packages/airflow/example_dags/example_branch_datetime_operator.py
[2024-03-11 22:28:56,465] {processor.py:641} INFO - Processing file /home/lafuente/airflowAPI/venv/lib/python3.9/site-packages/airflow/example_dags/example_branch_datetime_operator.py for tasks to queue
[2024-03-11 22:28:56,466] {logging_mixin.py:115} INFO - [2024-03-11 22:28:56,466] {dagbag.py:507} INFO - Filling up the DagBag from /home/lafuente/airflowAPI/venv/lib/python3.9/site-packages/airflow/example_dags/example_branch_datetime_operator.py
[2024-03-11 22:28:56,478] {processor.py:651} INFO - DAG(s) dict_keys(['example_branch_datetime_operator_2']) retrieved from /home/lafuente/airflowAPI/venv/lib/python3.9/site-packages/airflow/example_dags/example_branch_datetime_operator.py
[2024-03-11 22:28:56,505] {logging_mixin.py:115} INFO - [2024-03-11 22:28:56,505] {dag.py:2379} INFO - Sync 1 DAGs
[2024-03-11 22:28:56,536] {logging_mixin.py:115} INFO - [2024-03-11 22:28:56,536] {dag.py:2927} INFO - Setting next_dagrun for example_branch_datetime_operator_2 to 2024-03-11T00:00:00+00:00, run_after=2024-03-12T00:00:00+00:00
[2024-03-11 22:28:56,557] {processor.py:161} INFO - Processing /home/lafuente/airflowAPI/venv/lib/python3.9/site-packages/airflow/example_dags/example_branch_datetime_operator.py took 0.097 seconds
[2024-03-11 22:29:37,530] {processor.py:153} INFO - Started process (PID=18177) to work on /home/lafuente/airflowAPI/venv/lib/python3.9/site-packages/airflow/example_dags/example_branch_datetime_operator.py
[2024-03-11 22:29:37,532] {processor.py:641} INFO - Processing file /home/lafuente/airflowAPI/venv/lib/python3.9/site-packages/airflow/example_dags/example_branch_datetime_operator.py for tasks to queue
[2024-03-11 22:29:37,534] {logging_mixin.py:115} INFO - [2024-03-11 22:29:37,534] {dagbag.py:507} INFO - Filling up the DagBag from /home/lafuente/airflowAPI/venv/lib/python3.9/site-packages/airflow/example_dags/example_branch_datetime_operator.py
[2024-03-11 22:29:37,558] {processor.py:651} INFO - DAG(s) dict_keys(['example_branch_datetime_operator_2']) retrieved from /home/lafuente/airflowAPI/venv/lib/python3.9/site-packages/airflow/example_dags/example_branch_datetime_operator.py
[2024-03-11 22:29:37,622] {logging_mixin.py:115} INFO - [2024-03-11 22:29:37,622] {dag.py:2379} INFO - Sync 1 DAGs
[2024-03-11 22:29:37,668] {logging_mixin.py:115} INFO - [2024-03-11 22:29:37,668] {dag.py:2927} INFO - Setting next_dagrun for example_branch_datetime_operator_2 to 2024-03-11T00:00:00+00:00, run_after=2024-03-12T00:00:00+00:00
[2024-03-11 22:29:37,698] {processor.py:161} INFO - Processing /home/lafuente/airflowAPI/venv/lib/python3.9/site-packages/airflow/example_dags/example_branch_datetime_operator.py took 0.180 seconds
