[2024-03-11 22:27:12,506] {processor.py:153} INFO - Started process (PID=16860) to work on /home/lafuente/airflowAPI/venv/lib/python3.9/site-packages/airflow/example_dags/example_python_operator.py
[2024-03-11 22:27:12,508] {processor.py:641} INFO - Processing file /home/lafuente/airflowAPI/venv/lib/python3.9/site-packages/airflow/example_dags/example_python_operator.py for tasks to queue
[2024-03-11 22:27:12,509] {logging_mixin.py:115} INFO - [2024-03-11 22:27:12,509] {dagbag.py:507} INFO - Filling up the DagBag from /home/lafuente/airflowAPI/venv/lib/python3.9/site-packages/airflow/example_dags/example_python_operator.py
[2024-03-11 22:27:12,592] {logging_mixin.py:115} INFO - [2024-03-11 22:27:12,591] {example_python_operator.py:68} WARNING - The virtalenv_python example task requires virtualenv, please install it.
[2024-03-11 22:27:12,593] {processor.py:651} INFO - DAG(s) dict_keys(['example_python_operator']) retrieved from /home/lafuente/airflowAPI/venv/lib/python3.9/site-packages/airflow/example_dags/example_python_operator.py
[2024-03-11 22:27:12,725] {logging_mixin.py:115} INFO - [2024-03-11 22:27:12,724] {manager.py:508} INFO - Created Permission View: can edit on DAG:example_python_operator
[2024-03-11 22:27:12,745] {logging_mixin.py:115} INFO - [2024-03-11 22:27:12,744] {manager.py:508} INFO - Created Permission View: can read on DAG:example_python_operator
[2024-03-11 22:27:12,772] {logging_mixin.py:115} INFO - [2024-03-11 22:27:12,771] {manager.py:508} INFO - Created Permission View: can delete on DAG:example_python_operator
[2024-03-11 22:27:12,772] {logging_mixin.py:115} INFO - [2024-03-11 22:27:12,772] {dag.py:2379} INFO - Sync 1 DAGs
[2024-03-11 22:27:12,785] {logging_mixin.py:115} INFO - [2024-03-11 22:27:12,785] {dag.py:2398} INFO - Creating ORM DAG for example_python_operator
[2024-03-11 22:27:12,801] {logging_mixin.py:115} INFO - [2024-03-11 22:27:12,800] {dag.py:2927} INFO - Setting next_dagrun for example_python_operator to None, run_after=None
[2024-03-11 22:27:12,840] {processor.py:161} INFO - Processing /home/lafuente/airflowAPI/venv/lib/python3.9/site-packages/airflow/example_dags/example_python_operator.py took 0.340 seconds
[2024-03-11 22:27:59,063] {processor.py:153} INFO - Started process (PID=17414) to work on /home/lafuente/airflowAPI/venv/lib/python3.9/site-packages/airflow/example_dags/example_python_operator.py
[2024-03-11 22:27:59,066] {processor.py:641} INFO - Processing file /home/lafuente/airflowAPI/venv/lib/python3.9/site-packages/airflow/example_dags/example_python_operator.py for tasks to queue
[2024-03-11 22:27:59,068] {logging_mixin.py:115} INFO - [2024-03-11 22:27:59,067] {dagbag.py:507} INFO - Filling up the DagBag from /home/lafuente/airflowAPI/venv/lib/python3.9/site-packages/airflow/example_dags/example_python_operator.py
[2024-03-11 22:27:59,314] {logging_mixin.py:115} INFO - [2024-03-11 22:27:59,314] {example_python_operator.py:68} WARNING - The virtalenv_python example task requires virtualenv, please install it.
[2024-03-11 22:27:59,315] {processor.py:651} INFO - DAG(s) dict_keys(['example_python_operator']) retrieved from /home/lafuente/airflowAPI/venv/lib/python3.9/site-packages/airflow/example_dags/example_python_operator.py
[2024-03-11 22:27:59,383] {logging_mixin.py:115} INFO - [2024-03-11 22:27:59,383] {dag.py:2379} INFO - Sync 1 DAGs
[2024-03-11 22:27:59,430] {logging_mixin.py:115} INFO - [2024-03-11 22:27:59,430] {dag.py:2927} INFO - Setting next_dagrun for example_python_operator to None, run_after=None
[2024-03-11 22:27:59,469] {processor.py:161} INFO - Processing /home/lafuente/airflowAPI/venv/lib/python3.9/site-packages/airflow/example_dags/example_python_operator.py took 0.434 seconds
[2024-03-11 22:28:42,282] {processor.py:153} INFO - Started process (PID=17773) to work on /home/lafuente/airflowAPI/venv/lib/python3.9/site-packages/airflow/example_dags/example_python_operator.py
[2024-03-11 22:28:42,285] {processor.py:641} INFO - Processing file /home/lafuente/airflowAPI/venv/lib/python3.9/site-packages/airflow/example_dags/example_python_operator.py for tasks to queue
[2024-03-11 22:28:42,286] {logging_mixin.py:115} INFO - [2024-03-11 22:28:42,286] {dagbag.py:507} INFO - Filling up the DagBag from /home/lafuente/airflowAPI/venv/lib/python3.9/site-packages/airflow/example_dags/example_python_operator.py
[2024-03-11 22:28:42,436] {logging_mixin.py:115} INFO - [2024-03-11 22:28:42,435] {example_python_operator.py:68} WARNING - The virtalenv_python example task requires virtualenv, please install it.
[2024-03-11 22:28:42,437] {processor.py:651} INFO - DAG(s) dict_keys(['example_python_operator']) retrieved from /home/lafuente/airflowAPI/venv/lib/python3.9/site-packages/airflow/example_dags/example_python_operator.py
[2024-03-11 22:28:42,510] {logging_mixin.py:115} INFO - [2024-03-11 22:28:42,509] {dag.py:2379} INFO - Sync 1 DAGs
[2024-03-11 22:28:42,567] {logging_mixin.py:115} INFO - [2024-03-11 22:28:42,566] {dag.py:2927} INFO - Setting next_dagrun for example_python_operator to None, run_after=None
[2024-03-11 22:28:42,639] {processor.py:161} INFO - Processing /home/lafuente/airflowAPI/venv/lib/python3.9/site-packages/airflow/example_dags/example_python_operator.py took 0.369 seconds
[2024-03-11 22:29:24,755] {processor.py:153} INFO - Started process (PID=18083) to work on /home/lafuente/airflowAPI/venv/lib/python3.9/site-packages/airflow/example_dags/example_python_operator.py
[2024-03-11 22:29:24,757] {processor.py:641} INFO - Processing file /home/lafuente/airflowAPI/venv/lib/python3.9/site-packages/airflow/example_dags/example_python_operator.py for tasks to queue
[2024-03-11 22:29:24,758] {logging_mixin.py:115} INFO - [2024-03-11 22:29:24,758] {dagbag.py:507} INFO - Filling up the DagBag from /home/lafuente/airflowAPI/venv/lib/python3.9/site-packages/airflow/example_dags/example_python_operator.py
[2024-03-11 22:29:24,836] {logging_mixin.py:115} INFO - [2024-03-11 22:29:24,836] {example_python_operator.py:68} WARNING - The virtalenv_python example task requires virtualenv, please install it.
[2024-03-11 22:29:24,837] {processor.py:651} INFO - DAG(s) dict_keys(['example_python_operator']) retrieved from /home/lafuente/airflowAPI/venv/lib/python3.9/site-packages/airflow/example_dags/example_python_operator.py
[2024-03-11 22:29:24,878] {logging_mixin.py:115} INFO - [2024-03-11 22:29:24,878] {dag.py:2379} INFO - Sync 1 DAGs
[2024-03-11 22:29:24,969] {logging_mixin.py:115} INFO - [2024-03-11 22:29:24,969] {dag.py:2927} INFO - Setting next_dagrun for example_python_operator to None, run_after=None
[2024-03-11 22:29:25,000] {processor.py:161} INFO - Processing /home/lafuente/airflowAPI/venv/lib/python3.9/site-packages/airflow/example_dags/example_python_operator.py took 0.250 seconds
[2024-03-11 22:30:01,714] {processor.py:153} INFO - Started process (PID=18407) to work on /home/lafuente/airflowAPI/venv/lib/python3.9/site-packages/airflow/example_dags/example_python_operator.py
[2024-03-11 22:30:01,716] {processor.py:641} INFO - Processing file /home/lafuente/airflowAPI/venv/lib/python3.9/site-packages/airflow/example_dags/example_python_operator.py for tasks to queue
[2024-03-11 22:30:01,717] {logging_mixin.py:115} INFO - [2024-03-11 22:30:01,717] {dagbag.py:507} INFO - Filling up the DagBag from /home/lafuente/airflowAPI/venv/lib/python3.9/site-packages/airflow/example_dags/example_python_operator.py
[2024-03-11 22:30:01,774] {logging_mixin.py:115} INFO - [2024-03-11 22:30:01,774] {example_python_operator.py:68} WARNING - The virtalenv_python example task requires virtualenv, please install it.
[2024-03-11 22:30:01,775] {processor.py:651} INFO - DAG(s) dict_keys(['example_python_operator']) retrieved from /home/lafuente/airflowAPI/venv/lib/python3.9/site-packages/airflow/example_dags/example_python_operator.py
[2024-03-11 22:30:01,800] {logging_mixin.py:115} INFO - [2024-03-11 22:30:01,800] {dag.py:2379} INFO - Sync 1 DAGs
[2024-03-11 22:30:01,826] {logging_mixin.py:115} INFO - [2024-03-11 22:30:01,826] {dag.py:2927} INFO - Setting next_dagrun for example_python_operator to None, run_after=None
[2024-03-11 22:30:01,850] {processor.py:161} INFO - Processing /home/lafuente/airflowAPI/venv/lib/python3.9/site-packages/airflow/example_dags/example_python_operator.py took 0.148 seconds
[2024-03-11 22:30:45,926] {processor.py:153} INFO - Started process (PID=18914) to work on /home/lafuente/airflowAPI/venv/lib/python3.9/site-packages/airflow/example_dags/example_python_operator.py
[2024-03-11 22:30:45,929] {processor.py:641} INFO - Processing file /home/lafuente/airflowAPI/venv/lib/python3.9/site-packages/airflow/example_dags/example_python_operator.py for tasks to queue
[2024-03-11 22:30:45,930] {logging_mixin.py:115} INFO - [2024-03-11 22:30:45,930] {dagbag.py:507} INFO - Filling up the DagBag from /home/lafuente/airflowAPI/venv/lib/python3.9/site-packages/airflow/example_dags/example_python_operator.py
[2024-03-11 22:30:45,997] {logging_mixin.py:115} INFO - [2024-03-11 22:30:45,997] {example_python_operator.py:68} WARNING - The virtalenv_python example task requires virtualenv, please install it.
[2024-03-11 22:30:45,998] {processor.py:651} INFO - DAG(s) dict_keys(['example_python_operator']) retrieved from /home/lafuente/airflowAPI/venv/lib/python3.9/site-packages/airflow/example_dags/example_python_operator.py
[2024-03-11 22:30:46,033] {logging_mixin.py:115} INFO - [2024-03-11 22:30:46,033] {dag.py:2379} INFO - Sync 1 DAGs
[2024-03-11 22:30:46,066] {logging_mixin.py:115} INFO - [2024-03-11 22:30:46,066] {dag.py:2927} INFO - Setting next_dagrun for example_python_operator to None, run_after=None
[2024-03-11 22:30:46,091] {processor.py:161} INFO - Processing /home/lafuente/airflowAPI/venv/lib/python3.9/site-packages/airflow/example_dags/example_python_operator.py took 0.169 seconds
[2024-03-11 22:31:30,724] {processor.py:153} INFO - Started process (PID=19400) to work on /home/lafuente/airflowAPI/venv/lib/python3.9/site-packages/airflow/example_dags/example_python_operator.py
[2024-03-11 22:31:30,727] {processor.py:641} INFO - Processing file /home/lafuente/airflowAPI/venv/lib/python3.9/site-packages/airflow/example_dags/example_python_operator.py for tasks to queue
[2024-03-11 22:31:30,728] {logging_mixin.py:115} INFO - [2024-03-11 22:31:30,728] {dagbag.py:507} INFO - Filling up the DagBag from /home/lafuente/airflowAPI/venv/lib/python3.9/site-packages/airflow/example_dags/example_python_operator.py
[2024-03-11 22:31:30,830] {logging_mixin.py:115} INFO - [2024-03-11 22:31:30,829] {example_python_operator.py:68} WARNING - The virtalenv_python example task requires virtualenv, please install it.
[2024-03-11 22:31:30,830] {processor.py:651} INFO - DAG(s) dict_keys(['example_python_operator']) retrieved from /home/lafuente/airflowAPI/venv/lib/python3.9/site-packages/airflow/example_dags/example_python_operator.py
[2024-03-11 22:31:30,886] {logging_mixin.py:115} INFO - [2024-03-11 22:31:30,885] {dag.py:2379} INFO - Sync 1 DAGs
[2024-03-11 22:31:30,938] {logging_mixin.py:115} INFO - [2024-03-11 22:31:30,938] {dag.py:2927} INFO - Setting next_dagrun for example_python_operator to None, run_after=None
[2024-03-11 22:31:30,976] {processor.py:161} INFO - Processing /home/lafuente/airflowAPI/venv/lib/python3.9/site-packages/airflow/example_dags/example_python_operator.py took 0.259 seconds
[2024-03-11 22:32:16,250] {processor.py:153} INFO - Started process (PID=19736) to work on /home/lafuente/airflowAPI/venv/lib/python3.9/site-packages/airflow/example_dags/example_python_operator.py
[2024-03-11 22:32:16,252] {processor.py:641} INFO - Processing file /home/lafuente/airflowAPI/venv/lib/python3.9/site-packages/airflow/example_dags/example_python_operator.py for tasks to queue
[2024-03-11 22:32:16,253] {logging_mixin.py:115} INFO - [2024-03-11 22:32:16,253] {dagbag.py:507} INFO - Filling up the DagBag from /home/lafuente/airflowAPI/venv/lib/python3.9/site-packages/airflow/example_dags/example_python_operator.py
[2024-03-11 22:32:16,310] {logging_mixin.py:115} INFO - [2024-03-11 22:32:16,310] {example_python_operator.py:68} WARNING - The virtalenv_python example task requires virtualenv, please install it.
[2024-03-11 22:32:16,311] {processor.py:651} INFO - DAG(s) dict_keys(['example_python_operator']) retrieved from /home/lafuente/airflowAPI/venv/lib/python3.9/site-packages/airflow/example_dags/example_python_operator.py
[2024-03-11 22:32:16,344] {logging_mixin.py:115} INFO - [2024-03-11 22:32:16,344] {dag.py:2379} INFO - Sync 1 DAGs
[2024-03-11 22:32:16,372] {logging_mixin.py:115} INFO - [2024-03-11 22:32:16,372] {dag.py:2927} INFO - Setting next_dagrun for example_python_operator to None, run_after=None
[2024-03-11 22:32:16,393] {processor.py:161} INFO - Processing /home/lafuente/airflowAPI/venv/lib/python3.9/site-packages/airflow/example_dags/example_python_operator.py took 0.148 seconds
[2024-03-11 22:32:54,317] {processor.py:153} INFO - Started process (PID=19976) to work on /home/lafuente/airflowAPI/venv/lib/python3.9/site-packages/airflow/example_dags/example_python_operator.py
[2024-03-11 22:32:54,320] {processor.py:641} INFO - Processing file /home/lafuente/airflowAPI/venv/lib/python3.9/site-packages/airflow/example_dags/example_python_operator.py for tasks to queue
[2024-03-11 22:32:54,321] {logging_mixin.py:115} INFO - [2024-03-11 22:32:54,320] {dagbag.py:507} INFO - Filling up the DagBag from /home/lafuente/airflowAPI/venv/lib/python3.9/site-packages/airflow/example_dags/example_python_operator.py
[2024-03-11 22:32:54,393] {logging_mixin.py:115} INFO - [2024-03-11 22:32:54,393] {example_python_operator.py:68} WARNING - The virtalenv_python example task requires virtualenv, please install it.
[2024-03-11 22:32:54,394] {processor.py:651} INFO - DAG(s) dict_keys(['example_python_operator']) retrieved from /home/lafuente/airflowAPI/venv/lib/python3.9/site-packages/airflow/example_dags/example_python_operator.py
[2024-03-11 22:32:54,425] {logging_mixin.py:115} INFO - [2024-03-11 22:32:54,425] {dag.py:2379} INFO - Sync 1 DAGs
[2024-03-11 22:32:54,455] {logging_mixin.py:115} INFO - [2024-03-11 22:32:54,454] {dag.py:2927} INFO - Setting next_dagrun for example_python_operator to None, run_after=None
[2024-03-11 22:32:54,477] {processor.py:161} INFO - Processing /home/lafuente/airflowAPI/venv/lib/python3.9/site-packages/airflow/example_dags/example_python_operator.py took 0.165 seconds
[2024-03-11 22:33:33,158] {processor.py:153} INFO - Started process (PID=20214) to work on /home/lafuente/airflowAPI/venv/lib/python3.9/site-packages/airflow/example_dags/example_python_operator.py
[2024-03-11 22:33:33,160] {processor.py:641} INFO - Processing file /home/lafuente/airflowAPI/venv/lib/python3.9/site-packages/airflow/example_dags/example_python_operator.py for tasks to queue
[2024-03-11 22:33:33,161] {logging_mixin.py:115} INFO - [2024-03-11 22:33:33,161] {dagbag.py:507} INFO - Filling up the DagBag from /home/lafuente/airflowAPI/venv/lib/python3.9/site-packages/airflow/example_dags/example_python_operator.py
[2024-03-11 22:33:33,228] {logging_mixin.py:115} INFO - [2024-03-11 22:33:33,228] {example_python_operator.py:68} WARNING - The virtalenv_python example task requires virtualenv, please install it.
[2024-03-11 22:33:33,229] {processor.py:651} INFO - DAG(s) dict_keys(['example_python_operator']) retrieved from /home/lafuente/airflowAPI/venv/lib/python3.9/site-packages/airflow/example_dags/example_python_operator.py
[2024-03-11 22:33:33,259] {logging_mixin.py:115} INFO - [2024-03-11 22:33:33,259] {dag.py:2379} INFO - Sync 1 DAGs
[2024-03-11 22:33:33,287] {logging_mixin.py:115} INFO - [2024-03-11 22:33:33,286] {dag.py:2927} INFO - Setting next_dagrun for example_python_operator to None, run_after=None
[2024-03-11 22:33:33,307] {processor.py:161} INFO - Processing /home/lafuente/airflowAPI/venv/lib/python3.9/site-packages/airflow/example_dags/example_python_operator.py took 0.157 seconds
[2024-03-11 22:34:10,564] {processor.py:153} INFO - Started process (PID=20446) to work on /home/lafuente/airflowAPI/venv/lib/python3.9/site-packages/airflow/example_dags/example_python_operator.py
[2024-03-11 22:34:10,567] {processor.py:641} INFO - Processing file /home/lafuente/airflowAPI/venv/lib/python3.9/site-packages/airflow/example_dags/example_python_operator.py for tasks to queue
[2024-03-11 22:34:10,569] {logging_mixin.py:115} INFO - [2024-03-11 22:34:10,568] {dagbag.py:507} INFO - Filling up the DagBag from /home/lafuente/airflowAPI/venv/lib/python3.9/site-packages/airflow/example_dags/example_python_operator.py
[2024-03-11 22:34:10,642] {logging_mixin.py:115} INFO - [2024-03-11 22:34:10,642] {example_python_operator.py:68} WARNING - The virtalenv_python example task requires virtualenv, please install it.
[2024-03-11 22:34:10,643] {processor.py:651} INFO - DAG(s) dict_keys(['example_python_operator']) retrieved from /home/lafuente/airflowAPI/venv/lib/python3.9/site-packages/airflow/example_dags/example_python_operator.py
[2024-03-11 22:34:10,671] {logging_mixin.py:115} INFO - [2024-03-11 22:34:10,671] {dag.py:2379} INFO - Sync 1 DAGs
[2024-03-11 22:34:10,698] {logging_mixin.py:115} INFO - [2024-03-11 22:34:10,697] {dag.py:2927} INFO - Setting next_dagrun for example_python_operator to None, run_after=None
[2024-03-11 22:34:10,718] {processor.py:161} INFO - Processing /home/lafuente/airflowAPI/venv/lib/python3.9/site-packages/airflow/example_dags/example_python_operator.py took 0.161 seconds
[2024-03-11 22:34:54,132] {processor.py:153} INFO - Started process (PID=20840) to work on /home/lafuente/airflowAPI/venv/lib/python3.9/site-packages/airflow/example_dags/example_python_operator.py
[2024-03-11 22:34:54,135] {processor.py:641} INFO - Processing file /home/lafuente/airflowAPI/venv/lib/python3.9/site-packages/airflow/example_dags/example_python_operator.py for tasks to queue
[2024-03-11 22:34:54,136] {logging_mixin.py:115} INFO - [2024-03-11 22:34:54,136] {dagbag.py:507} INFO - Filling up the DagBag from /home/lafuente/airflowAPI/venv/lib/python3.9/site-packages/airflow/example_dags/example_python_operator.py
[2024-03-11 22:34:54,239] {logging_mixin.py:115} INFO - [2024-03-11 22:34:54,238] {example_python_operator.py:68} WARNING - The virtalenv_python example task requires virtualenv, please install it.
[2024-03-11 22:34:54,240] {processor.py:651} INFO - DAG(s) dict_keys(['example_python_operator']) retrieved from /home/lafuente/airflowAPI/venv/lib/python3.9/site-packages/airflow/example_dags/example_python_operator.py
[2024-03-11 22:34:54,280] {logging_mixin.py:115} INFO - [2024-03-11 22:34:54,280] {dag.py:2379} INFO - Sync 1 DAGs
[2024-03-11 22:34:54,325] {logging_mixin.py:115} INFO - [2024-03-11 22:34:54,325] {dag.py:2927} INFO - Setting next_dagrun for example_python_operator to None, run_after=None
[2024-03-11 22:34:54,370] {processor.py:161} INFO - Processing /home/lafuente/airflowAPI/venv/lib/python3.9/site-packages/airflow/example_dags/example_python_operator.py took 0.249 seconds
[2024-03-11 22:35:34,235] {processor.py:153} INFO - Started process (PID=21112) to work on /home/lafuente/airflowAPI/venv/lib/python3.9/site-packages/airflow/example_dags/example_python_operator.py
[2024-03-11 22:35:34,238] {processor.py:641} INFO - Processing file /home/lafuente/airflowAPI/venv/lib/python3.9/site-packages/airflow/example_dags/example_python_operator.py for tasks to queue
[2024-03-11 22:35:34,239] {logging_mixin.py:115} INFO - [2024-03-11 22:35:34,239] {dagbag.py:507} INFO - Filling up the DagBag from /home/lafuente/airflowAPI/venv/lib/python3.9/site-packages/airflow/example_dags/example_python_operator.py
[2024-03-11 22:35:34,300] {logging_mixin.py:115} INFO - [2024-03-11 22:35:34,300] {example_python_operator.py:68} WARNING - The virtalenv_python example task requires virtualenv, please install it.
[2024-03-11 22:35:34,301] {processor.py:651} INFO - DAG(s) dict_keys(['example_python_operator']) retrieved from /home/lafuente/airflowAPI/venv/lib/python3.9/site-packages/airflow/example_dags/example_python_operator.py
[2024-03-11 22:35:34,325] {logging_mixin.py:115} INFO - [2024-03-11 22:35:34,325] {dag.py:2379} INFO - Sync 1 DAGs
[2024-03-11 22:35:34,351] {logging_mixin.py:115} INFO - [2024-03-11 22:35:34,351] {dag.py:2927} INFO - Setting next_dagrun for example_python_operator to None, run_after=None
[2024-03-11 22:35:34,375] {processor.py:161} INFO - Processing /home/lafuente/airflowAPI/venv/lib/python3.9/site-packages/airflow/example_dags/example_python_operator.py took 0.149 seconds
[2024-03-11 22:36:09,915] {processor.py:153} INFO - Started process (PID=21513) to work on /home/lafuente/airflowAPI/venv/lib/python3.9/site-packages/airflow/example_dags/example_python_operator.py
[2024-03-11 22:36:09,916] {processor.py:641} INFO - Processing file /home/lafuente/airflowAPI/venv/lib/python3.9/site-packages/airflow/example_dags/example_python_operator.py for tasks to queue
[2024-03-11 22:36:09,918] {logging_mixin.py:115} INFO - [2024-03-11 22:36:09,917] {dagbag.py:507} INFO - Filling up the DagBag from /home/lafuente/airflowAPI/venv/lib/python3.9/site-packages/airflow/example_dags/example_python_operator.py
[2024-03-11 22:36:09,997] {logging_mixin.py:115} INFO - [2024-03-11 22:36:09,997] {example_python_operator.py:68} WARNING - The virtalenv_python example task requires virtualenv, please install it.
[2024-03-11 22:36:09,998] {processor.py:651} INFO - DAG(s) dict_keys(['example_python_operator']) retrieved from /home/lafuente/airflowAPI/venv/lib/python3.9/site-packages/airflow/example_dags/example_python_operator.py
[2024-03-11 22:36:10,029] {logging_mixin.py:115} INFO - [2024-03-11 22:36:10,029] {dag.py:2379} INFO - Sync 1 DAGs
[2024-03-11 22:36:10,069] {logging_mixin.py:115} INFO - [2024-03-11 22:36:10,068] {dag.py:2927} INFO - Setting next_dagrun for example_python_operator to None, run_after=None
[2024-03-11 22:36:10,101] {processor.py:161} INFO - Processing /home/lafuente/airflowAPI/venv/lib/python3.9/site-packages/airflow/example_dags/example_python_operator.py took 0.195 seconds
[2024-03-11 22:36:54,558] {processor.py:153} INFO - Started process (PID=21987) to work on /home/lafuente/airflowAPI/venv/lib/python3.9/site-packages/airflow/example_dags/example_python_operator.py
[2024-03-11 22:36:54,569] {processor.py:641} INFO - Processing file /home/lafuente/airflowAPI/venv/lib/python3.9/site-packages/airflow/example_dags/example_python_operator.py for tasks to queue
[2024-03-11 22:36:54,571] {logging_mixin.py:115} INFO - [2024-03-11 22:36:54,571] {dagbag.py:507} INFO - Filling up the DagBag from /home/lafuente/airflowAPI/venv/lib/python3.9/site-packages/airflow/example_dags/example_python_operator.py
[2024-03-11 22:36:54,773] {logging_mixin.py:115} INFO - [2024-03-11 22:36:54,773] {example_python_operator.py:68} WARNING - The virtalenv_python example task requires virtualenv, please install it.
[2024-03-11 22:36:54,775] {processor.py:651} INFO - DAG(s) dict_keys(['example_python_operator']) retrieved from /home/lafuente/airflowAPI/venv/lib/python3.9/site-packages/airflow/example_dags/example_python_operator.py
[2024-03-11 22:36:54,823] {logging_mixin.py:115} INFO - [2024-03-11 22:36:54,823] {dag.py:2379} INFO - Sync 1 DAGs
[2024-03-11 22:36:54,889] {logging_mixin.py:115} INFO - [2024-03-11 22:36:54,889] {dag.py:2927} INFO - Setting next_dagrun for example_python_operator to None, run_after=None
[2024-03-11 22:36:54,930] {processor.py:161} INFO - Processing /home/lafuente/airflowAPI/venv/lib/python3.9/site-packages/airflow/example_dags/example_python_operator.py took 0.393 seconds
[2024-03-11 22:37:32,693] {processor.py:153} INFO - Started process (PID=22422) to work on /home/lafuente/airflowAPI/venv/lib/python3.9/site-packages/airflow/example_dags/example_python_operator.py
[2024-03-11 22:37:32,697] {processor.py:641} INFO - Processing file /home/lafuente/airflowAPI/venv/lib/python3.9/site-packages/airflow/example_dags/example_python_operator.py for tasks to queue
[2024-03-11 22:37:32,698] {logging_mixin.py:115} INFO - [2024-03-11 22:37:32,698] {dagbag.py:507} INFO - Filling up the DagBag from /home/lafuente/airflowAPI/venv/lib/python3.9/site-packages/airflow/example_dags/example_python_operator.py
[2024-03-11 22:37:32,785] {logging_mixin.py:115} INFO - [2024-03-11 22:37:32,784] {example_python_operator.py:68} WARNING - The virtalenv_python example task requires virtualenv, please install it.
[2024-03-11 22:37:32,786] {processor.py:651} INFO - DAG(s) dict_keys(['example_python_operator']) retrieved from /home/lafuente/airflowAPI/venv/lib/python3.9/site-packages/airflow/example_dags/example_python_operator.py
[2024-03-11 22:37:32,836] {logging_mixin.py:115} INFO - [2024-03-11 22:37:32,836] {dag.py:2379} INFO - Sync 1 DAGs
[2024-03-11 22:37:32,877] {logging_mixin.py:115} INFO - [2024-03-11 22:37:32,877] {dag.py:2927} INFO - Setting next_dagrun for example_python_operator to None, run_after=None
[2024-03-11 22:37:32,905] {processor.py:161} INFO - Processing /home/lafuente/airflowAPI/venv/lib/python3.9/site-packages/airflow/example_dags/example_python_operator.py took 0.217 seconds
[2024-03-11 22:38:14,622] {processor.py:153} INFO - Started process (PID=22734) to work on /home/lafuente/airflowAPI/venv/lib/python3.9/site-packages/airflow/example_dags/example_python_operator.py
[2024-03-11 22:38:14,624] {processor.py:641} INFO - Processing file /home/lafuente/airflowAPI/venv/lib/python3.9/site-packages/airflow/example_dags/example_python_operator.py for tasks to queue
[2024-03-11 22:38:14,625] {logging_mixin.py:115} INFO - [2024-03-11 22:38:14,625] {dagbag.py:507} INFO - Filling up the DagBag from /home/lafuente/airflowAPI/venv/lib/python3.9/site-packages/airflow/example_dags/example_python_operator.py
[2024-03-11 22:38:14,688] {logging_mixin.py:115} INFO - [2024-03-11 22:38:14,688] {example_python_operator.py:68} WARNING - The virtalenv_python example task requires virtualenv, please install it.
[2024-03-11 22:38:14,689] {processor.py:651} INFO - DAG(s) dict_keys(['example_python_operator']) retrieved from /home/lafuente/airflowAPI/venv/lib/python3.9/site-packages/airflow/example_dags/example_python_operator.py
[2024-03-11 22:38:14,722] {logging_mixin.py:115} INFO - [2024-03-11 22:38:14,722] {dag.py:2379} INFO - Sync 1 DAGs
[2024-03-11 22:38:14,796] {logging_mixin.py:115} INFO - [2024-03-11 22:38:14,795] {dag.py:2927} INFO - Setting next_dagrun for example_python_operator to None, run_after=None
[2024-03-11 22:38:14,834] {processor.py:161} INFO - Processing /home/lafuente/airflowAPI/venv/lib/python3.9/site-packages/airflow/example_dags/example_python_operator.py took 0.217 seconds
