[2024-03-11 22:27:01,661] {processor.py:153} INFO - Started process (PID=16740) to work on /home/lafuente/airflowAPI/venv/lib/python3.9/site-packages/airflow/example_dags/example_task_group_decorator.py
[2024-03-11 22:27:01,662] {processor.py:641} INFO - Processing file /home/lafuente/airflowAPI/venv/lib/python3.9/site-packages/airflow/example_dags/example_task_group_decorator.py for tasks to queue
[2024-03-11 22:27:01,663] {logging_mixin.py:115} INFO - [2024-03-11 22:27:01,663] {dagbag.py:507} INFO - Filling up the DagBag from /home/lafuente/airflowAPI/venv/lib/python3.9/site-packages/airflow/example_dags/example_task_group_decorator.py
[2024-03-11 22:27:01,731] {processor.py:651} INFO - DAG(s) dict_keys(['example_task_group_decorator']) retrieved from /home/lafuente/airflowAPI/venv/lib/python3.9/site-packages/airflow/example_dags/example_task_group_decorator.py
[2024-03-11 22:27:01,929] {logging_mixin.py:115} INFO - [2024-03-11 22:27:01,929] {manager.py:508} INFO - Created Permission View: can edit on DAG:example_task_group_decorator
[2024-03-11 22:27:01,984] {logging_mixin.py:115} INFO - [2024-03-11 22:27:01,984] {manager.py:508} INFO - Created Permission View: can read on DAG:example_task_group_decorator
[2024-03-11 22:27:02,031] {logging_mixin.py:115} INFO - [2024-03-11 22:27:02,031] {manager.py:508} INFO - Created Permission View: can delete on DAG:example_task_group_decorator
[2024-03-11 22:27:02,032] {logging_mixin.py:115} INFO - [2024-03-11 22:27:02,032] {dag.py:2379} INFO - Sync 1 DAGs
[2024-03-11 22:27:02,085] {logging_mixin.py:115} INFO - [2024-03-11 22:27:02,085] {dag.py:2398} INFO - Creating ORM DAG for example_task_group_decorator
[2024-03-11 22:27:02,159] {logging_mixin.py:115} INFO - [2024-03-11 22:27:02,159] {dag.py:2927} INFO - Setting next_dagrun for example_task_group_decorator to 2024-03-11T01:27:02.158282+00:00, run_after=2024-03-12T01:27:02.158282+00:00
[2024-03-11 22:27:02,306] {processor.py:161} INFO - Processing /home/lafuente/airflowAPI/venv/lib/python3.9/site-packages/airflow/example_dags/example_task_group_decorator.py took 0.650 seconds
[2024-03-11 22:27:50,450] {processor.py:153} INFO - Started process (PID=17302) to work on /home/lafuente/airflowAPI/venv/lib/python3.9/site-packages/airflow/example_dags/example_task_group_decorator.py
[2024-03-11 22:27:50,453] {processor.py:641} INFO - Processing file /home/lafuente/airflowAPI/venv/lib/python3.9/site-packages/airflow/example_dags/example_task_group_decorator.py for tasks to queue
[2024-03-11 22:27:50,454] {logging_mixin.py:115} INFO - [2024-03-11 22:27:50,454] {dagbag.py:507} INFO - Filling up the DagBag from /home/lafuente/airflowAPI/venv/lib/python3.9/site-packages/airflow/example_dags/example_task_group_decorator.py
[2024-03-11 22:27:50,603] {processor.py:651} INFO - DAG(s) dict_keys(['example_task_group_decorator']) retrieved from /home/lafuente/airflowAPI/venv/lib/python3.9/site-packages/airflow/example_dags/example_task_group_decorator.py
[2024-03-11 22:27:50,762] {logging_mixin.py:115} INFO - [2024-03-11 22:27:50,761] {dag.py:2379} INFO - Sync 1 DAGs
[2024-03-11 22:27:50,795] {logging_mixin.py:115} INFO - [2024-03-11 22:27:50,795] {dag.py:2927} INFO - Setting next_dagrun for example_task_group_decorator to 2024-03-11T01:27:50.794982+00:00, run_after=2024-03-12T01:27:50.794982+00:00
[2024-03-11 22:27:50,824] {processor.py:161} INFO - Processing /home/lafuente/airflowAPI/venv/lib/python3.9/site-packages/airflow/example_dags/example_task_group_decorator.py took 0.392 seconds
[2024-03-11 22:28:31,685] {processor.py:153} INFO - Started process (PID=17619) to work on /home/lafuente/airflowAPI/venv/lib/python3.9/site-packages/airflow/example_dags/example_task_group_decorator.py
[2024-03-11 22:28:31,688] {processor.py:641} INFO - Processing file /home/lafuente/airflowAPI/venv/lib/python3.9/site-packages/airflow/example_dags/example_task_group_decorator.py for tasks to queue
[2024-03-11 22:28:31,692] {logging_mixin.py:115} INFO - [2024-03-11 22:28:31,692] {dagbag.py:507} INFO - Filling up the DagBag from /home/lafuente/airflowAPI/venv/lib/python3.9/site-packages/airflow/example_dags/example_task_group_decorator.py
[2024-03-11 22:28:31,744] {processor.py:651} INFO - DAG(s) dict_keys(['example_task_group_decorator']) retrieved from /home/lafuente/airflowAPI/venv/lib/python3.9/site-packages/airflow/example_dags/example_task_group_decorator.py
[2024-03-11 22:28:31,791] {logging_mixin.py:115} INFO - [2024-03-11 22:28:31,791] {dag.py:2379} INFO - Sync 1 DAGs
[2024-03-11 22:28:31,825] {logging_mixin.py:115} INFO - [2024-03-11 22:28:31,825] {dag.py:2927} INFO - Setting next_dagrun for example_task_group_decorator to 2024-03-11T01:28:31.824571+00:00, run_after=2024-03-12T01:28:31.824571+00:00
[2024-03-11 22:28:31,857] {processor.py:161} INFO - Processing /home/lafuente/airflowAPI/venv/lib/python3.9/site-packages/airflow/example_dags/example_task_group_decorator.py took 0.179 seconds
[2024-03-11 22:29:13,001] {processor.py:153} INFO - Started process (PID=18011) to work on /home/lafuente/airflowAPI/venv/lib/python3.9/site-packages/airflow/example_dags/example_task_group_decorator.py
[2024-03-11 22:29:13,003] {processor.py:641} INFO - Processing file /home/lafuente/airflowAPI/venv/lib/python3.9/site-packages/airflow/example_dags/example_task_group_decorator.py for tasks to queue
[2024-03-11 22:29:13,003] {logging_mixin.py:115} INFO - [2024-03-11 22:29:13,003] {dagbag.py:507} INFO - Filling up the DagBag from /home/lafuente/airflowAPI/venv/lib/python3.9/site-packages/airflow/example_dags/example_task_group_decorator.py
[2024-03-11 22:29:13,060] {processor.py:651} INFO - DAG(s) dict_keys(['example_task_group_decorator']) retrieved from /home/lafuente/airflowAPI/venv/lib/python3.9/site-packages/airflow/example_dags/example_task_group_decorator.py
[2024-03-11 22:29:13,163] {logging_mixin.py:115} INFO - [2024-03-11 22:29:13,162] {dag.py:2379} INFO - Sync 1 DAGs
[2024-03-11 22:29:13,191] {logging_mixin.py:115} INFO - [2024-03-11 22:29:13,190] {dag.py:2927} INFO - Setting next_dagrun for example_task_group_decorator to 2024-03-11T01:29:13.189454+00:00, run_after=2024-03-12T01:29:13.189454+00:00
[2024-03-11 22:29:13,224] {processor.py:161} INFO - Processing /home/lafuente/airflowAPI/venv/lib/python3.9/site-packages/airflow/example_dags/example_task_group_decorator.py took 0.229 seconds
[2024-03-11 22:29:51,398] {processor.py:153} INFO - Started process (PID=18316) to work on /home/lafuente/airflowAPI/venv/lib/python3.9/site-packages/airflow/example_dags/example_task_group_decorator.py
[2024-03-11 22:29:51,400] {processor.py:641} INFO - Processing file /home/lafuente/airflowAPI/venv/lib/python3.9/site-packages/airflow/example_dags/example_task_group_decorator.py for tasks to queue
[2024-03-11 22:29:51,401] {logging_mixin.py:115} INFO - [2024-03-11 22:29:51,401] {dagbag.py:507} INFO - Filling up the DagBag from /home/lafuente/airflowAPI/venv/lib/python3.9/site-packages/airflow/example_dags/example_task_group_decorator.py
[2024-03-11 22:29:51,439] {processor.py:651} INFO - DAG(s) dict_keys(['example_task_group_decorator']) retrieved from /home/lafuente/airflowAPI/venv/lib/python3.9/site-packages/airflow/example_dags/example_task_group_decorator.py
[2024-03-11 22:29:51,514] {logging_mixin.py:115} INFO - [2024-03-11 22:29:51,514] {dag.py:2379} INFO - Sync 1 DAGs
[2024-03-11 22:29:51,540] {logging_mixin.py:115} INFO - [2024-03-11 22:29:51,540] {dag.py:2927} INFO - Setting next_dagrun for example_task_group_decorator to 2024-03-11T01:29:51.539561+00:00, run_after=2024-03-12T01:29:51.539561+00:00
[2024-03-11 22:29:51,565] {processor.py:161} INFO - Processing /home/lafuente/airflowAPI/venv/lib/python3.9/site-packages/airflow/example_dags/example_task_group_decorator.py took 0.171 seconds
[2024-03-11 22:30:24,889] {processor.py:153} INFO - Started process (PID=18638) to work on /home/lafuente/airflowAPI/venv/lib/python3.9/site-packages/airflow/example_dags/example_task_group_decorator.py
[2024-03-11 22:30:24,893] {processor.py:641} INFO - Processing file /home/lafuente/airflowAPI/venv/lib/python3.9/site-packages/airflow/example_dags/example_task_group_decorator.py for tasks to queue
[2024-03-11 22:30:24,895] {logging_mixin.py:115} INFO - [2024-03-11 22:30:24,894] {dagbag.py:507} INFO - Filling up the DagBag from /home/lafuente/airflowAPI/venv/lib/python3.9/site-packages/airflow/example_dags/example_task_group_decorator.py
[2024-03-11 22:30:24,950] {processor.py:651} INFO - DAG(s) dict_keys(['example_task_group_decorator']) retrieved from /home/lafuente/airflowAPI/venv/lib/python3.9/site-packages/airflow/example_dags/example_task_group_decorator.py
[2024-03-11 22:30:25,041] {logging_mixin.py:115} INFO - [2024-03-11 22:30:25,041] {dag.py:2379} INFO - Sync 1 DAGs
[2024-03-11 22:30:25,067] {logging_mixin.py:115} INFO - [2024-03-11 22:30:25,067] {dag.py:2927} INFO - Setting next_dagrun for example_task_group_decorator to 2024-03-11T01:30:25.067125+00:00, run_after=2024-03-12T01:30:25.067125+00:00
[2024-03-11 22:30:25,094] {processor.py:161} INFO - Processing /home/lafuente/airflowAPI/venv/lib/python3.9/site-packages/airflow/example_dags/example_task_group_decorator.py took 0.213 seconds
[2024-03-11 22:31:09,519] {processor.py:153} INFO - Started process (PID=19160) to work on /home/lafuente/airflowAPI/venv/lib/python3.9/site-packages/airflow/example_dags/example_task_group_decorator.py
[2024-03-11 22:31:09,522] {processor.py:641} INFO - Processing file /home/lafuente/airflowAPI/venv/lib/python3.9/site-packages/airflow/example_dags/example_task_group_decorator.py for tasks to queue
[2024-03-11 22:31:09,527] {logging_mixin.py:115} INFO - [2024-03-11 22:31:09,526] {dagbag.py:507} INFO - Filling up the DagBag from /home/lafuente/airflowAPI/venv/lib/python3.9/site-packages/airflow/example_dags/example_task_group_decorator.py
[2024-03-11 22:31:09,688] {processor.py:651} INFO - DAG(s) dict_keys(['example_task_group_decorator']) retrieved from /home/lafuente/airflowAPI/venv/lib/python3.9/site-packages/airflow/example_dags/example_task_group_decorator.py
[2024-03-11 22:31:10,022] {logging_mixin.py:115} INFO - [2024-03-11 22:31:10,022] {dag.py:2379} INFO - Sync 1 DAGs
[2024-03-11 22:31:10,139] {logging_mixin.py:115} INFO - [2024-03-11 22:31:10,139] {dag.py:2927} INFO - Setting next_dagrun for example_task_group_decorator to 2024-03-11T01:31:10.138335+00:00, run_after=2024-03-12T01:31:10.138335+00:00
[2024-03-11 22:31:10,205] {processor.py:161} INFO - Processing /home/lafuente/airflowAPI/venv/lib/python3.9/site-packages/airflow/example_dags/example_task_group_decorator.py took 0.719 seconds
[2024-03-11 22:31:51,342] {processor.py:153} INFO - Started process (PID=19585) to work on /home/lafuente/airflowAPI/venv/lib/python3.9/site-packages/airflow/example_dags/example_task_group_decorator.py
[2024-03-11 22:31:51,344] {processor.py:641} INFO - Processing file /home/lafuente/airflowAPI/venv/lib/python3.9/site-packages/airflow/example_dags/example_task_group_decorator.py for tasks to queue
[2024-03-11 22:31:51,345] {logging_mixin.py:115} INFO - [2024-03-11 22:31:51,345] {dagbag.py:507} INFO - Filling up the DagBag from /home/lafuente/airflowAPI/venv/lib/python3.9/site-packages/airflow/example_dags/example_task_group_decorator.py
[2024-03-11 22:31:51,401] {processor.py:651} INFO - DAG(s) dict_keys(['example_task_group_decorator']) retrieved from /home/lafuente/airflowAPI/venv/lib/python3.9/site-packages/airflow/example_dags/example_task_group_decorator.py
[2024-03-11 22:31:51,517] {logging_mixin.py:115} INFO - [2024-03-11 22:31:51,517] {dag.py:2379} INFO - Sync 1 DAGs
[2024-03-11 22:31:51,551] {logging_mixin.py:115} INFO - [2024-03-11 22:31:51,550] {dag.py:2927} INFO - Setting next_dagrun for example_task_group_decorator to 2024-03-11T01:31:51.550489+00:00, run_after=2024-03-12T01:31:51.550489+00:00
[2024-03-11 22:31:51,586] {processor.py:161} INFO - Processing /home/lafuente/airflowAPI/venv/lib/python3.9/site-packages/airflow/example_dags/example_task_group_decorator.py took 0.250 seconds
[2024-03-11 22:32:36,071] {processor.py:153} INFO - Started process (PID=19859) to work on /home/lafuente/airflowAPI/venv/lib/python3.9/site-packages/airflow/example_dags/example_task_group_decorator.py
[2024-03-11 22:32:36,073] {processor.py:641} INFO - Processing file /home/lafuente/airflowAPI/venv/lib/python3.9/site-packages/airflow/example_dags/example_task_group_decorator.py for tasks to queue
[2024-03-11 22:32:36,074] {logging_mixin.py:115} INFO - [2024-03-11 22:32:36,074] {dagbag.py:507} INFO - Filling up the DagBag from /home/lafuente/airflowAPI/venv/lib/python3.9/site-packages/airflow/example_dags/example_task_group_decorator.py
[2024-03-11 22:32:36,111] {processor.py:651} INFO - DAG(s) dict_keys(['example_task_group_decorator']) retrieved from /home/lafuente/airflowAPI/venv/lib/python3.9/site-packages/airflow/example_dags/example_task_group_decorator.py
[2024-03-11 22:32:36,189] {logging_mixin.py:115} INFO - [2024-03-11 22:32:36,189] {dag.py:2379} INFO - Sync 1 DAGs
[2024-03-11 22:32:36,213] {logging_mixin.py:115} INFO - [2024-03-11 22:32:36,213] {dag.py:2927} INFO - Setting next_dagrun for example_task_group_decorator to 2024-03-11T01:32:36.212604+00:00, run_after=2024-03-12T01:32:36.212604+00:00
[2024-03-11 22:32:36,236] {processor.py:161} INFO - Processing /home/lafuente/airflowAPI/venv/lib/python3.9/site-packages/airflow/example_dags/example_task_group_decorator.py took 0.170 seconds
[2024-03-11 22:33:12,792] {processor.py:153} INFO - Started process (PID=20087) to work on /home/lafuente/airflowAPI/venv/lib/python3.9/site-packages/airflow/example_dags/example_task_group_decorator.py
[2024-03-11 22:33:12,794] {processor.py:641} INFO - Processing file /home/lafuente/airflowAPI/venv/lib/python3.9/site-packages/airflow/example_dags/example_task_group_decorator.py for tasks to queue
[2024-03-11 22:33:12,795] {logging_mixin.py:115} INFO - [2024-03-11 22:33:12,795] {dagbag.py:507} INFO - Filling up the DagBag from /home/lafuente/airflowAPI/venv/lib/python3.9/site-packages/airflow/example_dags/example_task_group_decorator.py
[2024-03-11 22:33:12,852] {processor.py:651} INFO - DAG(s) dict_keys(['example_task_group_decorator']) retrieved from /home/lafuente/airflowAPI/venv/lib/python3.9/site-packages/airflow/example_dags/example_task_group_decorator.py
[2024-03-11 22:33:12,947] {logging_mixin.py:115} INFO - [2024-03-11 22:33:12,947] {dag.py:2379} INFO - Sync 1 DAGs
[2024-03-11 22:33:12,980] {logging_mixin.py:115} INFO - [2024-03-11 22:33:12,980] {dag.py:2927} INFO - Setting next_dagrun for example_task_group_decorator to 2024-03-11T01:33:12.979654+00:00, run_after=2024-03-12T01:33:12.979654+00:00
[2024-03-11 22:33:13,022] {processor.py:161} INFO - Processing /home/lafuente/airflowAPI/venv/lib/python3.9/site-packages/airflow/example_dags/example_task_group_decorator.py took 0.238 seconds
[2024-03-11 22:33:49,389] {processor.py:153} INFO - Started process (PID=20317) to work on /home/lafuente/airflowAPI/venv/lib/python3.9/site-packages/airflow/example_dags/example_task_group_decorator.py
[2024-03-11 22:33:49,392] {processor.py:641} INFO - Processing file /home/lafuente/airflowAPI/venv/lib/python3.9/site-packages/airflow/example_dags/example_task_group_decorator.py for tasks to queue
[2024-03-11 22:33:49,395] {logging_mixin.py:115} INFO - [2024-03-11 22:33:49,393] {dagbag.py:507} INFO - Filling up the DagBag from /home/lafuente/airflowAPI/venv/lib/python3.9/site-packages/airflow/example_dags/example_task_group_decorator.py
[2024-03-11 22:33:49,456] {processor.py:651} INFO - DAG(s) dict_keys(['example_task_group_decorator']) retrieved from /home/lafuente/airflowAPI/venv/lib/python3.9/site-packages/airflow/example_dags/example_task_group_decorator.py
[2024-03-11 22:33:49,503] {logging_mixin.py:115} INFO - [2024-03-11 22:33:49,502] {dag.py:2379} INFO - Sync 1 DAGs
[2024-03-11 22:33:49,536] {logging_mixin.py:115} INFO - [2024-03-11 22:33:49,536] {dag.py:2927} INFO - Setting next_dagrun for example_task_group_decorator to 2024-03-11T01:33:49.535847+00:00, run_after=2024-03-12T01:33:49.535847+00:00
[2024-03-11 22:33:49,567] {processor.py:161} INFO - Processing /home/lafuente/airflowAPI/venv/lib/python3.9/site-packages/airflow/example_dags/example_task_group_decorator.py took 0.191 seconds
[2024-03-11 22:34:21,120] {processor.py:153} INFO - Started process (PID=20538) to work on /home/lafuente/airflowAPI/venv/lib/python3.9/site-packages/airflow/example_dags/example_task_group_decorator.py
[2024-03-11 22:34:21,123] {processor.py:641} INFO - Processing file /home/lafuente/airflowAPI/venv/lib/python3.9/site-packages/airflow/example_dags/example_task_group_decorator.py for tasks to queue
[2024-03-11 22:34:21,124] {logging_mixin.py:115} INFO - [2024-03-11 22:34:21,124] {dagbag.py:507} INFO - Filling up the DagBag from /home/lafuente/airflowAPI/venv/lib/python3.9/site-packages/airflow/example_dags/example_task_group_decorator.py
[2024-03-11 22:34:21,169] {processor.py:651} INFO - DAG(s) dict_keys(['example_task_group_decorator']) retrieved from /home/lafuente/airflowAPI/venv/lib/python3.9/site-packages/airflow/example_dags/example_task_group_decorator.py
[2024-03-11 22:34:21,246] {logging_mixin.py:115} INFO - [2024-03-11 22:34:21,246] {dag.py:2379} INFO - Sync 1 DAGs
[2024-03-11 22:34:21,270] {logging_mixin.py:115} INFO - [2024-03-11 22:34:21,270] {dag.py:2927} INFO - Setting next_dagrun for example_task_group_decorator to 2024-03-11T01:34:21.270130+00:00, run_after=2024-03-12T01:34:21.270130+00:00
[2024-03-11 22:34:21,293] {processor.py:161} INFO - Processing /home/lafuente/airflowAPI/venv/lib/python3.9/site-packages/airflow/example_dags/example_task_group_decorator.py took 0.181 seconds
[2024-03-11 22:34:56,948] {processor.py:153} INFO - Started process (PID=20859) to work on /home/lafuente/airflowAPI/venv/lib/python3.9/site-packages/airflow/example_dags/example_task_group_decorator.py
[2024-03-11 22:34:56,950] {processor.py:641} INFO - Processing file /home/lafuente/airflowAPI/venv/lib/python3.9/site-packages/airflow/example_dags/example_task_group_decorator.py for tasks to queue
[2024-03-11 22:34:56,951] {logging_mixin.py:115} INFO - [2024-03-11 22:34:56,951] {dagbag.py:507} INFO - Filling up the DagBag from /home/lafuente/airflowAPI/venv/lib/python3.9/site-packages/airflow/example_dags/example_task_group_decorator.py
[2024-03-11 22:34:57,000] {processor.py:651} INFO - DAG(s) dict_keys(['example_task_group_decorator']) retrieved from /home/lafuente/airflowAPI/venv/lib/python3.9/site-packages/airflow/example_dags/example_task_group_decorator.py
[2024-03-11 22:34:57,044] {logging_mixin.py:115} INFO - [2024-03-11 22:34:57,044] {dag.py:2379} INFO - Sync 1 DAGs
[2024-03-11 22:34:57,071] {logging_mixin.py:115} INFO - [2024-03-11 22:34:57,070] {dag.py:2927} INFO - Setting next_dagrun for example_task_group_decorator to 2024-03-11T01:34:57.070449+00:00, run_after=2024-03-12T01:34:57.070449+00:00
[2024-03-11 22:34:57,094] {processor.py:161} INFO - Processing /home/lafuente/airflowAPI/venv/lib/python3.9/site-packages/airflow/example_dags/example_task_group_decorator.py took 0.150 seconds
[2024-03-11 22:35:30,513] {processor.py:153} INFO - Started process (PID=21065) to work on /home/lafuente/airflowAPI/venv/lib/python3.9/site-packages/airflow/example_dags/example_task_group_decorator.py
[2024-03-11 22:35:30,515] {processor.py:641} INFO - Processing file /home/lafuente/airflowAPI/venv/lib/python3.9/site-packages/airflow/example_dags/example_task_group_decorator.py for tasks to queue
[2024-03-11 22:35:30,517] {logging_mixin.py:115} INFO - [2024-03-11 22:35:30,517] {dagbag.py:507} INFO - Filling up the DagBag from /home/lafuente/airflowAPI/venv/lib/python3.9/site-packages/airflow/example_dags/example_task_group_decorator.py
[2024-03-11 22:35:30,557] {processor.py:651} INFO - DAG(s) dict_keys(['example_task_group_decorator']) retrieved from /home/lafuente/airflowAPI/venv/lib/python3.9/site-packages/airflow/example_dags/example_task_group_decorator.py
[2024-03-11 22:35:30,584] {logging_mixin.py:115} INFO - [2024-03-11 22:35:30,584] {dag.py:2379} INFO - Sync 1 DAGs
[2024-03-11 22:35:30,614] {logging_mixin.py:115} INFO - [2024-03-11 22:35:30,614] {dag.py:2927} INFO - Setting next_dagrun for example_task_group_decorator to 2024-03-11T01:35:30.613963+00:00, run_after=2024-03-12T01:35:30.613963+00:00
[2024-03-11 22:35:30,638] {processor.py:161} INFO - Processing /home/lafuente/airflowAPI/venv/lib/python3.9/site-packages/airflow/example_dags/example_task_group_decorator.py took 0.137 seconds
[2024-03-11 22:36:05,584] {processor.py:153} INFO - Started process (PID=21460) to work on /home/lafuente/airflowAPI/venv/lib/python3.9/site-packages/airflow/example_dags/example_task_group_decorator.py
[2024-03-11 22:36:05,586] {processor.py:641} INFO - Processing file /home/lafuente/airflowAPI/venv/lib/python3.9/site-packages/airflow/example_dags/example_task_group_decorator.py for tasks to queue
[2024-03-11 22:36:05,587] {logging_mixin.py:115} INFO - [2024-03-11 22:36:05,587] {dagbag.py:507} INFO - Filling up the DagBag from /home/lafuente/airflowAPI/venv/lib/python3.9/site-packages/airflow/example_dags/example_task_group_decorator.py
[2024-03-11 22:36:05,633] {processor.py:651} INFO - DAG(s) dict_keys(['example_task_group_decorator']) retrieved from /home/lafuente/airflowAPI/venv/lib/python3.9/site-packages/airflow/example_dags/example_task_group_decorator.py
[2024-03-11 22:36:05,681] {logging_mixin.py:115} INFO - [2024-03-11 22:36:05,681] {dag.py:2379} INFO - Sync 1 DAGs
[2024-03-11 22:36:05,714] {logging_mixin.py:115} INFO - [2024-03-11 22:36:05,714] {dag.py:2927} INFO - Setting next_dagrun for example_task_group_decorator to 2024-03-11T01:36:05.714039+00:00, run_after=2024-03-12T01:36:05.714039+00:00
[2024-03-11 22:36:05,738] {processor.py:161} INFO - Processing /home/lafuente/airflowAPI/venv/lib/python3.9/site-packages/airflow/example_dags/example_task_group_decorator.py took 0.159 seconds
[2024-03-11 22:36:42,993] {processor.py:153} INFO - Started process (PID=21742) to work on /home/lafuente/airflowAPI/venv/lib/python3.9/site-packages/airflow/example_dags/example_task_group_decorator.py
[2024-03-11 22:36:42,996] {processor.py:641} INFO - Processing file /home/lafuente/airflowAPI/venv/lib/python3.9/site-packages/airflow/example_dags/example_task_group_decorator.py for tasks to queue
[2024-03-11 22:36:43,000] {logging_mixin.py:115} INFO - [2024-03-11 22:36:42,999] {dagbag.py:507} INFO - Filling up the DagBag from /home/lafuente/airflowAPI/venv/lib/python3.9/site-packages/airflow/example_dags/example_task_group_decorator.py
[2024-03-11 22:36:43,156] {processor.py:651} INFO - DAG(s) dict_keys(['example_task_group_decorator']) retrieved from /home/lafuente/airflowAPI/venv/lib/python3.9/site-packages/airflow/example_dags/example_task_group_decorator.py
[2024-03-11 22:36:43,378] {logging_mixin.py:115} INFO - [2024-03-11 22:36:43,378] {dag.py:2379} INFO - Sync 1 DAGs
[2024-03-11 22:36:43,426] {logging_mixin.py:115} INFO - [2024-03-11 22:36:43,426] {dag.py:2927} INFO - Setting next_dagrun for example_task_group_decorator to 2024-03-11T01:36:43.426026+00:00, run_after=2024-03-12T01:36:43.426026+00:00
[2024-03-11 22:36:43,462] {processor.py:161} INFO - Processing /home/lafuente/airflowAPI/venv/lib/python3.9/site-packages/airflow/example_dags/example_task_group_decorator.py took 0.481 seconds
[2024-03-11 22:37:20,762] {processor.py:153} INFO - Started process (PID=22325) to work on /home/lafuente/airflowAPI/venv/lib/python3.9/site-packages/airflow/example_dags/example_task_group_decorator.py
[2024-03-11 22:37:20,764] {processor.py:641} INFO - Processing file /home/lafuente/airflowAPI/venv/lib/python3.9/site-packages/airflow/example_dags/example_task_group_decorator.py for tasks to queue
[2024-03-11 22:37:20,766] {logging_mixin.py:115} INFO - [2024-03-11 22:37:20,765] {dagbag.py:507} INFO - Filling up the DagBag from /home/lafuente/airflowAPI/venv/lib/python3.9/site-packages/airflow/example_dags/example_task_group_decorator.py
[2024-03-11 22:37:20,820] {processor.py:651} INFO - DAG(s) dict_keys(['example_task_group_decorator']) retrieved from /home/lafuente/airflowAPI/venv/lib/python3.9/site-packages/airflow/example_dags/example_task_group_decorator.py
[2024-03-11 22:37:20,936] {logging_mixin.py:115} INFO - [2024-03-11 22:37:20,935] {dag.py:2379} INFO - Sync 1 DAGs
[2024-03-11 22:37:20,983] {logging_mixin.py:115} INFO - [2024-03-11 22:37:20,982] {dag.py:2927} INFO - Setting next_dagrun for example_task_group_decorator to 2024-03-11T01:37:20.982241+00:00, run_after=2024-03-12T01:37:20.982241+00:00
[2024-03-11 22:37:21,016] {processor.py:161} INFO - Processing /home/lafuente/airflowAPI/venv/lib/python3.9/site-packages/airflow/example_dags/example_task_group_decorator.py took 0.260 seconds
[2024-03-11 22:37:58,813] {processor.py:153} INFO - Started process (PID=22587) to work on /home/lafuente/airflowAPI/venv/lib/python3.9/site-packages/airflow/example_dags/example_task_group_decorator.py
[2024-03-11 22:37:58,815] {processor.py:641} INFO - Processing file /home/lafuente/airflowAPI/venv/lib/python3.9/site-packages/airflow/example_dags/example_task_group_decorator.py for tasks to queue
[2024-03-11 22:37:58,816] {logging_mixin.py:115} INFO - [2024-03-11 22:37:58,816] {dagbag.py:507} INFO - Filling up the DagBag from /home/lafuente/airflowAPI/venv/lib/python3.9/site-packages/airflow/example_dags/example_task_group_decorator.py
[2024-03-11 22:37:58,862] {processor.py:651} INFO - DAG(s) dict_keys(['example_task_group_decorator']) retrieved from /home/lafuente/airflowAPI/venv/lib/python3.9/site-packages/airflow/example_dags/example_task_group_decorator.py
[2024-03-11 22:37:58,897] {logging_mixin.py:115} INFO - [2024-03-11 22:37:58,897] {dag.py:2379} INFO - Sync 1 DAGs
[2024-03-11 22:37:58,929] {logging_mixin.py:115} INFO - [2024-03-11 22:37:58,929] {dag.py:2927} INFO - Setting next_dagrun for example_task_group_decorator to 2024-03-11T01:37:58.928976+00:00, run_after=2024-03-12T01:37:58.928976+00:00
[2024-03-11 22:37:58,962] {processor.py:161} INFO - Processing /home/lafuente/airflowAPI/venv/lib/python3.9/site-packages/airflow/example_dags/example_task_group_decorator.py took 0.159 seconds
[2024-03-11 22:38:38,409] {processor.py:153} INFO - Started process (PID=23021) to work on /home/lafuente/airflowAPI/venv/lib/python3.9/site-packages/airflow/example_dags/example_task_group_decorator.py
[2024-03-11 22:38:38,412] {processor.py:641} INFO - Processing file /home/lafuente/airflowAPI/venv/lib/python3.9/site-packages/airflow/example_dags/example_task_group_decorator.py for tasks to queue
[2024-03-11 22:38:38,413] {logging_mixin.py:115} INFO - [2024-03-11 22:38:38,413] {dagbag.py:507} INFO - Filling up the DagBag from /home/lafuente/airflowAPI/venv/lib/python3.9/site-packages/airflow/example_dags/example_task_group_decorator.py
[2024-03-11 22:38:38,456] {processor.py:651} INFO - DAG(s) dict_keys(['example_task_group_decorator']) retrieved from /home/lafuente/airflowAPI/venv/lib/python3.9/site-packages/airflow/example_dags/example_task_group_decorator.py
[2024-03-11 22:38:38,486] {logging_mixin.py:115} INFO - [2024-03-11 22:38:38,486] {dag.py:2379} INFO - Sync 1 DAGs
[2024-03-11 22:38:38,517] {logging_mixin.py:115} INFO - [2024-03-11 22:38:38,516] {dag.py:2927} INFO - Setting next_dagrun for example_task_group_decorator to 2024-03-11T01:38:38.516347+00:00, run_after=2024-03-12T01:38:38.516347+00:00
[2024-03-11 22:38:38,541] {processor.py:161} INFO - Processing /home/lafuente/airflowAPI/venv/lib/python3.9/site-packages/airflow/example_dags/example_task_group_decorator.py took 0.140 seconds
