[2024-03-11 22:27:14,038] {processor.py:153} INFO - Started process (PID=16866) to work on /home/lafuente/airflowAPI/venv/lib/python3.9/site-packages/airflow/example_dags/example_kubernetes_executor.py
[2024-03-11 22:27:14,039] {processor.py:641} INFO - Processing file /home/lafuente/airflowAPI/venv/lib/python3.9/site-packages/airflow/example_dags/example_kubernetes_executor.py for tasks to queue
[2024-03-11 22:27:14,041] {logging_mixin.py:115} INFO - [2024-03-11 22:27:14,041] {dagbag.py:507} INFO - Filling up the DagBag from /home/lafuente/airflowAPI/venv/lib/python3.9/site-packages/airflow/example_dags/example_kubernetes_executor.py
[2024-03-11 22:27:14,083] {logging_mixin.py:115} INFO - [2024-03-11 22:27:14,083] {example_kubernetes_executor.py:39} WARNING - The example_kubernetes_executor example DAG requires the kubernetes provider. Please install it with: pip install apache-airflow[cncf.kubernetes]
[2024-03-11 22:27:14,083] {processor.py:653} WARNING - No viable dags retrieved from /home/lafuente/airflowAPI/venv/lib/python3.9/site-packages/airflow/example_dags/example_kubernetes_executor.py
[2024-03-11 22:27:14,110] {processor.py:161} INFO - Processing /home/lafuente/airflowAPI/venv/lib/python3.9/site-packages/airflow/example_dags/example_kubernetes_executor.py took 0.082 seconds
[2024-03-11 22:28:00,588] {processor.py:153} INFO - Started process (PID=17421) to work on /home/lafuente/airflowAPI/venv/lib/python3.9/site-packages/airflow/example_dags/example_kubernetes_executor.py
[2024-03-11 22:28:00,590] {processor.py:641} INFO - Processing file /home/lafuente/airflowAPI/venv/lib/python3.9/site-packages/airflow/example_dags/example_kubernetes_executor.py for tasks to queue
[2024-03-11 22:28:00,591] {logging_mixin.py:115} INFO - [2024-03-11 22:28:00,591] {dagbag.py:507} INFO - Filling up the DagBag from /home/lafuente/airflowAPI/venv/lib/python3.9/site-packages/airflow/example_dags/example_kubernetes_executor.py
[2024-03-11 22:28:00,613] {logging_mixin.py:115} INFO - [2024-03-11 22:28:00,613] {example_kubernetes_executor.py:39} WARNING - The example_kubernetes_executor example DAG requires the kubernetes provider. Please install it with: pip install apache-airflow[cncf.kubernetes]
[2024-03-11 22:28:00,614] {processor.py:653} WARNING - No viable dags retrieved from /home/lafuente/airflowAPI/venv/lib/python3.9/site-packages/airflow/example_dags/example_kubernetes_executor.py
[2024-03-11 22:28:00,631] {processor.py:161} INFO - Processing /home/lafuente/airflowAPI/venv/lib/python3.9/site-packages/airflow/example_dags/example_kubernetes_executor.py took 0.047 seconds
[2024-03-11 22:28:43,405] {processor.py:153} INFO - Started process (PID=17781) to work on /home/lafuente/airflowAPI/venv/lib/python3.9/site-packages/airflow/example_dags/example_kubernetes_executor.py
[2024-03-11 22:28:43,406] {processor.py:641} INFO - Processing file /home/lafuente/airflowAPI/venv/lib/python3.9/site-packages/airflow/example_dags/example_kubernetes_executor.py for tasks to queue
[2024-03-11 22:28:43,407] {logging_mixin.py:115} INFO - [2024-03-11 22:28:43,407] {dagbag.py:507} INFO - Filling up the DagBag from /home/lafuente/airflowAPI/venv/lib/python3.9/site-packages/airflow/example_dags/example_kubernetes_executor.py
[2024-03-11 22:28:43,444] {logging_mixin.py:115} INFO - [2024-03-11 22:28:43,444] {example_kubernetes_executor.py:39} WARNING - The example_kubernetes_executor example DAG requires the kubernetes provider. Please install it with: pip install apache-airflow[cncf.kubernetes]
[2024-03-11 22:28:43,445] {processor.py:653} WARNING - No viable dags retrieved from /home/lafuente/airflowAPI/venv/lib/python3.9/site-packages/airflow/example_dags/example_kubernetes_executor.py
[2024-03-11 22:28:43,465] {processor.py:161} INFO - Processing /home/lafuente/airflowAPI/venv/lib/python3.9/site-packages/airflow/example_dags/example_kubernetes_executor.py took 0.066 seconds
[2024-03-11 22:29:25,180] {processor.py:153} INFO - Started process (PID=18086) to work on /home/lafuente/airflowAPI/venv/lib/python3.9/site-packages/airflow/example_dags/example_kubernetes_executor.py
[2024-03-11 22:29:25,182] {processor.py:641} INFO - Processing file /home/lafuente/airflowAPI/venv/lib/python3.9/site-packages/airflow/example_dags/example_kubernetes_executor.py for tasks to queue
[2024-03-11 22:29:25,182] {logging_mixin.py:115} INFO - [2024-03-11 22:29:25,182] {dagbag.py:507} INFO - Filling up the DagBag from /home/lafuente/airflowAPI/venv/lib/python3.9/site-packages/airflow/example_dags/example_kubernetes_executor.py
[2024-03-11 22:29:25,220] {logging_mixin.py:115} INFO - [2024-03-11 22:29:25,220] {example_kubernetes_executor.py:39} WARNING - The example_kubernetes_executor example DAG requires the kubernetes provider. Please install it with: pip install apache-airflow[cncf.kubernetes]
[2024-03-11 22:29:25,224] {processor.py:653} WARNING - No viable dags retrieved from /home/lafuente/airflowAPI/venv/lib/python3.9/site-packages/airflow/example_dags/example_kubernetes_executor.py
[2024-03-11 22:29:25,251] {processor.py:161} INFO - Processing /home/lafuente/airflowAPI/venv/lib/python3.9/site-packages/airflow/example_dags/example_kubernetes_executor.py took 0.083 seconds
[2024-03-11 22:30:02,988] {processor.py:153} INFO - Started process (PID=18413) to work on /home/lafuente/airflowAPI/venv/lib/python3.9/site-packages/airflow/example_dags/example_kubernetes_executor.py
[2024-03-11 22:30:02,991] {processor.py:641} INFO - Processing file /home/lafuente/airflowAPI/venv/lib/python3.9/site-packages/airflow/example_dags/example_kubernetes_executor.py for tasks to queue
[2024-03-11 22:30:02,995] {logging_mixin.py:115} INFO - [2024-03-11 22:30:02,992] {dagbag.py:507} INFO - Filling up the DagBag from /home/lafuente/airflowAPI/venv/lib/python3.9/site-packages/airflow/example_dags/example_kubernetes_executor.py
[2024-03-11 22:30:03,024] {logging_mixin.py:115} INFO - [2024-03-11 22:30:03,024] {example_kubernetes_executor.py:39} WARNING - The example_kubernetes_executor example DAG requires the kubernetes provider. Please install it with: pip install apache-airflow[cncf.kubernetes]
[2024-03-11 22:30:03,025] {processor.py:653} WARNING - No viable dags retrieved from /home/lafuente/airflowAPI/venv/lib/python3.9/site-packages/airflow/example_dags/example_kubernetes_executor.py
[2024-03-11 22:30:03,042] {processor.py:161} INFO - Processing /home/lafuente/airflowAPI/venv/lib/python3.9/site-packages/airflow/example_dags/example_kubernetes_executor.py took 0.062 seconds
[2024-03-11 22:30:47,235] {processor.py:153} INFO - Started process (PID=18939) to work on /home/lafuente/airflowAPI/venv/lib/python3.9/site-packages/airflow/example_dags/example_kubernetes_executor.py
[2024-03-11 22:30:47,247] {processor.py:641} INFO - Processing file /home/lafuente/airflowAPI/venv/lib/python3.9/site-packages/airflow/example_dags/example_kubernetes_executor.py for tasks to queue
[2024-03-11 22:30:47,249] {logging_mixin.py:115} INFO - [2024-03-11 22:30:47,248] {dagbag.py:507} INFO - Filling up the DagBag from /home/lafuente/airflowAPI/venv/lib/python3.9/site-packages/airflow/example_dags/example_kubernetes_executor.py
[2024-03-11 22:30:47,342] {logging_mixin.py:115} INFO - [2024-03-11 22:30:47,336] {example_kubernetes_executor.py:39} WARNING - The example_kubernetes_executor example DAG requires the kubernetes provider. Please install it with: pip install apache-airflow[cncf.kubernetes]
[2024-03-11 22:30:47,343] {processor.py:653} WARNING - No viable dags retrieved from /home/lafuente/airflowAPI/venv/lib/python3.9/site-packages/airflow/example_dags/example_kubernetes_executor.py
[2024-03-11 22:30:47,400] {processor.py:161} INFO - Processing /home/lafuente/airflowAPI/venv/lib/python3.9/site-packages/airflow/example_dags/example_kubernetes_executor.py took 0.181 seconds
[2024-03-11 22:31:31,179] {processor.py:153} INFO - Started process (PID=19409) to work on /home/lafuente/airflowAPI/venv/lib/python3.9/site-packages/airflow/example_dags/example_kubernetes_executor.py
[2024-03-11 22:31:31,180] {processor.py:641} INFO - Processing file /home/lafuente/airflowAPI/venv/lib/python3.9/site-packages/airflow/example_dags/example_kubernetes_executor.py for tasks to queue
[2024-03-11 22:31:31,182] {logging_mixin.py:115} INFO - [2024-03-11 22:31:31,181] {dagbag.py:507} INFO - Filling up the DagBag from /home/lafuente/airflowAPI/venv/lib/python3.9/site-packages/airflow/example_dags/example_kubernetes_executor.py
[2024-03-11 22:31:31,211] {logging_mixin.py:115} INFO - [2024-03-11 22:31:31,211] {example_kubernetes_executor.py:39} WARNING - The example_kubernetes_executor example DAG requires the kubernetes provider. Please install it with: pip install apache-airflow[cncf.kubernetes]
[2024-03-11 22:31:31,211] {processor.py:653} WARNING - No viable dags retrieved from /home/lafuente/airflowAPI/venv/lib/python3.9/site-packages/airflow/example_dags/example_kubernetes_executor.py
[2024-03-11 22:31:31,229] {processor.py:161} INFO - Processing /home/lafuente/airflowAPI/venv/lib/python3.9/site-packages/airflow/example_dags/example_kubernetes_executor.py took 0.058 seconds
[2024-03-11 22:32:17,118] {processor.py:153} INFO - Started process (PID=19740) to work on /home/lafuente/airflowAPI/venv/lib/python3.9/site-packages/airflow/example_dags/example_kubernetes_executor.py
[2024-03-11 22:32:17,119] {processor.py:641} INFO - Processing file /home/lafuente/airflowAPI/venv/lib/python3.9/site-packages/airflow/example_dags/example_kubernetes_executor.py for tasks to queue
[2024-03-11 22:32:17,120] {logging_mixin.py:115} INFO - [2024-03-11 22:32:17,120] {dagbag.py:507} INFO - Filling up the DagBag from /home/lafuente/airflowAPI/venv/lib/python3.9/site-packages/airflow/example_dags/example_kubernetes_executor.py
[2024-03-11 22:32:17,143] {logging_mixin.py:115} INFO - [2024-03-11 22:32:17,143] {example_kubernetes_executor.py:39} WARNING - The example_kubernetes_executor example DAG requires the kubernetes provider. Please install it with: pip install apache-airflow[cncf.kubernetes]
[2024-03-11 22:32:17,143] {processor.py:653} WARNING - No viable dags retrieved from /home/lafuente/airflowAPI/venv/lib/python3.9/site-packages/airflow/example_dags/example_kubernetes_executor.py
[2024-03-11 22:32:17,160] {processor.py:161} INFO - Processing /home/lafuente/airflowAPI/venv/lib/python3.9/site-packages/airflow/example_dags/example_kubernetes_executor.py took 0.048 seconds
[2024-03-11 22:32:55,587] {processor.py:153} INFO - Started process (PID=19981) to work on /home/lafuente/airflowAPI/venv/lib/python3.9/site-packages/airflow/example_dags/example_kubernetes_executor.py
[2024-03-11 22:32:55,590] {processor.py:641} INFO - Processing file /home/lafuente/airflowAPI/venv/lib/python3.9/site-packages/airflow/example_dags/example_kubernetes_executor.py for tasks to queue
[2024-03-11 22:32:55,593] {logging_mixin.py:115} INFO - [2024-03-11 22:32:55,593] {dagbag.py:507} INFO - Filling up the DagBag from /home/lafuente/airflowAPI/venv/lib/python3.9/site-packages/airflow/example_dags/example_kubernetes_executor.py
[2024-03-11 22:32:55,630] {logging_mixin.py:115} INFO - [2024-03-11 22:32:55,630] {example_kubernetes_executor.py:39} WARNING - The example_kubernetes_executor example DAG requires the kubernetes provider. Please install it with: pip install apache-airflow[cncf.kubernetes]
[2024-03-11 22:32:55,631] {processor.py:653} WARNING - No viable dags retrieved from /home/lafuente/airflowAPI/venv/lib/python3.9/site-packages/airflow/example_dags/example_kubernetes_executor.py
[2024-03-11 22:32:55,649] {processor.py:161} INFO - Processing /home/lafuente/airflowAPI/venv/lib/python3.9/site-packages/airflow/example_dags/example_kubernetes_executor.py took 0.073 seconds
[2024-03-11 22:33:33,921] {processor.py:153} INFO - Started process (PID=20221) to work on /home/lafuente/airflowAPI/venv/lib/python3.9/site-packages/airflow/example_dags/example_kubernetes_executor.py
[2024-03-11 22:33:33,923] {processor.py:641} INFO - Processing file /home/lafuente/airflowAPI/venv/lib/python3.9/site-packages/airflow/example_dags/example_kubernetes_executor.py for tasks to queue
[2024-03-11 22:33:33,924] {logging_mixin.py:115} INFO - [2024-03-11 22:33:33,924] {dagbag.py:507} INFO - Filling up the DagBag from /home/lafuente/airflowAPI/venv/lib/python3.9/site-packages/airflow/example_dags/example_kubernetes_executor.py
[2024-03-11 22:33:33,967] {logging_mixin.py:115} INFO - [2024-03-11 22:33:33,967] {example_kubernetes_executor.py:39} WARNING - The example_kubernetes_executor example DAG requires the kubernetes provider. Please install it with: pip install apache-airflow[cncf.kubernetes]
[2024-03-11 22:33:33,968] {processor.py:653} WARNING - No viable dags retrieved from /home/lafuente/airflowAPI/venv/lib/python3.9/site-packages/airflow/example_dags/example_kubernetes_executor.py
[2024-03-11 22:33:33,996] {processor.py:161} INFO - Processing /home/lafuente/airflowAPI/venv/lib/python3.9/site-packages/airflow/example_dags/example_kubernetes_executor.py took 0.084 seconds
[2024-03-11 22:34:11,831] {processor.py:153} INFO - Started process (PID=20452) to work on /home/lafuente/airflowAPI/venv/lib/python3.9/site-packages/airflow/example_dags/example_kubernetes_executor.py
[2024-03-11 22:34:11,835] {processor.py:641} INFO - Processing file /home/lafuente/airflowAPI/venv/lib/python3.9/site-packages/airflow/example_dags/example_kubernetes_executor.py for tasks to queue
[2024-03-11 22:34:11,837] {logging_mixin.py:115} INFO - [2024-03-11 22:34:11,837] {dagbag.py:507} INFO - Filling up the DagBag from /home/lafuente/airflowAPI/venv/lib/python3.9/site-packages/airflow/example_dags/example_kubernetes_executor.py
[2024-03-11 22:34:11,872] {logging_mixin.py:115} INFO - [2024-03-11 22:34:11,871] {example_kubernetes_executor.py:39} WARNING - The example_kubernetes_executor example DAG requires the kubernetes provider. Please install it with: pip install apache-airflow[cncf.kubernetes]
[2024-03-11 22:34:11,872] {processor.py:653} WARNING - No viable dags retrieved from /home/lafuente/airflowAPI/venv/lib/python3.9/site-packages/airflow/example_dags/example_kubernetes_executor.py
[2024-03-11 22:34:11,890] {processor.py:161} INFO - Processing /home/lafuente/airflowAPI/venv/lib/python3.9/site-packages/airflow/example_dags/example_kubernetes_executor.py took 0.073 seconds
[2024-03-11 22:34:55,532] {processor.py:153} INFO - Started process (PID=20846) to work on /home/lafuente/airflowAPI/venv/lib/python3.9/site-packages/airflow/example_dags/example_kubernetes_executor.py
[2024-03-11 22:34:55,536] {processor.py:641} INFO - Processing file /home/lafuente/airflowAPI/venv/lib/python3.9/site-packages/airflow/example_dags/example_kubernetes_executor.py for tasks to queue
[2024-03-11 22:34:55,539] {logging_mixin.py:115} INFO - [2024-03-11 22:34:55,538] {dagbag.py:507} INFO - Filling up the DagBag from /home/lafuente/airflowAPI/venv/lib/python3.9/site-packages/airflow/example_dags/example_kubernetes_executor.py
[2024-03-11 22:34:55,562] {logging_mixin.py:115} INFO - [2024-03-11 22:34:55,562] {example_kubernetes_executor.py:39} WARNING - The example_kubernetes_executor example DAG requires the kubernetes provider. Please install it with: pip install apache-airflow[cncf.kubernetes]
[2024-03-11 22:34:55,562] {processor.py:653} WARNING - No viable dags retrieved from /home/lafuente/airflowAPI/venv/lib/python3.9/site-packages/airflow/example_dags/example_kubernetes_executor.py
[2024-03-11 22:34:55,579] {processor.py:161} INFO - Processing /home/lafuente/airflowAPI/venv/lib/python3.9/site-packages/airflow/example_dags/example_kubernetes_executor.py took 0.061 seconds
[2024-03-11 22:35:34,493] {processor.py:153} INFO - Started process (PID=21114) to work on /home/lafuente/airflowAPI/venv/lib/python3.9/site-packages/airflow/example_dags/example_kubernetes_executor.py
[2024-03-11 22:35:34,494] {processor.py:641} INFO - Processing file /home/lafuente/airflowAPI/venv/lib/python3.9/site-packages/airflow/example_dags/example_kubernetes_executor.py for tasks to queue
[2024-03-11 22:35:34,495] {logging_mixin.py:115} INFO - [2024-03-11 22:35:34,495] {dagbag.py:507} INFO - Filling up the DagBag from /home/lafuente/airflowAPI/venv/lib/python3.9/site-packages/airflow/example_dags/example_kubernetes_executor.py
[2024-03-11 22:35:34,520] {logging_mixin.py:115} INFO - [2024-03-11 22:35:34,520] {example_kubernetes_executor.py:39} WARNING - The example_kubernetes_executor example DAG requires the kubernetes provider. Please install it with: pip install apache-airflow[cncf.kubernetes]
[2024-03-11 22:35:34,521] {processor.py:653} WARNING - No viable dags retrieved from /home/lafuente/airflowAPI/venv/lib/python3.9/site-packages/airflow/example_dags/example_kubernetes_executor.py
[2024-03-11 22:35:34,538] {processor.py:161} INFO - Processing /home/lafuente/airflowAPI/venv/lib/python3.9/site-packages/airflow/example_dags/example_kubernetes_executor.py took 0.050 seconds
[2024-03-11 22:36:10,585] {processor.py:153} INFO - Started process (PID=21520) to work on /home/lafuente/airflowAPI/venv/lib/python3.9/site-packages/airflow/example_dags/example_kubernetes_executor.py
[2024-03-11 22:36:10,587] {processor.py:641} INFO - Processing file /home/lafuente/airflowAPI/venv/lib/python3.9/site-packages/airflow/example_dags/example_kubernetes_executor.py for tasks to queue
[2024-03-11 22:36:10,588] {logging_mixin.py:115} INFO - [2024-03-11 22:36:10,588] {dagbag.py:507} INFO - Filling up the DagBag from /home/lafuente/airflowAPI/venv/lib/python3.9/site-packages/airflow/example_dags/example_kubernetes_executor.py
[2024-03-11 22:36:10,632] {logging_mixin.py:115} INFO - [2024-03-11 22:36:10,632] {example_kubernetes_executor.py:39} WARNING - The example_kubernetes_executor example DAG requires the kubernetes provider. Please install it with: pip install apache-airflow[cncf.kubernetes]
[2024-03-11 22:36:10,632] {processor.py:653} WARNING - No viable dags retrieved from /home/lafuente/airflowAPI/venv/lib/python3.9/site-packages/airflow/example_dags/example_kubernetes_executor.py
[2024-03-11 22:36:10,659] {processor.py:161} INFO - Processing /home/lafuente/airflowAPI/venv/lib/python3.9/site-packages/airflow/example_dags/example_kubernetes_executor.py took 0.088 seconds
[2024-03-11 22:36:56,088] {processor.py:153} INFO - Started process (PID=22017) to work on /home/lafuente/airflowAPI/venv/lib/python3.9/site-packages/airflow/example_dags/example_kubernetes_executor.py
[2024-03-11 22:36:56,090] {processor.py:641} INFO - Processing file /home/lafuente/airflowAPI/venv/lib/python3.9/site-packages/airflow/example_dags/example_kubernetes_executor.py for tasks to queue
[2024-03-11 22:36:56,091] {logging_mixin.py:115} INFO - [2024-03-11 22:36:56,091] {dagbag.py:507} INFO - Filling up the DagBag from /home/lafuente/airflowAPI/venv/lib/python3.9/site-packages/airflow/example_dags/example_kubernetes_executor.py
[2024-03-11 22:36:56,121] {logging_mixin.py:115} INFO - [2024-03-11 22:36:56,121] {example_kubernetes_executor.py:39} WARNING - The example_kubernetes_executor example DAG requires the kubernetes provider. Please install it with: pip install apache-airflow[cncf.kubernetes]
[2024-03-11 22:36:56,121] {processor.py:653} WARNING - No viable dags retrieved from /home/lafuente/airflowAPI/venv/lib/python3.9/site-packages/airflow/example_dags/example_kubernetes_executor.py
[2024-03-11 22:36:56,150] {processor.py:161} INFO - Processing /home/lafuente/airflowAPI/venv/lib/python3.9/site-packages/airflow/example_dags/example_kubernetes_executor.py took 0.066 seconds
[2024-03-11 22:37:38,926] {processor.py:153} INFO - Started process (PID=22463) to work on /home/lafuente/airflowAPI/venv/lib/python3.9/site-packages/airflow/example_dags/example_kubernetes_executor.py
[2024-03-11 22:37:38,927] {processor.py:641} INFO - Processing file /home/lafuente/airflowAPI/venv/lib/python3.9/site-packages/airflow/example_dags/example_kubernetes_executor.py for tasks to queue
[2024-03-11 22:37:38,928] {logging_mixin.py:115} INFO - [2024-03-11 22:37:38,928] {dagbag.py:507} INFO - Filling up the DagBag from /home/lafuente/airflowAPI/venv/lib/python3.9/site-packages/airflow/example_dags/example_kubernetes_executor.py
[2024-03-11 22:37:38,950] {logging_mixin.py:115} INFO - [2024-03-11 22:37:38,950] {example_kubernetes_executor.py:39} WARNING - The example_kubernetes_executor example DAG requires the kubernetes provider. Please install it with: pip install apache-airflow[cncf.kubernetes]
[2024-03-11 22:37:38,951] {processor.py:653} WARNING - No viable dags retrieved from /home/lafuente/airflowAPI/venv/lib/python3.9/site-packages/airflow/example_dags/example_kubernetes_executor.py
[2024-03-11 22:37:38,972] {processor.py:161} INFO - Processing /home/lafuente/airflowAPI/venv/lib/python3.9/site-packages/airflow/example_dags/example_kubernetes_executor.py took 0.052 seconds
[2024-03-11 22:38:16,229] {processor.py:153} INFO - Started process (PID=22765) to work on /home/lafuente/airflowAPI/venv/lib/python3.9/site-packages/airflow/example_dags/example_kubernetes_executor.py
[2024-03-11 22:38:16,234] {processor.py:641} INFO - Processing file /home/lafuente/airflowAPI/venv/lib/python3.9/site-packages/airflow/example_dags/example_kubernetes_executor.py for tasks to queue
[2024-03-11 22:38:16,235] {logging_mixin.py:115} INFO - [2024-03-11 22:38:16,235] {dagbag.py:507} INFO - Filling up the DagBag from /home/lafuente/airflowAPI/venv/lib/python3.9/site-packages/airflow/example_dags/example_kubernetes_executor.py
[2024-03-11 22:38:16,283] {logging_mixin.py:115} INFO - [2024-03-11 22:38:16,283] {example_kubernetes_executor.py:39} WARNING - The example_kubernetes_executor example DAG requires the kubernetes provider. Please install it with: pip install apache-airflow[cncf.kubernetes]
[2024-03-11 22:38:16,284] {processor.py:653} WARNING - No viable dags retrieved from /home/lafuente/airflowAPI/venv/lib/python3.9/site-packages/airflow/example_dags/example_kubernetes_executor.py
[2024-03-11 22:38:16,312] {processor.py:161} INFO - Processing /home/lafuente/airflowAPI/venv/lib/python3.9/site-packages/airflow/example_dags/example_kubernetes_executor.py took 0.102 seconds
