[2024-03-11 22:26:58,868] {processor.py:153} INFO - Started process (PID=16693) to work on /home/lafuente/airflowAPI/venv/lib/python3.9/site-packages/airflow/example_dags/example_task_group.py
[2024-03-11 22:26:58,884] {processor.py:641} INFO - Processing file /home/lafuente/airflowAPI/venv/lib/python3.9/site-packages/airflow/example_dags/example_task_group.py for tasks to queue
[2024-03-11 22:26:58,888] {logging_mixin.py:115} INFO - [2024-03-11 22:26:58,886] {dagbag.py:507} INFO - Filling up the DagBag from /home/lafuente/airflowAPI/venv/lib/python3.9/site-packages/airflow/example_dags/example_task_group.py
[2024-03-11 22:26:59,077] {processor.py:651} INFO - DAG(s) dict_keys(['example_task_group']) retrieved from /home/lafuente/airflowAPI/venv/lib/python3.9/site-packages/airflow/example_dags/example_task_group.py
[2024-03-11 22:26:59,862] {logging_mixin.py:115} INFO - [2024-03-11 22:26:59,862] {manager.py:508} INFO - Created Permission View: can edit on DAG:example_task_group
[2024-03-11 22:26:59,965] {logging_mixin.py:115} INFO - [2024-03-11 22:26:59,964] {manager.py:508} INFO - Created Permission View: can read on DAG:example_task_group
[2024-03-11 22:27:00,041] {logging_mixin.py:115} INFO - [2024-03-11 22:27:00,041] {manager.py:508} INFO - Created Permission View: can delete on DAG:example_task_group
[2024-03-11 22:27:00,048] {logging_mixin.py:115} INFO - [2024-03-11 22:27:00,041] {dag.py:2379} INFO - Sync 1 DAGs
[2024-03-11 22:27:00,118] {logging_mixin.py:115} INFO - [2024-03-11 22:27:00,118] {dag.py:2398} INFO - Creating ORM DAG for example_task_group
[2024-03-11 22:27:00,169] {logging_mixin.py:115} INFO - [2024-03-11 22:27:00,168] {dag.py:2927} INFO - Setting next_dagrun for example_task_group to 2024-03-11T01:27:00.167996+00:00, run_after=2024-03-12T01:27:00.167996+00:00
[2024-03-11 22:27:00,316] {processor.py:161} INFO - Processing /home/lafuente/airflowAPI/venv/lib/python3.9/site-packages/airflow/example_dags/example_task_group.py took 1.479 seconds
[2024-03-11 22:27:49,067] {processor.py:153} INFO - Started process (PID=17296) to work on /home/lafuente/airflowAPI/venv/lib/python3.9/site-packages/airflow/example_dags/example_task_group.py
[2024-03-11 22:27:49,075] {processor.py:641} INFO - Processing file /home/lafuente/airflowAPI/venv/lib/python3.9/site-packages/airflow/example_dags/example_task_group.py for tasks to queue
[2024-03-11 22:27:49,077] {logging_mixin.py:115} INFO - [2024-03-11 22:27:49,077] {dagbag.py:507} INFO - Filling up the DagBag from /home/lafuente/airflowAPI/venv/lib/python3.9/site-packages/airflow/example_dags/example_task_group.py
[2024-03-11 22:27:49,106] {processor.py:651} INFO - DAG(s) dict_keys(['example_task_group']) retrieved from /home/lafuente/airflowAPI/venv/lib/python3.9/site-packages/airflow/example_dags/example_task_group.py
[2024-03-11 22:27:49,194] {logging_mixin.py:115} INFO - [2024-03-11 22:27:49,194] {dag.py:2379} INFO - Sync 1 DAGs
[2024-03-11 22:27:49,271] {logging_mixin.py:115} INFO - [2024-03-11 22:27:49,271] {dag.py:2927} INFO - Setting next_dagrun for example_task_group to 2024-03-11T01:27:49.269355+00:00, run_after=2024-03-12T01:27:49.269355+00:00
[2024-03-11 22:27:49,315] {processor.py:161} INFO - Processing /home/lafuente/airflowAPI/venv/lib/python3.9/site-packages/airflow/example_dags/example_task_group.py took 0.255 seconds
[2024-03-11 22:28:30,426] {processor.py:153} INFO - Started process (PID=17607) to work on /home/lafuente/airflowAPI/venv/lib/python3.9/site-packages/airflow/example_dags/example_task_group.py
[2024-03-11 22:28:30,428] {processor.py:641} INFO - Processing file /home/lafuente/airflowAPI/venv/lib/python3.9/site-packages/airflow/example_dags/example_task_group.py for tasks to queue
[2024-03-11 22:28:30,429] {logging_mixin.py:115} INFO - [2024-03-11 22:28:30,429] {dagbag.py:507} INFO - Filling up the DagBag from /home/lafuente/airflowAPI/venv/lib/python3.9/site-packages/airflow/example_dags/example_task_group.py
[2024-03-11 22:28:30,447] {processor.py:651} INFO - DAG(s) dict_keys(['example_task_group']) retrieved from /home/lafuente/airflowAPI/venv/lib/python3.9/site-packages/airflow/example_dags/example_task_group.py
[2024-03-11 22:28:30,479] {logging_mixin.py:115} INFO - [2024-03-11 22:28:30,479] {dag.py:2379} INFO - Sync 1 DAGs
[2024-03-11 22:28:30,526] {logging_mixin.py:115} INFO - [2024-03-11 22:28:30,526] {dag.py:2927} INFO - Setting next_dagrun for example_task_group to 2024-03-11T01:28:30.525808+00:00, run_after=2024-03-12T01:28:30.525808+00:00
[2024-03-11 22:28:30,557] {processor.py:161} INFO - Processing /home/lafuente/airflowAPI/venv/lib/python3.9/site-packages/airflow/example_dags/example_task_group.py took 0.137 seconds
[2024-03-11 22:29:11,889] {processor.py:153} INFO - Started process (PID=18005) to work on /home/lafuente/airflowAPI/venv/lib/python3.9/site-packages/airflow/example_dags/example_task_group.py
[2024-03-11 22:29:11,891] {processor.py:641} INFO - Processing file /home/lafuente/airflowAPI/venv/lib/python3.9/site-packages/airflow/example_dags/example_task_group.py for tasks to queue
[2024-03-11 22:29:11,893] {logging_mixin.py:115} INFO - [2024-03-11 22:29:11,893] {dagbag.py:507} INFO - Filling up the DagBag from /home/lafuente/airflowAPI/venv/lib/python3.9/site-packages/airflow/example_dags/example_task_group.py
[2024-03-11 22:29:11,905] {processor.py:651} INFO - DAG(s) dict_keys(['example_task_group']) retrieved from /home/lafuente/airflowAPI/venv/lib/python3.9/site-packages/airflow/example_dags/example_task_group.py
[2024-03-11 22:29:11,954] {logging_mixin.py:115} INFO - [2024-03-11 22:29:11,954] {dag.py:2379} INFO - Sync 1 DAGs
[2024-03-11 22:29:11,998] {logging_mixin.py:115} INFO - [2024-03-11 22:29:11,998] {dag.py:2927} INFO - Setting next_dagrun for example_task_group to 2024-03-11T01:29:11.998067+00:00, run_after=2024-03-12T01:29:11.998067+00:00
[2024-03-11 22:29:12,027] {processor.py:161} INFO - Processing /home/lafuente/airflowAPI/venv/lib/python3.9/site-packages/airflow/example_dags/example_task_group.py took 0.144 seconds
[2024-03-11 22:29:50,312] {processor.py:153} INFO - Started process (PID=18308) to work on /home/lafuente/airflowAPI/venv/lib/python3.9/site-packages/airflow/example_dags/example_task_group.py
[2024-03-11 22:29:50,316] {processor.py:641} INFO - Processing file /home/lafuente/airflowAPI/venv/lib/python3.9/site-packages/airflow/example_dags/example_task_group.py for tasks to queue
[2024-03-11 22:29:50,318] {logging_mixin.py:115} INFO - [2024-03-11 22:29:50,318] {dagbag.py:507} INFO - Filling up the DagBag from /home/lafuente/airflowAPI/venv/lib/python3.9/site-packages/airflow/example_dags/example_task_group.py
[2024-03-11 22:29:50,329] {processor.py:651} INFO - DAG(s) dict_keys(['example_task_group']) retrieved from /home/lafuente/airflowAPI/venv/lib/python3.9/site-packages/airflow/example_dags/example_task_group.py
[2024-03-11 22:29:50,356] {logging_mixin.py:115} INFO - [2024-03-11 22:29:50,356] {dag.py:2379} INFO - Sync 1 DAGs
[2024-03-11 22:29:50,383] {logging_mixin.py:115} INFO - [2024-03-11 22:29:50,382] {dag.py:2927} INFO - Setting next_dagrun for example_task_group to 2024-03-11T01:29:50.382459+00:00, run_after=2024-03-12T01:29:50.382459+00:00
[2024-03-11 22:29:50,406] {processor.py:161} INFO - Processing /home/lafuente/airflowAPI/venv/lib/python3.9/site-packages/airflow/example_dags/example_task_group.py took 0.108 seconds
[2024-03-11 22:30:23,627] {processor.py:153} INFO - Started process (PID=18633) to work on /home/lafuente/airflowAPI/venv/lib/python3.9/site-packages/airflow/example_dags/example_task_group.py
[2024-03-11 22:30:23,630] {processor.py:641} INFO - Processing file /home/lafuente/airflowAPI/venv/lib/python3.9/site-packages/airflow/example_dags/example_task_group.py for tasks to queue
[2024-03-11 22:30:23,634] {logging_mixin.py:115} INFO - [2024-03-11 22:30:23,633] {dagbag.py:507} INFO - Filling up the DagBag from /home/lafuente/airflowAPI/venv/lib/python3.9/site-packages/airflow/example_dags/example_task_group.py
[2024-03-11 22:30:23,654] {processor.py:651} INFO - DAG(s) dict_keys(['example_task_group']) retrieved from /home/lafuente/airflowAPI/venv/lib/python3.9/site-packages/airflow/example_dags/example_task_group.py
[2024-03-11 22:30:23,698] {logging_mixin.py:115} INFO - [2024-03-11 22:30:23,698] {dag.py:2379} INFO - Sync 1 DAGs
[2024-03-11 22:30:23,754] {logging_mixin.py:115} INFO - [2024-03-11 22:30:23,754] {dag.py:2927} INFO - Setting next_dagrun for example_task_group to 2024-03-11T01:30:23.753989+00:00, run_after=2024-03-12T01:30:23.753989+00:00
[2024-03-11 22:30:23,782] {processor.py:161} INFO - Processing /home/lafuente/airflowAPI/venv/lib/python3.9/site-packages/airflow/example_dags/example_task_group.py took 0.163 seconds
[2024-03-11 22:31:08,090] {processor.py:153} INFO - Started process (PID=19153) to work on /home/lafuente/airflowAPI/venv/lib/python3.9/site-packages/airflow/example_dags/example_task_group.py
[2024-03-11 22:31:08,103] {processor.py:641} INFO - Processing file /home/lafuente/airflowAPI/venv/lib/python3.9/site-packages/airflow/example_dags/example_task_group.py for tasks to queue
[2024-03-11 22:31:08,106] {logging_mixin.py:115} INFO - [2024-03-11 22:31:08,106] {dagbag.py:507} INFO - Filling up the DagBag from /home/lafuente/airflowAPI/venv/lib/python3.9/site-packages/airflow/example_dags/example_task_group.py
[2024-03-11 22:31:08,145] {processor.py:651} INFO - DAG(s) dict_keys(['example_task_group']) retrieved from /home/lafuente/airflowAPI/venv/lib/python3.9/site-packages/airflow/example_dags/example_task_group.py
[2024-03-11 22:31:08,221] {logging_mixin.py:115} INFO - [2024-03-11 22:31:08,221] {dag.py:2379} INFO - Sync 1 DAGs
[2024-03-11 22:31:08,297] {logging_mixin.py:115} INFO - [2024-03-11 22:31:08,297] {dag.py:2927} INFO - Setting next_dagrun for example_task_group to 2024-03-11T01:31:08.296714+00:00, run_after=2024-03-12T01:31:08.296714+00:00
[2024-03-11 22:31:08,354] {processor.py:161} INFO - Processing /home/lafuente/airflowAPI/venv/lib/python3.9/site-packages/airflow/example_dags/example_task_group.py took 0.276 seconds
[2024-03-11 22:31:50,441] {processor.py:153} INFO - Started process (PID=19575) to work on /home/lafuente/airflowAPI/venv/lib/python3.9/site-packages/airflow/example_dags/example_task_group.py
[2024-03-11 22:31:50,443] {processor.py:641} INFO - Processing file /home/lafuente/airflowAPI/venv/lib/python3.9/site-packages/airflow/example_dags/example_task_group.py for tasks to queue
[2024-03-11 22:31:50,445] {logging_mixin.py:115} INFO - [2024-03-11 22:31:50,445] {dagbag.py:507} INFO - Filling up the DagBag from /home/lafuente/airflowAPI/venv/lib/python3.9/site-packages/airflow/example_dags/example_task_group.py
[2024-03-11 22:31:50,463] {processor.py:651} INFO - DAG(s) dict_keys(['example_task_group']) retrieved from /home/lafuente/airflowAPI/venv/lib/python3.9/site-packages/airflow/example_dags/example_task_group.py
[2024-03-11 22:31:50,508] {logging_mixin.py:115} INFO - [2024-03-11 22:31:50,508] {dag.py:2379} INFO - Sync 1 DAGs
[2024-03-11 22:31:50,574] {logging_mixin.py:115} INFO - [2024-03-11 22:31:50,574] {dag.py:2927} INFO - Setting next_dagrun for example_task_group to 2024-03-11T01:31:50.571958+00:00, run_after=2024-03-12T01:31:50.571958+00:00
[2024-03-11 22:31:50,637] {processor.py:161} INFO - Processing /home/lafuente/airflowAPI/venv/lib/python3.9/site-packages/airflow/example_dags/example_task_group.py took 0.201 seconds
[2024-03-11 22:32:35,177] {processor.py:153} INFO - Started process (PID=19855) to work on /home/lafuente/airflowAPI/venv/lib/python3.9/site-packages/airflow/example_dags/example_task_group.py
[2024-03-11 22:32:35,179] {processor.py:641} INFO - Processing file /home/lafuente/airflowAPI/venv/lib/python3.9/site-packages/airflow/example_dags/example_task_group.py for tasks to queue
[2024-03-11 22:32:35,180] {logging_mixin.py:115} INFO - [2024-03-11 22:32:35,180] {dagbag.py:507} INFO - Filling up the DagBag from /home/lafuente/airflowAPI/venv/lib/python3.9/site-packages/airflow/example_dags/example_task_group.py
[2024-03-11 22:32:35,196] {processor.py:651} INFO - DAG(s) dict_keys(['example_task_group']) retrieved from /home/lafuente/airflowAPI/venv/lib/python3.9/site-packages/airflow/example_dags/example_task_group.py
[2024-03-11 22:32:35,227] {logging_mixin.py:115} INFO - [2024-03-11 22:32:35,226] {dag.py:2379} INFO - Sync 1 DAGs
[2024-03-11 22:32:35,256] {logging_mixin.py:115} INFO - [2024-03-11 22:32:35,256] {dag.py:2927} INFO - Setting next_dagrun for example_task_group to 2024-03-11T01:32:35.255607+00:00, run_after=2024-03-12T01:32:35.255607+00:00
[2024-03-11 22:32:35,281] {processor.py:161} INFO - Processing /home/lafuente/airflowAPI/venv/lib/python3.9/site-packages/airflow/example_dags/example_task_group.py took 0.112 seconds
[2024-03-11 22:33:11,557] {processor.py:153} INFO - Started process (PID=20081) to work on /home/lafuente/airflowAPI/venv/lib/python3.9/site-packages/airflow/example_dags/example_task_group.py
[2024-03-11 22:33:11,560] {processor.py:641} INFO - Processing file /home/lafuente/airflowAPI/venv/lib/python3.9/site-packages/airflow/example_dags/example_task_group.py for tasks to queue
[2024-03-11 22:33:11,563] {logging_mixin.py:115} INFO - [2024-03-11 22:33:11,562] {dagbag.py:507} INFO - Filling up the DagBag from /home/lafuente/airflowAPI/venv/lib/python3.9/site-packages/airflow/example_dags/example_task_group.py
[2024-03-11 22:33:11,584] {processor.py:651} INFO - DAG(s) dict_keys(['example_task_group']) retrieved from /home/lafuente/airflowAPI/venv/lib/python3.9/site-packages/airflow/example_dags/example_task_group.py
[2024-03-11 22:33:11,622] {logging_mixin.py:115} INFO - [2024-03-11 22:33:11,621] {dag.py:2379} INFO - Sync 1 DAGs
[2024-03-11 22:33:11,653] {logging_mixin.py:115} INFO - [2024-03-11 22:33:11,653] {dag.py:2927} INFO - Setting next_dagrun for example_task_group to 2024-03-11T01:33:11.652844+00:00, run_after=2024-03-12T01:33:11.652844+00:00
[2024-03-11 22:33:11,674] {processor.py:161} INFO - Processing /home/lafuente/airflowAPI/venv/lib/python3.9/site-packages/airflow/example_dags/example_task_group.py took 0.129 seconds
[2024-03-11 22:33:48,415] {processor.py:153} INFO - Started process (PID=20306) to work on /home/lafuente/airflowAPI/venv/lib/python3.9/site-packages/airflow/example_dags/example_task_group.py
[2024-03-11 22:33:48,417] {processor.py:641} INFO - Processing file /home/lafuente/airflowAPI/venv/lib/python3.9/site-packages/airflow/example_dags/example_task_group.py for tasks to queue
[2024-03-11 22:33:48,418] {logging_mixin.py:115} INFO - [2024-03-11 22:33:48,418] {dagbag.py:507} INFO - Filling up the DagBag from /home/lafuente/airflowAPI/venv/lib/python3.9/site-packages/airflow/example_dags/example_task_group.py
[2024-03-11 22:33:48,431] {processor.py:651} INFO - DAG(s) dict_keys(['example_task_group']) retrieved from /home/lafuente/airflowAPI/venv/lib/python3.9/site-packages/airflow/example_dags/example_task_group.py
[2024-03-11 22:33:48,461] {logging_mixin.py:115} INFO - [2024-03-11 22:33:48,460] {dag.py:2379} INFO - Sync 1 DAGs
[2024-03-11 22:33:48,498] {logging_mixin.py:115} INFO - [2024-03-11 22:33:48,497] {dag.py:2927} INFO - Setting next_dagrun for example_task_group to 2024-03-11T01:33:48.497391+00:00, run_after=2024-03-12T01:33:48.497391+00:00
[2024-03-11 22:33:48,520] {processor.py:161} INFO - Processing /home/lafuente/airflowAPI/venv/lib/python3.9/site-packages/airflow/example_dags/example_task_group.py took 0.112 seconds
[2024-03-11 22:34:20,279] {processor.py:153} INFO - Started process (PID=20534) to work on /home/lafuente/airflowAPI/venv/lib/python3.9/site-packages/airflow/example_dags/example_task_group.py
[2024-03-11 22:34:20,281] {processor.py:641} INFO - Processing file /home/lafuente/airflowAPI/venv/lib/python3.9/site-packages/airflow/example_dags/example_task_group.py for tasks to queue
[2024-03-11 22:34:20,282] {logging_mixin.py:115} INFO - [2024-03-11 22:34:20,281] {dagbag.py:507} INFO - Filling up the DagBag from /home/lafuente/airflowAPI/venv/lib/python3.9/site-packages/airflow/example_dags/example_task_group.py
[2024-03-11 22:34:20,297] {processor.py:651} INFO - DAG(s) dict_keys(['example_task_group']) retrieved from /home/lafuente/airflowAPI/venv/lib/python3.9/site-packages/airflow/example_dags/example_task_group.py
[2024-03-11 22:34:20,330] {logging_mixin.py:115} INFO - [2024-03-11 22:34:20,329] {dag.py:2379} INFO - Sync 1 DAGs
[2024-03-11 22:34:20,357] {logging_mixin.py:115} INFO - [2024-03-11 22:34:20,357] {dag.py:2927} INFO - Setting next_dagrun for example_task_group to 2024-03-11T01:34:20.356862+00:00, run_after=2024-03-12T01:34:20.356862+00:00
[2024-03-11 22:34:20,382] {processor.py:161} INFO - Processing /home/lafuente/airflowAPI/venv/lib/python3.9/site-packages/airflow/example_dags/example_task_group.py took 0.107 seconds
[2024-03-11 22:34:55,673] {processor.py:153} INFO - Started process (PID=20847) to work on /home/lafuente/airflowAPI/venv/lib/python3.9/site-packages/airflow/example_dags/example_task_group.py
[2024-03-11 22:34:55,675] {processor.py:641} INFO - Processing file /home/lafuente/airflowAPI/venv/lib/python3.9/site-packages/airflow/example_dags/example_task_group.py for tasks to queue
[2024-03-11 22:34:55,676] {logging_mixin.py:115} INFO - [2024-03-11 22:34:55,675] {dagbag.py:507} INFO - Filling up the DagBag from /home/lafuente/airflowAPI/venv/lib/python3.9/site-packages/airflow/example_dags/example_task_group.py
[2024-03-11 22:34:55,686] {processor.py:651} INFO - DAG(s) dict_keys(['example_task_group']) retrieved from /home/lafuente/airflowAPI/venv/lib/python3.9/site-packages/airflow/example_dags/example_task_group.py
[2024-03-11 22:34:55,721] {logging_mixin.py:115} INFO - [2024-03-11 22:34:55,721] {dag.py:2379} INFO - Sync 1 DAGs
[2024-03-11 22:34:55,770] {logging_mixin.py:115} INFO - [2024-03-11 22:34:55,769] {dag.py:2927} INFO - Setting next_dagrun for example_task_group to 2024-03-11T01:34:55.769189+00:00, run_after=2024-03-12T01:34:55.769189+00:00
[2024-03-11 22:34:55,813] {processor.py:161} INFO - Processing /home/lafuente/airflowAPI/venv/lib/python3.9/site-packages/airflow/example_dags/example_task_group.py took 0.145 seconds
[2024-03-11 22:35:29,324] {processor.py:153} INFO - Started process (PID=21059) to work on /home/lafuente/airflowAPI/venv/lib/python3.9/site-packages/airflow/example_dags/example_task_group.py
[2024-03-11 22:35:29,325] {processor.py:641} INFO - Processing file /home/lafuente/airflowAPI/venv/lib/python3.9/site-packages/airflow/example_dags/example_task_group.py for tasks to queue
[2024-03-11 22:35:29,326] {logging_mixin.py:115} INFO - [2024-03-11 22:35:29,325] {dagbag.py:507} INFO - Filling up the DagBag from /home/lafuente/airflowAPI/venv/lib/python3.9/site-packages/airflow/example_dags/example_task_group.py
[2024-03-11 22:35:29,336] {processor.py:651} INFO - DAG(s) dict_keys(['example_task_group']) retrieved from /home/lafuente/airflowAPI/venv/lib/python3.9/site-packages/airflow/example_dags/example_task_group.py
[2024-03-11 22:35:29,365] {logging_mixin.py:115} INFO - [2024-03-11 22:35:29,365] {dag.py:2379} INFO - Sync 1 DAGs
[2024-03-11 22:35:29,391] {logging_mixin.py:115} INFO - [2024-03-11 22:35:29,391] {dag.py:2927} INFO - Setting next_dagrun for example_task_group to 2024-03-11T01:35:29.390680+00:00, run_after=2024-03-12T01:35:29.390680+00:00
[2024-03-11 22:35:29,413] {processor.py:161} INFO - Processing /home/lafuente/airflowAPI/venv/lib/python3.9/site-packages/airflow/example_dags/example_task_group.py took 0.094 seconds
[2024-03-11 22:36:05,311] {processor.py:153} INFO - Started process (PID=21455) to work on /home/lafuente/airflowAPI/venv/lib/python3.9/site-packages/airflow/example_dags/example_task_group.py
[2024-03-11 22:36:05,312] {processor.py:641} INFO - Processing file /home/lafuente/airflowAPI/venv/lib/python3.9/site-packages/airflow/example_dags/example_task_group.py for tasks to queue
[2024-03-11 22:36:05,313] {logging_mixin.py:115} INFO - [2024-03-11 22:36:05,313] {dagbag.py:507} INFO - Filling up the DagBag from /home/lafuente/airflowAPI/venv/lib/python3.9/site-packages/airflow/example_dags/example_task_group.py
[2024-03-11 22:36:05,324] {processor.py:651} INFO - DAG(s) dict_keys(['example_task_group']) retrieved from /home/lafuente/airflowAPI/venv/lib/python3.9/site-packages/airflow/example_dags/example_task_group.py
[2024-03-11 22:36:05,355] {logging_mixin.py:115} INFO - [2024-03-11 22:36:05,355] {dag.py:2379} INFO - Sync 1 DAGs
[2024-03-11 22:36:05,382] {logging_mixin.py:115} INFO - [2024-03-11 22:36:05,382] {dag.py:2927} INFO - Setting next_dagrun for example_task_group to 2024-03-11T01:36:05.381564+00:00, run_after=2024-03-12T01:36:05.381564+00:00
[2024-03-11 22:36:05,406] {processor.py:161} INFO - Processing /home/lafuente/airflowAPI/venv/lib/python3.9/site-packages/airflow/example_dags/example_task_group.py took 0.100 seconds
[2024-03-11 22:36:41,716] {processor.py:153} INFO - Started process (PID=21714) to work on /home/lafuente/airflowAPI/venv/lib/python3.9/site-packages/airflow/example_dags/example_task_group.py
[2024-03-11 22:36:41,719] {processor.py:641} INFO - Processing file /home/lafuente/airflowAPI/venv/lib/python3.9/site-packages/airflow/example_dags/example_task_group.py for tasks to queue
[2024-03-11 22:36:41,720] {logging_mixin.py:115} INFO - [2024-03-11 22:36:41,719] {dagbag.py:507} INFO - Filling up the DagBag from /home/lafuente/airflowAPI/venv/lib/python3.9/site-packages/airflow/example_dags/example_task_group.py
[2024-03-11 22:36:41,736] {processor.py:651} INFO - DAG(s) dict_keys(['example_task_group']) retrieved from /home/lafuente/airflowAPI/venv/lib/python3.9/site-packages/airflow/example_dags/example_task_group.py
[2024-03-11 22:36:41,768] {logging_mixin.py:115} INFO - [2024-03-11 22:36:41,768] {dag.py:2379} INFO - Sync 1 DAGs
[2024-03-11 22:36:41,814] {logging_mixin.py:115} INFO - [2024-03-11 22:36:41,813] {dag.py:2927} INFO - Setting next_dagrun for example_task_group to 2024-03-11T01:36:41.813066+00:00, run_after=2024-03-12T01:36:41.813066+00:00
[2024-03-11 22:36:41,853] {processor.py:161} INFO - Processing /home/lafuente/airflowAPI/venv/lib/python3.9/site-packages/airflow/example_dags/example_task_group.py took 0.147 seconds
[2024-03-11 22:37:19,478] {processor.py:153} INFO - Started process (PID=22319) to work on /home/lafuente/airflowAPI/venv/lib/python3.9/site-packages/airflow/example_dags/example_task_group.py
[2024-03-11 22:37:19,479] {processor.py:641} INFO - Processing file /home/lafuente/airflowAPI/venv/lib/python3.9/site-packages/airflow/example_dags/example_task_group.py for tasks to queue
[2024-03-11 22:37:19,481] {logging_mixin.py:115} INFO - [2024-03-11 22:37:19,480] {dagbag.py:507} INFO - Filling up the DagBag from /home/lafuente/airflowAPI/venv/lib/python3.9/site-packages/airflow/example_dags/example_task_group.py
[2024-03-11 22:37:19,501] {processor.py:651} INFO - DAG(s) dict_keys(['example_task_group']) retrieved from /home/lafuente/airflowAPI/venv/lib/python3.9/site-packages/airflow/example_dags/example_task_group.py
[2024-03-11 22:37:19,544] {logging_mixin.py:115} INFO - [2024-03-11 22:37:19,544] {dag.py:2379} INFO - Sync 1 DAGs
[2024-03-11 22:37:19,608] {logging_mixin.py:115} INFO - [2024-03-11 22:37:19,608] {dag.py:2927} INFO - Setting next_dagrun for example_task_group to 2024-03-11T01:37:19.607946+00:00, run_after=2024-03-12T01:37:19.607946+00:00
[2024-03-11 22:37:19,649] {processor.py:161} INFO - Processing /home/lafuente/airflowAPI/venv/lib/python3.9/site-packages/airflow/example_dags/example_task_group.py took 0.176 seconds
[2024-03-11 22:37:57,566] {processor.py:153} INFO - Started process (PID=22581) to work on /home/lafuente/airflowAPI/venv/lib/python3.9/site-packages/airflow/example_dags/example_task_group.py
[2024-03-11 22:37:57,568] {processor.py:641} INFO - Processing file /home/lafuente/airflowAPI/venv/lib/python3.9/site-packages/airflow/example_dags/example_task_group.py for tasks to queue
[2024-03-11 22:37:57,569] {logging_mixin.py:115} INFO - [2024-03-11 22:37:57,569] {dagbag.py:507} INFO - Filling up the DagBag from /home/lafuente/airflowAPI/venv/lib/python3.9/site-packages/airflow/example_dags/example_task_group.py
[2024-03-11 22:37:57,589] {processor.py:651} INFO - DAG(s) dict_keys(['example_task_group']) retrieved from /home/lafuente/airflowAPI/venv/lib/python3.9/site-packages/airflow/example_dags/example_task_group.py
[2024-03-11 22:37:57,620] {logging_mixin.py:115} INFO - [2024-03-11 22:37:57,620] {dag.py:2379} INFO - Sync 1 DAGs
[2024-03-11 22:37:57,658] {logging_mixin.py:115} INFO - [2024-03-11 22:37:57,658] {dag.py:2927} INFO - Setting next_dagrun for example_task_group to 2024-03-11T01:37:57.657638+00:00, run_after=2024-03-12T01:37:57.657638+00:00
[2024-03-11 22:37:57,683] {processor.py:161} INFO - Processing /home/lafuente/airflowAPI/venv/lib/python3.9/site-packages/airflow/example_dags/example_task_group.py took 0.126 seconds
[2024-03-11 22:38:32,608] {processor.py:153} INFO - Started process (PID=22953) to work on /home/lafuente/airflowAPI/venv/lib/python3.9/site-packages/airflow/example_dags/example_task_group.py
[2024-03-11 22:38:32,611] {processor.py:641} INFO - Processing file /home/lafuente/airflowAPI/venv/lib/python3.9/site-packages/airflow/example_dags/example_task_group.py for tasks to queue
[2024-03-11 22:38:32,613] {logging_mixin.py:115} INFO - [2024-03-11 22:38:32,612] {dagbag.py:507} INFO - Filling up the DagBag from /home/lafuente/airflowAPI/venv/lib/python3.9/site-packages/airflow/example_dags/example_task_group.py
[2024-03-11 22:38:32,633] {processor.py:651} INFO - DAG(s) dict_keys(['example_task_group']) retrieved from /home/lafuente/airflowAPI/venv/lib/python3.9/site-packages/airflow/example_dags/example_task_group.py
[2024-03-11 22:38:32,664] {logging_mixin.py:115} INFO - [2024-03-11 22:38:32,663] {dag.py:2379} INFO - Sync 1 DAGs
[2024-03-11 22:38:32,693] {logging_mixin.py:115} INFO - [2024-03-11 22:38:32,692] {dag.py:2927} INFO - Setting next_dagrun for example_task_group to 2024-03-11T01:38:32.691701+00:00, run_after=2024-03-12T01:38:32.691701+00:00
[2024-03-11 22:38:32,716] {processor.py:161} INFO - Processing /home/lafuente/airflowAPI/venv/lib/python3.9/site-packages/airflow/example_dags/example_task_group.py took 0.118 seconds
