[2024-03-11 22:27:31,450] {processor.py:153} INFO - Started process (PID=17028) to work on /home/lafuente/airflowAPI/venv/lib/python3.9/site-packages/airflow/example_dags/example_branch_day_of_week_operator.py
[2024-03-11 22:27:31,451] {processor.py:641} INFO - Processing file /home/lafuente/airflowAPI/venv/lib/python3.9/site-packages/airflow/example_dags/example_branch_day_of_week_operator.py for tasks to queue
[2024-03-11 22:27:31,453] {logging_mixin.py:115} INFO - [2024-03-11 22:27:31,453] {dagbag.py:507} INFO - Filling up the DagBag from /home/lafuente/airflowAPI/venv/lib/python3.9/site-packages/airflow/example_dags/example_branch_day_of_week_operator.py
[2024-03-11 22:27:31,789] {processor.py:651} INFO - DAG(s) dict_keys(['example_weekday_branch_operator']) retrieved from /home/lafuente/airflowAPI/venv/lib/python3.9/site-packages/airflow/example_dags/example_branch_day_of_week_operator.py
[2024-03-11 22:27:32,338] {logging_mixin.py:115} INFO - [2024-03-11 22:27:32,338] {manager.py:508} INFO - Created Permission View: can edit on DAG:example_weekday_branch_operator
[2024-03-11 22:27:32,403] {logging_mixin.py:115} INFO - [2024-03-11 22:27:32,402] {manager.py:508} INFO - Created Permission View: can read on DAG:example_weekday_branch_operator
[2024-03-11 22:27:32,459] {logging_mixin.py:115} INFO - [2024-03-11 22:27:32,459] {manager.py:508} INFO - Created Permission View: can delete on DAG:example_weekday_branch_operator
[2024-03-11 22:27:32,460] {logging_mixin.py:115} INFO - [2024-03-11 22:27:32,460] {dag.py:2379} INFO - Sync 1 DAGs
[2024-03-11 22:27:32,500] {logging_mixin.py:115} INFO - [2024-03-11 22:27:32,500] {dag.py:2398} INFO - Creating ORM DAG for example_weekday_branch_operator
[2024-03-11 22:27:32,545] {logging_mixin.py:115} INFO - [2024-03-11 22:27:32,545] {dag.py:2927} INFO - Setting next_dagrun for example_weekday_branch_operator to 2024-03-11T00:00:00+00:00, run_after=2024-03-12T00:00:00+00:00
[2024-03-11 22:27:32,612] {processor.py:161} INFO - Processing /home/lafuente/airflowAPI/venv/lib/python3.9/site-packages/airflow/example_dags/example_branch_day_of_week_operator.py took 1.313 seconds
[2024-03-11 22:28:21,844] {processor.py:153} INFO - Started process (PID=17554) to work on /home/lafuente/airflowAPI/venv/lib/python3.9/site-packages/airflow/example_dags/example_branch_day_of_week_operator.py
[2024-03-11 22:28:21,845] {processor.py:641} INFO - Processing file /home/lafuente/airflowAPI/venv/lib/python3.9/site-packages/airflow/example_dags/example_branch_day_of_week_operator.py for tasks to queue
[2024-03-11 22:28:21,852] {logging_mixin.py:115} INFO - [2024-03-11 22:28:21,851] {dagbag.py:507} INFO - Filling up the DagBag from /home/lafuente/airflowAPI/venv/lib/python3.9/site-packages/airflow/example_dags/example_branch_day_of_week_operator.py
[2024-03-11 22:28:21,873] {processor.py:651} INFO - DAG(s) dict_keys(['example_weekday_branch_operator']) retrieved from /home/lafuente/airflowAPI/venv/lib/python3.9/site-packages/airflow/example_dags/example_branch_day_of_week_operator.py
[2024-03-11 22:28:21,910] {logging_mixin.py:115} INFO - [2024-03-11 22:28:21,910] {dag.py:2379} INFO - Sync 1 DAGs
[2024-03-11 22:28:21,956] {logging_mixin.py:115} INFO - [2024-03-11 22:28:21,956] {dag.py:2927} INFO - Setting next_dagrun for example_weekday_branch_operator to 2024-03-11T00:00:00+00:00, run_after=2024-03-12T00:00:00+00:00
[2024-03-11 22:28:21,981] {processor.py:161} INFO - Processing /home/lafuente/airflowAPI/venv/lib/python3.9/site-packages/airflow/example_dags/example_branch_day_of_week_operator.py took 0.153 seconds
[2024-03-11 22:29:08,074] {processor.py:153} INFO - Started process (PID=17985) to work on /home/lafuente/airflowAPI/venv/lib/python3.9/site-packages/airflow/example_dags/example_branch_day_of_week_operator.py
[2024-03-11 22:29:08,084] {processor.py:641} INFO - Processing file /home/lafuente/airflowAPI/venv/lib/python3.9/site-packages/airflow/example_dags/example_branch_day_of_week_operator.py for tasks to queue
[2024-03-11 22:29:08,086] {logging_mixin.py:115} INFO - [2024-03-11 22:29:08,085] {dagbag.py:507} INFO - Filling up the DagBag from /home/lafuente/airflowAPI/venv/lib/python3.9/site-packages/airflow/example_dags/example_branch_day_of_week_operator.py
[2024-03-11 22:29:08,168] {processor.py:651} INFO - DAG(s) dict_keys(['example_weekday_branch_operator']) retrieved from /home/lafuente/airflowAPI/venv/lib/python3.9/site-packages/airflow/example_dags/example_branch_day_of_week_operator.py
[2024-03-11 22:29:08,261] {logging_mixin.py:115} INFO - [2024-03-11 22:29:08,260] {dag.py:2379} INFO - Sync 1 DAGs
[2024-03-11 22:29:08,351] {logging_mixin.py:115} INFO - [2024-03-11 22:29:08,350] {dag.py:2927} INFO - Setting next_dagrun for example_weekday_branch_operator to 2024-03-11T00:00:00+00:00, run_after=2024-03-12T00:00:00+00:00
[2024-03-11 22:29:08,447] {processor.py:161} INFO - Processing /home/lafuente/airflowAPI/venv/lib/python3.9/site-packages/airflow/example_dags/example_branch_day_of_week_operator.py took 0.391 seconds
[2024-03-11 22:29:47,404] {processor.py:153} INFO - Started process (PID=18279) to work on /home/lafuente/airflowAPI/venv/lib/python3.9/site-packages/airflow/example_dags/example_branch_day_of_week_operator.py
[2024-03-11 22:29:47,406] {processor.py:641} INFO - Processing file /home/lafuente/airflowAPI/venv/lib/python3.9/site-packages/airflow/example_dags/example_branch_day_of_week_operator.py for tasks to queue
[2024-03-11 22:29:47,407] {logging_mixin.py:115} INFO - [2024-03-11 22:29:47,407] {dagbag.py:507} INFO - Filling up the DagBag from /home/lafuente/airflowAPI/venv/lib/python3.9/site-packages/airflow/example_dags/example_branch_day_of_week_operator.py
[2024-03-11 22:29:47,422] {processor.py:651} INFO - DAG(s) dict_keys(['example_weekday_branch_operator']) retrieved from /home/lafuente/airflowAPI/venv/lib/python3.9/site-packages/airflow/example_dags/example_branch_day_of_week_operator.py
[2024-03-11 22:29:47,463] {logging_mixin.py:115} INFO - [2024-03-11 22:29:47,462] {dag.py:2379} INFO - Sync 1 DAGs
[2024-03-11 22:29:47,501] {logging_mixin.py:115} INFO - [2024-03-11 22:29:47,501] {dag.py:2927} INFO - Setting next_dagrun for example_weekday_branch_operator to 2024-03-11T00:00:00+00:00, run_after=2024-03-12T00:00:00+00:00
[2024-03-11 22:29:47,525] {processor.py:161} INFO - Processing /home/lafuente/airflowAPI/venv/lib/python3.9/site-packages/airflow/example_dags/example_branch_day_of_week_operator.py took 0.130 seconds
[2024-03-11 22:30:27,488] {processor.py:153} INFO - Started process (PID=18668) to work on /home/lafuente/airflowAPI/venv/lib/python3.9/site-packages/airflow/example_dags/example_branch_day_of_week_operator.py
[2024-03-11 22:30:27,490] {processor.py:641} INFO - Processing file /home/lafuente/airflowAPI/venv/lib/python3.9/site-packages/airflow/example_dags/example_branch_day_of_week_operator.py for tasks to queue
[2024-03-11 22:30:27,491] {logging_mixin.py:115} INFO - [2024-03-11 22:30:27,491] {dagbag.py:507} INFO - Filling up the DagBag from /home/lafuente/airflowAPI/venv/lib/python3.9/site-packages/airflow/example_dags/example_branch_day_of_week_operator.py
[2024-03-11 22:30:27,504] {processor.py:651} INFO - DAG(s) dict_keys(['example_weekday_branch_operator']) retrieved from /home/lafuente/airflowAPI/venv/lib/python3.9/site-packages/airflow/example_dags/example_branch_day_of_week_operator.py
[2024-03-11 22:30:27,532] {logging_mixin.py:115} INFO - [2024-03-11 22:30:27,532] {dag.py:2379} INFO - Sync 1 DAGs
[2024-03-11 22:30:27,560] {logging_mixin.py:115} INFO - [2024-03-11 22:30:27,559] {dag.py:2927} INFO - Setting next_dagrun for example_weekday_branch_operator to 2024-03-11T00:00:00+00:00, run_after=2024-03-12T00:00:00+00:00
[2024-03-11 22:30:27,581] {processor.py:161} INFO - Processing /home/lafuente/airflowAPI/venv/lib/python3.9/site-packages/airflow/example_dags/example_branch_day_of_week_operator.py took 0.098 seconds
[2024-03-11 22:31:16,268] {processor.py:153} INFO - Started process (PID=19249) to work on /home/lafuente/airflowAPI/venv/lib/python3.9/site-packages/airflow/example_dags/example_branch_day_of_week_operator.py
[2024-03-11 22:31:16,270] {processor.py:641} INFO - Processing file /home/lafuente/airflowAPI/venv/lib/python3.9/site-packages/airflow/example_dags/example_branch_day_of_week_operator.py for tasks to queue
[2024-03-11 22:31:16,272] {logging_mixin.py:115} INFO - [2024-03-11 22:31:16,271] {dagbag.py:507} INFO - Filling up the DagBag from /home/lafuente/airflowAPI/venv/lib/python3.9/site-packages/airflow/example_dags/example_branch_day_of_week_operator.py
[2024-03-11 22:31:16,302] {processor.py:651} INFO - DAG(s) dict_keys(['example_weekday_branch_operator']) retrieved from /home/lafuente/airflowAPI/venv/lib/python3.9/site-packages/airflow/example_dags/example_branch_day_of_week_operator.py
[2024-03-11 22:31:16,369] {logging_mixin.py:115} INFO - [2024-03-11 22:31:16,368] {dag.py:2379} INFO - Sync 1 DAGs
[2024-03-11 22:31:16,440] {logging_mixin.py:115} INFO - [2024-03-11 22:31:16,439] {dag.py:2927} INFO - Setting next_dagrun for example_weekday_branch_operator to 2024-03-11T00:00:00+00:00, run_after=2024-03-12T00:00:00+00:00
[2024-03-11 22:31:16,498] {processor.py:161} INFO - Processing /home/lafuente/airflowAPI/venv/lib/python3.9/site-packages/airflow/example_dags/example_branch_day_of_week_operator.py took 0.241 seconds
[2024-03-11 22:31:56,049] {processor.py:153} INFO - Started process (PID=19613) to work on /home/lafuente/airflowAPI/venv/lib/python3.9/site-packages/airflow/example_dags/example_branch_day_of_week_operator.py
[2024-03-11 22:31:56,051] {processor.py:641} INFO - Processing file /home/lafuente/airflowAPI/venv/lib/python3.9/site-packages/airflow/example_dags/example_branch_day_of_week_operator.py for tasks to queue
[2024-03-11 22:31:56,053] {logging_mixin.py:115} INFO - [2024-03-11 22:31:56,053] {dagbag.py:507} INFO - Filling up the DagBag from /home/lafuente/airflowAPI/venv/lib/python3.9/site-packages/airflow/example_dags/example_branch_day_of_week_operator.py
[2024-03-11 22:31:56,084] {processor.py:651} INFO - DAG(s) dict_keys(['example_weekday_branch_operator']) retrieved from /home/lafuente/airflowAPI/venv/lib/python3.9/site-packages/airflow/example_dags/example_branch_day_of_week_operator.py
[2024-03-11 22:31:56,123] {logging_mixin.py:115} INFO - [2024-03-11 22:31:56,123] {dag.py:2379} INFO - Sync 1 DAGs
[2024-03-11 22:31:56,177] {logging_mixin.py:115} INFO - [2024-03-11 22:31:56,177] {dag.py:2927} INFO - Setting next_dagrun for example_weekday_branch_operator to 2024-03-11T00:00:00+00:00, run_after=2024-03-12T00:00:00+00:00
[2024-03-11 22:31:56,206] {processor.py:161} INFO - Processing /home/lafuente/airflowAPI/venv/lib/python3.9/site-packages/airflow/example_dags/example_branch_day_of_week_operator.py took 0.163 seconds
[2024-03-11 22:32:41,066] {processor.py:153} INFO - Started process (PID=19888) to work on /home/lafuente/airflowAPI/venv/lib/python3.9/site-packages/airflow/example_dags/example_branch_day_of_week_operator.py
[2024-03-11 22:32:41,067] {processor.py:641} INFO - Processing file /home/lafuente/airflowAPI/venv/lib/python3.9/site-packages/airflow/example_dags/example_branch_day_of_week_operator.py for tasks to queue
[2024-03-11 22:32:41,069] {logging_mixin.py:115} INFO - [2024-03-11 22:32:41,069] {dagbag.py:507} INFO - Filling up the DagBag from /home/lafuente/airflowAPI/venv/lib/python3.9/site-packages/airflow/example_dags/example_branch_day_of_week_operator.py
[2024-03-11 22:32:41,086] {processor.py:651} INFO - DAG(s) dict_keys(['example_weekday_branch_operator']) retrieved from /home/lafuente/airflowAPI/venv/lib/python3.9/site-packages/airflow/example_dags/example_branch_day_of_week_operator.py
[2024-03-11 22:32:41,133] {logging_mixin.py:115} INFO - [2024-03-11 22:32:41,132] {dag.py:2379} INFO - Sync 1 DAGs
[2024-03-11 22:32:41,177] {logging_mixin.py:115} INFO - [2024-03-11 22:32:41,177] {dag.py:2927} INFO - Setting next_dagrun for example_weekday_branch_operator to 2024-03-11T00:00:00+00:00, run_after=2024-03-12T00:00:00+00:00
[2024-03-11 22:32:41,208] {processor.py:161} INFO - Processing /home/lafuente/airflowAPI/venv/lib/python3.9/site-packages/airflow/example_dags/example_branch_day_of_week_operator.py took 0.147 seconds
[2024-03-11 22:33:17,719] {processor.py:153} INFO - Started process (PID=20121) to work on /home/lafuente/airflowAPI/venv/lib/python3.9/site-packages/airflow/example_dags/example_branch_day_of_week_operator.py
[2024-03-11 22:33:17,726] {processor.py:641} INFO - Processing file /home/lafuente/airflowAPI/venv/lib/python3.9/site-packages/airflow/example_dags/example_branch_day_of_week_operator.py for tasks to queue
[2024-03-11 22:33:17,728] {logging_mixin.py:115} INFO - [2024-03-11 22:33:17,728] {dagbag.py:507} INFO - Filling up the DagBag from /home/lafuente/airflowAPI/venv/lib/python3.9/site-packages/airflow/example_dags/example_branch_day_of_week_operator.py
[2024-03-11 22:33:17,764] {processor.py:651} INFO - DAG(s) dict_keys(['example_weekday_branch_operator']) retrieved from /home/lafuente/airflowAPI/venv/lib/python3.9/site-packages/airflow/example_dags/example_branch_day_of_week_operator.py
[2024-03-11 22:33:17,854] {logging_mixin.py:115} INFO - [2024-03-11 22:33:17,853] {dag.py:2379} INFO - Sync 1 DAGs
[2024-03-11 22:33:17,952] {logging_mixin.py:115} INFO - [2024-03-11 22:33:17,952] {dag.py:2927} INFO - Setting next_dagrun for example_weekday_branch_operator to 2024-03-11T00:00:00+00:00, run_after=2024-03-12T00:00:00+00:00
[2024-03-11 22:33:18,005] {processor.py:161} INFO - Processing /home/lafuente/airflowAPI/venv/lib/python3.9/site-packages/airflow/example_dags/example_branch_day_of_week_operator.py took 0.293 seconds
[2024-03-11 22:33:56,050] {processor.py:153} INFO - Started process (PID=20354) to work on /home/lafuente/airflowAPI/venv/lib/python3.9/site-packages/airflow/example_dags/example_branch_day_of_week_operator.py
[2024-03-11 22:33:56,052] {processor.py:641} INFO - Processing file /home/lafuente/airflowAPI/venv/lib/python3.9/site-packages/airflow/example_dags/example_branch_day_of_week_operator.py for tasks to queue
[2024-03-11 22:33:56,054] {logging_mixin.py:115} INFO - [2024-03-11 22:33:56,054] {dagbag.py:507} INFO - Filling up the DagBag from /home/lafuente/airflowAPI/venv/lib/python3.9/site-packages/airflow/example_dags/example_branch_day_of_week_operator.py
[2024-03-11 22:33:56,074] {processor.py:651} INFO - DAG(s) dict_keys(['example_weekday_branch_operator']) retrieved from /home/lafuente/airflowAPI/venv/lib/python3.9/site-packages/airflow/example_dags/example_branch_day_of_week_operator.py
[2024-03-11 22:33:56,104] {logging_mixin.py:115} INFO - [2024-03-11 22:33:56,103] {dag.py:2379} INFO - Sync 1 DAGs
[2024-03-11 22:33:56,144] {logging_mixin.py:115} INFO - [2024-03-11 22:33:56,144] {dag.py:2927} INFO - Setting next_dagrun for example_weekday_branch_operator to 2024-03-11T00:00:00+00:00, run_after=2024-03-12T00:00:00+00:00
[2024-03-11 22:33:56,178] {processor.py:161} INFO - Processing /home/lafuente/airflowAPI/venv/lib/python3.9/site-packages/airflow/example_dags/example_branch_day_of_week_operator.py took 0.133 seconds
[2024-03-11 22:34:35,150] {processor.py:153} INFO - Started process (PID=20672) to work on /home/lafuente/airflowAPI/venv/lib/python3.9/site-packages/airflow/example_dags/example_branch_day_of_week_operator.py
[2024-03-11 22:34:35,152] {processor.py:641} INFO - Processing file /home/lafuente/airflowAPI/venv/lib/python3.9/site-packages/airflow/example_dags/example_branch_day_of_week_operator.py for tasks to queue
[2024-03-11 22:34:35,154] {logging_mixin.py:115} INFO - [2024-03-11 22:34:35,153] {dagbag.py:507} INFO - Filling up the DagBag from /home/lafuente/airflowAPI/venv/lib/python3.9/site-packages/airflow/example_dags/example_branch_day_of_week_operator.py
[2024-03-11 22:34:35,170] {processor.py:651} INFO - DAG(s) dict_keys(['example_weekday_branch_operator']) retrieved from /home/lafuente/airflowAPI/venv/lib/python3.9/site-packages/airflow/example_dags/example_branch_day_of_week_operator.py
[2024-03-11 22:34:35,195] {logging_mixin.py:115} INFO - [2024-03-11 22:34:35,195] {dag.py:2379} INFO - Sync 1 DAGs
[2024-03-11 22:34:35,245] {logging_mixin.py:115} INFO - [2024-03-11 22:34:35,244] {dag.py:2927} INFO - Setting next_dagrun for example_weekday_branch_operator to 2024-03-11T00:00:00+00:00, run_after=2024-03-12T00:00:00+00:00
[2024-03-11 22:34:35,268] {processor.py:161} INFO - Processing /home/lafuente/airflowAPI/venv/lib/python3.9/site-packages/airflow/example_dags/example_branch_day_of_week_operator.py took 0.124 seconds
[2024-03-11 22:35:16,186] {processor.py:153} INFO - Started process (PID=20978) to work on /home/lafuente/airflowAPI/venv/lib/python3.9/site-packages/airflow/example_dags/example_branch_day_of_week_operator.py
[2024-03-11 22:35:16,188] {processor.py:641} INFO - Processing file /home/lafuente/airflowAPI/venv/lib/python3.9/site-packages/airflow/example_dags/example_branch_day_of_week_operator.py for tasks to queue
[2024-03-11 22:35:16,189] {logging_mixin.py:115} INFO - [2024-03-11 22:35:16,189] {dagbag.py:507} INFO - Filling up the DagBag from /home/lafuente/airflowAPI/venv/lib/python3.9/site-packages/airflow/example_dags/example_branch_day_of_week_operator.py
[2024-03-11 22:35:16,206] {processor.py:651} INFO - DAG(s) dict_keys(['example_weekday_branch_operator']) retrieved from /home/lafuente/airflowAPI/venv/lib/python3.9/site-packages/airflow/example_dags/example_branch_day_of_week_operator.py
[2024-03-11 22:35:16,240] {logging_mixin.py:115} INFO - [2024-03-11 22:35:16,239] {dag.py:2379} INFO - Sync 1 DAGs
[2024-03-11 22:35:16,286] {logging_mixin.py:115} INFO - [2024-03-11 22:35:16,285] {dag.py:2927} INFO - Setting next_dagrun for example_weekday_branch_operator to 2024-03-11T00:00:00+00:00, run_after=2024-03-12T00:00:00+00:00
[2024-03-11 22:35:16,314] {processor.py:161} INFO - Processing /home/lafuente/airflowAPI/venv/lib/python3.9/site-packages/airflow/example_dags/example_branch_day_of_week_operator.py took 0.136 seconds
[2024-03-11 22:35:54,983] {processor.py:153} INFO - Started process (PID=21338) to work on /home/lafuente/airflowAPI/venv/lib/python3.9/site-packages/airflow/example_dags/example_branch_day_of_week_operator.py
[2024-03-11 22:35:54,985] {processor.py:641} INFO - Processing file /home/lafuente/airflowAPI/venv/lib/python3.9/site-packages/airflow/example_dags/example_branch_day_of_week_operator.py for tasks to queue
[2024-03-11 22:35:54,986] {logging_mixin.py:115} INFO - [2024-03-11 22:35:54,986] {dagbag.py:507} INFO - Filling up the DagBag from /home/lafuente/airflowAPI/venv/lib/python3.9/site-packages/airflow/example_dags/example_branch_day_of_week_operator.py
[2024-03-11 22:35:54,998] {processor.py:651} INFO - DAG(s) dict_keys(['example_weekday_branch_operator']) retrieved from /home/lafuente/airflowAPI/venv/lib/python3.9/site-packages/airflow/example_dags/example_branch_day_of_week_operator.py
[2024-03-11 22:35:55,030] {logging_mixin.py:115} INFO - [2024-03-11 22:35:55,030] {dag.py:2379} INFO - Sync 1 DAGs
[2024-03-11 22:35:55,075] {logging_mixin.py:115} INFO - [2024-03-11 22:35:55,075] {dag.py:2927} INFO - Setting next_dagrun for example_weekday_branch_operator to 2024-03-11T00:00:00+00:00, run_after=2024-03-12T00:00:00+00:00
[2024-03-11 22:35:55,097] {processor.py:161} INFO - Processing /home/lafuente/airflowAPI/venv/lib/python3.9/site-packages/airflow/example_dags/example_branch_day_of_week_operator.py took 0.119 seconds
[2024-03-11 22:36:38,194] {processor.py:153} INFO - Started process (PID=21692) to work on /home/lafuente/airflowAPI/venv/lib/python3.9/site-packages/airflow/example_dags/example_branch_day_of_week_operator.py
[2024-03-11 22:36:38,196] {processor.py:641} INFO - Processing file /home/lafuente/airflowAPI/venv/lib/python3.9/site-packages/airflow/example_dags/example_branch_day_of_week_operator.py for tasks to queue
[2024-03-11 22:36:38,198] {logging_mixin.py:115} INFO - [2024-03-11 22:36:38,198] {dagbag.py:507} INFO - Filling up the DagBag from /home/lafuente/airflowAPI/venv/lib/python3.9/site-packages/airflow/example_dags/example_branch_day_of_week_operator.py
[2024-03-11 22:36:38,220] {processor.py:651} INFO - DAG(s) dict_keys(['example_weekday_branch_operator']) retrieved from /home/lafuente/airflowAPI/venv/lib/python3.9/site-packages/airflow/example_dags/example_branch_day_of_week_operator.py
[2024-03-11 22:36:38,257] {logging_mixin.py:115} INFO - [2024-03-11 22:36:38,257] {dag.py:2379} INFO - Sync 1 DAGs
[2024-03-11 22:36:38,296] {logging_mixin.py:115} INFO - [2024-03-11 22:36:38,295] {dag.py:2927} INFO - Setting next_dagrun for example_weekday_branch_operator to 2024-03-11T00:00:00+00:00, run_after=2024-03-12T00:00:00+00:00
[2024-03-11 22:36:38,323] {processor.py:161} INFO - Processing /home/lafuente/airflowAPI/venv/lib/python3.9/site-packages/airflow/example_dags/example_branch_day_of_week_operator.py took 0.136 seconds
[2024-03-11 22:37:24,770] {processor.py:153} INFO - Started process (PID=22373) to work on /home/lafuente/airflowAPI/venv/lib/python3.9/site-packages/airflow/example_dags/example_branch_day_of_week_operator.py
[2024-03-11 22:37:24,777] {processor.py:641} INFO - Processing file /home/lafuente/airflowAPI/venv/lib/python3.9/site-packages/airflow/example_dags/example_branch_day_of_week_operator.py for tasks to queue
[2024-03-11 22:37:24,781] {logging_mixin.py:115} INFO - [2024-03-11 22:37:24,781] {dagbag.py:507} INFO - Filling up the DagBag from /home/lafuente/airflowAPI/venv/lib/python3.9/site-packages/airflow/example_dags/example_branch_day_of_week_operator.py
[2024-03-11 22:37:24,829] {processor.py:651} INFO - DAG(s) dict_keys(['example_weekday_branch_operator']) retrieved from /home/lafuente/airflowAPI/venv/lib/python3.9/site-packages/airflow/example_dags/example_branch_day_of_week_operator.py
[2024-03-11 22:37:24,901] {logging_mixin.py:115} INFO - [2024-03-11 22:37:24,901] {dag.py:2379} INFO - Sync 1 DAGs
[2024-03-11 22:37:24,946] {logging_mixin.py:115} INFO - [2024-03-11 22:37:24,946] {dag.py:2927} INFO - Setting next_dagrun for example_weekday_branch_operator to 2024-03-11T00:00:00+00:00, run_after=2024-03-12T00:00:00+00:00
[2024-03-11 22:37:24,977] {processor.py:161} INFO - Processing /home/lafuente/airflowAPI/venv/lib/python3.9/site-packages/airflow/example_dags/example_branch_day_of_week_operator.py took 0.214 seconds
[2024-03-11 22:38:09,373] {processor.py:153} INFO - Started process (PID=22677) to work on /home/lafuente/airflowAPI/venv/lib/python3.9/site-packages/airflow/example_dags/example_branch_day_of_week_operator.py
[2024-03-11 22:38:09,377] {processor.py:641} INFO - Processing file /home/lafuente/airflowAPI/venv/lib/python3.9/site-packages/airflow/example_dags/example_branch_day_of_week_operator.py for tasks to queue
[2024-03-11 22:38:09,379] {logging_mixin.py:115} INFO - [2024-03-11 22:38:09,379] {dagbag.py:507} INFO - Filling up the DagBag from /home/lafuente/airflowAPI/venv/lib/python3.9/site-packages/airflow/example_dags/example_branch_day_of_week_operator.py
[2024-03-11 22:38:09,392] {processor.py:651} INFO - DAG(s) dict_keys(['example_weekday_branch_operator']) retrieved from /home/lafuente/airflowAPI/venv/lib/python3.9/site-packages/airflow/example_dags/example_branch_day_of_week_operator.py
[2024-03-11 22:38:09,417] {logging_mixin.py:115} INFO - [2024-03-11 22:38:09,417] {dag.py:2379} INFO - Sync 1 DAGs
[2024-03-11 22:38:09,446] {logging_mixin.py:115} INFO - [2024-03-11 22:38:09,446] {dag.py:2927} INFO - Setting next_dagrun for example_weekday_branch_operator to 2024-03-11T00:00:00+00:00, run_after=2024-03-12T00:00:00+00:00
[2024-03-11 22:38:09,468] {processor.py:161} INFO - Processing /home/lafuente/airflowAPI/venv/lib/python3.9/site-packages/airflow/example_dags/example_branch_day_of_week_operator.py took 0.110 seconds
