[2024-03-11 22:27:35,970] {processor.py:153} INFO - Started process (PID=17092) to work on /home/lafuente/airflowAPI/venv/lib/python3.9/site-packages/airflow/example_dags/example_external_task_marker_dag.py
[2024-03-11 22:27:35,981] {processor.py:641} INFO - Processing file /home/lafuente/airflowAPI/venv/lib/python3.9/site-packages/airflow/example_dags/example_external_task_marker_dag.py for tasks to queue
[2024-03-11 22:27:35,983] {logging_mixin.py:115} INFO - [2024-03-11 22:27:35,983] {dagbag.py:507} INFO - Filling up the DagBag from /home/lafuente/airflowAPI/venv/lib/python3.9/site-packages/airflow/example_dags/example_external_task_marker_dag.py
[2024-03-11 22:27:36,007] {processor.py:651} INFO - DAG(s) dict_keys(['example_external_task_marker_parent', 'example_external_task_marker_child']) retrieved from /home/lafuente/airflowAPI/venv/lib/python3.9/site-packages/airflow/example_dags/example_external_task_marker_dag.py
[2024-03-11 22:27:36,377] {logging_mixin.py:115} INFO - [2024-03-11 22:27:36,376] {manager.py:508} INFO - Created Permission View: can edit on DAG:example_external_task_marker_parent
[2024-03-11 22:27:36,416] {logging_mixin.py:115} INFO - [2024-03-11 22:27:36,416] {manager.py:508} INFO - Created Permission View: can read on DAG:example_external_task_marker_parent
[2024-03-11 22:27:36,433] {logging_mixin.py:115} INFO - [2024-03-11 22:27:36,433] {manager.py:508} INFO - Created Permission View: can delete on DAG:example_external_task_marker_parent
[2024-03-11 22:27:36,483] {logging_mixin.py:115} INFO - [2024-03-11 22:27:36,483] {manager.py:508} INFO - Created Permission View: can edit on DAG:example_external_task_marker_child
[2024-03-11 22:27:36,498] {logging_mixin.py:115} INFO - [2024-03-11 22:27:36,498] {manager.py:508} INFO - Created Permission View: can read on DAG:example_external_task_marker_child
[2024-03-11 22:27:36,514] {logging_mixin.py:115} INFO - [2024-03-11 22:27:36,513] {manager.py:508} INFO - Created Permission View: can delete on DAG:example_external_task_marker_child
[2024-03-11 22:27:36,514] {logging_mixin.py:115} INFO - [2024-03-11 22:27:36,514] {dag.py:2379} INFO - Sync 2 DAGs
[2024-03-11 22:27:36,534] {logging_mixin.py:115} INFO - [2024-03-11 22:27:36,533] {dag.py:2398} INFO - Creating ORM DAG for example_external_task_marker_parent
[2024-03-11 22:27:36,536] {logging_mixin.py:115} INFO - [2024-03-11 22:27:36,536] {dag.py:2398} INFO - Creating ORM DAG for example_external_task_marker_child
[2024-03-11 22:27:36,551] {logging_mixin.py:115} INFO - [2024-03-11 22:27:36,551] {dag.py:2927} INFO - Setting next_dagrun for example_external_task_marker_child to None, run_after=None
[2024-03-11 22:27:36,552] {logging_mixin.py:115} INFO - [2024-03-11 22:27:36,552] {dag.py:2927} INFO - Setting next_dagrun for example_external_task_marker_parent to None, run_after=None
[2024-03-11 22:27:36,578] {processor.py:161} INFO - Processing /home/lafuente/airflowAPI/venv/lib/python3.9/site-packages/airflow/example_dags/example_external_task_marker_dag.py took 0.626 seconds
[2024-03-11 22:28:23,591] {processor.py:153} INFO - Started process (PID=17563) to work on /home/lafuente/airflowAPI/venv/lib/python3.9/site-packages/airflow/example_dags/example_external_task_marker_dag.py
[2024-03-11 22:28:23,593] {processor.py:641} INFO - Processing file /home/lafuente/airflowAPI/venv/lib/python3.9/site-packages/airflow/example_dags/example_external_task_marker_dag.py for tasks to queue
[2024-03-11 22:28:23,594] {logging_mixin.py:115} INFO - [2024-03-11 22:28:23,594] {dagbag.py:507} INFO - Filling up the DagBag from /home/lafuente/airflowAPI/venv/lib/python3.9/site-packages/airflow/example_dags/example_external_task_marker_dag.py
[2024-03-11 22:28:23,607] {processor.py:651} INFO - DAG(s) dict_keys(['example_external_task_marker_parent', 'example_external_task_marker_child']) retrieved from /home/lafuente/airflowAPI/venv/lib/python3.9/site-packages/airflow/example_dags/example_external_task_marker_dag.py
[2024-03-11 22:28:23,691] {logging_mixin.py:115} INFO - [2024-03-11 22:28:23,690] {dag.py:2379} INFO - Sync 2 DAGs
[2024-03-11 22:28:23,749] {logging_mixin.py:115} INFO - [2024-03-11 22:28:23,749] {dag.py:2927} INFO - Setting next_dagrun for example_external_task_marker_child to None, run_after=None
[2024-03-11 22:28:23,750] {logging_mixin.py:115} INFO - [2024-03-11 22:28:23,750] {dag.py:2927} INFO - Setting next_dagrun for example_external_task_marker_parent to None, run_after=None
[2024-03-11 22:28:23,802] {processor.py:161} INFO - Processing /home/lafuente/airflowAPI/venv/lib/python3.9/site-packages/airflow/example_dags/example_external_task_marker_dag.py took 0.216 seconds
[2024-03-11 22:29:10,633] {processor.py:153} INFO - Started process (PID=17997) to work on /home/lafuente/airflowAPI/venv/lib/python3.9/site-packages/airflow/example_dags/example_external_task_marker_dag.py
[2024-03-11 22:29:10,639] {processor.py:641} INFO - Processing file /home/lafuente/airflowAPI/venv/lib/python3.9/site-packages/airflow/example_dags/example_external_task_marker_dag.py for tasks to queue
[2024-03-11 22:29:10,640] {logging_mixin.py:115} INFO - [2024-03-11 22:29:10,640] {dagbag.py:507} INFO - Filling up the DagBag from /home/lafuente/airflowAPI/venv/lib/python3.9/site-packages/airflow/example_dags/example_external_task_marker_dag.py
[2024-03-11 22:29:10,649] {processor.py:651} INFO - DAG(s) dict_keys(['example_external_task_marker_parent', 'example_external_task_marker_child']) retrieved from /home/lafuente/airflowAPI/venv/lib/python3.9/site-packages/airflow/example_dags/example_external_task_marker_dag.py
[2024-03-11 22:29:10,720] {logging_mixin.py:115} INFO - [2024-03-11 22:29:10,719] {dag.py:2379} INFO - Sync 2 DAGs
[2024-03-11 22:29:10,761] {logging_mixin.py:115} INFO - [2024-03-11 22:29:10,761] {dag.py:2927} INFO - Setting next_dagrun for example_external_task_marker_child to None, run_after=None
[2024-03-11 22:29:10,761] {logging_mixin.py:115} INFO - [2024-03-11 22:29:10,761] {dag.py:2927} INFO - Setting next_dagrun for example_external_task_marker_parent to None, run_after=None
[2024-03-11 22:29:10,788] {processor.py:161} INFO - Processing /home/lafuente/airflowAPI/venv/lib/python3.9/site-packages/airflow/example_dags/example_external_task_marker_dag.py took 0.159 seconds
[2024-03-11 22:29:49,058] {processor.py:153} INFO - Started process (PID=18287) to work on /home/lafuente/airflowAPI/venv/lib/python3.9/site-packages/airflow/example_dags/example_external_task_marker_dag.py
[2024-03-11 22:29:49,059] {processor.py:641} INFO - Processing file /home/lafuente/airflowAPI/venv/lib/python3.9/site-packages/airflow/example_dags/example_external_task_marker_dag.py for tasks to queue
[2024-03-11 22:29:49,060] {logging_mixin.py:115} INFO - [2024-03-11 22:29:49,060] {dagbag.py:507} INFO - Filling up the DagBag from /home/lafuente/airflowAPI/venv/lib/python3.9/site-packages/airflow/example_dags/example_external_task_marker_dag.py
[2024-03-11 22:29:49,067] {processor.py:651} INFO - DAG(s) dict_keys(['example_external_task_marker_parent', 'example_external_task_marker_child']) retrieved from /home/lafuente/airflowAPI/venv/lib/python3.9/site-packages/airflow/example_dags/example_external_task_marker_dag.py
[2024-03-11 22:29:49,121] {logging_mixin.py:115} INFO - [2024-03-11 22:29:49,120] {dag.py:2379} INFO - Sync 2 DAGs
[2024-03-11 22:29:49,168] {logging_mixin.py:115} INFO - [2024-03-11 22:29:49,168] {dag.py:2927} INFO - Setting next_dagrun for example_external_task_marker_child to None, run_after=None
[2024-03-11 22:29:49,169] {logging_mixin.py:115} INFO - [2024-03-11 22:29:49,168] {dag.py:2927} INFO - Setting next_dagrun for example_external_task_marker_parent to None, run_after=None
[2024-03-11 22:29:49,198] {processor.py:161} INFO - Processing /home/lafuente/airflowAPI/venv/lib/python3.9/site-packages/airflow/example_dags/example_external_task_marker_dag.py took 0.150 seconds
[2024-03-11 22:30:29,405] {processor.py:153} INFO - Started process (PID=18699) to work on /home/lafuente/airflowAPI/venv/lib/python3.9/site-packages/airflow/example_dags/example_external_task_marker_dag.py
[2024-03-11 22:30:29,407] {processor.py:641} INFO - Processing file /home/lafuente/airflowAPI/venv/lib/python3.9/site-packages/airflow/example_dags/example_external_task_marker_dag.py for tasks to queue
[2024-03-11 22:30:29,408] {logging_mixin.py:115} INFO - [2024-03-11 22:30:29,408] {dagbag.py:507} INFO - Filling up the DagBag from /home/lafuente/airflowAPI/venv/lib/python3.9/site-packages/airflow/example_dags/example_external_task_marker_dag.py
[2024-03-11 22:30:29,414] {processor.py:651} INFO - DAG(s) dict_keys(['example_external_task_marker_parent', 'example_external_task_marker_child']) retrieved from /home/lafuente/airflowAPI/venv/lib/python3.9/site-packages/airflow/example_dags/example_external_task_marker_dag.py
[2024-03-11 22:30:29,454] {logging_mixin.py:115} INFO - [2024-03-11 22:30:29,454] {dag.py:2379} INFO - Sync 2 DAGs
[2024-03-11 22:30:29,480] {logging_mixin.py:115} INFO - [2024-03-11 22:30:29,480] {dag.py:2927} INFO - Setting next_dagrun for example_external_task_marker_child to None, run_after=None
[2024-03-11 22:30:29,480] {logging_mixin.py:115} INFO - [2024-03-11 22:30:29,480] {dag.py:2927} INFO - Setting next_dagrun for example_external_task_marker_parent to None, run_after=None
[2024-03-11 22:30:29,502] {processor.py:161} INFO - Processing /home/lafuente/airflowAPI/venv/lib/python3.9/site-packages/airflow/example_dags/example_external_task_marker_dag.py took 0.102 seconds
[2024-03-11 22:31:19,099] {processor.py:153} INFO - Started process (PID=19300) to work on /home/lafuente/airflowAPI/venv/lib/python3.9/site-packages/airflow/example_dags/example_external_task_marker_dag.py
[2024-03-11 22:31:19,101] {processor.py:641} INFO - Processing file /home/lafuente/airflowAPI/venv/lib/python3.9/site-packages/airflow/example_dags/example_external_task_marker_dag.py for tasks to queue
[2024-03-11 22:31:19,105] {logging_mixin.py:115} INFO - [2024-03-11 22:31:19,104] {dagbag.py:507} INFO - Filling up the DagBag from /home/lafuente/airflowAPI/venv/lib/python3.9/site-packages/airflow/example_dags/example_external_task_marker_dag.py
[2024-03-11 22:31:19,122] {processor.py:651} INFO - DAG(s) dict_keys(['example_external_task_marker_parent', 'example_external_task_marker_child']) retrieved from /home/lafuente/airflowAPI/venv/lib/python3.9/site-packages/airflow/example_dags/example_external_task_marker_dag.py
[2024-03-11 22:31:19,260] {logging_mixin.py:115} INFO - [2024-03-11 22:31:19,260] {dag.py:2379} INFO - Sync 2 DAGs
[2024-03-11 22:31:19,340] {logging_mixin.py:115} INFO - [2024-03-11 22:31:19,340] {dag.py:2927} INFO - Setting next_dagrun for example_external_task_marker_child to None, run_after=None
[2024-03-11 22:31:19,343] {logging_mixin.py:115} INFO - [2024-03-11 22:31:19,342] {dag.py:2927} INFO - Setting next_dagrun for example_external_task_marker_parent to None, run_after=None
[2024-03-11 22:31:19,382] {processor.py:161} INFO - Processing /home/lafuente/airflowAPI/venv/lib/python3.9/site-packages/airflow/example_dags/example_external_task_marker_dag.py took 0.291 seconds
[2024-03-11 22:32:08,022] {processor.py:153} INFO - Started process (PID=19686) to work on /home/lafuente/airflowAPI/venv/lib/python3.9/site-packages/airflow/example_dags/example_external_task_marker_dag.py
[2024-03-11 22:32:08,025] {processor.py:641} INFO - Processing file /home/lafuente/airflowAPI/venv/lib/python3.9/site-packages/airflow/example_dags/example_external_task_marker_dag.py for tasks to queue
[2024-03-11 22:32:08,026] {logging_mixin.py:115} INFO - [2024-03-11 22:32:08,025] {dagbag.py:507} INFO - Filling up the DagBag from /home/lafuente/airflowAPI/venv/lib/python3.9/site-packages/airflow/example_dags/example_external_task_marker_dag.py
[2024-03-11 22:32:08,041] {processor.py:651} INFO - DAG(s) dict_keys(['example_external_task_marker_parent', 'example_external_task_marker_child']) retrieved from /home/lafuente/airflowAPI/venv/lib/python3.9/site-packages/airflow/example_dags/example_external_task_marker_dag.py
[2024-03-11 22:32:08,136] {logging_mixin.py:115} INFO - [2024-03-11 22:32:08,135] {dag.py:2379} INFO - Sync 2 DAGs
[2024-03-11 22:32:08,199] {logging_mixin.py:115} INFO - [2024-03-11 22:32:08,198] {dag.py:2927} INFO - Setting next_dagrun for example_external_task_marker_child to None, run_after=None
[2024-03-11 22:32:08,201] {logging_mixin.py:115} INFO - [2024-03-11 22:32:08,200] {dag.py:2927} INFO - Setting next_dagrun for example_external_task_marker_parent to None, run_after=None
[2024-03-11 22:32:08,238] {processor.py:161} INFO - Processing /home/lafuente/airflowAPI/venv/lib/python3.9/site-packages/airflow/example_dags/example_external_task_marker_dag.py took 0.221 seconds
[2024-03-11 22:32:49,861] {processor.py:153} INFO - Started process (PID=19946) to work on /home/lafuente/airflowAPI/venv/lib/python3.9/site-packages/airflow/example_dags/example_external_task_marker_dag.py
[2024-03-11 22:32:49,864] {processor.py:641} INFO - Processing file /home/lafuente/airflowAPI/venv/lib/python3.9/site-packages/airflow/example_dags/example_external_task_marker_dag.py for tasks to queue
[2024-03-11 22:32:49,865] {logging_mixin.py:115} INFO - [2024-03-11 22:32:49,865] {dagbag.py:507} INFO - Filling up the DagBag from /home/lafuente/airflowAPI/venv/lib/python3.9/site-packages/airflow/example_dags/example_external_task_marker_dag.py
[2024-03-11 22:32:49,874] {processor.py:651} INFO - DAG(s) dict_keys(['example_external_task_marker_parent', 'example_external_task_marker_child']) retrieved from /home/lafuente/airflowAPI/venv/lib/python3.9/site-packages/airflow/example_dags/example_external_task_marker_dag.py
[2024-03-11 22:32:49,921] {logging_mixin.py:115} INFO - [2024-03-11 22:32:49,921] {dag.py:2379} INFO - Sync 2 DAGs
[2024-03-11 22:32:49,955] {logging_mixin.py:115} INFO - [2024-03-11 22:32:49,955] {dag.py:2927} INFO - Setting next_dagrun for example_external_task_marker_child to None, run_after=None
[2024-03-11 22:32:49,955] {logging_mixin.py:115} INFO - [2024-03-11 22:32:49,955] {dag.py:2927} INFO - Setting next_dagrun for example_external_task_marker_parent to None, run_after=None
[2024-03-11 22:32:49,978] {processor.py:161} INFO - Processing /home/lafuente/airflowAPI/venv/lib/python3.9/site-packages/airflow/example_dags/example_external_task_marker_dag.py took 0.122 seconds
[2024-03-11 22:33:37,654] {processor.py:153} INFO - Started process (PID=20244) to work on /home/lafuente/airflowAPI/venv/lib/python3.9/site-packages/airflow/example_dags/example_external_task_marker_dag.py
[2024-03-11 22:33:37,656] {processor.py:641} INFO - Processing file /home/lafuente/airflowAPI/venv/lib/python3.9/site-packages/airflow/example_dags/example_external_task_marker_dag.py for tasks to queue
[2024-03-11 22:33:37,657] {logging_mixin.py:115} INFO - [2024-03-11 22:33:37,657] {dagbag.py:507} INFO - Filling up the DagBag from /home/lafuente/airflowAPI/venv/lib/python3.9/site-packages/airflow/example_dags/example_external_task_marker_dag.py
[2024-03-11 22:33:37,668] {processor.py:651} INFO - DAG(s) dict_keys(['example_external_task_marker_parent', 'example_external_task_marker_child']) retrieved from /home/lafuente/airflowAPI/venv/lib/python3.9/site-packages/airflow/example_dags/example_external_task_marker_dag.py
[2024-03-11 22:33:37,709] {logging_mixin.py:115} INFO - [2024-03-11 22:33:37,709] {dag.py:2379} INFO - Sync 2 DAGs
[2024-03-11 22:33:37,741] {logging_mixin.py:115} INFO - [2024-03-11 22:33:37,741] {dag.py:2927} INFO - Setting next_dagrun for example_external_task_marker_child to None, run_after=None
[2024-03-11 22:33:37,742] {logging_mixin.py:115} INFO - [2024-03-11 22:33:37,742] {dag.py:2927} INFO - Setting next_dagrun for example_external_task_marker_parent to None, run_after=None
[2024-03-11 22:33:37,768] {processor.py:161} INFO - Processing /home/lafuente/airflowAPI/venv/lib/python3.9/site-packages/airflow/example_dags/example_external_task_marker_dag.py took 0.121 seconds
[2024-03-11 22:34:19,018] {processor.py:153} INFO - Started process (PID=20519) to work on /home/lafuente/airflowAPI/venv/lib/python3.9/site-packages/airflow/example_dags/example_external_task_marker_dag.py
[2024-03-11 22:34:19,020] {processor.py:641} INFO - Processing file /home/lafuente/airflowAPI/venv/lib/python3.9/site-packages/airflow/example_dags/example_external_task_marker_dag.py for tasks to queue
[2024-03-11 22:34:19,021] {logging_mixin.py:115} INFO - [2024-03-11 22:34:19,021] {dagbag.py:507} INFO - Filling up the DagBag from /home/lafuente/airflowAPI/venv/lib/python3.9/site-packages/airflow/example_dags/example_external_task_marker_dag.py
[2024-03-11 22:34:19,028] {processor.py:651} INFO - DAG(s) dict_keys(['example_external_task_marker_parent', 'example_external_task_marker_child']) retrieved from /home/lafuente/airflowAPI/venv/lib/python3.9/site-packages/airflow/example_dags/example_external_task_marker_dag.py
[2024-03-11 22:34:19,084] {logging_mixin.py:115} INFO - [2024-03-11 22:34:19,083] {dag.py:2379} INFO - Sync 2 DAGs
[2024-03-11 22:34:19,119] {logging_mixin.py:115} INFO - [2024-03-11 22:34:19,119] {dag.py:2927} INFO - Setting next_dagrun for example_external_task_marker_child to None, run_after=None
[2024-03-11 22:34:19,120] {logging_mixin.py:115} INFO - [2024-03-11 22:34:19,119] {dag.py:2927} INFO - Setting next_dagrun for example_external_task_marker_parent to None, run_after=None
[2024-03-11 22:34:19,142] {processor.py:161} INFO - Processing /home/lafuente/airflowAPI/venv/lib/python3.9/site-packages/airflow/example_dags/example_external_task_marker_dag.py took 0.129 seconds
[2024-03-11 22:35:04,684] {processor.py:153} INFO - Started process (PID=20907) to work on /home/lafuente/airflowAPI/venv/lib/python3.9/site-packages/airflow/example_dags/example_external_task_marker_dag.py
[2024-03-11 22:35:04,688] {processor.py:641} INFO - Processing file /home/lafuente/airflowAPI/venv/lib/python3.9/site-packages/airflow/example_dags/example_external_task_marker_dag.py for tasks to queue
[2024-03-11 22:35:04,690] {logging_mixin.py:115} INFO - [2024-03-11 22:35:04,690] {dagbag.py:507} INFO - Filling up the DagBag from /home/lafuente/airflowAPI/venv/lib/python3.9/site-packages/airflow/example_dags/example_external_task_marker_dag.py
[2024-03-11 22:35:04,699] {processor.py:651} INFO - DAG(s) dict_keys(['example_external_task_marker_parent', 'example_external_task_marker_child']) retrieved from /home/lafuente/airflowAPI/venv/lib/python3.9/site-packages/airflow/example_dags/example_external_task_marker_dag.py
[2024-03-11 22:35:04,739] {logging_mixin.py:115} INFO - [2024-03-11 22:35:04,739] {dag.py:2379} INFO - Sync 2 DAGs
[2024-03-11 22:35:04,765] {logging_mixin.py:115} INFO - [2024-03-11 22:35:04,765] {dag.py:2927} INFO - Setting next_dagrun for example_external_task_marker_child to None, run_after=None
[2024-03-11 22:35:04,767] {logging_mixin.py:115} INFO - [2024-03-11 22:35:04,766] {dag.py:2927} INFO - Setting next_dagrun for example_external_task_marker_parent to None, run_after=None
[2024-03-11 22:35:04,791] {processor.py:161} INFO - Processing /home/lafuente/airflowAPI/venv/lib/python3.9/site-packages/airflow/example_dags/example_external_task_marker_dag.py took 0.121 seconds
[2024-03-11 22:35:42,015] {processor.py:153} INFO - Started process (PID=21241) to work on /home/lafuente/airflowAPI/venv/lib/python3.9/site-packages/airflow/example_dags/example_external_task_marker_dag.py
[2024-03-11 22:35:42,017] {processor.py:641} INFO - Processing file /home/lafuente/airflowAPI/venv/lib/python3.9/site-packages/airflow/example_dags/example_external_task_marker_dag.py for tasks to queue
[2024-03-11 22:35:42,018] {logging_mixin.py:115} INFO - [2024-03-11 22:35:42,018] {dagbag.py:507} INFO - Filling up the DagBag from /home/lafuente/airflowAPI/venv/lib/python3.9/site-packages/airflow/example_dags/example_external_task_marker_dag.py
[2024-03-11 22:35:42,025] {processor.py:651} INFO - DAG(s) dict_keys(['example_external_task_marker_parent', 'example_external_task_marker_child']) retrieved from /home/lafuente/airflowAPI/venv/lib/python3.9/site-packages/airflow/example_dags/example_external_task_marker_dag.py
[2024-03-11 22:35:42,090] {logging_mixin.py:115} INFO - [2024-03-11 22:35:42,089] {dag.py:2379} INFO - Sync 2 DAGs
[2024-03-11 22:35:42,147] {logging_mixin.py:115} INFO - [2024-03-11 22:35:42,147] {dag.py:2927} INFO - Setting next_dagrun for example_external_task_marker_child to None, run_after=None
[2024-03-11 22:35:42,148] {logging_mixin.py:115} INFO - [2024-03-11 22:35:42,148] {dag.py:2927} INFO - Setting next_dagrun for example_external_task_marker_parent to None, run_after=None
[2024-03-11 22:35:42,177] {processor.py:161} INFO - Processing /home/lafuente/airflowAPI/venv/lib/python3.9/site-packages/airflow/example_dags/example_external_task_marker_dag.py took 0.168 seconds
[2024-03-11 22:36:22,256] {processor.py:153} INFO - Started process (PID=21592) to work on /home/lafuente/airflowAPI/venv/lib/python3.9/site-packages/airflow/example_dags/example_external_task_marker_dag.py
[2024-03-11 22:36:22,261] {processor.py:641} INFO - Processing file /home/lafuente/airflowAPI/venv/lib/python3.9/site-packages/airflow/example_dags/example_external_task_marker_dag.py for tasks to queue
[2024-03-11 22:36:22,263] {logging_mixin.py:115} INFO - [2024-03-11 22:36:22,262] {dagbag.py:507} INFO - Filling up the DagBag from /home/lafuente/airflowAPI/venv/lib/python3.9/site-packages/airflow/example_dags/example_external_task_marker_dag.py
[2024-03-11 22:36:22,282] {processor.py:651} INFO - DAG(s) dict_keys(['example_external_task_marker_parent', 'example_external_task_marker_child']) retrieved from /home/lafuente/airflowAPI/venv/lib/python3.9/site-packages/airflow/example_dags/example_external_task_marker_dag.py
[2024-03-11 22:36:22,386] {logging_mixin.py:115} INFO - [2024-03-11 22:36:22,386] {dag.py:2379} INFO - Sync 2 DAGs
[2024-03-11 22:36:22,442] {logging_mixin.py:115} INFO - [2024-03-11 22:36:22,442] {dag.py:2927} INFO - Setting next_dagrun for example_external_task_marker_child to None, run_after=None
[2024-03-11 22:36:22,443] {logging_mixin.py:115} INFO - [2024-03-11 22:36:22,443] {dag.py:2927} INFO - Setting next_dagrun for example_external_task_marker_parent to None, run_after=None
[2024-03-11 22:36:22,474] {processor.py:161} INFO - Processing /home/lafuente/airflowAPI/venv/lib/python3.9/site-packages/airflow/example_dags/example_external_task_marker_dag.py took 0.227 seconds
[2024-03-11 22:37:12,975] {processor.py:153} INFO - Started process (PID=22254) to work on /home/lafuente/airflowAPI/venv/lib/python3.9/site-packages/airflow/example_dags/example_external_task_marker_dag.py
[2024-03-11 22:37:12,978] {processor.py:641} INFO - Processing file /home/lafuente/airflowAPI/venv/lib/python3.9/site-packages/airflow/example_dags/example_external_task_marker_dag.py for tasks to queue
[2024-03-11 22:37:12,980] {logging_mixin.py:115} INFO - [2024-03-11 22:37:12,979] {dagbag.py:507} INFO - Filling up the DagBag from /home/lafuente/airflowAPI/venv/lib/python3.9/site-packages/airflow/example_dags/example_external_task_marker_dag.py
[2024-03-11 22:37:12,989] {processor.py:651} INFO - DAG(s) dict_keys(['example_external_task_marker_parent', 'example_external_task_marker_child']) retrieved from /home/lafuente/airflowAPI/venv/lib/python3.9/site-packages/airflow/example_dags/example_external_task_marker_dag.py
[2024-03-11 22:37:13,043] {logging_mixin.py:115} INFO - [2024-03-11 22:37:13,043] {dag.py:2379} INFO - Sync 2 DAGs
[2024-03-11 22:37:13,086] {logging_mixin.py:115} INFO - [2024-03-11 22:37:13,086] {dag.py:2927} INFO - Setting next_dagrun for example_external_task_marker_child to None, run_after=None
[2024-03-11 22:37:13,087] {logging_mixin.py:115} INFO - [2024-03-11 22:37:13,087] {dag.py:2927} INFO - Setting next_dagrun for example_external_task_marker_parent to None, run_after=None
[2024-03-11 22:37:13,122] {processor.py:161} INFO - Processing /home/lafuente/airflowAPI/venv/lib/python3.9/site-packages/airflow/example_dags/example_external_task_marker_dag.py took 0.157 seconds
[2024-03-11 22:37:52,282] {processor.py:153} INFO - Started process (PID=22544) to work on /home/lafuente/airflowAPI/venv/lib/python3.9/site-packages/airflow/example_dags/example_external_task_marker_dag.py
[2024-03-11 22:37:52,286] {processor.py:641} INFO - Processing file /home/lafuente/airflowAPI/venv/lib/python3.9/site-packages/airflow/example_dags/example_external_task_marker_dag.py for tasks to queue
[2024-03-11 22:37:52,287] {logging_mixin.py:115} INFO - [2024-03-11 22:37:52,287] {dagbag.py:507} INFO - Filling up the DagBag from /home/lafuente/airflowAPI/venv/lib/python3.9/site-packages/airflow/example_dags/example_external_task_marker_dag.py
[2024-03-11 22:37:52,301] {processor.py:651} INFO - DAG(s) dict_keys(['example_external_task_marker_parent', 'example_external_task_marker_child']) retrieved from /home/lafuente/airflowAPI/venv/lib/python3.9/site-packages/airflow/example_dags/example_external_task_marker_dag.py
[2024-03-11 22:37:52,350] {logging_mixin.py:115} INFO - [2024-03-11 22:37:52,350] {dag.py:2379} INFO - Sync 2 DAGs
[2024-03-11 22:37:52,383] {logging_mixin.py:115} INFO - [2024-03-11 22:37:52,383] {dag.py:2927} INFO - Setting next_dagrun for example_external_task_marker_child to None, run_after=None
[2024-03-11 22:37:52,383] {logging_mixin.py:115} INFO - [2024-03-11 22:37:52,383] {dag.py:2927} INFO - Setting next_dagrun for example_external_task_marker_parent to None, run_after=None
[2024-03-11 22:37:52,409] {processor.py:161} INFO - Processing /home/lafuente/airflowAPI/venv/lib/python3.9/site-packages/airflow/example_dags/example_external_task_marker_dag.py took 0.137 seconds
[2024-03-11 22:38:35,877] {processor.py:153} INFO - Started process (PID=22983) to work on /home/lafuente/airflowAPI/venv/lib/python3.9/site-packages/airflow/example_dags/example_external_task_marker_dag.py
[2024-03-11 22:38:35,879] {processor.py:641} INFO - Processing file /home/lafuente/airflowAPI/venv/lib/python3.9/site-packages/airflow/example_dags/example_external_task_marker_dag.py for tasks to queue
[2024-03-11 22:38:35,880] {logging_mixin.py:115} INFO - [2024-03-11 22:38:35,880] {dagbag.py:507} INFO - Filling up the DagBag from /home/lafuente/airflowAPI/venv/lib/python3.9/site-packages/airflow/example_dags/example_external_task_marker_dag.py
[2024-03-11 22:38:35,886] {processor.py:651} INFO - DAG(s) dict_keys(['example_external_task_marker_parent', 'example_external_task_marker_child']) retrieved from /home/lafuente/airflowAPI/venv/lib/python3.9/site-packages/airflow/example_dags/example_external_task_marker_dag.py
[2024-03-11 22:38:35,929] {logging_mixin.py:115} INFO - [2024-03-11 22:38:35,929] {dag.py:2379} INFO - Sync 2 DAGs
[2024-03-11 22:38:35,956] {logging_mixin.py:115} INFO - [2024-03-11 22:38:35,956] {dag.py:2927} INFO - Setting next_dagrun for example_external_task_marker_child to None, run_after=None
[2024-03-11 22:38:35,957] {logging_mixin.py:115} INFO - [2024-03-11 22:38:35,957] {dag.py:2927} INFO - Setting next_dagrun for example_external_task_marker_parent to None, run_after=None
[2024-03-11 22:38:35,979] {processor.py:161} INFO - Processing /home/lafuente/airflowAPI/venv/lib/python3.9/site-packages/airflow/example_dags/example_external_task_marker_dag.py took 0.106 seconds
