[2024-03-11 22:27:23,043] {processor.py:153} INFO - Started process (PID=16926) to work on /home/lafuente/airflowAPI/venv/lib/python3.9/site-packages/airflow/example_dags/example_bash_operator.py
[2024-03-11 22:27:23,044] {processor.py:641} INFO - Processing file /home/lafuente/airflowAPI/venv/lib/python3.9/site-packages/airflow/example_dags/example_bash_operator.py for tasks to queue
[2024-03-11 22:27:23,046] {logging_mixin.py:115} INFO - [2024-03-11 22:27:23,045] {dagbag.py:507} INFO - Filling up the DagBag from /home/lafuente/airflowAPI/venv/lib/python3.9/site-packages/airflow/example_dags/example_bash_operator.py
[2024-03-11 22:27:23,086] {processor.py:651} INFO - DAG(s) dict_keys(['example_bash_operator']) retrieved from /home/lafuente/airflowAPI/venv/lib/python3.9/site-packages/airflow/example_dags/example_bash_operator.py
[2024-03-11 22:27:23,235] {logging_mixin.py:115} INFO - [2024-03-11 22:27:23,235] {manager.py:508} INFO - Created Permission View: can edit on DAG:example_bash_operator
[2024-03-11 22:27:23,260] {logging_mixin.py:115} INFO - [2024-03-11 22:27:23,260] {manager.py:508} INFO - Created Permission View: can read on DAG:example_bash_operator
[2024-03-11 22:27:23,277] {logging_mixin.py:115} INFO - [2024-03-11 22:27:23,277] {manager.py:508} INFO - Created Permission View: can delete on DAG:example_bash_operator
[2024-03-11 22:27:23,278] {logging_mixin.py:115} INFO - [2024-03-11 22:27:23,278] {dag.py:2379} INFO - Sync 1 DAGs
[2024-03-11 22:27:23,296] {logging_mixin.py:115} INFO - [2024-03-11 22:27:23,296] {dag.py:2398} INFO - Creating ORM DAG for example_bash_operator
[2024-03-11 22:27:23,315] {logging_mixin.py:115} INFO - [2024-03-11 22:27:23,315] {dag.py:2927} INFO - Setting next_dagrun for example_bash_operator to 2024-03-11T00:00:00+00:00, run_after=2024-03-12T00:00:00+00:00
[2024-03-11 22:27:23,399] {processor.py:161} INFO - Processing /home/lafuente/airflowAPI/venv/lib/python3.9/site-packages/airflow/example_dags/example_bash_operator.py took 0.367 seconds
[2024-03-11 22:28:09,320] {processor.py:153} INFO - Started process (PID=17479) to work on /home/lafuente/airflowAPI/venv/lib/python3.9/site-packages/airflow/example_dags/example_bash_operator.py
[2024-03-11 22:28:09,322] {processor.py:641} INFO - Processing file /home/lafuente/airflowAPI/venv/lib/python3.9/site-packages/airflow/example_dags/example_bash_operator.py for tasks to queue
[2024-03-11 22:28:09,323] {logging_mixin.py:115} INFO - [2024-03-11 22:28:09,323] {dagbag.py:507} INFO - Filling up the DagBag from /home/lafuente/airflowAPI/venv/lib/python3.9/site-packages/airflow/example_dags/example_bash_operator.py
[2024-03-11 22:28:09,352] {processor.py:651} INFO - DAG(s) dict_keys(['example_bash_operator']) retrieved from /home/lafuente/airflowAPI/venv/lib/python3.9/site-packages/airflow/example_dags/example_bash_operator.py
[2024-03-11 22:28:09,387] {logging_mixin.py:115} INFO - [2024-03-11 22:28:09,387] {dag.py:2379} INFO - Sync 1 DAGs
[2024-03-11 22:28:09,437] {logging_mixin.py:115} INFO - [2024-03-11 22:28:09,436] {dag.py:2927} INFO - Setting next_dagrun for example_bash_operator to 2024-03-11T00:00:00+00:00, run_after=2024-03-12T00:00:00+00:00
[2024-03-11 22:28:09,465] {processor.py:161} INFO - Processing /home/lafuente/airflowAPI/venv/lib/python3.9/site-packages/airflow/example_dags/example_bash_operator.py took 0.153 seconds
[2024-03-11 22:28:56,169] {processor.py:153} INFO - Started process (PID=17861) to work on /home/lafuente/airflowAPI/venv/lib/python3.9/site-packages/airflow/example_dags/example_bash_operator.py
[2024-03-11 22:28:56,170] {processor.py:641} INFO - Processing file /home/lafuente/airflowAPI/venv/lib/python3.9/site-packages/airflow/example_dags/example_bash_operator.py for tasks to queue
[2024-03-11 22:28:56,171] {logging_mixin.py:115} INFO - [2024-03-11 22:28:56,171] {dagbag.py:507} INFO - Filling up the DagBag from /home/lafuente/airflowAPI/venv/lib/python3.9/site-packages/airflow/example_dags/example_bash_operator.py
[2024-03-11 22:28:56,190] {processor.py:651} INFO - DAG(s) dict_keys(['example_bash_operator']) retrieved from /home/lafuente/airflowAPI/venv/lib/python3.9/site-packages/airflow/example_dags/example_bash_operator.py
[2024-03-11 22:28:56,216] {logging_mixin.py:115} INFO - [2024-03-11 22:28:56,216] {dag.py:2379} INFO - Sync 1 DAGs
[2024-03-11 22:28:56,246] {logging_mixin.py:115} INFO - [2024-03-11 22:28:56,246] {dag.py:2927} INFO - Setting next_dagrun for example_bash_operator to 2024-03-11T00:00:00+00:00, run_after=2024-03-12T00:00:00+00:00
[2024-03-11 22:28:56,275] {processor.py:161} INFO - Processing /home/lafuente/airflowAPI/venv/lib/python3.9/site-packages/airflow/example_dags/example_bash_operator.py took 0.111 seconds
[2024-03-11 22:29:36,910] {processor.py:153} INFO - Started process (PID=18174) to work on /home/lafuente/airflowAPI/venv/lib/python3.9/site-packages/airflow/example_dags/example_bash_operator.py
[2024-03-11 22:29:36,912] {processor.py:641} INFO - Processing file /home/lafuente/airflowAPI/venv/lib/python3.9/site-packages/airflow/example_dags/example_bash_operator.py for tasks to queue
[2024-03-11 22:29:36,913] {logging_mixin.py:115} INFO - [2024-03-11 22:29:36,913] {dagbag.py:507} INFO - Filling up the DagBag from /home/lafuente/airflowAPI/venv/lib/python3.9/site-packages/airflow/example_dags/example_bash_operator.py
[2024-03-11 22:29:36,932] {processor.py:651} INFO - DAG(s) dict_keys(['example_bash_operator']) retrieved from /home/lafuente/airflowAPI/venv/lib/python3.9/site-packages/airflow/example_dags/example_bash_operator.py
[2024-03-11 22:29:36,963] {logging_mixin.py:115} INFO - [2024-03-11 22:29:36,963] {dag.py:2379} INFO - Sync 1 DAGs
[2024-03-11 22:29:36,991] {logging_mixin.py:115} INFO - [2024-03-11 22:29:36,991] {dag.py:2927} INFO - Setting next_dagrun for example_bash_operator to 2024-03-11T00:00:00+00:00, run_after=2024-03-12T00:00:00+00:00
[2024-03-11 22:29:37,018] {processor.py:161} INFO - Processing /home/lafuente/airflowAPI/venv/lib/python3.9/site-packages/airflow/example_dags/example_bash_operator.py took 0.112 seconds
[2024-03-11 22:30:17,259] {processor.py:153} INFO - Started process (PID=18578) to work on /home/lafuente/airflowAPI/venv/lib/python3.9/site-packages/airflow/example_dags/example_bash_operator.py
[2024-03-11 22:30:17,260] {processor.py:641} INFO - Processing file /home/lafuente/airflowAPI/venv/lib/python3.9/site-packages/airflow/example_dags/example_bash_operator.py for tasks to queue
[2024-03-11 22:30:17,262] {logging_mixin.py:115} INFO - [2024-03-11 22:30:17,262] {dagbag.py:507} INFO - Filling up the DagBag from /home/lafuente/airflowAPI/venv/lib/python3.9/site-packages/airflow/example_dags/example_bash_operator.py
[2024-03-11 22:30:17,286] {processor.py:651} INFO - DAG(s) dict_keys(['example_bash_operator']) retrieved from /home/lafuente/airflowAPI/venv/lib/python3.9/site-packages/airflow/example_dags/example_bash_operator.py
[2024-03-11 22:30:17,316] {logging_mixin.py:115} INFO - [2024-03-11 22:30:17,315] {dag.py:2379} INFO - Sync 1 DAGs
[2024-03-11 22:30:17,349] {logging_mixin.py:115} INFO - [2024-03-11 22:30:17,348] {dag.py:2927} INFO - Setting next_dagrun for example_bash_operator to 2024-03-11T00:00:00+00:00, run_after=2024-03-12T00:00:00+00:00
[2024-03-11 22:30:17,381] {processor.py:161} INFO - Processing /home/lafuente/airflowAPI/venv/lib/python3.9/site-packages/airflow/example_dags/example_bash_operator.py took 0.128 seconds
[2024-03-11 22:31:00,197] {processor.py:153} INFO - Started process (PID=19070) to work on /home/lafuente/airflowAPI/venv/lib/python3.9/site-packages/airflow/example_dags/example_bash_operator.py
[2024-03-11 22:31:00,199] {processor.py:641} INFO - Processing file /home/lafuente/airflowAPI/venv/lib/python3.9/site-packages/airflow/example_dags/example_bash_operator.py for tasks to queue
[2024-03-11 22:31:00,200] {logging_mixin.py:115} INFO - [2024-03-11 22:31:00,200] {dagbag.py:507} INFO - Filling up the DagBag from /home/lafuente/airflowAPI/venv/lib/python3.9/site-packages/airflow/example_dags/example_bash_operator.py
[2024-03-11 22:31:00,224] {processor.py:651} INFO - DAG(s) dict_keys(['example_bash_operator']) retrieved from /home/lafuente/airflowAPI/venv/lib/python3.9/site-packages/airflow/example_dags/example_bash_operator.py
[2024-03-11 22:31:00,268] {logging_mixin.py:115} INFO - [2024-03-11 22:31:00,268] {dag.py:2379} INFO - Sync 1 DAGs
[2024-03-11 22:31:00,306] {logging_mixin.py:115} INFO - [2024-03-11 22:31:00,306] {dag.py:2927} INFO - Setting next_dagrun for example_bash_operator to 2024-03-11T00:00:00+00:00, run_after=2024-03-12T00:00:00+00:00
[2024-03-11 22:31:00,331] {processor.py:161} INFO - Processing /home/lafuente/airflowAPI/venv/lib/python3.9/site-packages/airflow/example_dags/example_bash_operator.py took 0.139 seconds
[2024-03-11 22:31:44,114] {processor.py:153} INFO - Started process (PID=19539) to work on /home/lafuente/airflowAPI/venv/lib/python3.9/site-packages/airflow/example_dags/example_bash_operator.py
[2024-03-11 22:31:44,117] {processor.py:641} INFO - Processing file /home/lafuente/airflowAPI/venv/lib/python3.9/site-packages/airflow/example_dags/example_bash_operator.py for tasks to queue
[2024-03-11 22:31:44,119] {logging_mixin.py:115} INFO - [2024-03-11 22:31:44,119] {dagbag.py:507} INFO - Filling up the DagBag from /home/lafuente/airflowAPI/venv/lib/python3.9/site-packages/airflow/example_dags/example_bash_operator.py
[2024-03-11 22:31:44,161] {processor.py:651} INFO - DAG(s) dict_keys(['example_bash_operator']) retrieved from /home/lafuente/airflowAPI/venv/lib/python3.9/site-packages/airflow/example_dags/example_bash_operator.py
[2024-03-11 22:31:44,249] {logging_mixin.py:115} INFO - [2024-03-11 22:31:44,249] {dag.py:2379} INFO - Sync 1 DAGs
[2024-03-11 22:31:44,352] {logging_mixin.py:115} INFO - [2024-03-11 22:31:44,352] {dag.py:2927} INFO - Setting next_dagrun for example_bash_operator to 2024-03-11T00:00:00+00:00, run_after=2024-03-12T00:00:00+00:00
[2024-03-11 22:31:44,426] {processor.py:161} INFO - Processing /home/lafuente/airflowAPI/venv/lib/python3.9/site-packages/airflow/example_dags/example_bash_operator.py took 0.320 seconds
[2024-03-11 22:32:26,840] {processor.py:153} INFO - Started process (PID=19804) to work on /home/lafuente/airflowAPI/venv/lib/python3.9/site-packages/airflow/example_dags/example_bash_operator.py
[2024-03-11 22:32:26,844] {processor.py:641} INFO - Processing file /home/lafuente/airflowAPI/venv/lib/python3.9/site-packages/airflow/example_dags/example_bash_operator.py for tasks to queue
[2024-03-11 22:32:26,845] {logging_mixin.py:115} INFO - [2024-03-11 22:32:26,845] {dagbag.py:507} INFO - Filling up the DagBag from /home/lafuente/airflowAPI/venv/lib/python3.9/site-packages/airflow/example_dags/example_bash_operator.py
[2024-03-11 22:32:26,903] {processor.py:651} INFO - DAG(s) dict_keys(['example_bash_operator']) retrieved from /home/lafuente/airflowAPI/venv/lib/python3.9/site-packages/airflow/example_dags/example_bash_operator.py
[2024-03-11 22:32:26,989] {logging_mixin.py:115} INFO - [2024-03-11 22:32:26,989] {dag.py:2379} INFO - Sync 1 DAGs
[2024-03-11 22:32:27,072] {logging_mixin.py:115} INFO - [2024-03-11 22:32:27,072] {dag.py:2927} INFO - Setting next_dagrun for example_bash_operator to 2024-03-11T00:00:00+00:00, run_after=2024-03-12T00:00:00+00:00
[2024-03-11 22:32:27,103] {processor.py:161} INFO - Processing /home/lafuente/airflowAPI/venv/lib/python3.9/site-packages/airflow/example_dags/example_bash_operator.py took 0.273 seconds
[2024-03-11 22:33:03,335] {processor.py:153} INFO - Started process (PID=20031) to work on /home/lafuente/airflowAPI/venv/lib/python3.9/site-packages/airflow/example_dags/example_bash_operator.py
[2024-03-11 22:33:03,337] {processor.py:641} INFO - Processing file /home/lafuente/airflowAPI/venv/lib/python3.9/site-packages/airflow/example_dags/example_bash_operator.py for tasks to queue
[2024-03-11 22:33:03,339] {logging_mixin.py:115} INFO - [2024-03-11 22:33:03,338] {dagbag.py:507} INFO - Filling up the DagBag from /home/lafuente/airflowAPI/venv/lib/python3.9/site-packages/airflow/example_dags/example_bash_operator.py
[2024-03-11 22:33:03,359] {processor.py:651} INFO - DAG(s) dict_keys(['example_bash_operator']) retrieved from /home/lafuente/airflowAPI/venv/lib/python3.9/site-packages/airflow/example_dags/example_bash_operator.py
[2024-03-11 22:33:03,388] {logging_mixin.py:115} INFO - [2024-03-11 22:33:03,388] {dag.py:2379} INFO - Sync 1 DAGs
[2024-03-11 22:33:03,418] {logging_mixin.py:115} INFO - [2024-03-11 22:33:03,418] {dag.py:2927} INFO - Setting next_dagrun for example_bash_operator to 2024-03-11T00:00:00+00:00, run_after=2024-03-12T00:00:00+00:00
[2024-03-11 22:33:03,441] {processor.py:161} INFO - Processing /home/lafuente/airflowAPI/venv/lib/python3.9/site-packages/airflow/example_dags/example_bash_operator.py took 0.114 seconds
[2024-03-11 22:33:46,628] {processor.py:153} INFO - Started process (PID=20298) to work on /home/lafuente/airflowAPI/venv/lib/python3.9/site-packages/airflow/example_dags/example_bash_operator.py
[2024-03-11 22:33:46,631] {processor.py:641} INFO - Processing file /home/lafuente/airflowAPI/venv/lib/python3.9/site-packages/airflow/example_dags/example_bash_operator.py for tasks to queue
[2024-03-11 22:33:46,633] {logging_mixin.py:115} INFO - [2024-03-11 22:33:46,633] {dagbag.py:507} INFO - Filling up the DagBag from /home/lafuente/airflowAPI/venv/lib/python3.9/site-packages/airflow/example_dags/example_bash_operator.py
[2024-03-11 22:33:46,654] {processor.py:651} INFO - DAG(s) dict_keys(['example_bash_operator']) retrieved from /home/lafuente/airflowAPI/venv/lib/python3.9/site-packages/airflow/example_dags/example_bash_operator.py
[2024-03-11 22:33:46,682] {logging_mixin.py:115} INFO - [2024-03-11 22:33:46,682] {dag.py:2379} INFO - Sync 1 DAGs
[2024-03-11 22:33:46,717] {logging_mixin.py:115} INFO - [2024-03-11 22:33:46,717] {dag.py:2927} INFO - Setting next_dagrun for example_bash_operator to 2024-03-11T00:00:00+00:00, run_after=2024-03-12T00:00:00+00:00
[2024-03-11 22:33:46,739] {processor.py:161} INFO - Processing /home/lafuente/airflowAPI/venv/lib/python3.9/site-packages/airflow/example_dags/example_bash_operator.py took 0.121 seconds
[2024-03-11 22:34:26,164] {processor.py:153} INFO - Started process (PID=20579) to work on /home/lafuente/airflowAPI/venv/lib/python3.9/site-packages/airflow/example_dags/example_bash_operator.py
[2024-03-11 22:34:26,168] {processor.py:641} INFO - Processing file /home/lafuente/airflowAPI/venv/lib/python3.9/site-packages/airflow/example_dags/example_bash_operator.py for tasks to queue
[2024-03-11 22:34:26,169] {logging_mixin.py:115} INFO - [2024-03-11 22:34:26,169] {dagbag.py:507} INFO - Filling up the DagBag from /home/lafuente/airflowAPI/venv/lib/python3.9/site-packages/airflow/example_dags/example_bash_operator.py
[2024-03-11 22:34:26,194] {processor.py:651} INFO - DAG(s) dict_keys(['example_bash_operator']) retrieved from /home/lafuente/airflowAPI/venv/lib/python3.9/site-packages/airflow/example_dags/example_bash_operator.py
[2024-03-11 22:34:26,221] {logging_mixin.py:115} INFO - [2024-03-11 22:34:26,221] {dag.py:2379} INFO - Sync 1 DAGs
[2024-03-11 22:34:26,252] {logging_mixin.py:115} INFO - [2024-03-11 22:34:26,251] {dag.py:2927} INFO - Setting next_dagrun for example_bash_operator to 2024-03-11T00:00:00+00:00, run_after=2024-03-12T00:00:00+00:00
[2024-03-11 22:34:26,275] {processor.py:161} INFO - Processing /home/lafuente/airflowAPI/venv/lib/python3.9/site-packages/airflow/example_dags/example_bash_operator.py took 0.120 seconds
[2024-03-11 22:35:09,731] {processor.py:153} INFO - Started process (PID=20936) to work on /home/lafuente/airflowAPI/venv/lib/python3.9/site-packages/airflow/example_dags/example_bash_operator.py
[2024-03-11 22:35:09,733] {processor.py:641} INFO - Processing file /home/lafuente/airflowAPI/venv/lib/python3.9/site-packages/airflow/example_dags/example_bash_operator.py for tasks to queue
[2024-03-11 22:35:09,735] {logging_mixin.py:115} INFO - [2024-03-11 22:35:09,734] {dagbag.py:507} INFO - Filling up the DagBag from /home/lafuente/airflowAPI/venv/lib/python3.9/site-packages/airflow/example_dags/example_bash_operator.py
[2024-03-11 22:35:09,764] {processor.py:651} INFO - DAG(s) dict_keys(['example_bash_operator']) retrieved from /home/lafuente/airflowAPI/venv/lib/python3.9/site-packages/airflow/example_dags/example_bash_operator.py
[2024-03-11 22:35:09,803] {logging_mixin.py:115} INFO - [2024-03-11 22:35:09,803] {dag.py:2379} INFO - Sync 1 DAGs
[2024-03-11 22:35:09,839] {logging_mixin.py:115} INFO - [2024-03-11 22:35:09,839] {dag.py:2927} INFO - Setting next_dagrun for example_bash_operator to 2024-03-11T00:00:00+00:00, run_after=2024-03-12T00:00:00+00:00
[2024-03-11 22:35:09,895] {processor.py:161} INFO - Processing /home/lafuente/airflowAPI/venv/lib/python3.9/site-packages/airflow/example_dags/example_bash_operator.py took 0.171 seconds
[2024-03-11 22:35:46,864] {processor.py:153} INFO - Started process (PID=21275) to work on /home/lafuente/airflowAPI/venv/lib/python3.9/site-packages/airflow/example_dags/example_bash_operator.py
[2024-03-11 22:35:46,867] {processor.py:641} INFO - Processing file /home/lafuente/airflowAPI/venv/lib/python3.9/site-packages/airflow/example_dags/example_bash_operator.py for tasks to queue
[2024-03-11 22:35:46,868] {logging_mixin.py:115} INFO - [2024-03-11 22:35:46,868] {dagbag.py:507} INFO - Filling up the DagBag from /home/lafuente/airflowAPI/venv/lib/python3.9/site-packages/airflow/example_dags/example_bash_operator.py
[2024-03-11 22:35:46,891] {processor.py:651} INFO - DAG(s) dict_keys(['example_bash_operator']) retrieved from /home/lafuente/airflowAPI/venv/lib/python3.9/site-packages/airflow/example_dags/example_bash_operator.py
[2024-03-11 22:35:46,917] {logging_mixin.py:115} INFO - [2024-03-11 22:35:46,917] {dag.py:2379} INFO - Sync 1 DAGs
[2024-03-11 22:35:46,947] {logging_mixin.py:115} INFO - [2024-03-11 22:35:46,946] {dag.py:2927} INFO - Setting next_dagrun for example_bash_operator to 2024-03-11T00:00:00+00:00, run_after=2024-03-12T00:00:00+00:00
[2024-03-11 22:35:46,970] {processor.py:161} INFO - Processing /home/lafuente/airflowAPI/venv/lib/python3.9/site-packages/airflow/example_dags/example_bash_operator.py took 0.115 seconds
[2024-03-11 22:36:27,279] {processor.py:153} INFO - Started process (PID=21622) to work on /home/lafuente/airflowAPI/venv/lib/python3.9/site-packages/airflow/example_dags/example_bash_operator.py
[2024-03-11 22:36:27,281] {processor.py:641} INFO - Processing file /home/lafuente/airflowAPI/venv/lib/python3.9/site-packages/airflow/example_dags/example_bash_operator.py for tasks to queue
[2024-03-11 22:36:27,282] {logging_mixin.py:115} INFO - [2024-03-11 22:36:27,282] {dagbag.py:507} INFO - Filling up the DagBag from /home/lafuente/airflowAPI/venv/lib/python3.9/site-packages/airflow/example_dags/example_bash_operator.py
[2024-03-11 22:36:27,304] {processor.py:651} INFO - DAG(s) dict_keys(['example_bash_operator']) retrieved from /home/lafuente/airflowAPI/venv/lib/python3.9/site-packages/airflow/example_dags/example_bash_operator.py
[2024-03-11 22:36:27,342] {logging_mixin.py:115} INFO - [2024-03-11 22:36:27,342] {dag.py:2379} INFO - Sync 1 DAGs
[2024-03-11 22:36:27,385] {logging_mixin.py:115} INFO - [2024-03-11 22:36:27,385] {dag.py:2927} INFO - Setting next_dagrun for example_bash_operator to 2024-03-11T00:00:00+00:00, run_after=2024-03-12T00:00:00+00:00
[2024-03-11 22:36:27,419] {processor.py:161} INFO - Processing /home/lafuente/airflowAPI/venv/lib/python3.9/site-packages/airflow/example_dags/example_bash_operator.py took 0.145 seconds
[2024-03-11 22:37:08,429] {processor.py:153} INFO - Started process (PID=22204) to work on /home/lafuente/airflowAPI/venv/lib/python3.9/site-packages/airflow/example_dags/example_bash_operator.py
[2024-03-11 22:37:08,431] {processor.py:641} INFO - Processing file /home/lafuente/airflowAPI/venv/lib/python3.9/site-packages/airflow/example_dags/example_bash_operator.py for tasks to queue
[2024-03-11 22:37:08,432] {logging_mixin.py:115} INFO - [2024-03-11 22:37:08,432] {dagbag.py:507} INFO - Filling up the DagBag from /home/lafuente/airflowAPI/venv/lib/python3.9/site-packages/airflow/example_dags/example_bash_operator.py
[2024-03-11 22:37:08,467] {processor.py:651} INFO - DAG(s) dict_keys(['example_bash_operator']) retrieved from /home/lafuente/airflowAPI/venv/lib/python3.9/site-packages/airflow/example_dags/example_bash_operator.py
[2024-03-11 22:37:08,508] {logging_mixin.py:115} INFO - [2024-03-11 22:37:08,508] {dag.py:2379} INFO - Sync 1 DAGs
[2024-03-11 22:37:08,547] {logging_mixin.py:115} INFO - [2024-03-11 22:37:08,547] {dag.py:2927} INFO - Setting next_dagrun for example_bash_operator to 2024-03-11T00:00:00+00:00, run_after=2024-03-12T00:00:00+00:00
[2024-03-11 22:37:08,573] {processor.py:161} INFO - Processing /home/lafuente/airflowAPI/venv/lib/python3.9/site-packages/airflow/example_dags/example_bash_operator.py took 0.150 seconds
[2024-03-11 22:37:48,246] {processor.py:153} INFO - Started process (PID=22519) to work on /home/lafuente/airflowAPI/venv/lib/python3.9/site-packages/airflow/example_dags/example_bash_operator.py
[2024-03-11 22:37:48,251] {processor.py:641} INFO - Processing file /home/lafuente/airflowAPI/venv/lib/python3.9/site-packages/airflow/example_dags/example_bash_operator.py for tasks to queue
[2024-03-11 22:37:48,253] {logging_mixin.py:115} INFO - [2024-03-11 22:37:48,253] {dagbag.py:507} INFO - Filling up the DagBag from /home/lafuente/airflowAPI/venv/lib/python3.9/site-packages/airflow/example_dags/example_bash_operator.py
[2024-03-11 22:37:48,292] {processor.py:651} INFO - DAG(s) dict_keys(['example_bash_operator']) retrieved from /home/lafuente/airflowAPI/venv/lib/python3.9/site-packages/airflow/example_dags/example_bash_operator.py
[2024-03-11 22:37:48,363] {logging_mixin.py:115} INFO - [2024-03-11 22:37:48,363] {dag.py:2379} INFO - Sync 1 DAGs
[2024-03-11 22:37:48,448] {logging_mixin.py:115} INFO - [2024-03-11 22:37:48,447] {dag.py:2927} INFO - Setting next_dagrun for example_bash_operator to 2024-03-11T00:00:00+00:00, run_after=2024-03-12T00:00:00+00:00
[2024-03-11 22:37:48,495] {processor.py:161} INFO - Processing /home/lafuente/airflowAPI/venv/lib/python3.9/site-packages/airflow/example_dags/example_bash_operator.py took 0.255 seconds
[2024-03-11 22:38:25,853] {processor.py:153} INFO - Started process (PID=22851) to work on /home/lafuente/airflowAPI/venv/lib/python3.9/site-packages/airflow/example_dags/example_bash_operator.py
[2024-03-11 22:38:25,854] {processor.py:641} INFO - Processing file /home/lafuente/airflowAPI/venv/lib/python3.9/site-packages/airflow/example_dags/example_bash_operator.py for tasks to queue
[2024-03-11 22:38:25,855] {logging_mixin.py:115} INFO - [2024-03-11 22:38:25,855] {dagbag.py:507} INFO - Filling up the DagBag from /home/lafuente/airflowAPI/venv/lib/python3.9/site-packages/airflow/example_dags/example_bash_operator.py
[2024-03-11 22:38:25,875] {processor.py:651} INFO - DAG(s) dict_keys(['example_bash_operator']) retrieved from /home/lafuente/airflowAPI/venv/lib/python3.9/site-packages/airflow/example_dags/example_bash_operator.py
[2024-03-11 22:38:25,905] {logging_mixin.py:115} INFO - [2024-03-11 22:38:25,905] {dag.py:2379} INFO - Sync 1 DAGs
[2024-03-11 22:38:25,971] {logging_mixin.py:115} INFO - [2024-03-11 22:38:25,971] {dag.py:2927} INFO - Setting next_dagrun for example_bash_operator to 2024-03-11T00:00:00+00:00, run_after=2024-03-12T00:00:00+00:00
[2024-03-11 22:38:26,026] {processor.py:161} INFO - Processing /home/lafuente/airflowAPI/venv/lib/python3.9/site-packages/airflow/example_dags/example_bash_operator.py took 0.183 seconds
