[2024-03-11 22:26:45,174] {processor.py:153} INFO - Started process (PID=16487) to work on /home/lafuente/airflowAPI/venv/lib/python3.9/site-packages/airflow/example_dags/tutorial_taskflow_api_etl.py
[2024-03-11 22:26:45,176] {processor.py:641} INFO - Processing file /home/lafuente/airflowAPI/venv/lib/python3.9/site-packages/airflow/example_dags/tutorial_taskflow_api_etl.py for tasks to queue
[2024-03-11 22:26:45,182] {logging_mixin.py:115} INFO - [2024-03-11 22:26:45,182] {dagbag.py:507} INFO - Filling up the DagBag from /home/lafuente/airflowAPI/venv/lib/python3.9/site-packages/airflow/example_dags/tutorial_taskflow_api_etl.py
[2024-03-11 22:26:45,434] {processor.py:651} INFO - DAG(s) dict_keys(['tutorial_taskflow_api_etl']) retrieved from /home/lafuente/airflowAPI/venv/lib/python3.9/site-packages/airflow/example_dags/tutorial_taskflow_api_etl.py
[2024-03-11 22:26:46,286] {logging_mixin.py:115} INFO - [2024-03-11 22:26:46,286] {manager.py:508} INFO - Created Permission View: can edit on DAG:tutorial_taskflow_api_etl
[2024-03-11 22:26:46,445] {logging_mixin.py:115} INFO - [2024-03-11 22:26:46,441] {manager.py:508} INFO - Created Permission View: can read on DAG:tutorial_taskflow_api_etl
[2024-03-11 22:26:46,531] {logging_mixin.py:115} INFO - [2024-03-11 22:26:46,530] {manager.py:508} INFO - Created Permission View: can delete on DAG:tutorial_taskflow_api_etl
[2024-03-11 22:26:46,531] {logging_mixin.py:115} INFO - [2024-03-11 22:26:46,531] {dag.py:2379} INFO - Sync 1 DAGs
[2024-03-11 22:26:46,584] {logging_mixin.py:115} INFO - [2024-03-11 22:26:46,584] {dag.py:2398} INFO - Creating ORM DAG for tutorial_taskflow_api_etl
[2024-03-11 22:26:46,650] {logging_mixin.py:115} INFO - [2024-03-11 22:26:46,650] {dag.py:2927} INFO - Setting next_dagrun for tutorial_taskflow_api_etl to None, run_after=None
[2024-03-11 22:26:46,820] {processor.py:161} INFO - Processing /home/lafuente/airflowAPI/venv/lib/python3.9/site-packages/airflow/example_dags/tutorial_taskflow_api_etl.py took 1.683 seconds
[2024-03-11 22:27:41,254] {processor.py:153} INFO - Started process (PID=17194) to work on /home/lafuente/airflowAPI/venv/lib/python3.9/site-packages/airflow/example_dags/tutorial_taskflow_api_etl.py
[2024-03-11 22:27:41,256] {processor.py:641} INFO - Processing file /home/lafuente/airflowAPI/venv/lib/python3.9/site-packages/airflow/example_dags/tutorial_taskflow_api_etl.py for tasks to queue
[2024-03-11 22:27:41,257] {logging_mixin.py:115} INFO - [2024-03-11 22:27:41,257] {dagbag.py:507} INFO - Filling up the DagBag from /home/lafuente/airflowAPI/venv/lib/python3.9/site-packages/airflow/example_dags/tutorial_taskflow_api_etl.py
[2024-03-11 22:27:41,283] {processor.py:651} INFO - DAG(s) dict_keys(['tutorial_taskflow_api_etl']) retrieved from /home/lafuente/airflowAPI/venv/lib/python3.9/site-packages/airflow/example_dags/tutorial_taskflow_api_etl.py
[2024-03-11 22:27:41,356] {logging_mixin.py:115} INFO - [2024-03-11 22:27:41,356] {dag.py:2379} INFO - Sync 1 DAGs
[2024-03-11 22:27:41,378] {logging_mixin.py:115} INFO - [2024-03-11 22:27:41,378] {dag.py:2927} INFO - Setting next_dagrun for tutorial_taskflow_api_etl to None, run_after=None
[2024-03-11 22:27:41,402] {processor.py:161} INFO - Processing /home/lafuente/airflowAPI/venv/lib/python3.9/site-packages/airflow/example_dags/tutorial_taskflow_api_etl.py took 0.155 seconds
[2024-03-11 22:28:15,647] {processor.py:153} INFO - Started process (PID=17514) to work on /home/lafuente/airflowAPI/venv/lib/python3.9/site-packages/airflow/example_dags/tutorial_taskflow_api_etl.py
[2024-03-11 22:28:15,649] {processor.py:641} INFO - Processing file /home/lafuente/airflowAPI/venv/lib/python3.9/site-packages/airflow/example_dags/tutorial_taskflow_api_etl.py for tasks to queue
[2024-03-11 22:28:15,650] {logging_mixin.py:115} INFO - [2024-03-11 22:28:15,650] {dagbag.py:507} INFO - Filling up the DagBag from /home/lafuente/airflowAPI/venv/lib/python3.9/site-packages/airflow/example_dags/tutorial_taskflow_api_etl.py
[2024-03-11 22:28:15,690] {processor.py:651} INFO - DAG(s) dict_keys(['tutorial_taskflow_api_etl']) retrieved from /home/lafuente/airflowAPI/venv/lib/python3.9/site-packages/airflow/example_dags/tutorial_taskflow_api_etl.py
[2024-03-11 22:28:15,814] {logging_mixin.py:115} INFO - [2024-03-11 22:28:15,813] {dag.py:2379} INFO - Sync 1 DAGs
[2024-03-11 22:28:15,850] {logging_mixin.py:115} INFO - [2024-03-11 22:28:15,850] {dag.py:2927} INFO - Setting next_dagrun for tutorial_taskflow_api_etl to None, run_after=None
[2024-03-11 22:28:15,886] {processor.py:161} INFO - Processing /home/lafuente/airflowAPI/venv/lib/python3.9/site-packages/airflow/example_dags/tutorial_taskflow_api_etl.py took 0.244 seconds
[2024-03-11 22:28:53,572] {processor.py:153} INFO - Started process (PID=17846) to work on /home/lafuente/airflowAPI/venv/lib/python3.9/site-packages/airflow/example_dags/tutorial_taskflow_api_etl.py
[2024-03-11 22:28:53,575] {processor.py:641} INFO - Processing file /home/lafuente/airflowAPI/venv/lib/python3.9/site-packages/airflow/example_dags/tutorial_taskflow_api_etl.py for tasks to queue
[2024-03-11 22:28:53,580] {logging_mixin.py:115} INFO - [2024-03-11 22:28:53,579] {dagbag.py:507} INFO - Filling up the DagBag from /home/lafuente/airflowAPI/venv/lib/python3.9/site-packages/airflow/example_dags/tutorial_taskflow_api_etl.py
[2024-03-11 22:28:53,629] {processor.py:651} INFO - DAG(s) dict_keys(['tutorial_taskflow_api_etl']) retrieved from /home/lafuente/airflowAPI/venv/lib/python3.9/site-packages/airflow/example_dags/tutorial_taskflow_api_etl.py
[2024-03-11 22:28:53,721] {logging_mixin.py:115} INFO - [2024-03-11 22:28:53,721] {dag.py:2379} INFO - Sync 1 DAGs
[2024-03-11 22:28:53,767] {logging_mixin.py:115} INFO - [2024-03-11 22:28:53,766] {dag.py:2927} INFO - Setting next_dagrun for tutorial_taskflow_api_etl to None, run_after=None
[2024-03-11 22:28:53,803] {processor.py:161} INFO - Processing /home/lafuente/airflowAPI/venv/lib/python3.9/site-packages/airflow/example_dags/tutorial_taskflow_api_etl.py took 0.249 seconds
[2024-03-11 22:29:32,910] {processor.py:153} INFO - Started process (PID=18134) to work on /home/lafuente/airflowAPI/venv/lib/python3.9/site-packages/airflow/example_dags/tutorial_taskflow_api_etl.py
[2024-03-11 22:29:32,913] {processor.py:641} INFO - Processing file /home/lafuente/airflowAPI/venv/lib/python3.9/site-packages/airflow/example_dags/tutorial_taskflow_api_etl.py for tasks to queue
[2024-03-11 22:29:32,914] {logging_mixin.py:115} INFO - [2024-03-11 22:29:32,914] {dagbag.py:507} INFO - Filling up the DagBag from /home/lafuente/airflowAPI/venv/lib/python3.9/site-packages/airflow/example_dags/tutorial_taskflow_api_etl.py
[2024-03-11 22:29:33,072] {processor.py:651} INFO - DAG(s) dict_keys(['tutorial_taskflow_api_etl']) retrieved from /home/lafuente/airflowAPI/venv/lib/python3.9/site-packages/airflow/example_dags/tutorial_taskflow_api_etl.py
[2024-03-11 22:29:33,197] {logging_mixin.py:115} INFO - [2024-03-11 22:29:33,197] {dag.py:2379} INFO - Sync 1 DAGs
[2024-03-11 22:29:33,276] {logging_mixin.py:115} INFO - [2024-03-11 22:29:33,276] {dag.py:2927} INFO - Setting next_dagrun for tutorial_taskflow_api_etl to None, run_after=None
[2024-03-11 22:29:33,317] {processor.py:161} INFO - Processing /home/lafuente/airflowAPI/venv/lib/python3.9/site-packages/airflow/example_dags/tutorial_taskflow_api_etl.py took 0.422 seconds
[2024-03-11 22:30:08,233] {processor.py:153} INFO - Started process (PID=18482) to work on /home/lafuente/airflowAPI/venv/lib/python3.9/site-packages/airflow/example_dags/tutorial_taskflow_api_etl.py
[2024-03-11 22:30:08,235] {processor.py:641} INFO - Processing file /home/lafuente/airflowAPI/venv/lib/python3.9/site-packages/airflow/example_dags/tutorial_taskflow_api_etl.py for tasks to queue
[2024-03-11 22:30:08,236] {logging_mixin.py:115} INFO - [2024-03-11 22:30:08,236] {dagbag.py:507} INFO - Filling up the DagBag from /home/lafuente/airflowAPI/venv/lib/python3.9/site-packages/airflow/example_dags/tutorial_taskflow_api_etl.py
[2024-03-11 22:30:08,263] {processor.py:651} INFO - DAG(s) dict_keys(['tutorial_taskflow_api_etl']) retrieved from /home/lafuente/airflowAPI/venv/lib/python3.9/site-packages/airflow/example_dags/tutorial_taskflow_api_etl.py
[2024-03-11 22:30:08,338] {logging_mixin.py:115} INFO - [2024-03-11 22:30:08,338] {dag.py:2379} INFO - Sync 1 DAGs
[2024-03-11 22:30:08,359] {logging_mixin.py:115} INFO - [2024-03-11 22:30:08,359] {dag.py:2927} INFO - Setting next_dagrun for tutorial_taskflow_api_etl to None, run_after=None
[2024-03-11 22:30:08,381] {processor.py:161} INFO - Processing /home/lafuente/airflowAPI/venv/lib/python3.9/site-packages/airflow/example_dags/tutorial_taskflow_api_etl.py took 0.153 seconds
[2024-03-11 22:30:42,706] {processor.py:153} INFO - Started process (PID=18874) to work on /home/lafuente/airflowAPI/venv/lib/python3.9/site-packages/airflow/example_dags/tutorial_taskflow_api_etl.py
[2024-03-11 22:30:42,708] {processor.py:641} INFO - Processing file /home/lafuente/airflowAPI/venv/lib/python3.9/site-packages/airflow/example_dags/tutorial_taskflow_api_etl.py for tasks to queue
[2024-03-11 22:30:42,710] {logging_mixin.py:115} INFO - [2024-03-11 22:30:42,709] {dagbag.py:507} INFO - Filling up the DagBag from /home/lafuente/airflowAPI/venv/lib/python3.9/site-packages/airflow/example_dags/tutorial_taskflow_api_etl.py
[2024-03-11 22:30:42,738] {processor.py:651} INFO - DAG(s) dict_keys(['tutorial_taskflow_api_etl']) retrieved from /home/lafuente/airflowAPI/venv/lib/python3.9/site-packages/airflow/example_dags/tutorial_taskflow_api_etl.py
[2024-03-11 22:30:42,770] {logging_mixin.py:115} INFO - [2024-03-11 22:30:42,770] {dag.py:2379} INFO - Sync 1 DAGs
[2024-03-11 22:30:42,808] {logging_mixin.py:115} INFO - [2024-03-11 22:30:42,808] {dag.py:2927} INFO - Setting next_dagrun for tutorial_taskflow_api_etl to None, run_after=None
[2024-03-11 22:30:42,847] {processor.py:161} INFO - Processing /home/lafuente/airflowAPI/venv/lib/python3.9/site-packages/airflow/example_dags/tutorial_taskflow_api_etl.py took 0.146 seconds
[2024-03-11 22:31:21,706] {processor.py:153} INFO - Started process (PID=19333) to work on /home/lafuente/airflowAPI/venv/lib/python3.9/site-packages/airflow/example_dags/tutorial_taskflow_api_etl.py
[2024-03-11 22:31:21,708] {processor.py:641} INFO - Processing file /home/lafuente/airflowAPI/venv/lib/python3.9/site-packages/airflow/example_dags/tutorial_taskflow_api_etl.py for tasks to queue
[2024-03-11 22:31:21,711] {logging_mixin.py:115} INFO - [2024-03-11 22:31:21,711] {dagbag.py:507} INFO - Filling up the DagBag from /home/lafuente/airflowAPI/venv/lib/python3.9/site-packages/airflow/example_dags/tutorial_taskflow_api_etl.py
[2024-03-11 22:31:21,799] {processor.py:651} INFO - DAG(s) dict_keys(['tutorial_taskflow_api_etl']) retrieved from /home/lafuente/airflowAPI/venv/lib/python3.9/site-packages/airflow/example_dags/tutorial_taskflow_api_etl.py
[2024-03-11 22:31:21,913] {logging_mixin.py:115} INFO - [2024-03-11 22:31:21,912] {dag.py:2379} INFO - Sync 1 DAGs
[2024-03-11 22:31:21,948] {logging_mixin.py:115} INFO - [2024-03-11 22:31:21,948] {dag.py:2927} INFO - Setting next_dagrun for tutorial_taskflow_api_etl to None, run_after=None
[2024-03-11 22:31:21,990] {processor.py:161} INFO - Processing /home/lafuente/airflowAPI/venv/lib/python3.9/site-packages/airflow/example_dags/tutorial_taskflow_api_etl.py took 0.302 seconds
[2024-03-11 22:32:00,075] {processor.py:153} INFO - Started process (PID=19638) to work on /home/lafuente/airflowAPI/venv/lib/python3.9/site-packages/airflow/example_dags/tutorial_taskflow_api_etl.py
[2024-03-11 22:32:00,077] {processor.py:641} INFO - Processing file /home/lafuente/airflowAPI/venv/lib/python3.9/site-packages/airflow/example_dags/tutorial_taskflow_api_etl.py for tasks to queue
[2024-03-11 22:32:00,079] {logging_mixin.py:115} INFO - [2024-03-11 22:32:00,078] {dagbag.py:507} INFO - Filling up the DagBag from /home/lafuente/airflowAPI/venv/lib/python3.9/site-packages/airflow/example_dags/tutorial_taskflow_api_etl.py
[2024-03-11 22:32:00,141] {processor.py:651} INFO - DAG(s) dict_keys(['tutorial_taskflow_api_etl']) retrieved from /home/lafuente/airflowAPI/venv/lib/python3.9/site-packages/airflow/example_dags/tutorial_taskflow_api_etl.py
[2024-03-11 22:32:00,380] {logging_mixin.py:115} INFO - [2024-03-11 22:32:00,380] {dag.py:2379} INFO - Sync 1 DAGs
[2024-03-11 22:32:00,423] {logging_mixin.py:115} INFO - [2024-03-11 22:32:00,423] {dag.py:2927} INFO - Setting next_dagrun for tutorial_taskflow_api_etl to None, run_after=None
[2024-03-11 22:32:00,466] {processor.py:161} INFO - Processing /home/lafuente/airflowAPI/venv/lib/python3.9/site-packages/airflow/example_dags/tutorial_taskflow_api_etl.py took 0.401 seconds
[2024-03-11 22:32:32,645] {processor.py:153} INFO - Started process (PID=19837) to work on /home/lafuente/airflowAPI/venv/lib/python3.9/site-packages/airflow/example_dags/tutorial_taskflow_api_etl.py
[2024-03-11 22:32:32,646] {processor.py:641} INFO - Processing file /home/lafuente/airflowAPI/venv/lib/python3.9/site-packages/airflow/example_dags/tutorial_taskflow_api_etl.py for tasks to queue
[2024-03-11 22:32:32,647] {logging_mixin.py:115} INFO - [2024-03-11 22:32:32,647] {dagbag.py:507} INFO - Filling up the DagBag from /home/lafuente/airflowAPI/venv/lib/python3.9/site-packages/airflow/example_dags/tutorial_taskflow_api_etl.py
[2024-03-11 22:32:32,672] {processor.py:651} INFO - DAG(s) dict_keys(['tutorial_taskflow_api_etl']) retrieved from /home/lafuente/airflowAPI/venv/lib/python3.9/site-packages/airflow/example_dags/tutorial_taskflow_api_etl.py
[2024-03-11 22:32:32,697] {logging_mixin.py:115} INFO - [2024-03-11 22:32:32,697] {dag.py:2379} INFO - Sync 1 DAGs
[2024-03-11 22:32:32,727] {logging_mixin.py:115} INFO - [2024-03-11 22:32:32,727] {dag.py:2927} INFO - Setting next_dagrun for tutorial_taskflow_api_etl to None, run_after=None
[2024-03-11 22:32:32,753] {processor.py:161} INFO - Processing /home/lafuente/airflowAPI/venv/lib/python3.9/site-packages/airflow/example_dags/tutorial_taskflow_api_etl.py took 0.114 seconds
[2024-03-11 22:33:05,886] {processor.py:153} INFO - Started process (PID=20048) to work on /home/lafuente/airflowAPI/venv/lib/python3.9/site-packages/airflow/example_dags/tutorial_taskflow_api_etl.py
[2024-03-11 22:33:05,889] {processor.py:641} INFO - Processing file /home/lafuente/airflowAPI/venv/lib/python3.9/site-packages/airflow/example_dags/tutorial_taskflow_api_etl.py for tasks to queue
[2024-03-11 22:33:05,890] {logging_mixin.py:115} INFO - [2024-03-11 22:33:05,890] {dagbag.py:507} INFO - Filling up the DagBag from /home/lafuente/airflowAPI/venv/lib/python3.9/site-packages/airflow/example_dags/tutorial_taskflow_api_etl.py
[2024-03-11 22:33:05,920] {processor.py:651} INFO - DAG(s) dict_keys(['tutorial_taskflow_api_etl']) retrieved from /home/lafuente/airflowAPI/venv/lib/python3.9/site-packages/airflow/example_dags/tutorial_taskflow_api_etl.py
[2024-03-11 22:33:05,994] {logging_mixin.py:115} INFO - [2024-03-11 22:33:05,994] {dag.py:2379} INFO - Sync 1 DAGs
[2024-03-11 22:33:06,016] {logging_mixin.py:115} INFO - [2024-03-11 22:33:06,016] {dag.py:2927} INFO - Setting next_dagrun for tutorial_taskflow_api_etl to None, run_after=None
[2024-03-11 22:33:06,038] {processor.py:161} INFO - Processing /home/lafuente/airflowAPI/venv/lib/python3.9/site-packages/airflow/example_dags/tutorial_taskflow_api_etl.py took 0.164 seconds
[2024-03-11 22:33:40,163] {processor.py:153} INFO - Started process (PID=20255) to work on /home/lafuente/airflowAPI/venv/lib/python3.9/site-packages/airflow/example_dags/tutorial_taskflow_api_etl.py
[2024-03-11 22:33:40,165] {processor.py:641} INFO - Processing file /home/lafuente/airflowAPI/venv/lib/python3.9/site-packages/airflow/example_dags/tutorial_taskflow_api_etl.py for tasks to queue
[2024-03-11 22:33:40,166] {logging_mixin.py:115} INFO - [2024-03-11 22:33:40,166] {dagbag.py:507} INFO - Filling up the DagBag from /home/lafuente/airflowAPI/venv/lib/python3.9/site-packages/airflow/example_dags/tutorial_taskflow_api_etl.py
[2024-03-11 22:33:40,194] {processor.py:651} INFO - DAG(s) dict_keys(['tutorial_taskflow_api_etl']) retrieved from /home/lafuente/airflowAPI/venv/lib/python3.9/site-packages/airflow/example_dags/tutorial_taskflow_api_etl.py
[2024-03-11 22:33:40,221] {logging_mixin.py:115} INFO - [2024-03-11 22:33:40,220] {dag.py:2379} INFO - Sync 1 DAGs
[2024-03-11 22:33:40,251] {logging_mixin.py:115} INFO - [2024-03-11 22:33:40,251] {dag.py:2927} INFO - Setting next_dagrun for tutorial_taskflow_api_etl to None, run_after=None
[2024-03-11 22:33:40,275] {processor.py:161} INFO - Processing /home/lafuente/airflowAPI/venv/lib/python3.9/site-packages/airflow/example_dags/tutorial_taskflow_api_etl.py took 0.117 seconds
[2024-03-11 22:34:14,244] {processor.py:153} INFO - Started process (PID=20469) to work on /home/lafuente/airflowAPI/venv/lib/python3.9/site-packages/airflow/example_dags/tutorial_taskflow_api_etl.py
[2024-03-11 22:34:14,245] {processor.py:641} INFO - Processing file /home/lafuente/airflowAPI/venv/lib/python3.9/site-packages/airflow/example_dags/tutorial_taskflow_api_etl.py for tasks to queue
[2024-03-11 22:34:14,246] {logging_mixin.py:115} INFO - [2024-03-11 22:34:14,246] {dagbag.py:507} INFO - Filling up the DagBag from /home/lafuente/airflowAPI/venv/lib/python3.9/site-packages/airflow/example_dags/tutorial_taskflow_api_etl.py
[2024-03-11 22:34:14,271] {processor.py:651} INFO - DAG(s) dict_keys(['tutorial_taskflow_api_etl']) retrieved from /home/lafuente/airflowAPI/venv/lib/python3.9/site-packages/airflow/example_dags/tutorial_taskflow_api_etl.py
[2024-03-11 22:34:14,358] {logging_mixin.py:115} INFO - [2024-03-11 22:34:14,358] {dag.py:2379} INFO - Sync 1 DAGs
[2024-03-11 22:34:14,382] {logging_mixin.py:115} INFO - [2024-03-11 22:34:14,382] {dag.py:2927} INFO - Setting next_dagrun for tutorial_taskflow_api_etl to None, run_after=None
[2024-03-11 22:34:14,407] {processor.py:161} INFO - Processing /home/lafuente/airflowAPI/venv/lib/python3.9/site-packages/airflow/example_dags/tutorial_taskflow_api_etl.py took 0.176 seconds
[2024-03-11 22:34:46,694] {processor.py:153} INFO - Started process (PID=20792) to work on /home/lafuente/airflowAPI/venv/lib/python3.9/site-packages/airflow/example_dags/tutorial_taskflow_api_etl.py
[2024-03-11 22:34:46,696] {processor.py:641} INFO - Processing file /home/lafuente/airflowAPI/venv/lib/python3.9/site-packages/airflow/example_dags/tutorial_taskflow_api_etl.py for tasks to queue
[2024-03-11 22:34:46,697] {logging_mixin.py:115} INFO - [2024-03-11 22:34:46,697] {dagbag.py:507} INFO - Filling up the DagBag from /home/lafuente/airflowAPI/venv/lib/python3.9/site-packages/airflow/example_dags/tutorial_taskflow_api_etl.py
[2024-03-11 22:34:46,723] {processor.py:651} INFO - DAG(s) dict_keys(['tutorial_taskflow_api_etl']) retrieved from /home/lafuente/airflowAPI/venv/lib/python3.9/site-packages/airflow/example_dags/tutorial_taskflow_api_etl.py
[2024-03-11 22:34:46,814] {logging_mixin.py:115} INFO - [2024-03-11 22:34:46,813] {dag.py:2379} INFO - Sync 1 DAGs
[2024-03-11 22:34:46,841] {logging_mixin.py:115} INFO - [2024-03-11 22:34:46,841] {dag.py:2927} INFO - Setting next_dagrun for tutorial_taskflow_api_etl to None, run_after=None
[2024-03-11 22:34:46,869] {processor.py:161} INFO - Processing /home/lafuente/airflowAPI/venv/lib/python3.9/site-packages/airflow/example_dags/tutorial_taskflow_api_etl.py took 0.187 seconds
[2024-03-11 22:35:19,932] {processor.py:153} INFO - Started process (PID=21002) to work on /home/lafuente/airflowAPI/venv/lib/python3.9/site-packages/airflow/example_dags/tutorial_taskflow_api_etl.py
[2024-03-11 22:35:19,933] {processor.py:641} INFO - Processing file /home/lafuente/airflowAPI/venv/lib/python3.9/site-packages/airflow/example_dags/tutorial_taskflow_api_etl.py for tasks to queue
[2024-03-11 22:35:19,934] {logging_mixin.py:115} INFO - [2024-03-11 22:35:19,934] {dagbag.py:507} INFO - Filling up the DagBag from /home/lafuente/airflowAPI/venv/lib/python3.9/site-packages/airflow/example_dags/tutorial_taskflow_api_etl.py
[2024-03-11 22:35:19,972] {processor.py:651} INFO - DAG(s) dict_keys(['tutorial_taskflow_api_etl']) retrieved from /home/lafuente/airflowAPI/venv/lib/python3.9/site-packages/airflow/example_dags/tutorial_taskflow_api_etl.py
[2024-03-11 22:35:19,998] {logging_mixin.py:115} INFO - [2024-03-11 22:35:19,997] {dag.py:2379} INFO - Sync 1 DAGs
[2024-03-11 22:35:20,029] {logging_mixin.py:115} INFO - [2024-03-11 22:35:20,029] {dag.py:2927} INFO - Setting next_dagrun for tutorial_taskflow_api_etl to None, run_after=None
[2024-03-11 22:35:20,051] {processor.py:161} INFO - Processing /home/lafuente/airflowAPI/venv/lib/python3.9/site-packages/airflow/example_dags/tutorial_taskflow_api_etl.py took 0.127 seconds
[2024-03-11 22:35:56,261] {processor.py:153} INFO - Started process (PID=21348) to work on /home/lafuente/airflowAPI/venv/lib/python3.9/site-packages/airflow/example_dags/tutorial_taskflow_api_etl.py
[2024-03-11 22:35:56,263] {processor.py:641} INFO - Processing file /home/lafuente/airflowAPI/venv/lib/python3.9/site-packages/airflow/example_dags/tutorial_taskflow_api_etl.py for tasks to queue
[2024-03-11 22:35:56,264] {logging_mixin.py:115} INFO - [2024-03-11 22:35:56,264] {dagbag.py:507} INFO - Filling up the DagBag from /home/lafuente/airflowAPI/venv/lib/python3.9/site-packages/airflow/example_dags/tutorial_taskflow_api_etl.py
[2024-03-11 22:35:56,299] {processor.py:651} INFO - DAG(s) dict_keys(['tutorial_taskflow_api_etl']) retrieved from /home/lafuente/airflowAPI/venv/lib/python3.9/site-packages/airflow/example_dags/tutorial_taskflow_api_etl.py
[2024-03-11 22:35:56,337] {logging_mixin.py:115} INFO - [2024-03-11 22:35:56,337] {dag.py:2379} INFO - Sync 1 DAGs
[2024-03-11 22:35:56,377] {logging_mixin.py:115} INFO - [2024-03-11 22:35:56,377] {dag.py:2927} INFO - Setting next_dagrun for tutorial_taskflow_api_etl to None, run_after=None
[2024-03-11 22:35:56,424] {processor.py:161} INFO - Processing /home/lafuente/airflowAPI/venv/lib/python3.9/site-packages/airflow/example_dags/tutorial_taskflow_api_etl.py took 0.171 seconds
[2024-03-11 22:36:31,282] {processor.py:153} INFO - Started process (PID=21647) to work on /home/lafuente/airflowAPI/venv/lib/python3.9/site-packages/airflow/example_dags/tutorial_taskflow_api_etl.py
[2024-03-11 22:36:31,284] {processor.py:641} INFO - Processing file /home/lafuente/airflowAPI/venv/lib/python3.9/site-packages/airflow/example_dags/tutorial_taskflow_api_etl.py for tasks to queue
[2024-03-11 22:36:31,285] {logging_mixin.py:115} INFO - [2024-03-11 22:36:31,285] {dagbag.py:507} INFO - Filling up the DagBag from /home/lafuente/airflowAPI/venv/lib/python3.9/site-packages/airflow/example_dags/tutorial_taskflow_api_etl.py
[2024-03-11 22:36:31,318] {processor.py:651} INFO - DAG(s) dict_keys(['tutorial_taskflow_api_etl']) retrieved from /home/lafuente/airflowAPI/venv/lib/python3.9/site-packages/airflow/example_dags/tutorial_taskflow_api_etl.py
[2024-03-11 22:36:31,351] {logging_mixin.py:115} INFO - [2024-03-11 22:36:31,351] {dag.py:2379} INFO - Sync 1 DAGs
[2024-03-11 22:36:31,403] {logging_mixin.py:115} INFO - [2024-03-11 22:36:31,403] {dag.py:2927} INFO - Setting next_dagrun for tutorial_taskflow_api_etl to None, run_after=None
[2024-03-11 22:36:31,438] {processor.py:161} INFO - Processing /home/lafuente/airflowAPI/venv/lib/python3.9/site-packages/airflow/example_dags/tutorial_taskflow_api_etl.py took 0.163 seconds
[2024-03-11 22:37:05,174] {processor.py:153} INFO - Started process (PID=22159) to work on /home/lafuente/airflowAPI/venv/lib/python3.9/site-packages/airflow/example_dags/tutorial_taskflow_api_etl.py
[2024-03-11 22:37:05,177] {processor.py:641} INFO - Processing file /home/lafuente/airflowAPI/venv/lib/python3.9/site-packages/airflow/example_dags/tutorial_taskflow_api_etl.py for tasks to queue
[2024-03-11 22:37:05,178] {logging_mixin.py:115} INFO - [2024-03-11 22:37:05,178] {dagbag.py:507} INFO - Filling up the DagBag from /home/lafuente/airflowAPI/venv/lib/python3.9/site-packages/airflow/example_dags/tutorial_taskflow_api_etl.py
[2024-03-11 22:37:05,218] {processor.py:651} INFO - DAG(s) dict_keys(['tutorial_taskflow_api_etl']) retrieved from /home/lafuente/airflowAPI/venv/lib/python3.9/site-packages/airflow/example_dags/tutorial_taskflow_api_etl.py
[2024-03-11 22:37:05,320] {logging_mixin.py:115} INFO - [2024-03-11 22:37:05,319] {dag.py:2379} INFO - Sync 1 DAGs
[2024-03-11 22:37:05,370] {logging_mixin.py:115} INFO - [2024-03-11 22:37:05,370] {dag.py:2927} INFO - Setting next_dagrun for tutorial_taskflow_api_etl to None, run_after=None
[2024-03-11 22:37:05,411] {processor.py:161} INFO - Processing /home/lafuente/airflowAPI/venv/lib/python3.9/site-packages/airflow/example_dags/tutorial_taskflow_api_etl.py took 0.245 seconds
[2024-03-11 22:37:44,318] {processor.py:153} INFO - Started process (PID=22495) to work on /home/lafuente/airflowAPI/venv/lib/python3.9/site-packages/airflow/example_dags/tutorial_taskflow_api_etl.py
[2024-03-11 22:37:44,320] {processor.py:641} INFO - Processing file /home/lafuente/airflowAPI/venv/lib/python3.9/site-packages/airflow/example_dags/tutorial_taskflow_api_etl.py for tasks to queue
[2024-03-11 22:37:44,322] {logging_mixin.py:115} INFO - [2024-03-11 22:37:44,321] {dagbag.py:507} INFO - Filling up the DagBag from /home/lafuente/airflowAPI/venv/lib/python3.9/site-packages/airflow/example_dags/tutorial_taskflow_api_etl.py
[2024-03-11 22:37:44,360] {processor.py:651} INFO - DAG(s) dict_keys(['tutorial_taskflow_api_etl']) retrieved from /home/lafuente/airflowAPI/venv/lib/python3.9/site-packages/airflow/example_dags/tutorial_taskflow_api_etl.py
[2024-03-11 22:37:44,415] {logging_mixin.py:115} INFO - [2024-03-11 22:37:44,415] {dag.py:2379} INFO - Sync 1 DAGs
[2024-03-11 22:37:44,459] {logging_mixin.py:115} INFO - [2024-03-11 22:37:44,459] {dag.py:2927} INFO - Setting next_dagrun for tutorial_taskflow_api_etl to None, run_after=None
[2024-03-11 22:37:44,489] {processor.py:161} INFO - Processing /home/lafuente/airflowAPI/venv/lib/python3.9/site-packages/airflow/example_dags/tutorial_taskflow_api_etl.py took 0.179 seconds
[2024-03-11 22:38:20,067] {processor.py:153} INFO - Started process (PID=22787) to work on /home/lafuente/airflowAPI/venv/lib/python3.9/site-packages/airflow/example_dags/tutorial_taskflow_api_etl.py
[2024-03-11 22:38:20,069] {processor.py:641} INFO - Processing file /home/lafuente/airflowAPI/venv/lib/python3.9/site-packages/airflow/example_dags/tutorial_taskflow_api_etl.py for tasks to queue
[2024-03-11 22:38:20,070] {logging_mixin.py:115} INFO - [2024-03-11 22:38:20,070] {dagbag.py:507} INFO - Filling up the DagBag from /home/lafuente/airflowAPI/venv/lib/python3.9/site-packages/airflow/example_dags/tutorial_taskflow_api_etl.py
[2024-03-11 22:38:20,103] {processor.py:651} INFO - DAG(s) dict_keys(['tutorial_taskflow_api_etl']) retrieved from /home/lafuente/airflowAPI/venv/lib/python3.9/site-packages/airflow/example_dags/tutorial_taskflow_api_etl.py
[2024-03-11 22:38:20,137] {logging_mixin.py:115} INFO - [2024-03-11 22:38:20,136] {dag.py:2379} INFO - Sync 1 DAGs
[2024-03-11 22:38:20,184] {logging_mixin.py:115} INFO - [2024-03-11 22:38:20,184] {dag.py:2927} INFO - Setting next_dagrun for tutorial_taskflow_api_etl to None, run_after=None
[2024-03-11 22:38:20,209] {processor.py:161} INFO - Processing /home/lafuente/airflowAPI/venv/lib/python3.9/site-packages/airflow/example_dags/tutorial_taskflow_api_etl.py took 0.148 seconds
