[2024-03-12 11:06:52,250] {taskinstance.py:1159} INFO - Dependencies all met for <TaskInstance: labdados_extract.labdados_datascience manual__2024-03-12T14:01:46.831140+00:00 [queued]>
[2024-03-12 11:06:52,259] {taskinstance.py:1159} INFO - Dependencies all met for <TaskInstance: labdados_extract.labdados_datascience manual__2024-03-12T14:01:46.831140+00:00 [queued]>
[2024-03-12 11:06:52,260] {taskinstance.py:1356} INFO - 
--------------------------------------------------------------------------------
[2024-03-12 11:06:52,260] {taskinstance.py:1357} INFO - Starting attempt 2 of 2
[2024-03-12 11:06:52,260] {taskinstance.py:1358} INFO - 
--------------------------------------------------------------------------------
[2024-03-12 11:06:52,279] {taskinstance.py:1377} INFO - Executing <Task(labdadosOperator): labdados_datascience> on 2024-03-12 14:01:46.831140+00:00
[2024-03-12 11:06:52,282] {standard_task_runner.py:52} INFO - Started process 52772 to run task
[2024-03-12 11:06:52,288] {standard_task_runner.py:79} INFO - Running: ['airflow', 'tasks', 'run', 'labdados_extract', 'labdados_datascience', 'manual__2024-03-12T14:01:46.831140+00:00', '--job-id', '6', '--raw', '--subdir', 'DAGS_FOLDER/labdados_dag.py', '--cfg-path', '/tmp/tmp7v0omcme', '--error-file', '/tmp/tmp914mf7jp']
[2024-03-12 11:06:52,289] {standard_task_runner.py:80} INFO - Job 6: Subtask labdados_datascience
[2024-03-12 11:06:52,346] {task_command.py:370} INFO - Running <TaskInstance: labdados_extract.labdados_datascience manual__2024-03-12T14:01:46.831140+00:00 [running]> on host JuniorLafuente.
[2024-03-12 11:06:52,417] {taskinstance.py:1569} INFO - Exporting the following env vars:
AIRFLOW_CTX_DAG_OWNER=airflow
AIRFLOW_CTX_DAG_ID=labdados_extract
AIRFLOW_CTX_TASK_ID=labdados_datascience
AIRFLOW_CTX_EXECUTION_DATE=2024-03-12T14:01:46.831140+00:00
AIRFLOW_CTX_TRY_NUMBER=2
AIRFLOW_CTX_DAG_RUN_ID=manual__2024-03-12T14:01:46.831140+00:00
[2024-03-12 11:06:52,424] {base.py:68} INFO - Using connection ID 'labdados' for task execution.
[2024-03-12 11:06:52,426] {labdados_hook.py:39} INFO - URL: https://labdados.com/2/tweets/search/recent?query=datascience&tweet.fields=author_id,conversation_id,created_at,id,in_reply_to_user_id,public_metrics,lang,text&expansions=author_id&user.fields=id,name,username,created_at&start_time=2024-03-11T00:00:00.00Z&end_time=2024-03-12T11:06:52.00Z
[2024-03-12 11:06:53,022] {taskinstance.py:1395} INFO - Marking task as SUCCESS. dag_id=labdados_extract, task_id=labdados_datascience, execution_date=20240312T140146, start_date=20240312T140652, end_date=20240312T140653
[2024-03-12 11:06:53,063] {local_task_job.py:156} INFO - Task exited with return code 0
[2024-03-12 11:06:53,098] {local_task_job.py:273} INFO - 0 downstream tasks scheduled from follow-on schedule check
